##########################################################
#    Opium Report File                                   #
##########################################################
     Opium version:        4.1

### copy of the parameter file #######################

[Atom]
Ga
11
100   2.00  -
200   2.00  -
210   6.00  -
300   2.00  -
310   6.00  -
320  10.00  -
400   1.00  -
410   0.50  -
420   0.50  -
500   0.00  -
510   0.00  -

[Pseudo]
5 -1 -1 -1 -1 -1 
g

[KBdesign]
s

[Relativity]
nrl

[XC]
pbe

[Gaussinfo]
3 4
2 2 2 4
2 1.85781132082231 21.78930966695012
2 0.91950586478827 -2.86685089713932
2 1.92030166263971 18.63985979160424
2 1.00895888918239 -1.63369679761927
2 0.62750876923831 2.03523714898590
2 0.32619029984635 -0.08532375682035
1 17.00473938158134 3.0
3 14.99961796477555 51.014218144744020
2 11.99279249750992 -39.00062591247301
2 14.99282276192415 35.44659356093000

[Configs]
8 

400   2.00  -
410   0.50  -
420   0.00  -
500   0.50  -
510   0.00  -

400   2.00  -
410   0.00  -
420   1.00  -
500   0.00  -
510   0.00  -

400   2.00  -
410   0.00  -
420   0.00  -
500   1.00  -
510   0.00  -

400   2.00  -
410   0.00  -
420   0.00  -
500   0.00  -
510   0.00  -

400   1.00 -
410   1.00 -
420   0.00 -
500   0.00 -
510   0.00 -

400   1.00 -
410   0.00 -
420   1.00 -
500   0.00 -
510   0.00 -

400   1.00 -
410   0.00 -
420   0.00 -
500   1.00 -
510   0.00 -

400   1.00 -
410   0.00 -
420   0.00 -
500   0.00 -
510   0.00 -

############################################################

### AE report ########################################

 AE:Orbital    Filling       Eigenvalues[Ry]          Norm
    ----------------------------------------------------------
	100	 2.000	    -742.6153798581
	200	 2.000	     -91.4395863863
	210	 6.000	     -81.1148619768
	300	 2.000	     -11.4212578367
	310	 6.000	      -8.0719857183
	320	10.000	      -2.3355222144
	400	 1.000	      -1.3614335600	  0.0500494372
	410	 0.500	      -0.8185512166	  0.2289527074
	420	 0.500	      -0.2772584557	  0.5154544633
	500	 0.000	      -0.3742632282	  0.8903951013
	510	 0.000	      -0.2589256353	  0.9241373299

      E_tot =    -3847.9288182750 Ry

### PS report ########################################

    Orbital       Ghost
    -----------------------------------------------------------------
	100 	    no
	210 	    no
	320 	    no


### NL/SL report #####################################


 NL:Orbital    Filling       Eigenvalues[Ry]          Norm       Ghost
    ------------------------------------------------------------------
	100 	 1.000	      -1.3406895430	  0.0554313810	    no
	210 	 0.500	      -0.8078617520	  0.2429130944	    no
	320 	 0.500	      -0.2786458644	  0.5136634571	    no
	200 	 0.000	      -0.3680245073	  0.8970324989	    no
	310 	 0.000	      -0.2554855093	  0.9242077004	    no

	 ========== No ghosts in potential!!========== 

      E_tot =       -2.8916767380 Ry

### KE report ########################################

	 ===   Ecut necessary for ~1    eV convergence error / electron === 
	 --------------------------------------------------------------- 
		 	 Ecut[Ry] 	 error [meV/e] 
	100  		   7 	          984.795 
	210  		   2381 	          995.026 
	320  		   2496 	          764.553 
	200  		   7 	          984.795 
	310  		   2381 	          995.026 
	 ===   Ecut necessary for ~100 meV convergence error / electron === 
	 --------------------------------------------------------------- 
		 	 Ecut[Ry] 	 error [meV/e] 
	100  		   13 	           99.820 
	210  		   2495 	           95.867 
	320  		   2498 	           44.016 
	200  		   13 	           99.820 
	310  		   2495 	           95.867 

	 ===   Ecut necessary for  ~10 meV convergence error / electron === 
	 --------------------------------------------------------------- 
		 	 Ecut[Ry] 	 error [meV/e] 
	100  		   2418 	            9.817 
	210  		   -----  >2500 Ry   -----
	320  		   2499 	            2.887 
	200  		   2418 	            9.817 
	310  		   -----  >2500 Ry   -----

	 ===   Ecut necessary for   ~1 meV convergence error / electron === 
	 --------------------------------------------------------------- 
		 	 Ecut[Ry] 	 error [meV/e] 
	100  		   2488 	            0.861 
	210  		   -----  >2500 Ry   -----
	320  		   -----  >2500 Ry   -----
	200  		   2488 	            0.861 
	310  		   -----  >2500 Ry   -----

### TC report ########################################

Comparison of total energies
Config	 E_sl(Ry)	 E_nl(Ry)	 Delta(eV)
0       -2.891677       -2.891677       -0.000000
1       -3.987328       -3.987334        0.000071
2       -3.783388       -3.783388       -0.000005
3       -3.873008       -3.873008        0.000000
4       -3.660312       -3.660312        0.000000
5       -3.147979       -3.147980        0.000016
6       -2.620089       -2.620090        0.000006
7       -2.714328       -2.714328        0.000000
8       -2.154379       -2.154379       -0.000000
MAD (eV): 1.08806e-05
