##########################################################
#    Opium Report File                                   #
##########################################################
     Opium version:        4.1

### copy of the parameter file #######################

[Atom]
Al
5
100 2.00 -
200 2.00 -
210 6.00 -
300 2.00 -
310 0.50 -

[KBDesign]
s

[Relativity]
nrl

[Pseudo]
4 -1 -1 -1 -1
g

[xc]
pbe

[Gaussinfo]
11 2
2 3
2 81.815564 25.157259
2 24.522883 113.067525
1 11.062056 11.000000
3 12.369778 121.682619
2 11.965444 -82.624567

[Configs]
13

200 2.00 -
210 6.00 -
300 2.00 -
310 1.00 -

200 2.00 -
210 6.00 -
300 1.00 -
310 2.00 -

200 2.00 -
210 6.00 -
300 2.00 -
310 0.00 -

200 2.00 -
210 6.00 -
300 1.00 -
310 1.00 -

200 2.00 -
210 6.00 -
300 1.00 -
310 0.00 -

200 2.00 -
210 6.00 -
300 0.00 -
310 0.00 -

200 2.00 -
210 5.00 -
300 0.00 -
310 0.00 -

200 2.00 -
210 4.00 -
300 0.00 -
310 0.00 -

200 2.00 -
210 3.00 -
300 0.00 -
310 0.00 -

200 2.00 -
210 2.00 -
300 0.00 -
310 0.00 -

200 2.00 -
210 1.00 -
300 0.00 -
310 0.00 -

200 2.00 -
210 0.00 -
300 0.00 -
310 0.00 -

200 1.00 -
210 0.00 -
300 0.00 -
310 0.00 -
 


### AE report ########################################

 AE:Orbital    Filling       Eigenvalues[Ry]          Norm
    ----------------------------------------------------------
	100	 2.000	    -111.0987145661
	200	 2.000	      -8.1993463794	  0.0596764195
	210	 6.000	      -5.4042666257	  0.0724111465
	300	 2.000	      -0.8136442951	  0.9573117130
	310	 0.500	      -0.4197454123	  0.9746904273

      E_tot =     -484.2967452129 Ry

### PS report ########################################

    Orbital       Ghost
    -----------------------------------------------------------------
	100 	    no
	210 	    no


### NL/SL report #####################################


 NL:Orbital    Filling       Eigenvalues[Ry]          Norm       Ghost
    ------------------------------------------------------------------
	100 	 2.000	      -8.0740175256	  0.0611169229	    no
	210 	 6.000	      -5.5425076748	  0.0692386122	    no
	200 	 2.000	      -0.8121840557	  0.9566410378	    no
	310 	 0.500	      -0.4206666340	  0.9759293714	    no

	 ========== No ghosts in potential!!========== 

      E_tot =     -162.5500544885 Ry

### KE report ########################################

	 ===   Ecut necessary for ~1    eV convergence error / electron === 
	 --------------------------------------------------------------- 
		 	 Ecut[Ry] 	 error [meV/e] 
	100  		   185 	          999.522 
	210  		   265 	          994.645 
	200  		   185 	          999.522 
	310  		   265 	          994.645 
	 ===   Ecut necessary for ~100 meV convergence error / electron === 
	 --------------------------------------------------------------- 
		 	 Ecut[Ry] 	 error [meV/e] 
	100  		   276 	           99.588 
	210  		   402 	           99.383 
	200  		   276 	           99.588 
	310  		   402 	           99.383 

	 ===   Ecut necessary for  ~10 meV convergence error / electron === 
	 --------------------------------------------------------------- 
		 	 Ecut[Ry] 	 error [meV/e] 
	100  		   351 	            9.994 
	210  		   549 	            9.991 
	200  		   351 	            9.994 
	310  		   549 	            9.991 

	 ===   Ecut necessary for   ~1 meV convergence error / electron === 
	 --------------------------------------------------------------- 
		 	 Ecut[Ry] 	 error [meV/e] 
	100  		   431 	            0.994 
	210  		   698 	            0.995 
	200  		   431 	            0.994 
	310  		   698 	            0.995 

### TC report ########################################

Comparison of total energies
Config	 E_sl(Ry)	 E_nl(Ry)	 Delta(eV)
0     -162.550293     -162.550055       -0.003247
1     -162.704484     -162.704102       -0.005201
2     -162.331837     -162.330956       -0.011982
3     -162.279043     -162.279043       -0.000001
4     -161.857885     -161.857248       -0.008678
5     -160.870397     -160.870395       -0.000022
6     -158.786337     -158.786328       -0.000110
7     -149.733077     -149.732167       -0.012373
8     -138.023144     -138.019925       -0.043803
9     -123.457821     -123.451568       -0.085076
10     -105.856595     -105.848148       -0.114927
11      -85.062149      -85.054836       -0.099502
12      -60.956878      -60.956878       -0.000000
13      -31.896556      -31.896556       -0.000000
MAD (eV): 0.0274945
