##########################################################
#    Opium Report File                                   #
##########################################################
     Opium version:        4.1

### copy of the parameter file #######################

[Atom]
Cr
8            
100   2.00  -
200   2.00  -
210   6.00  -
300   2.00  -
310   6.00  -
320   4.00  -
400   0.00  -
410   0.00  -

[Pseudo]
5 1.477 1.439 1.478  1.477 1.477
g

[Gaussinfo]
14 3
2 2 4
2 16.90078760  219.48146209
2  7.33662150   28.07933176
2 17.31974516  139.98396871
2  6.92409757   19.54835786
1 18.28091074   14.00000000
3 17.09800655  255.93275041
2 16.72267276 -132.01826317
2  5.02865105   -0.77388761

[KBdesign]
s

[Relativity]
nrl

[XC]
pbe

[Configs]
10

300  2.00 -
310  6.00 -
320  4.00 -
400  2.00 -
410  0.00 -

300  2.00 -
310  6.00 -
320  5.00 -
400  1.00 -
410  0.00 -

300  2.00 -
310  6.00 -
320  6.00 -
400  0.00 -
410  0.00 -

300  2.00 -
310  6.00 -
320  4.00 -
400  1.00 -
410  0.00 -

300  2.00 -
310  6.00 -
320  5.00 -
400  0.00 -
410  0.00 -

300  2.00 -
310  6.00 -
320  4.00 -
400  0.00 -
410  0.00 -

300  2.00 -
310  6.00 -
320  3.00 -
400  0.00 -
410  0.00 -

300  2.00 -
310  6.00 -
320  2.00 -
400  0.00 -
410  0.00 -

300  2.00 -
310  6.00 -
320  1.00 -
400  0.00 -
410  0.00 -

300  2.00 -
310  6.00 -
320  0.00 -
400  0.00 -
410  0.00 -


############################################################

### AE report ########################################

 AE:Orbital    Filling       Eigenvalues[Ry]          Norm
    ----------------------------------------------------------
	100	 2.000	    -430.3648506733
	200	 2.000	     -49.9317106838
	210	 6.000	     -42.6659629162
	300	 2.000	      -6.8878285740	  0.0671747808
	310	 6.000	      -4.8633520810	  0.1196890833
	320	 4.000	      -1.6905611640	  0.2790222977
	400	 0.000	      -1.3566542615	  0.9371966750
	410	 0.000	      -0.9851578788	  0.9562107314

      E_tot =    -2086.3767387766 Ry

### PS report ########################################

    Orbital       Ghost
    -----------------------------------------------------------------
	100 	    no
	210 	    no
	320 	    no


### NL/SL report #####################################


 NL:Orbital    Filling       Eigenvalues[Ry]          Norm       Ghost
    ------------------------------------------------------------------
	100 	 2.000	      -7.0264645835	  0.0631995839	    no
	210 	 6.000	      -4.8790358980	  0.1187253627	    no
	320 	 4.000	      -1.6893266126	  0.2796600567	    no
	200 	 0.000	      -1.3687056501	  0.9363058064	    no
	310 	 0.000	      -0.9855631106	  0.9565542875	    no

	 ========== No ghosts in potential!!========== 

      E_tot =     -171.1917438024 Ry

### KE report ########################################

	 ===   Ecut necessary for ~1    eV convergence error / electron === 
	 --------------------------------------------------------------- 
		 	 Ecut[Ry] 	 error [meV/e] 
	100  		   72 	          995.875 
	210  		   91 	          997.515 
	320  		   228 	          999.140 
	200  		   72 	          995.875 
	310  		   91 	          997.515 
	 ===   Ecut necessary for ~100 meV convergence error / electron === 
	 --------------------------------------------------------------- 
		 	 Ecut[Ry] 	 error [meV/e] 
	100  		   211 	           99.891 
	210  		   158 	           99.832 
	320  		   410 	           99.811 
	200  		   211 	           99.891 
	310  		   158 	           99.832 

	 ===   Ecut necessary for  ~10 meV convergence error / electron === 
	 --------------------------------------------------------------- 
		 	 Ecut[Ry] 	 error [meV/e] 
	100  		   297 	            9.910 
	210  		   211 	            9.922 
	320  		   622 	            9.953 
	200  		   297 	            9.910 
	310  		   211 	            9.922 

	 ===   Ecut necessary for   ~1 meV convergence error / electron === 
	 --------------------------------------------------------------- 
		 	 Ecut[Ry] 	 error [meV/e] 
	100  		   371 	            0.996 
	210  		   417 	            0.998 
	320  		   930 	            1.000 
	200  		   371 	            0.996 
	310  		   417 	            0.998 

### TC report ########################################

Comparison of total energies
Config	 E_sl(Ry)	 E_nl(Ry)	 Delta(eV)
0     -171.191744     -171.191744       -0.000001
1     -172.883923     -172.883923       -0.000008
2     -172.883078     -172.883006       -0.000984
3     -172.759441     -172.759256       -0.002524
4     -172.290566     -172.290565       -0.000006
5     -172.378128     -172.378033       -0.001300
6     -171.191744     -171.191744       -0.000001
7     -168.919851     -168.919669       -0.002483
8     -165.349560     -165.348818       -0.010093
9     -160.306543     -160.305248       -0.017623
10     -153.639710     -153.638949       -0.010343
MAD (eV): 0.0041244
