##########################################################
#    Opium Report File                                   #
##########################################################
     Opium version:        4.1

### copy of the parameter file #######################

[Atom]
Si
5
100 2.00 -
200 2.00 -
210 6.00 -
300 2.00 -
310 1.00 -

[KBDesign]
s

[Relativity]
nrl

[Pseudo]
4 -1 -1 -1 -1
g

[xc]
pbe

[Gaussinfo]
12 2
2 3
2 92.046246  25.228329 
2 30.895726 150.483122 
1 12.066048  12.000000 
3 15.276621 144.792575 
2 14.506273 -99.229393 

[Configs]
15

200 2.00 -
210 6.00 -
300 2.00 -
310 2.00 -

200 2.00 -
210 6.00 -
300 1.00 -
310 3.00 -

200 2.00 -
210 6.00 -
300 2.00 -
310 1.00 -

200 2.00 -
210 6.00 -
300 1.00 -
310 3.00 -

200 2.00 -
210 6.00 -
300 2.00 -
310 0.00 -

200 2.00 -
210 6.00 -
300 1.00 -
310 1.00 -

200 2.00 -
210 6.00 -
300 1.00 -
310 0.00 -

200 2.00 -
210 6.00 -
300 0.00 -
310 0.00 -

200 2.00 -
210 5.00 -
300 0.00 -
310 0.00 -

200 2.00 -
210 4.00 -
300 0.00 -
310 0.00 -

200 2.00 -
210 3.00 -
300 0.00 -
310 0.00 -

200 2.00 -
210 2.00 -
300 0.00 -
310 0.00 -

200 2.00 -
210 1.00 -
300 0.00 -
310 0.00 -

200 2.00 -
210 0.00 -
300 0.00 -
310 0.00 -

200 1.00 -
210 0.50 -
300 0.00 -
310 0.00 -
 


### AE report ########################################

 AE:Orbital    Filling       Eigenvalues[Ry]          Norm
    ----------------------------------------------------------
	100	 2.000	    -131.6270569312
	200	 2.000	     -10.9032869707	  0.0417454444
	210	 6.000	      -7.7254621642	  0.0485931525
	300	 2.000	      -1.3953417448	  0.9353003587
	310	 1.000	      -0.8575309769	  0.9569131968

      E_tot =     -577.8362977501 Ry

### PS report ########################################

    Orbital       Ghost
    -----------------------------------------------------------------
	100 	    no
	210 	    no


### NL/SL report #####################################


 NL:Orbital    Filling       Eigenvalues[Ry]          Norm       Ghost
    ------------------------------------------------------------------
	100 	 2.000	     -10.7829687113	  0.0426152439	    no
	210 	 6.000	      -7.8944823916	  0.0463120090	    no
	200 	 2.000	      -1.3937316253	  0.9348218600	    no
	310 	 1.000	      -0.8583555881	  0.9585639670	    no

	 ========== No ghosts in potential!!========== 

      E_tot =     -203.4244648653 Ry

### KE report ########################################

	 ===   Ecut necessary for ~1    eV convergence error / electron === 
	 --------------------------------------------------------------- 
		 	 Ecut[Ry] 	 error [meV/e] 
	100  		   236 	          999.630 
	210  		   335 	          999.499 
	200  		   236 	          999.630 
	310  		   335 	          999.499 
	 ===   Ecut necessary for ~100 meV convergence error / electron === 
	 --------------------------------------------------------------- 
		 	 Ecut[Ry] 	 error [meV/e] 
	100  		   339 	           99.792 
	210  		   503 	           99.604 
	200  		   339 	           99.792 
	310  		   503 	           99.604 

	 ===   Ecut necessary for  ~10 meV convergence error / electron === 
	 --------------------------------------------------------------- 
		 	 Ecut[Ry] 	 error [meV/e] 
	100  		   433 	            9.928 
	210  		   682 	            9.963 
	200  		   433 	            9.928 
	310  		   682 	            9.963 

	 ===   Ecut necessary for   ~1 meV convergence error / electron === 
	 --------------------------------------------------------------- 
		 	 Ecut[Ry] 	 error [meV/e] 
	100  		   851 	            0.995 
	210  		   862 	            1.000 
	200  		   851 	            0.995 
	310  		   862 	            1.000 

### TC report ########################################

Comparison of total energies
Config	 E_sl(Ry)	 E_nl(Ry)	 Delta(eV)
0     -203.425472     -203.424465       -0.013705
1     -203.996474     -203.994990       -0.020187
2     -203.502939     -203.500499       -0.033209
3     -203.425472     -203.424465       -0.013705
4     -203.502939     -203.500499       -0.033209
5     -202.247608     -202.247607       -0.000013
6     -201.663884     -201.662475       -0.019170
7     -199.758398     -199.758392       -0.000081
8     -196.449884     -196.449864       -0.000267
9     -183.923428     -183.922329       -0.014954
10     -168.380589     -168.376967       -0.049279
11     -149.627721     -149.620967       -0.091899
12     -127.488746     -127.479897       -0.120391
13     -101.811495     -101.804047       -0.101333
14      -72.488320      -72.488320       -0.000000
15      -54.639453      -54.632821       -0.090242
MAD (eV): 0.0376028
