##########################################################
#    Opium Report File                                   #
##########################################################
     Opium version:        4.1

### copy of the parameter file #######################

[Atom]
Cl
5
100 2.00 -
200 2.00 -
210 6.00 -
300 2.00 -
310 4.00 -

[KBDesign]
s

[Relativity]
nrl

[Pseudo]
4 -1 -1 -1 -1
g

[xc]
pbe

[Gaussinfo]
15 2
2 3
2 124.640433 26.837357
2 52.205433 277.296696
1 22.196266 15.000000
3 26.145117 332.943994
2 25.015118 -161.999982

[Configs]
18

200 2.00 -
210 6.00 -
300 2.00 -
310 5.00 -

200 2.00 -
210 6.00 -
300 1.00 -
310 6.00 -

200 2.00 -
210 6.00 -
300 2.00 -
310 4.00 -

200 2.00 -
210 6.00 -
300 2.00 -
310 3.00 -

200 2.00 -
210 6.00 -
300 2.00 -
310 2.00 -

200 2.00 -
210 6.00 -
300 2.00 -
310 1.00 -

200 2.00 -
210 6.00 -
300 1.00 -
310 3.00 -

200 2.00 -
210 6.00 -
300 2.00 -
310 0.00 -

200 2.00 -
210 6.00 -
300 1.00 -
310 1.00 -

200 2.00 -
210 6.00 -
300 1.00 -
310 0.00 -

200 2.00 -
210 6.00 -
300 0.00 -
310 0.00 -

200 2.00 -
210 5.00 -
300 0.00 -
310 0.00 -

200 2.00 -
210 4.00 -
300 0.00 -
310 0.00 -

200 2.00 -
210 3.00 -
300 0.50 -
310 0.00 -

200 2.00 -
210 2.00 -
300 0.50 -
310 0.00 -

200 2.00 -
210 1.00 -
300 0.50 -
310 0.00 -

200 2.00 -
210 0.00 -
300 0.50 -
310 0.00 -

200 1.00 -
210 0.00 -
300 0.50 -
310 0.00 -
  

### AE report ########################################

 AE:Orbital    Filling       Eigenvalues[Ry]          Norm
    ----------------------------------------------------------
	100	 2.000	    -202.3845319968
	200	 2.000	     -19.3890819932	  0.0530073505
	210	 6.000	     -15.0251577081	  0.0493610381
	300	 2.000	      -2.3458827235	  0.9296344792
	310	 4.000	      -1.4287077091	  0.9442423794

      E_tot =     -918.9048406130 Ry

### PS report ########################################

    Orbital       Ghost
    -----------------------------------------------------------------
	100 	    no
	210 	    no


### NL/SL report #####################################


 NL:Orbital    Filling       Eigenvalues[Ry]          Norm       Ghost
    ------------------------------------------------------------------
	100 	 2.000	     -19.3920790711	  0.0527041276	    no
	210 	 6.000	     -15.3685114143	  0.0469331800	    no
	200 	 2.000	      -2.3519408356	  0.9290337860	    no
	310 	 4.000	      -1.4296285487	  0.9463472159	    no

	 ========== No ghosts in potential!!========== 

      E_tot =     -363.2836293732 Ry

### KE report ########################################

	 ===   Ecut necessary for ~1    eV convergence error / electron === 
	 --------------------------------------------------------------- 
		 	 Ecut[Ry] 	 error [meV/e] 
	100  		   414 	          996.568 
	210  		   620 	          997.767 
	200  		   414 	          996.568 
	310  		   620 	          997.767 
	 ===   Ecut necessary for ~100 meV convergence error / electron === 
	 --------------------------------------------------------------- 
		 	 Ecut[Ry] 	 error [meV/e] 
	100  		   569 	           99.784 
	210  		   910 	           99.580 
	200  		   569 	           99.784 
	310  		   910 	           99.580 

	 ===   Ecut necessary for  ~10 meV convergence error / electron === 
	 --------------------------------------------------------------- 
		 	 Ecut[Ry] 	 error [meV/e] 
	100  		   1195 	            9.997 
	210  		   1219 	            9.982 
	200  		   1195 	            9.997 
	310  		   1219 	            9.982 

	 ===   Ecut necessary for   ~1 meV convergence error / electron === 
	 --------------------------------------------------------------- 
		 	 Ecut[Ry] 	 error [meV/e] 
	100  		   1616 	            0.999 
	210  		   1529 	            0.995 
	200  		   1616 	            0.999 
	310  		   1529 	            0.995 

### TC report ########################################

Comparison of total energies
Config	 E_sl(Ry)	 E_nl(Ry)	 Delta(eV)
0     -363.296689     -363.283629       -0.177690
1     -364.319274     -364.305411       -0.188618
2     -363.437952     -363.420671       -0.235129
3     -363.296689     -363.283629       -0.177690
4     -361.423152     -361.411619       -0.156908
5     -358.604636     -358.595573       -0.123313
6     -354.763050     -354.757685       -0.072995
7     -357.605043     -357.591235       -0.187875
8     -349.834065     -349.834022       -0.000587
9     -348.767605     -348.761176       -0.087476
10     -342.675028     -342.674942       -0.001182
11     -334.294720     -334.294559       -0.002184
12     -308.242561     -308.240532       -0.027594
13     -278.104578     -278.099142       -0.073959
14     -250.996607     -250.987927       -0.118099
15     -213.253653     -213.243017       -0.144711
16     -170.990079     -170.981617       -0.115132
17     -124.118614     -124.118614       -0.000000
18      -70.504461      -70.504461       -0.000000
MAD (eV): 0.0995337
