##########################################################
#    Opium Report File                                   #
##########################################################
     Opium version:        4.1

### copy of the parameter file #######################

[Atom]
S
6
100 2.00 -
200 2.00 -
210 6.00 -
300 2.00 -
310 2.00 -
320 1.00 -

[KBDesign]
p

[Pseudo]
3 2.028 2.193 1.626
g

[xc]
pbe

[Gaussinfo]
6 3
2 2 3
2 16.117687 15.925748
2 3.608629 38.515895
2 6.228956 8.062221
2 2.978074 18.737525
1 6.151144 6.000000
3 11.561575 36.906864
2 5.390961 -19.819533

[Configs]
12

300 2.00 -
310 4.00 -
320 0.00 -

300 2.00 -
310 3.00 -
320 1.00 -

300 1.00 -
310 5.00 -
320 0.00 -

300 2.00 -
310 3.00 -
320 0.00 -

300 2.00 -
310 2.00 -
320 1.00 -

300 2.00 -
310 2.00 -
320 0.00 -

300 2.00 -
310 1.00 -
320 1.00 -

300 2.00 -
310 1.00 -
320 0.00 -

300 2.00 -
310 0.00 -
320 1.00 -

300 2.00 -
310 1.00 -
320 0.00 -

300 1.00 -
310 1.00 -
320 0.00 -

300 1.00 -
310 0.00 -
320 0.00 -

############################################################

### AE report ########################################

 AE:Orbital    Filling       Eigenvalues[Ry]          Norm
    ----------------------------------------------------------
	100	 2.000	    -177.4606392199
	200	 2.000	     -16.6321812354
	210	 6.000	     -12.6755074098
	300	 2.000	      -2.2092462933	  0.2318878201
	310	 2.000	      -1.4042592964	  0.2854550810
	320	 1.000	      -0.4019428683	  0.8395868738

      E_tot =     -793.9921419442 Ry

### PS report ########################################

    Orbital       Ghost
    -----------------------------------------------------------------
	100 	    no
	210 	    no
	320 	    no


### NL/SL report #####################################


 NL:Orbital    Filling       Eigenvalues[Ry]          Norm       Ghost
    ------------------------------------------------------------------
	100 	 2.000	      -2.2290954248	  0.2301099520	    no
	210 	 2.000	      -1.3979695329	  0.2915588581	    no
	320 	 1.000	      -0.4010729169	  0.8479474438	    no

	 ========== No ghosts in potential!!========== 

      E_tot =      -18.2528325242 Ry

### KE report ########################################

	 ===   Ecut necessary for ~1    eV convergence error / electron === 
	 --------------------------------------------------------------- 
		 	 Ecut[Ry] 	 error [meV/e] 
	100  		   16 	          984.081 
	210  		   7 	          976.300 
	320  		   2493 	          876.921 
	 ===   Ecut necessary for ~100 meV convergence error / electron === 
	 --------------------------------------------------------------- 
		 	 Ecut[Ry] 	 error [meV/e] 
	100  		   26 	           98.491 
	210  		   28 	           99.588 
	320  		   2498 	           78.747 

	 ===   Ecut necessary for  ~10 meV convergence error / electron === 
	 --------------------------------------------------------------- 
		 	 Ecut[Ry] 	 error [meV/e] 
	100  		   56 	            9.986 
	210  		   57 	            9.954 
	320  		   -----  >2500 Ry   -----

	 ===   Ecut necessary for   ~1 meV convergence error / electron === 
	 --------------------------------------------------------------- 
		 	 Ecut[Ry] 	 error [meV/e] 
	100  		   84 	            0.998 
	210  		   2465 	            0.969 
	320  		   -----  >2500 Ry   -----

### TC report ########################################

Comparison of total energies
Config	 E_sl(Ry)	 E_nl(Ry)	 Delta(eV)
0      -18.252832      -18.252833        0.000000
1      -20.081072      -20.081054       -0.000244
2      -19.364450      -19.364439       -0.000151
3      -19.309341      -19.309336       -0.000076
4      -19.219528      -19.219524       -0.000053
5      -18.252832      -18.252833        0.000000
6      -17.589997      -17.589995       -0.000031
7      -16.489063      -16.488983       -0.001089
8      -15.103953      -15.103914       -0.000524
9      -13.912261      -13.911790       -0.006411
10      -15.103953      -15.103914       -0.000524
11      -10.755110      -10.755034       -0.001030
12       -6.339102       -6.338927       -0.002388
MAD (eV): 0.000963167
