##########################################################
#    Opium Report File                                   #
##########################################################
     Opium version:        4.1

### copy of the parameter file #######################

[Atom]
O  
3
100   2.00   -
200   2.00   -
210   3.00   -

[Pseudo]
2  1.069 0.927
g

[XC]
pbe

[KBDesign]
p

[Relativity]
nrl

[Gaussinfo]
6   2
1   3
2  13.65512  85.86406
1  12.30997  6.000000
3  14.76962  73.85984
2  13.71419 -47.87600

[Configs]
10

200 2.00 -
210 4.00 -

200 1.00 -
210 5.00 -

200 2.00 -
210 3.00 -

200 1.00 -
210 4.00 -

200 2.00 -
210 2.00 -

200 1.00 -
210 3.00 -

200 2.00 -
210 1.00 -

200 1.00 -
210 2.00 -

200 2.00 -
210 0.00 -

200 1.00 -
210 1.00 -


### AE report ########################################

 AE:Orbital    Filling       Eigenvalues[Ry]          Norm
    ----------------------------------------------------------
	100	 2.000	     -39.1843703398
	200	 2.000	      -2.9114295660	  0.4596508573
	210	 3.000	      -1.7975935880	  0.5638387657

      E_tot =     -148.6823585612 Ry

### PS report ########################################

    Orbital       Ghost
    -----------------------------------------------------------------
	100 	    no
	210 	    no


### NL/SL report #####################################


 NL:Orbital    Filling       Eigenvalues[Ry]          Norm       Ghost
    ------------------------------------------------------------------
	100 	 2.000	      -2.9287456436	  0.4602218745	    no
	210 	 3.000	      -1.8031187414	  0.5641723042	    no

	 ========== No ghosts in potential!!========== 

      E_tot =      -30.3917480615 Ry

### KE report ########################################

	 ===   Ecut necessary for ~1    eV convergence error / electron === 
	 --------------------------------------------------------------- 
		 	 Ecut[Ry] 	 error [meV/e] 
	100  		   56 	          998.048 
	210  		   102 	          994.956 
	 ===   Ecut necessary for ~100 meV convergence error / electron === 
	 --------------------------------------------------------------- 
		 	 Ecut[Ry] 	 error [meV/e] 
	100  		   91 	           99.900 
	210  		   202 	           99.484 

	 ===   Ecut necessary for  ~10 meV convergence error / electron === 
	 --------------------------------------------------------------- 
		 	 Ecut[Ry] 	 error [meV/e] 
	100  		   197 	            9.974 
	210  		   318 	            9.936 

	 ===   Ecut necessary for   ~1 meV convergence error / electron === 
	 --------------------------------------------------------------- 
		 	 Ecut[Ry] 	 error [meV/e] 
	100  		   304 	            0.999 
	210  		   449 	            0.999 

### TC report ########################################

Comparison of total energies
Config	 E_sl(Ry)	 E_nl(Ry)	 Delta(eV)
0      -30.391748      -30.391748       -0.000000
1      -31.604168      -31.604198        0.000406
2      -30.497803      -30.497818        0.000216
3      -30.391748      -30.391748       -0.000000
4      -29.265411      -29.265411        0.000002
5      -27.916526      -27.916618        0.001247
6      -26.797752      -26.797791        0.000527
7      -23.954073      -23.954579        0.006883
8      -22.873694      -22.873957        0.003578
9      -18.324991      -18.326033        0.014176
10      -17.303586      -17.304436        0.011559
MAD (eV): 0.00350865
