##########################################################
#    Opium Report File                                   #
##########################################################
     Opium version:        4.1

### copy of the parameter file #######################

[Atom]
O  
3
100   2.00   -
200   2.00   -
210   3.00   -

[Pseudo]
2  1.069 0.927
g

[XC]
pbe

[KBDesign]
p

[Relativity]
nrl

[Gaussinfo]
6   2
1   3
2  13.65512  85.86406
1  12.30997  6.000000
3  14.76962  73.85984
2  13.71419 -47.87600

[Configs]
10

200 2.00 -
210 4.00 -

200 1.00 -
210 5.00 -

200 2.00 -
210 3.00 -

200 1.00 -
210 4.00 -

200 2.00 -
210 2.00 -

200 1.00 -
210 3.00 -

200 2.00 -
210 1.00 -

200 1.00 -
210 2.00 -

200 2.00 -
210 0.00 -

200 1.00 -
210 1.00 -

### AE report ########################################

 AE:Orbital    Filling       Eigenvalues[Ry]          Norm
    ----------------------------------------------------------
	100	 2.000	     -39.1843703982
	200	 2.000	      -2.9114295694	  0.4596508572
	210	 3.000	      -1.7975935896	  0.5638387656

      E_tot =     -148.6823587221 Ry

### PS report ########################################

    Orbital       Ghost
    -----------------------------------------------------------------
	100 	    no
	210 	    no


### NL/SL report #####################################


 NL:Orbital    Filling       Eigenvalues[Ry]          Norm       Ghost
    ------------------------------------------------------------------
	100 	 2.000	      -2.9287456461	  0.4602218746	    no
	210 	 3.000	      -1.8031187436	  0.5641723041	    no

	 ========== No ghosts in potential!!========== 

      E_tot =      -30.3917480815 Ry

### KE report ########################################

	 ===   Ecut necessary for ~1    eV convergence error / electron === 
	 --------------------------------------------------------------- 
		 	 Ecut[Ry] 	 error [meV/e] 
	100  		   57 	          975.988 
	210  		   102 	          979.560 
	 ===   Ecut necessary for ~100 meV convergence error / electron === 
	 --------------------------------------------------------------- 
		 	 Ecut[Ry] 	 error [meV/e] 
	100  		   91 	           97.843 
	210  		   201 	           99.376 

	 ===   Ecut necessary for  ~10 meV convergence error / electron === 
	 --------------------------------------------------------------- 
		 	 Ecut[Ry] 	 error [meV/e] 
	100  		   197 	            9.875 
	210  		   307 	            9.816 

	 ===   Ecut necessary for   ~1 meV convergence error / electron === 
	 --------------------------------------------------------------- 
		 	 Ecut[Ry] 	 error [meV/e] 
	100  		   303 	            0.969 
	210  		   379 	            0.952 

### TC report ########################################

Comparison of total energies
Config	 E_sl(Ry)	 E_nl(Ry)	 Delta(eV)
0      -30.391748      -30.391748       -0.000000
1      -31.604168      -31.604198        0.000406
2      -30.497803      -30.497818        0.000216
3      -30.391748      -30.391748       -0.000000
4      -29.265411      -29.265411        0.000002
5      -27.916526      -27.916618        0.001247
6      -26.797752      -26.797791        0.000527
7      -23.954073      -23.954579        0.006883
8      -22.873694      -22.873957        0.003578
9      -18.324991      -18.326033        0.014176
10      -17.303586      -17.304436        0.011559
MAD (eV): 0.00350865
