##########################################################
#    Opium Report File                                   #
##########################################################
     Opium version:        4.1

### copy of the parameter file #######################

[Atom]
Zn
8            
100   2.00  -
200   2.00  -
210   6.00  -
300   2.00  -
310   6.00  -
320  10.00  -
400   0.00  -
410   0.00  -

[Pseudo]
5 1.173  1.173  1.173  1.173  1.173 
g

[Gaussinfo]
20 3
2 2 4
2 35.02141356  431.70804302
2 14.63498691   95.87640437
2 42.22979234  313.57770563
2 14.57429304   74.01270048
1 35.80797616   20.00000000
3 34.53646083  716.15952323
2 28.62830178 -204.68393323
2  7.96239682    0.76026614

[KBdesign]
s

[Relativity]
nrl

[XC]
pbe

[CONFIGS]
14

300 2.00 -
310 6.00 -
320 10.00 -
400 2.00 -
410 0.00 -

300 2.00 -
310 6.00 -
320 10.00 -
400 1.00 -
410 1.00 -

300 2.00 -
310 6.00 -
320 10.00 -
400 0.00 -
410 1.00 -

300 2.00 -
310 6.00 -
320 10.00 -
400 0.00 -
410 0.00 -

300 2.00 -
310 6.00 -
320 9.00 -
400 0.00 -
410 0.00 -

300 2.00 -
310 6.00 -
320 8.00 -
400 0.00 -
410 0.00 -

300 2.00 -
310 6.00 -
320 7.00 -
400 0.00 -
410 0.00 -

300 2.00 -
310 6.00 -
320 6.00 -
400 0.00 -
410 0.00 -

300 2.00 -
310 6.00 -
320 5.00 -
400 0.00 -
410 0.00 -

300 2.00 -
310 6.00 -
320 4.00 -
400 0.00 -
410 0.00 -

300 2.00 -
310 6.00 -
320 3.00 -
400 0.00 -
410 0.00 -

300 2.00 -
310 6.00 -
320 2.00 -
400 0.00 -
410 0.00 -

300 2.00 -
310 6.00 -
320 1.00 -
400 0.00 -
410 0.00 -

300 2.00 -
310 6.00 -
320 0.00 -
400 0.00 -
410 0.00 -


### AE report ########################################

 AE:Orbital    Filling       Eigenvalues[Ry]          Norm
    ----------------------------------------------------------
	100	 2.000	    -692.7941139483
	200	 2.000	     -84.7074281571
	210	 6.000	     -74.8371633321
	300	 2.000	     -10.7096216644	  0.0545497835
	310	 6.000	      -7.5756658426	  0.0814337463
	320	10.000	      -2.2844931026	  0.2229839706
	400	 0.000	      -1.6605183928	  0.9451029455
	410	 0.000	      -1.1420239642	  0.9669169665

      E_tot =    -3556.3271360282 Ry

### PS report ########################################

    Orbital       Ghost
    -----------------------------------------------------------------
	100 	    no
	210 	    no
	320 	    no


### NL/SL report #####################################


 NL:Orbital    Filling       Eigenvalues[Ry]          Norm       Ghost
    ------------------------------------------------------------------
	100 	 2.000	     -11.0245900330	  0.0497475879	    no
	210 	 6.000	      -7.6279146046	  0.0795275692	    no
	320 	10.000	      -2.2783126944	  0.2233106054	    no
	200 	 0.000	      -1.6864120154	  0.9428671200	    no
	310 	 0.000	      -1.1461637133	  0.9668111168	    no

	 ========== No ghosts in potential!!========== 

      E_tot =     -450.7952727214 Ry

### KE report ########################################

	 ===   Ecut necessary for ~1    eV convergence error / electron === 
	 --------------------------------------------------------------- 
		 	 Ecut[Ry] 	 error [meV/e] 
	100  		   141 	          986.823 
	210  		   232 	          987.234 
	320  		   343 	          985.958 
	200  		   141 	          986.823 
	310  		   232 	          987.234 
	 ===   Ecut necessary for ~100 meV convergence error / electron === 
	 --------------------------------------------------------------- 
		 	 Ecut[Ry] 	 error [meV/e] 
	100  		   355 	           98.542 
	210  		   350 	           97.328 
	320  		   394 	           81.063 
	200  		   355 	           98.542 
	310  		   350 	           97.328 

	 ===   Ecut necessary for  ~10 meV convergence error / electron === 
	 --------------------------------------------------------------- 
		 	 Ecut[Ry] 	 error [meV/e] 
	100  		   395 	            9.089 
	210  		   394 	            8.683 
	320  		   -----  >400 Ry   -----
	200  		   395 	            9.089 
	310  		   394 	            8.683 

	 ===   Ecut necessary for   ~1 meV convergence error / electron === 
	 --------------------------------------------------------------- 
		 	 Ecut[Ry] 	 error [meV/e] 
	100  		   -----  >400 Ry   -----
	210  		   -----  >400 Ry   -----
	320  		   -----  >400 Ry   -----
	200  		   -----  >400 Ry   -----
	310  		   -----  >400 Ry   -----

### TC report ########################################

Comparison of total energies
Config	 E_sl(Ry)	 E_nl(Ry)	 Delta(eV)
0     -450.795273     -450.795273        0.000001
1     -452.868850     -452.868845       -0.000067
2     -452.497269     -452.497130       -0.001886
3     -451.683024     -451.682771       -0.003449
4     -450.795273     -450.795273        0.000001
5     -447.801684     -447.801427       -0.003500
6     -443.236006     -443.234654       -0.018389
7     -436.908395     -436.904671       -0.050665
8     -428.650297     -428.642682       -0.103612
9     -418.307816     -418.294902       -0.175704
10     -405.737913     -405.718933       -0.258246
11     -390.806355     -390.781842       -0.333511
12     -373.386811     -373.359333       -0.373861
13     -353.360859     -353.335673       -0.342679
14     -330.617965     -330.603597       -0.195479
MAD (eV): 0.12407
