##########################################################
#    Opium Report File                                   #
##########################################################
     Opium version:        4.1

### copy of the parameter file #######################

[Atom]
Mn
8            
100   2.00  -
200   2.00  -
210   6.00  -
300   2.00  -
310   6.00  -
320   5.00  -
400   0.00  -
410   0.00  -

[Pseudo]
5 1.184 1.184 1.095  1.184 1.184
g

[Gaussinfo]
15 3
2 2 3 
2 1.12443969175296e+01  5.78809582626704e+01 
2 1.16142506088053e+01  9.29657497415354e+01
2 8.70262788567988e+00  4.44478924899588e+01 
2 1.42170180412141e+01  4.18893798278498e+01 
1 4.03994502890682e+00  15.0
3 4.20000000000000e+00  60.599175433602305
2 4.13929700473253e+00  -6.58062337050619e+01
  
  
[KBdesign]
s

[Relativity]
nrl

[XC]
pbe

[Configs]
9

300  2.00 -
310  6.00 -
320  5.00 -
400  0.00 -
410  0.00 -

300  2.00 -
310  6.00 -
320  5.00 -
400  1.00 -
410  0.00 -

300  2.00 -
310  6.00 -
320  4.00 -
400  1.00 -
410  0.00 -

300  2.00 -
310  6.00 -
320  3.00 -
400  2.00 -
410  0.00 -

300  2.00 -
310  6.00 -
320  4.00 -
400  0.00 -
410  0.00 -

300  2.00 -
310  6.00 -
320  3.00 -
400  0.00 -
410  0.00 -

300  2.00 -
310  6.00 -
320  2.00 -
400  0.00 -
410  0.00 -

300  2.00 -
310  6.00 -
320  1.00 -
400  0.00 -
410  0.00 -

300  2.00 -
310  6.00 -
320  0.00 -
400  0.00 -
410  0.00 -

### AE report ########################################

 AE:Orbital    Filling       Eigenvalues[Ry]          Norm
    ----------------------------------------------------------
	100	 2.000	    -469.7919012032
	200	 2.000	     -55.1453107778
	210	 6.000	     -47.4548496680
	300	 2.000	      -7.4910739421	  0.1507771188
	310	 6.000	      -5.2942476190	  0.2016771571
	320	 5.000	      -1.7988592712	  0.4401838629
	400	 0.000	      -1.4126304683	  0.9530914282
	410	 0.000	      -1.0168101569	  0.9618514688

      E_tot =    -2299.3602893568 Ry

### PS report ########################################

    Orbital       Ghost
    -----------------------------------------------------------------
	100 	    no
	210 	    no
	320 	    no


### NL/SL report #####################################


 NL:Orbital    Filling       Eigenvalues[Ry]          Norm       Ghost
    ------------------------------------------------------------------
	100 	 2.000	      -7.6077611888	  0.1427459930	    no
	210 	 6.000	      -5.2622133502	  0.1981136166	    no
	320 	 5.000	      -1.7959801710	  0.4392513527	    no
	200 	 0.000	      -1.4230662820	  0.9542745527	    no
	310 	 0.000	      -1.0193871399	  0.9616241461	    no

	 ========== No ghosts in potential!!========== 

      E_tot =     -205.5125787823 Ry

### KE report ########################################

	 ===   Ecut necessary for ~1    eV convergence error / electron === 
	 --------------------------------------------------------------- 
		 	 Ecut[Ry] 	 error [meV/e] 
	100  		   80 	          995.380 
	210  		   101 	          995.468 
	320  		   136 	          994.760 
	200  		   80 	          995.380 
	310  		   101 	          995.468 
	 ===   Ecut necessary for ~100 meV convergence error / electron === 
	 --------------------------------------------------------------- 
		 	 Ecut[Ry] 	 error [meV/e] 
	100  		   213 	           99.524 
	210  		   165 	           99.454 
	320  		   202 	           99.735 
	200  		   213 	           99.524 
	310  		   165 	           99.454 

	 ===   Ecut necessary for  ~10 meV convergence error / electron === 
	 --------------------------------------------------------------- 
		 	 Ecut[Ry] 	 error [meV/e] 
	100  		   283 	            9.955 
	210  		   213 	            9.970 
	320  		   271 	            9.980 
	200  		   283 	            9.955 
	310  		   213 	            9.970 

	 ===   Ecut necessary for   ~1 meV convergence error / electron === 
	 --------------------------------------------------------------- 
		 	 Ecut[Ry] 	 error [meV/e] 
	100  		   347 	            0.995 
	210  		   380 	            1.000 
	320  		   356 	            0.997 
	200  		   347 	            0.995 
	310  		   380 	            1.000 

### TC report ########################################

Comparison of total energies
Config	 E_sl(Ry)	 E_nl(Ry)	 Delta(eV)
0     -205.512579     -205.512579       -0.000001
1     -205.512579     -205.512579       -0.000001
2     -206.654638     -206.654638        0.000000
3     -205.004173     -205.004089       -0.001142
4     -204.185688     -204.185372       -0.004305
5     -203.110445     -203.110336       -0.001488
6     -199.361892     -199.361441       -0.006148
7     -194.091805     -194.090973       -0.011324
8     -187.149847     -187.149177       -0.009114
9     -178.403552     -178.404616        0.014479
MAD (eV): 0.00480003
