##########################################################
#    Opium Report File                                   #
##########################################################
     Opium version:        4.1

### copy of the parameter file #######################

[Atom]
Mg
5
100 2.00 -
200 2.00 -
210 6.00 -
300 1.00 -
310 1.00 -

[KBDesign]
s

[Relativity]
nrl

[Pseudo]
4 -1 -1 -1 -1
g

[xc]
pbe

[Gaussinfo]
10 2
2 3
2 72.718763 25.152097
2 19.375648 84.969927
1 10.136825 10.000000
3 10.457653 101.368253
2 10.109595 -68.596401

[Configs]
12

200 2.00 -
210 6.00 -
300 2.00 -
310 0.00 -

200 2.00 -
210 6.00 -
300 1.00 -
310 1.00 -

200 2.00 -
210 6.00 -
300 0.00 -
310 2.00 -

200 2.00 -
210 6.00 -
300 1.00 -
310 0.00 -

200 2.00 -
210 6.00 -
300 0.00 -
310 0.00 -

200 2.00 -
210 5.00 -
300 0.00 -
310 0.00 -

200 2.00 -
210 4.00 -
300 0.00 -
310 0.00 -

200 2.00 -
210 3.00 -
300 0.00 -
310 0.00 -

200 2.00 -
210 2.00 -
300 0.00 -
310 0.00 -

200 2.00 -
210 1.00 -
300 0.00 -
310 0.00 -

200 2.00 -
210 0.00 -
300 0.00 -
310 0.00 -

200 1.00 -
210 0.00 -
300 0.00 -
310 0.00 -



### AE report ########################################

 AE:Orbital    Filling       Eigenvalues[Ry]          Norm
    ----------------------------------------------------------
	100	 2.000	     -92.5564144977
	200	 2.000	      -5.9984438629	  0.0803320886
	210	 6.000	      -3.5797287943	  0.1031105955
	300	 1.000	      -0.4157571499	  0.9717510122
	310	 1.000	      -0.1524111350	  0.9857598573

      E_tot =     -399.6551669003 Ry

### PS report ########################################

    Orbital       Ghost
    -----------------------------------------------------------------
	100 	    no
	210 	    no


### NL/SL report #####################################


 NL:Orbital    Filling       Eigenvalues[Ry]          Norm       Ghost
    ------------------------------------------------------------------
	100 	 2.000	      -5.8772087339	  0.0826829365	    no
	210 	 6.000	      -3.6702968161	  0.1000046853	    no
	200 	 1.000	      -0.4143735404	  0.9710379978	    no
	310 	 1.000	      -0.1527592000	  0.9865192194	    no

	 ========== No ghosts in potential!!========== 

      E_tot =     -126.2808051310 Ry

### KE report ########################################

	 ===   Ecut necessary for ~1    eV convergence error / electron === 
	 --------------------------------------------------------------- 
		 	 Ecut[Ry] 	 error [meV/e] 
	100  		   141 	          998.960 
	210  		   207 	          998.255 
	200  		   141 	          998.960 
	310  		   207 	          998.255 
	 ===   Ecut necessary for ~100 meV convergence error / electron === 
	 --------------------------------------------------------------- 
		 	 Ecut[Ry] 	 error [meV/e] 
	100  		   223 	           99.127 
	210  		   321 	           99.437 
	200  		   223 	           99.127 
	310  		   321 	           99.437 

	 ===   Ecut necessary for  ~10 meV convergence error / electron === 
	 --------------------------------------------------------------- 
		 	 Ecut[Ry] 	 error [meV/e] 
	100  		   294 	            9.959 
	210  		   443 	            9.927 
	200  		   294 	            9.959 
	310  		   443 	            9.927 

	 ===   Ecut necessary for   ~1 meV convergence error / electron === 
	 --------------------------------------------------------------- 
		 	 Ecut[Ry] 	 error [meV/e] 
	100  		   359 	            0.987 
	210  		   566 	            0.999 
	200  		   359 	            0.987 
	310  		   566 	            0.999 

### TC report ########################################

Comparison of total energies
Config	 E_sl(Ry)	 E_nl(Ry)	 Delta(eV)
0     -126.280977     -126.280805       -0.002338
1     -126.534565     -126.534565        0.000001
2     -126.280977     -126.280805       -0.002338
3     -126.012951     -126.012537       -0.005639
4     -125.951691     -125.951691        0.000002
5     -124.851483     -124.851481       -0.000025
6     -118.786864     -118.786179       -0.009320
7     -110.435275     -110.432618       -0.036150
8      -99.590981      -99.585534       -0.074103
9      -86.067668      -86.060007       -0.104241
10      -69.701859      -69.694989       -0.093478
11      -50.366075      -50.366075       -0.000000
12      -26.481439      -26.481439       -0.000000
MAD (eV): 0.0252027
