##########################################################
#    Opium Report File                                   #
##########################################################
     Opium version:        4.1

### copy of the parameter file #######################

[Atom]
Sr
11            
100   2.00  -
200   2.00  -
210   6.00  -
300   2.00  -
310   6.00  -
320   10.00  -
400   2.00  -
410   6.00  -
420   2.00  -
500   0.00  -
510   0.00  -

[Pseudo]
5 -1 -1 -1 -1 -1
g

[Gaussinfo]
10 4 2
2 2 2 4  4 4
2 7.43964860 131.27995247
2 3.44712243 19.22246288
2 4.74459790 77.98272285
2 8.23702136 15.52005059
2 3.18372736 29.11326603
2 7.74810233 5.42755091
1 9.27336802 10.00000000
3 9.16347775 92.73368021
2 10.34043764 -4.56742184
2 9.15296863 -95.47540969
2 7.22291716030970 -58.8764057692455
2 7.17163257964475 58.8803156029271
2 3.00352958664344 -9.87533358172702
2 2.83393304515292 9.73518716762493
2 6.31995870767804 -11.9071112934160
2 6.39115626143677 11.9065381642555
2 1.76771124550098 -2.20178385334666
2 1.63706005414281 1.92890733467571

[KBdesign]
s

[Relativity]
frl

[XC]
pbe

[Configs]
6

400  2.00 -
410  6.00 -
420  1.00 -
500  1.00 -
510  0.00 -

400  2.00 -
410  6.00 -
420  1.00 -
500  0.00 -
510  0.00 -

400  2.00 -
410  6.00 -
420  0.00 -
500  0.00 -
510  0.00 -

400  2.00 -
410  5.00 -
420  0.00 -
500  0.00 -
510  0.00 -

400  2.00 -
410  4.00 -
420  0.00 -
500  0.00 -
510  0.00 -

400  2.00 -
410  3.00 -
420  0.00 -
500  0.00 -
510  0.00 -

### AE report ########################################

 AE:Orbital    Filling       Eigenvalues[Ry]          Norm
    ----------------------------------------------------------
	100+	 2.000	   -1167.8891608782
	200+	 2.000	    -158.1306040592
	210-	 2.000	    -143.9021272024
	210+	 4.000	    -138.9004498504
	300+	 2.000	     -24.3838506913
	310-	 2.000	     -19.2153333705
	310+	 4.000	     -18.4481685592
	320-	 4.000	      -9.3855723195
	320+	 6.000	      -9.2513278515
	400+	 2.000	      -2.9013379798	  0.0950223249
	410-	 2.000	      -1.6428354966	  0.2824014329
	410+	 4.000	      -1.5596181329	  0.3036239757
	420-	 0.800	      -0.0662768190	  0.8080300806
	420+	 1.200	      -0.0639372626	  0.8162856824
	500+	 0.000	      -0.2406498297	  0.9629154232
	510-	 0.000	      -0.0987601180	  0.9809878366
	510+	 0.000	      -0.0953543864	  0.9809675456

      E_tot =    -6355.0017627189 Ry

### PS report ########################################

    Orbital       Ghost
    -----------------------------------------------------------------
	400 	    no
	410 	    no
	410 	    no
	420 	    no
	420 	    no


### NL/SL report #####################################


 NL:Orbital    Filling       Eigenvalues[Ry]          Norm       Ghost
    ------------------------------------------------------------------
	400+	 2.000	      -2.9183390776	  0.0953098273	    no
	410-	 2.000	      -1.6676812558	  0.2860832622	    no
	410+	 4.000	      -1.5834630907	  0.3064663140	    no
	420-	 0.800	      -0.0668543271	  0.8174704953	    no
	420+	 1.200	      -0.0647417626	  0.8237882585	    no
	500+	 0.000	      -0.2429649332	  0.9629426794	    no
	510-	 0.000	      -0.0996012670	  0.9815547051	    no
	510+	 0.000	      -0.0963745667	  0.9814395670	    no

	 ========== No ghosts in potential!!========== 

      E_tot =      -60.7597152560 Ry

### KE report ########################################

	 ===   Ecut necessary for ~1    eV convergence error / electron === 
	 --------------------------------------------------------------- 
		 	 Ecut[Ry] 	 error [meV/e] 
	400+ 		   26 	          996.664 
	410- 		   29 	          997.014 
	410+ 		   28 	          990.213 
	420- 		   -----  >2500 Ry   -----
	420+ 		   -----  >2500 Ry   -----
	500+ 		   26 	          996.664 
	510- 		   29 	          997.014 
	510+ 		   28 	          990.213 
	 ===   Ecut necessary for ~100 meV convergence error / electron === 
	 --------------------------------------------------------------- 
		 	 Ecut[Ry] 	 error [meV/e] 
	400+ 		   78 	           99.386 
	410- 		   48 	           99.140 
	410+ 		   46 	           99.515 
	420- 		   -----  >2500 Ry   -----
	420+ 		   -----  >2500 Ry   -----
	500+ 		   78 	           99.386 
	510- 		   48 	           99.140 
	510+ 		   46 	           99.515 

	 ===   Ecut necessary for  ~10 meV convergence error / electron === 
	 --------------------------------------------------------------- 
		 	 Ecut[Ry] 	 error [meV/e] 
	400+ 		   109 	            9.926 
	410- 		   113 	            9.914 
	410+ 		   110 	            9.996 
	420- 		   -----  >2500 Ry   -----
	420+ 		   -----  >2500 Ry   -----
	500+ 		   109 	            9.926 
	510- 		   113 	            9.914 
	510+ 		   110 	            9.996 

	 ===   Ecut necessary for   ~1 meV convergence error / electron === 
	 --------------------------------------------------------------- 
		 	 Ecut[Ry] 	 error [meV/e] 
	400+ 		   186 	            0.994 
	410- 		   145 	            0.984 
	410+ 		   144 	            0.994 
	420- 		   -----  >2500 Ry   -----
	420+ 		   -----  >2500 Ry   -----
	500+ 		   186 	            0.994 
	510- 		   145 	            0.984 
	510+ 		   144 	            0.994 

### TC report ########################################

Comparison of total energies
Config	 E_sl(Ry)	 E_nl(Ry)	 Delta(eV)
0      -60.759715      -60.759715        0.000000
1      -60.936963      -60.936963       -0.000001
2      -60.544436      -60.544435       -0.000007
3      -59.870785      -59.870784       -0.000017
4      -56.678720      -56.678692       -0.000383
5      -52.459222      -52.459135       -0.001183
6      -47.161437      -47.161276       -0.002191
MAD (eV): 0.000540307
