##########################################################
#    Opium Report File                                   #
##########################################################
     Opium version:        4.1

### copy of the parameter file #######################

[Atom]
Sr
11            
100   2.00  -
200   2.00  -
210   6.00  -
300   2.00  -
310   6.00  -
320   10.00  -
400   2.00  -
410   6.00  -
420   2.00  -
500   0.00  -
510   0.00  -

[Pseudo]
5 -1 -1 -1 -1 -1
g

[Gaussinfo]
10 4
2 2 2 4
2  7.43964860 131.27995247
2  3.44712243  19.22246288
2  4.74459790  77.98272285
2  8.23702136  15.52005059
2  3.18372736  29.11326603
2  7.74810233   5.42755091
1  9.27336802  10.00000000
3  9.16347775  92.73368021
2 10.34043764  -4.56742184
2  9.15296863 -95.47540969

[KBdesign]
s

[Relativity]
nrl

[XC]
pbe

[Configs]
6

400  2.00 -
410  6.00 -
420  1.00 -
500  1.00 -
510  0.00 -

400  2.00 -
410  6.00 -
420  1.00 -
500  0.00 -
510  0.00 -

400  2.00 -
410  6.00 -
420  0.00 -
500  0.00 -
510  0.00 -

400  2.00 -
410  5.00 -
420  0.00 -
500  0.00 -
510  0.00 -

400  2.00 -
410  4.00 -
420  0.00 -
500  0.00 -
510  0.00 -

400  2.00 -
410  3.00 -
420  0.00 -
500  0.00 -
510  0.00 -

### AE report ########################################

 AE:Orbital    Filling       Eigenvalues[Ry]          Norm
    ----------------------------------------------------------
	100	 2.000	   -1147.3422331233
	200	 2.000	    -153.0426660578
	210	 6.000	    -139.4213004052
	300	 2.000	     -23.4850852667
	310	 6.000	     -18.4994857208
	320	10.000	      -9.4771448964
	400	 2.000	      -2.7792137814	  0.1054664500
	410	 6.000	      -1.5663053529	  0.3015194696
	420	 2.000	      -0.0639145005	  0.8020918658
	500	 0.000	      -0.2259187250	  0.9650152999
	510	 0.000	      -0.0916624849	  0.9816050457

      E_tot =    -6265.5867878953 Ry

### PS report ########################################

    Orbital       Ghost
    -----------------------------------------------------------------
	100 	    no
	210 	    no
	320 	    no


### NL/SL report #####################################


 NL:Orbital    Filling       Eigenvalues[Ry]          Norm       Ghost
    ------------------------------------------------------------------
	100 	 2.000	      -2.9183929364	  0.0953045913	    no
	210 	 6.000	      -1.6109004943	  0.2996300123	    no
	320 	 2.000	      -0.0655739369	  0.8213225466	    no
	200 	 0.000	      -0.2429735526	  0.9629480156	    no
	310 	 0.000	      -0.0974191231	  0.9815152040	    no

	 ========== No ghosts in potential!!========== 

      E_tot =      -60.7556607615 Ry

### KE report ########################################

	 ===   Ecut necessary for ~1    eV convergence error / electron === 
	 --------------------------------------------------------------- 
		 	 Ecut[Ry] 	 error [meV/e] 
	100  		   26 	          996.697 
	210  		   28 	          999.856 
	320  		   -----  >2500 Ry   -----
	200  		   26 	          996.697 
	310  		   28 	          999.856 
	 ===   Ecut necessary for ~100 meV convergence error / electron === 
	 --------------------------------------------------------------- 
		 	 Ecut[Ry] 	 error [meV/e] 
	100  		   78 	           99.383 
	210  		   47 	           98.826 
	320  		   -----  >2500 Ry   -----
	200  		   78 	           99.383 
	310  		   47 	           98.826 

	 ===   Ecut necessary for  ~10 meV convergence error / electron === 
	 --------------------------------------------------------------- 
		 	 Ecut[Ry] 	 error [meV/e] 
	100  		   109 	            9.923 
	210  		   111 	            9.968 
	320  		   -----  >2500 Ry   -----
	200  		   109 	            9.923 
	310  		   111 	            9.968 

	 ===   Ecut necessary for   ~1 meV convergence error / electron === 
	 --------------------------------------------------------------- 
		 	 Ecut[Ry] 	 error [meV/e] 
	100  		   186 	            0.993 
	210  		   145 	            0.989 
	320  		   -----  >2500 Ry   -----
	200  		   186 	            0.993 
	310  		   145 	            0.989 

### TC report ########################################

Comparison of total energies
Config	 E_sl(Ry)	 E_nl(Ry)	 Delta(eV)
0      -60.755661      -60.755661        0.000000
1      -60.932932      -60.932932       -0.000003
2      -60.540417      -60.540417       -0.000007
3      -59.866846      -59.866842       -0.000056
4      -56.675459      -56.675369       -0.001224
5      -52.456619      -52.456345       -0.003733
6      -47.159484      -47.158983       -0.006818
MAD (eV): 0.00169164
