##########################################################
#    Opium Report File                                   #
##########################################################
     Opium version:        4.1

### copy of the parameter file #######################

[Atom]
Rb
9            
100   2.00  -
200   2.00  -
210   6.00  -
300   2.00  -
310   6.00  -
320  10.00  -
400   2.00  -
410   6.00  -
500   1.00  -

[Pseudo]
3 -1 -1 -1
g

[Gaussinfo]
9 4 2
2 2 2 4  4 4
2 5.46265274 89.50025113
2 2.05698395 0.31983972
2 4.58824427 48.54597863
2 1.03203695 0.79002942
2 3.41395949 26.20671226
2 1.02406094 0.67489428
1 3.50030148 9.00000000
3 4.11287536 31.50271331
2 3.36693698 -10.46321493
2 1.70721830 -2.16767371
2 4.38825113 -39.04031515
2 4.32757729 39.03936921
2 1.35722315 -0.33168519
2 1.23070964 0.43713491
2 3.40970560 -10.48333899
2 3.41897549 10.48213195
2 1.02248420 -0.27941985
2 1.02772413 0.26069700

[KBdesign]
s

[Relativity]
frl

[XC]
pbe

[Configs]
4

400   2.00  -
410   6.00  -
500   1.00  -

400   2.00  -
410   6.00  -
500   0.00  -

400   2.00  -
410   5.00  -
500   2.00  -

400   2.00  -
410   5.00  -
500   1.00  -

### AE report ########################################

 AE:Orbital    Filling       Eigenvalues[Ry]          Norm
    ----------------------------------------------------------
	100+	 2.000	   -1101.8430681863
	200+	 2.000	    -147.2587046714
	210-	 2.000	    -133.5646082550
	210+	 4.000	    -129.1199783091
	300+	 2.000	     -21.8595350609
	310-	 2.000	     -16.9526054843
	310+	 4.000	     -16.2846566022
	320-	 4.000	      -7.7079634897
	320+	 6.000	      -7.5942703593
	400+	 2.000	      -2.3409541973	  0.0278675599
	410-	 2.000	      -1.2162993111	  0.0248896367
	410+	 4.000	      -1.1519780066	  0.0290984485
	500+	 1.000	      -0.1638824382	  0.9445897421

      E_tot =    -5959.0319769401 Ry

### PS report ########################################

    Orbital       Ghost
    -----------------------------------------------------------------
	400 	    no
	410 	    no
	410 	    no


### NL/SL report #####################################


 NL:Orbital    Filling       Eigenvalues[Ry]          Norm       Ghost
    ------------------------------------------------------------------
	400+	 2.000	      -2.4385236658	  0.0255979471	    no
	410-	 2.000	      -1.2212121352	  0.0247448291	    no
	410+	 4.000	      -1.1531113069	  0.0290074135	    no
	500+	 1.000	      -0.1641955654	  0.9463360909	    no

	 ========== No ghosts in potential!!========== 

      E_tot =      -48.2400972438 Ry

### KE report ########################################

	 ===   Ecut necessary for ~1    eV convergence error / electron === 
	 --------------------------------------------------------------- 
		 	 Ecut[Ry] 	 error [meV/e] 
	400+ 		   23 	          992.260 
	410- 		   26 	          996.583 
	410+ 		   25 	          993.450 
	500+ 		   23 	          992.260 
	 ===   Ecut necessary for ~100 meV convergence error / electron === 
	 --------------------------------------------------------------- 
		 	 Ecut[Ry] 	 error [meV/e] 
	400+ 		   71 	           99.599 
	410- 		   43 	           98.713 
	410+ 		   42 	           98.691 
	500+ 		   71 	           99.599 

	 ===   Ecut necessary for  ~10 meV convergence error / electron === 
	 --------------------------------------------------------------- 
		 	 Ecut[Ry] 	 error [meV/e] 
	400+ 		   95 	            9.875 
	410- 		   98 	            9.931 
	410+ 		   101 	            9.934 
	500+ 		   95 	            9.875 

	 ===   Ecut necessary for   ~1 meV convergence error / electron === 
	 --------------------------------------------------------------- 
		 	 Ecut[Ry] 	 error [meV/e] 
	400+ 		   172 	            0.997 
	410- 		   2379 	            0.999 
	410+ 		   2438 	            0.986 
	500+ 		   172 	            0.997 

### TC report ########################################

Comparison of total energies
Config	 E_sl(Ry)	 E_nl(Ry)	 Delta(eV)
0      -48.240097      -48.240097        0.000000
1      -48.240097      -48.240097        0.000000
2      -47.934824      -47.934824        0.000006
3      -47.100750      -47.100828        0.001054
4      -46.682095      -46.682182        0.001191
MAD (eV): 0.000450155
