##########################################################
#    Opium Report File                                   #
##########################################################
     Opium version:        4.1

### copy of the parameter file #######################

[Atom]
Rb
9            
100   2.00  -
200   2.00  -
210   6.00  -
300   2.00  -
310   6.00  -
320  10.00  -
400   2.00  -
410   6.00  -
500   1.00  -

[Pseudo]
3 -1 -1 -1
g

[Gaussinfo]
9 4
2 2 2 4
2 5.46265274 89.50025113
2 2.05698395 0.31983972
2 4.58824427 48.54597863
2 1.03203695 0.79002942
2 3.41395949 26.20671226
2 1.02406094 0.67489428
1 3.50030148 9.00000000
3 4.11287536 31.50271331
2 3.36693698 -10.46321493
2 1.70721830 -2.16767371

[KBdesign]
s

[Relativity]
srl

[XC]
pbe

[Configs]
4

400   2.00  -
410   6.00  -
500   1.00  -

400   2.00  -
410   6.00  -
500   0.00  -

400   2.00  -
410   5.00  -
500   2.00  -

400   2.00  -
410   5.00  -
500   1.00  -

### AE report ########################################

 AE:Orbital    Filling       Eigenvalues[Ry]          Norm
    ----------------------------------------------------------
	400	 2.000	      -2.3409541973	  0.0279175245
	410	 6.000	      -1.1734184414	  0.0276871431
	500	 1.000	      -0.1638824382	  0.9446143075

      E_tot =    -5959.0319769401 Ry

### PS report ########################################

    Orbital       Ghost
    -----------------------------------------------------------------
	100 	    no
	210 	    no


### NL/SL report #####################################


 NL:Orbital    Filling       Eigenvalues[Ry]          Norm       Ghost
    ------------------------------------------------------------------
	100 	 2.000	      -2.4384526600	  0.0255973622	    no
	210 	 6.000	      -1.1752306284	  0.0275303678	    no
	200 	 1.000	      -0.1641770178	  0.9463552007	    no

	 ========== No ghosts in potential!!========== 

      E_tot =      -48.2370756600 Ry

### KE report ########################################

	 ===   Ecut necessary for ~1    eV convergence error / electron === 
	 --------------------------------------------------------------- 
		 	 Ecut[Ry] 	 error [meV/e] 
	100  		   23 	          992.283 
	210  		   25 	          997.890 
	200  		   23 	          992.283 
	 ===   Ecut necessary for ~100 meV convergence error / electron === 
	 --------------------------------------------------------------- 
		 	 Ecut[Ry] 	 error [meV/e] 
	100  		   71 	           99.595 
	210  		   43 	           99.872 
	200  		   71 	           99.595 

	 ===   Ecut necessary for  ~10 meV convergence error / electron === 
	 --------------------------------------------------------------- 
		 	 Ecut[Ry] 	 error [meV/e] 
	100  		   95 	            9.873 
	210  		   100 	            9.991 
	200  		   95 	            9.873 

	 ===   Ecut necessary for   ~1 meV convergence error / electron === 
	 --------------------------------------------------------------- 
		 	 Ecut[Ry] 	 error [meV/e] 
	100  		   172 	            0.996 
	210  		   2430 	            0.996 
	200  		   172 	            0.996 

### TC report ########################################

Comparison of total energies
Config	 E_sl(Ry)	 E_nl(Ry)	 Delta(eV)
0      -48.237076      -48.237076       -0.000000
1      -48.237076      -48.237076       -0.000000
2      -47.931838      -47.931839        0.000006
3      -47.098264      -47.098345        0.001108
4      -46.679628      -46.679720        0.001250
MAD (eV): 0.000472839
