##########################################################
#    Opium Report File                                   #
##########################################################
     Opium version:        4.1

### copy of the parameter file #######################

[Atom]
Fe
8            
100   2.00  -
200   2.00  -
210   6.00  -
300   2.00  -
310   6.00  -
320   6.00  -
400   0.00  -
410   0.00  -

[Pseudo]
5 1.263 1.296 1.109  1.263 1.296
g

[Gaussinfo]
16 3
2 2 4
2 8.98905165864776 13.94289167031180
2 14.96358849054989 189.50111425416264
2 9.98384494839583 25.80361211977274
2 14.97979158525944 95.80126278893870
1 12.00079439647609 16.0
3 9.99686836745368 192.012710343617440
2 9.40295115102396 -110.30045318214438
2 5.99907066694992 2.59183990503627

[KBdesign]
s

[Relativity]
nrl

[XC]
pbe

[Configs]
12

300  2.00 -
310  6.00 -
320  6.00 -
400  2.00 -
410  0.00 -

300  2.00 -
310  6.00 -
320  7.00 -
400  1.00 -
410  0.00 -

300  2.00 -
310  6.00 -
320  8.00 -
400  0.00 -
410  0.00 -

300  2.00 -
310  6.00 -
320  6.00 -
400  1.00 -
410  0.00 -

300  2.00 -
310  6.00 -
320  7.00 -
400  0.00 -
410  0.00 -

300  2.00 -
310  6.00 -
320  6.00 -
400  0.00 -
410  0.00 -

300  2.00 -
310  6.00 -
320  5.00 -
400  0.00 -
410  0.00 -

300  2.00 -
310  6.00 -
320  4.00 -
400  0.00 -
410  0.00 -

300  2.00 -
310  6.00 -
320  3.00 -
400  0.00 -
410  0.00 -

300  2.00 -
310  6.00 -
320  2.00 -
400  0.00 -
410  0.00 -

300  2.00 -
310  6.00 -
320  1.00 -
400  0.00 -
410  0.00 -

300  2.00 -
310  6.00 -
320  0.00 -
400  0.00 -
410  0.00 -


### AE report ########################################

 AE:Orbital    Filling       Eigenvalues[Ry]          Norm
    ----------------------------------------------------------
	100	 2.000	    -510.9420244998
	200	 2.000	     -60.5897941480
	210	 6.000	     -52.4709491948
	300	 2.000	      -8.1063222459	  0.0925691262
	310	 6.000	      -5.7323490094	  0.1187048789
	320	 6.000	      -1.9026085324	  0.3943170325
	400	 0.000	      -1.4659033988	  0.9495586223
	410	 0.000	      -1.0457341137	  0.9623765656

      E_tot =    -2524.7842428141 Ry

### PS report ########################################

    Orbital       Ghost
    -----------------------------------------------------------------
	100 	    no
	210 	    no
	320 	    no


### NL/SL report #####################################


 NL:Orbital    Filling       Eigenvalues[Ry]          Norm       Ghost
    ------------------------------------------------------------------
	100 	 2.000	      -8.2450008370	  0.0873858090	    no
	210 	 6.000	      -5.7138026565	  0.1179385635	    no
	320 	 6.000	      -1.9043739175	  0.3886976885	    no
	200 	 0.000	      -1.4787084556	  0.9488540829	    no
	310 	 0.000	      -1.0450612394	  0.9622415469	    no

	 ========== No ghosts in potential!!========== 

      E_tot =     -245.1928646158 Ry

### KE report ########################################

	 ===   Ecut necessary for ~1    eV convergence error / electron === 
	 --------------------------------------------------------------- 
		 	 Ecut[Ry] 	 error [meV/e] 
	100  		   88 	          972.331 
	210  		   102 	          986.124 
	320  		   232 	          983.056 
	200  		   88 	          972.331 
	310  		   102 	          986.124 
	 ===   Ecut necessary for ~100 meV convergence error / electron === 
	 --------------------------------------------------------------- 
		 	 Ecut[Ry] 	 error [meV/e] 
	100  		   238 	           97.778 
	210  		   184 	           97.662 
	320  		   358 	           98.351 
	200  		   238 	           97.778 
	310  		   184 	           97.662 

	 ===   Ecut necessary for  ~10 meV convergence error / electron === 
	 --------------------------------------------------------------- 
		 	 Ecut[Ry] 	 error [meV/e] 
	100  		   333 	            9.858 
	210  		   246 	            9.732 
	320  		   500 	            9.772 
	200  		   333 	            9.858 
	310  		   246 	            9.732 

	 ===   Ecut necessary for   ~1 meV convergence error / electron === 
	 --------------------------------------------------------------- 
		 	 Ecut[Ry] 	 error [meV/e] 
	100  		   405 	            0.988 
	210  		   306 	            0.999 
	320  		   676 	            0.978 
	200  		   405 	            0.988 
	310  		   306 	            0.999 

### TC report ########################################

Comparison of total energies
Config	 E_sl(Ry)	 E_nl(Ry)	 Delta(eV)
0     -245.192865     -245.192865       -0.000000
1     -247.016414     -247.016413       -0.000009
2     -247.085984     -247.085925       -0.000808
3     -246.996380     -246.996214       -0.002260
4     -246.378624     -246.378624        0.000012
5     -246.545875     -246.545791       -0.001152
6     -245.192865     -245.192865       -0.000000
7     -242.656617     -242.656427       -0.002581
8     -238.719281     -238.718364       -0.012483
9     -233.198860     -233.196640       -0.030201
10     -225.935738     -225.932021       -0.050565
11     -216.786104     -216.781636       -0.060793
12     -205.619281     -205.616319       -0.040303
MAD (eV): 0.0154746
