##########################################################
#    Opium Report File                                   #
##########################################################
     Opium version:        4.1

### copy of the parameter file #######################

[Atom]
Ba
14            
100   2.00  -
200   2.00  -
210   6.00  -
300   2.00  -
310   6.00  -
320   10.00  -
400   2.00  -
410   6.00  -
420   10.00  -
500   2.00  -
510   6.00  -
520   1.00  -
600   1.00  -
610   0.00  -

[Pseudo]
5 -1 -1 -1 -1 -1
g

[Gaussinfo]
10 5 3
2 2 2 2 4  4 4 4
2 4.04618286  84.78594257
2 2.25811153  17.37571679
2 6.36182741  157.53233841
2 2.00293604  25.77769262
2 1.86384854  12.46770844
2 0.84867056  3.41527613
2 6.20000000  -46.10000000
2 1.62000000  -5.32000000
1 9.99999090  10.00000000
3 9.99849086  99.99909046
2 9.99745918  120.99996151
2 2.26346751  -7.57994263
2  8.04911747  -104.97783806
2  5.81501372  105.05322807
2  1.69965052  -17.45000423
2  1.68483576  17.20565036
2  1.02129256  -4.86439227
2  0.97256527  5.60603246
2  0.52317883  -1.09339192
2  0.30514139  0.33421213
2  4.48893322  15.33548200
2  8.13413600  -11.05910700
2  3.33917591  3.56297200
2  0.81104035  -1.37285439

[KBdesign]
s

[Relativity]
frl

[XC]
pbe

[Configs]
7

500  2.00 -
510  6.00 -
520  0.00 -
600  2.00 -
610  0.00 -

500  2.00 -
510  6.00 -
520  1.00 -
600  1.00 -
610  0.00 -

500  2.00 -
510  6.00 -
520  1.00 -
600  0.00 -
610  0.00 -

500  2.00 -
510  6.00 -
520  0.00 -
600  0.00 -
610  0.00 -

500  2.00 -
510  5.00 -
520  0.00 -
600  0.00 -
610  0.00 -

500  2.00 -
510  4.00 -
520  0.00 -
600  0.00 -
610  0.00 -

500  2.00 -
510  3.00 -
520  0.00 -
600  0.00 -
610  0.00 -

### AE report ########################################

 AE:Orbital    Filling       Eigenvalues[Ry]          Norm
    ----------------------------------------------------------
	100+	 2.000	   -2726.4132926702
	200+	 2.000	    -431.0379809777
	210-	 2.000	    -405.9562881308
	210+	 4.000	    -378.1196951730
	300+	 2.000	     -90.9641988993
	310-	 2.000	     -80.4545128662
	310+	 4.000	     -75.0692381204
	320-	 4.000	     -56.6973801542
	320+	 6.000	     -55.5460499938
	400+	 2.000	     -17.7771925682
	410-	 2.000	     -13.9571041277
	410+	 4.000	     -12.8341034671
	420-	 4.000	      -6.6053543601
	420+	 6.000	      -6.4138128836
	500+	 2.000	      -2.3756284738	  0.0804617969
	510-	 2.000	      -1.3938617263	  0.1114648905
	510+	 4.000	      -1.2450063795	  0.1406090461
	520-	 0.400	      -0.1044534862	  0.4108640526
	520+	 0.600	      -0.0968911122	  0.4349003873
	600+	 1.000	      -0.2044804944	  0.9545849405
	610-	 0.000	      -0.0794378157	  0.9744268668
	610+	 0.000	      -0.0715763741	  0.9750851302

      E_tot =   -16262.2837816615 Ry

### PS report ########################################

    Orbital       Ghost
    -----------------------------------------------------------------
	500 	    no
	510 	    no
	510 	    no
	520 	    no
	520 	    no


### NL/SL report #####################################


 NL:Orbital    Filling       Eigenvalues[Ry]          Norm       Ghost
    ------------------------------------------------------------------
	500+	 2.000	      -2.3994298592	  0.0782644132	    no
	510-	 2.000	      -1.4022162807	  0.1073053135	    no
	510+	 4.000	      -1.2542445665	  0.1374655316	    no
	520-	 0.400	      -0.1000929176	  0.4321916237	    no
	520+	 0.600	      -0.0932420041	  0.4323748278	    no
	600+	 1.000	      -0.2059781399	  0.9552290089	    no
	610-	 0.000	      -0.0820622347	  0.9733864843	    no
	610+	 0.000	      -0.0732413431	  0.9748190775	    no

	 ========== No ghosts in potential!!========== 

      E_tot =      -50.9837344486 Ry

### KE report ########################################

	 ===   Ecut necessary for ~1    eV convergence error / electron === 
	 --------------------------------------------------------------- 
		 	 Ecut[Ry] 	 error [meV/e] 
	500+ 		   17 	          999.512 
	510- 		   20 	          999.450 
	510+ 		   19 	          993.457 
	520- 		   -----  >2500 Ry   -----
	520+ 		   -----  >2500 Ry   -----
	600+ 		   17 	          999.512 
	610- 		   20 	          999.450 
	610+ 		   19 	          993.457 
	 ===   Ecut necessary for ~100 meV convergence error / electron === 
	 --------------------------------------------------------------- 
		 	 Ecut[Ry] 	 error [meV/e] 
	500+ 		   54 	           98.829 
	510- 		   36 	           98.786 
	510+ 		   32 	           99.209 
	520- 		   -----  >2500 Ry   -----
	520+ 		   -----  >2500 Ry   -----
	600+ 		   54 	           98.829 
	610- 		   36 	           98.786 
	610+ 		   32 	           99.209 

	 ===   Ecut necessary for  ~10 meV convergence error / electron === 
	 --------------------------------------------------------------- 
		 	 Ecut[Ry] 	 error [meV/e] 
	500+ 		   72 	            9.957 
	510- 		   114 	            9.979 
	510+ 		   97 	            9.989 
	520- 		   -----  >2500 Ry   -----
	520+ 		   -----  >2500 Ry   -----
	600+ 		   72 	            9.957 
	610- 		   114 	            9.979 
	610+ 		   97 	            9.989 

	 ===   Ecut necessary for   ~1 meV convergence error / electron === 
	 --------------------------------------------------------------- 
		 	 Ecut[Ry] 	 error [meV/e] 
	500+ 		   133 	            0.993 
	510- 		   2172 	            0.998 
	510+ 		   2438 	            0.990 
	520- 		   -----  >2500 Ry   -----
	520+ 		   -----  >2500 Ry   -----
	600+ 		   133 	            0.993 
	610- 		   2172 	            0.998 
	610+ 		   2438 	            0.990 

### TC report ########################################

Comparison of total energies
Config	 E_sl(Ry)	 E_nl(Ry)	 Delta(eV)
0      -50.983734      -50.983734        0.000000
1      -51.086087      -51.086089        0.000020
2      -50.983734      -50.983734        0.000000
3      -50.637037      -50.637042        0.000068
4      -49.958967      -49.958973        0.000076
5      -47.264870      -47.264949        0.001070
6      -43.717967      -43.718182        0.002936
7      -39.278643      -39.279010        0.004986
MAD (eV): 0.00114457
