##########################################################
#    Opium Report File                                   #
##########################################################
     Opium version:        4.1

### copy of the parameter file #######################

[Atom]
Ba
14            
100   2.00  -
200   2.00  -
210   6.00  -
300   2.00  -
310   6.00  -
320   10.00  -
400   2.00  -
410   6.00  -
420   10.00  -
500   2.00  -
510   6.00  -
520   1.00  -
600   1.00  -
610   0.00  -

[Pseudo]
5 -1 -1 -1 -1 -1
g

[Gaussinfo]
10 5
2 2 2 2 4
2 4.046183  84.785943
2 2.258112  17.375717
2 6.361827 157.532338
2 2.002936  25.777693
2 1.863849  12.467708
2 0.848671   3.415276
2 6.200000 -46.100000
2 1.620000  -5.320000
1 9.999991  10.000000
3 9.998491  99.999090
2 9.997459 120.999962
2 2.263468  -7.579943

[KBdesign]
s

[Relativity]
nrl

[XC]
pbe

[Configs]
7

500  2.00 -
510  6.00 -
520  0.00 -
600  2.00 -
610  0.00 -

500  2.00 -
510  6.00 -
520  1.00 -
600  1.00 -
610  0.00 -

500  2.00 -
510  6.00 -
520  1.00 -
600  0.00 -
610  0.00 -

500  2.00 -
510  6.00 -
520  0.00 -
600  0.00 -
610  0.00 -

500  2.00 -
510  5.00 -
520  0.00 -
600  0.00 -
610  0.00 -

500  2.00 -
510  4.00 -
520  0.00 -
600  0.00 -
610  0.00 -

500  2.00 -
510  3.00 -
520  0.00 -
600  0.00 -
610  0.00 -

### AE report ########################################

 AE:Orbital    Filling       Eigenvalues[Ry]          Norm
    ----------------------------------------------------------
	100	 2.000	   -2613.9633198880
	200	 2.000	    -401.8727472668
	210	 6.000	    -379.1881589707
	300	 2.000	     -84.6781169467
	310	 6.000	     -74.9761077734
	320	10.000	     -56.9196827371
	400	 2.000	     -16.4365204500
	410	 6.000	     -12.8946667379
	420	10.000	      -6.7371158273
	500	 2.000	      -2.1853954462	  0.1021294007
	510	 6.000	      -1.2787032844	  0.1366218330
	520	 1.000	      -0.1193633835	  0.3735456443
	600	 1.000	      -0.1876427194	  0.9594452270
	610	 0.000	      -0.0736581626	  0.9754640711

      E_tot =   -15771.4091106945 Ry

### PS report ########################################

    Orbital       Ghost
    -----------------------------------------------------------------
	100 	    no
	210 	    no
	320 	    no


### NL/SL report #####################################


 NL:Orbital    Filling       Eigenvalues[Ry]          Norm       Ghost
    ------------------------------------------------------------------
	100 	 2.000	      -2.4036604210	  0.0779830342	    no
	210 	 6.000	      -1.2977225617	  0.1278788038	    no
	320 	 1.000	      -0.0961869800	  0.4304963993	    no
	200 	 1.000	      -0.2058724453	  0.9551860406	    no
	310 	 0.000	      -0.0755088484	  0.9745782437	    no

	 ========== No ghosts in potential!!========== 

      E_tot =      -50.9297594312 Ry

### KE report ########################################

	 ===   Ecut necessary for ~1    eV convergence error / electron === 
	 --------------------------------------------------------------- 
		 	 Ecut[Ry] 	 error [meV/e] 
	100  		   17 	          986.464 
	210  		   19 	          997.276 
	320  		   -----  >2500 Ry   -----
	200  		   17 	          986.464 
	310  		   19 	          997.276 
	 ===   Ecut necessary for ~100 meV convergence error / electron === 
	 --------------------------------------------------------------- 
		 	 Ecut[Ry] 	 error [meV/e] 
	100  		   54 	           98.662 
	210  		   33 	           99.056 
	320  		   -----  >2500 Ry   -----
	200  		   54 	           98.662 
	310  		   33 	           99.056 

	 ===   Ecut necessary for  ~10 meV convergence error / electron === 
	 --------------------------------------------------------------- 
		 	 Ecut[Ry] 	 error [meV/e] 
	100  		   72 	            9.847 
	210  		   99 	            9.997 
	320  		   -----  >2500 Ry   -----
	200  		   72 	            9.847 
	310  		   99 	            9.997 

	 ===   Ecut necessary for   ~1 meV convergence error / electron === 
	 --------------------------------------------------------------- 
		 	 Ecut[Ry] 	 error [meV/e] 
	100  		   133 	            0.988 
	210  		   2407 	            1.000 
	320  		   -----  >2500 Ry   -----
	200  		   133 	            0.988 
	310  		   2407 	            1.000 

### TC report ########################################

Comparison of total energies
Config	 E_sl(Ry)	 E_nl(Ry)	 Delta(eV)
0      -50.929759      -50.929759        0.000001
1      -51.031697      -51.031699        0.000026
2      -50.929759      -50.929759        0.000001
3      -50.583028      -50.583033        0.000068
4      -49.903866      -49.903874        0.000099
5      -47.215266      -47.215391        0.001695
6      -43.675055      -43.675418        0.004934
7      -39.243831      -39.244475        0.008766
MAD (eV): 0.00194846
