##########################################################
#    Opium Report File                                   #
##########################################################
     Opium version:        4.1

### copy of the parameter file #######################

[Atom]
Se
11
100   2.00 -
200   2.00 -
210   6.00 -
300   2.00 -
310   6.00 -
320  10.00 -
400   2.00 -
410   3.50 -
420   0.50 -
500   0.00 -
510   0.00 -

[Pseudo]
5 -1 -1 -1 -1 -1
g

[Gaussinfo]
6 4
2 2 2 4
2 4.17536331935161 71.37928031464314
2 2.14491059745542 0.42619859321245
2 4.28772186507645 50.94828961394475
2 2.09538253707367 5.54288117697892
2 1.39403720595047 6.20469719059516
2 1.69659923150419 0.53395702862692
1 2.97705189898323 6.0
3 7.01667360591764 17.862311393899380
2 3.96066255032528 -20.00913150638712
2 5.02826321004214 10.00573531473560

[KBdesign]
s

[Relativity]
nrl

[XC]
pbe

[Configs]
15

400   2.00 -
410   3.50 -
420   0.50 -
500   0.00 -
510   0.00 -

400   2.00 -
410   3.00 -
420   1.00 -
500   0.00 -
510   0.00 -

400   2.00 -
410   3.00 -
420   0.00 -
500   1.00 -
510   0.00 -

400   1.00 -
410   4.50 -
420   0.50 -
500   0.00 -
510   0.00 -

400   2.00 -
410   3.00 -
420   0.00 -
500   0.00 -
510   0.00 -

400   2.00 -
410   2.00 -
420   1.00 -
500   0.00 -
510   0.00 -

400   2.00 -
410   2.00 -
420   0.00 -
500   1.00 -
510   0.00 -

400   2.00 -
410   2.00 -
420   0.00 -
500   0.00 -
510   0.00 -

400   2.00 -
410   1.00 -
420   1.00 -
500   0.00 -
510   0.00 -

400   2.00 -
410   1.00 -
420   0.00 -
500   0.00 -
510   0.00 -

400   2.00 -
410   0.00 -
420   1.00 -
500   0.00 -
510   0.00 -

400   2.00 -
410   0.00 -
420   0.00 -
500   1.00 -
510   0.00 -

400   2.00 -
410   1.00 -
420   0.00 -
500   0.00 -
510   0.00 -

400   1.00 -
410   1.00 -
420   0.00 -
500   0.00 -
510   0.00 -

400   1.00 -
410   0.00 -
420   0.00 -
500   0.00 -
510   0.00 -


### AE report ########################################

 AE:Orbital    Filling       Eigenvalues[Ry]          Norm
    ----------------------------------------------------------
	100	 2.000	    -904.4058422414
	200	 2.000	    -115.0754009788
	210	 6.000	    -103.3607350990
	300	 2.000	     -15.4339258705
	310	 6.000	     -11.4061441829
	320	10.000	      -4.2825785604
	400	 2.000	      -1.4775927379	  0.2354095307
	410	 3.500	      -0.7074885252	  0.3195888979
	420	 0.500	      -0.0318738216	  0.9883917586
	500	 0.000	      -0.1331635544	  0.9686496347
	510	 0.000	      -0.0638852209	  0.9867818155

      E_tot =    -4802.0204269354 Ry

### PS report ########################################

    Orbital       Ghost
    -----------------------------------------------------------------
	100 	    no
	210 	    no
	320 	    no


### NL/SL report #####################################


 NL:Orbital    Filling       Eigenvalues[Ry]          Norm       Ghost
    ------------------------------------------------------------------
	100 	 2.000	      -1.5154211541	  0.2265945657	    no
	210 	 3.500	      -0.7133069120	  0.3166415233	    no
	320 	 0.500	      -0.0319537725	  0.9897224186	    no
	200 	 0.000	      -0.1345985672	  0.9695461560	    no
	310 	 0.000	      -0.0641404136	  0.9870524512	    no

	 ========== No ghosts in potential!!========== 

      E_tot =      -18.2753503579 Ry

### KE report ########################################

	 ===   Ecut necessary for ~1    eV convergence error / electron === 
	 --------------------------------------------------------------- 
		 	 Ecut[Ry] 	 error [meV/e] 
	100  		   15 	          994.443 
	210  		   17 	          994.530 
	320  		   -----  >2500 Ry   -----
	200  		   15 	          994.443 
	310  		   17 	          994.530 
	 ===   Ecut necessary for ~100 meV convergence error / electron === 
	 --------------------------------------------------------------- 
		 	 Ecut[Ry] 	 error [meV/e] 
	100  		   48 	           99.459 
	210  		   2425 	           98.646 
	320  		   -----  >2500 Ry   -----
	200  		   48 	           99.459 
	310  		   2425 	           98.646 

	 ===   Ecut necessary for  ~10 meV convergence error / electron === 
	 --------------------------------------------------------------- 
		 	 Ecut[Ry] 	 error [meV/e] 
	100  		   72 	            9.933 
	210  		   2495 	            8.146 
	320  		   -----  >2500 Ry   -----
	200  		   72 	            9.933 
	310  		   2495 	            8.146 

	 ===   Ecut necessary for   ~1 meV convergence error / electron === 
	 --------------------------------------------------------------- 
		 	 Ecut[Ry] 	 error [meV/e] 
	100  		   138 	            0.997 
	210  		   -----  >2500 Ry   -----
	320  		   -----  >2500 Ry   -----
	200  		   138 	            0.997 
	310  		   -----  >2500 Ry   -----

### TC report ########################################

Comparison of total energies
Config	 E_sl(Ry)	 E_nl(Ry)	 Delta(eV)
0      -18.275350      -18.275350       -0.000000
1      -18.275350      -18.275350       -0.000000
2      -17.904072      -17.904073        0.000009
3      -18.033674      -18.033674        0.000003
4      -17.467097      -17.467096       -0.000007
5      -17.766303      -17.766304        0.000005
6      -16.831361      -16.831383        0.000293
7      -16.940774      -16.940775        0.000017
8      -16.262406      -16.262407        0.000019
9      -15.140787      -15.140877        0.001228
10      -13.985687      -13.985687        0.000001
11      -12.708012      -12.708208        0.002673
12      -12.597592      -12.597592       -0.000000
13      -13.985687      -13.985687        0.000001
14       -9.900262       -9.900249       -0.000173
15       -5.890425       -5.890425       -0.000000
MAD (eV): 0.000276878
