##########################################################
#    Opium Report File                                   #
##########################################################
     Opium version:        4.1

### copy of the parameter file #######################

[Atom]
Zr
10            
100   2.00 -
200   2.00 -
210   6.00 -
300   2.00 -
310   6.00 -
320  10.00 -
400   2.00 -
410   6.00 -
420   2.00 -
500   2.00 -

[Pseudo]
4 1.176092 1.288137 1.877981 1.8
g

[Gaussinfo]
12 4 2
2 2 2 4  4 4
2  8.76509116700506   150.26231364732385
2  3.92832199983719   30.21371302162681
2  7.41790671408941   99.30190953603842
2  3.76873307676204   25.35602553401884
2  2.25055569071831   5.62570696446559
2  5.35535567613690   46.91683292558112
1  23.99901156399985   12.0
3  25.97176391420234   287.988138767998200
2  4.92661418289814   -5.98717813175362
2  4.80138762543713   -7.92258037931769
2 7.66061558928733e+00 -5.85192845537456e+01
2 7.44044176053452e+00 5.84923853347094e+01
2 3.30853742160867e+00 -7.55018473266430e+00
2 3.14706332032877e+00 7.73890502866471e+00
2 5.48171704165587e+00 -1.17083974971825e+01
2 6.09047219090906e+00 1.18677061071440e+01
2 2.36190172138224e+00 -2.48677115509759e+00
2 1.76489567125484e+00 1.56672911070181e+00

[KBdesign]
s

[Relativity]
frl

[XC]
pbe

[Configs]
9
400   2.00 -
410   6.00 -
420   3.00 -
500   1.00 -

400   2.00 -
410   6.00 -
420   2.00 -
500   1.00 -

400   2.00 -
410   6.00 -
420   3.00 -
500   0.00 -

400   2.00 -
410   6.00 -
420   2.00 -
500   0.00 -

400   2.00 -
410   6.00 -
420   1.00 -
500   0.00 -

400   2.00 -
410   6.00 -
420   0.00 -
500   0.00 -

400   2.00 -
410   6.00 -
420   0.00 -
500   0.00 -

400   2.00 -
410   5.00 -
420   0.00 -
500   0.00 -

400   2.00 -
410   4.00 -
420   0.00 -
500   0.00 -

### AE report ########################################

 AE:Orbital    Filling       Eigenvalues[Ry]          Norm
    ----------------------------------------------------------
	100+	 2.000	   -1306.0981433544
	200+	 2.000	    -181.0646179311
	210-	 2.000	    -165.7465493031
	210+	 4.000	    -159.4712551558
	300+	 2.000	     -29.6860363770
	310-	 2.000	     -23.9832502734
	310+	 4.000	     -22.9836964205
	320-	 4.000	     -12.9423934739
	320+	 6.000	     -12.7593093439
	400+	 2.000	      -3.9989307936	  0.5122363712
	410-	 2.000	      -2.4711121842	  0.5145253872
	410+	 4.000	      -2.3413361717	  0.5402920295
	420-	 0.800	      -0.2711913936	  0.5734557130
	420+	 1.200	      -0.2617151049	  0.5828577140
	500+	 2.000	      -0.3257958601	  0.9542357155

      E_tot =    -7192.8418252112 Ry

### PS report ########################################

    Orbital       Ghost
    -----------------------------------------------------------------
	400 	    no
	410 	    no
	410 	    no
	420 	    no
	420 	    no


### NL/SL report #####################################


 NL:Orbital    Filling       Eigenvalues[Ry]          Norm       Ghost
    ------------------------------------------------------------------
	400+	 2.000	      -4.0079605172	  0.5105138204	    no
	410-	 2.000	      -2.5072157736	  0.5121030852	    no
	410+	 4.000	      -2.3559286971	  0.5414371094	    no
	420-	 0.800	      -0.2579983081	  0.5919588088	    no
	420+	 1.200	      -0.2622476579	  0.5801043223	    no
	500+	 2.000	      -0.3275349417	  0.9539272733	    no

	 ========== No ghosts in potential!!========== 

      E_tot =      -93.5427463574 Ry

### KE report ########################################

	 ===   Ecut necessary for ~1    eV convergence error / electron === 
	 --------------------------------------------------------------- 
		 	 Ecut[Ry] 	 error [meV/e] 
	400+ 		   34 	          990.746 
	410- 		   43 	          996.885 
	410+ 		   41 	          994.777 
	420- 		   2479 	          980.416 
	420+ 		   2477 	          980.309 
	500+ 		   34 	          990.746 
	 ===   Ecut necessary for ~100 meV convergence error / electron === 
	 --------------------------------------------------------------- 
		 	 Ecut[Ry] 	 error [meV/e] 
	400+ 		   107 	           99.669 
	410- 		   67 	           98.422 
	410+ 		   64 	           98.739 
	420- 		   2494 	           95.464 
	420+ 		   2494 	           88.285 
	500+ 		   107 	           99.669 

	 ===   Ecut necessary for  ~10 meV convergence error / electron === 
	 --------------------------------------------------------------- 
		 	 Ecut[Ry] 	 error [meV/e] 
	400+ 		   145 	            9.939 
	410- 		   133 	            9.978 
	410+ 		   129 	            9.994 
	420- 		   2499 	            3.755 
	420+ 		   2499 	            3.460 
	500+ 		   145 	            9.939 

	 ===   Ecut necessary for   ~1 meV convergence error / electron === 
	 --------------------------------------------------------------- 
		 	 Ecut[Ry] 	 error [meV/e] 
	400+ 		   219 	            0.998 
	410- 		   191 	            0.997 
	410+ 		   185 	            0.991 
	420- 		   -----  >2500 Ry   -----
	420+ 		   -----  >2500 Ry   -----
	500+ 		   219 	            0.998 

### TC report ########################################

Comparison of total energies
Config	 E_sl(Ry)	 E_nl(Ry)	 Delta(eV)
0      -93.542746      -93.542746       -0.000000
1      -93.450347      -93.450406        0.000812
2      -93.016712      -93.016716        0.000053
3      -92.982976      -92.983024        0.000658
4      -92.063913      -92.063948        0.000472
5      -90.408041      -90.408336        0.004002
6      -87.903894      -87.903879       -0.000202
7      -87.903894      -87.903879       -0.000202
8      -81.939666      -81.939589       -0.001055
9      -74.745591      -74.745411       -0.002450
MAD (eV): 0.000990823
