##########################################################
#    Opium Report File                                   #
##########################################################
     Opium version:        4.1

### copy of the parameter file #######################

[Atom]
Zr
10            
100   2.00 -
200   2.00 -
210   6.00 -
300   2.00 -
310   6.00 -
320  10.00 -
400   2.00 -
410   6.00 -
420   2.00 -
500   2.00 -

[Pseudo]
4 1.176092 1.288137 1.877981 1.8
g

[Gaussinfo]
12 4
2 2 2 4
2  8.76509116700506   150.26231364732385
2  3.92832199983719   30.21371302162681
2  7.41790671408941   99.30190953603842
2  3.76873307676204   25.35602553401884
2  2.25055569071831   5.62570696446559
2  5.35535567613690   46.91683292558112
1  23.99901156399985   12.0
3  25.97176391420234   287.988138767998200
2  4.92661418289814   -5.98717813175362
2  4.80138762543713   -7.92258037931769

[KBdesign]
s

[Relativity]
nrl

[XC]
pbe

[Configs]
9
400   2.00 -
410   6.00 -
420   3.00 -
500   1.00 -

400   2.00 -
410   6.00 -
420   2.00 -
500   1.00 -

400   2.00 -
410   6.00 -
420   3.00 -
500   0.00 -

400   2.00 -
410   6.00 -
420   2.00 -
500   0.00 -

400   2.00 -
410   6.00 -
420   1.00 -
500   0.00 -

400   2.00 -
410   6.00 -
420   0.00 -
500   0.00 -

400   2.00 -
410   6.00 -
420   0.00 -
500   0.00 -

400   2.00 -
410   5.00 -
420   0.00 -
500   0.00 -

400   2.00 -
410   4.00 -
420   0.00 -
500   0.00 -
############################################################

### AE report ########################################

 AE:Orbital    Filling       Eigenvalues[Ry]          Norm
    ----------------------------------------------------------
	100	 2.000	   -1280.4002954836
	200	 2.000	    -174.6765145066
	210	 6.000	    -160.0854108989
	300	 2.000	     -28.5383261999
	310	 6.000	     -23.0579882177
	320	10.000	     -13.0722831430
	400	 2.000	      -3.8383564617	  0.5388735895
	410	 6.000	      -2.3698240395	  0.5394316556
	420	 2.000	      -0.2912632941	  0.5614485899
	500	 2.000	      -0.3141363181	  0.9564204549

      E_tot =    -7080.9182919073 Ry

### PS report ########################################

    Orbital       Ghost
    -----------------------------------------------------------------
	100 	    no
	210 	    no
	320 	    no


### NL/SL report #####################################


 NL:Orbital    Filling       Eigenvalues[Ry]          Norm       Ghost
    ------------------------------------------------------------------
	100 	 2.000	      -4.0091185714	  0.5104532209	    no
	210 	 6.000	      -2.4055720357	  0.5317247236	    no
	320 	 2.000	      -0.2600061118	  0.5856632909	    no
	200 	 2.000	      -0.3277011914	  0.9539091243	    no

	 ========== No ghosts in potential!!========== 

      E_tot =      -93.5299888837 Ry

### KE report ########################################

	 ===   Ecut necessary for ~1    eV convergence error / electron === 
	 --------------------------------------------------------------- 
		 	 Ecut[Ry] 	 error [meV/e] 
	100  		   34 	          991.009 
	210  		   42 	          994.404 
	320  		   2478 	          985.376 
	200  		   34 	          991.009 
	 ===   Ecut necessary for ~100 meV convergence error / electron === 
	 --------------------------------------------------------------- 
		 	 Ecut[Ry] 	 error [meV/e] 
	100  		   107 	           99.662 
	210  		   65 	           99.631 
	320  		   2494 	           91.910 
	200  		   107 	           99.662 

	 ===   Ecut necessary for  ~10 meV convergence error / electron === 
	 --------------------------------------------------------------- 
		 	 Ecut[Ry] 	 error [meV/e] 
	100  		   145 	            9.930 
	210  		   131 	            9.962 
	320  		   2499 	            3.609 
	200  		   145 	            9.930 

	 ===   Ecut necessary for   ~1 meV convergence error / electron === 
	 --------------------------------------------------------------- 
		 	 Ecut[Ry] 	 error [meV/e] 
	100  		   219 	            0.997 
	210  		   187 	            0.988 
	320  		   -----  >2500 Ry   -----
	200  		   219 	            0.997 

### TC report ########################################

Comparison of total energies
Config	 E_sl(Ry)	 E_nl(Ry)	 Delta(eV)
0      -93.529989      -93.529989       -0.000000
1      -93.437003      -93.437061        0.000784
2      -93.003775      -93.003779        0.000051
3      -92.969337      -92.969385        0.000665
4      -92.050776      -92.050810        0.000452
5      -90.395890      -90.396188        0.004065
6      -87.893279      -87.893390        0.001508
7      -87.893279      -87.893390        0.001508
8      -81.930689      -81.931220        0.007231
9      -74.738289      -74.739482        0.016228
MAD (eV): 0.00324916
