##########################################################
#    Opium Report File                                   #
##########################################################
     Opium version:        4.1

### copy of the parameter file #######################

[Atom]
Ce
14            
100   2.00  -
200   2.00  -
210   6.00  -
300   2.00  -
310   6.00  -
320  10.00  -
400   2.00  -
410   6.00  -
420  10.00  -
500   2.00  -
510   6.00  -
520   1.00  -
600   2.00  -
430   1.00  -

[Pseudo]
5 -1 -1 -1 -1 -1
g

[Gaussinfo]
12 5 3
2 2 2 2 4  2 2 2
2 4.00255000 119.42279100
2 2.09122700 -2.01148000
2 3.16455780 76.60689560
2 1.66488840 -0.43133450
2 2.47367000 68.86468440
2 2.27565100 -3.74701880
2 5.52474000 -23.33505700
2 3.71638600 -17.34056600
1 4.59950000 12.00000000
3 4.59950000 55.19400000
2 4.60050000 -54.14950000
2 1.05050000 -0.09950000
4 2.17466246 1.09698828 
4 2.10121490 1.87487965 
4 4.45594966 0.39014647 
4 2.52886949 1.31540250 
4 4.94540631 0.11230323 
4 3.24784900 -0.01223331

[KBdesign]
s

[Relativity]
frl

[XC]
pbe

[Configs]
7

500   2.00  -
510   6.00  -
520   1.00  -
600   2.00  -
430   1.00  -

500   2.00  -
510   6.00  -
520   2.00  -
600   1.00  -
430   1.00  -

500   2.00  -
510   6.00  -
520   2.00  -
600   0.00  -
430   1.00  -

500   2.00  -
510   6.00  -
520   0.00  -
600   0.00  -
430   2.00  -

500   2.00  -
510   6.00  -
520   1.00  -
600   2.00  -
430   1.00  -

500   2.00  -
510   6.00  -
520   1.00  -
600   2.00  -
430   0.00  -

500   2.00  -
510   6.00  -
520   1.00  -
600   1.00  -
430   1.00  -


### AE report ########################################

 AE:Orbital    Filling       Eigenvalues[Ry]          Norm
    ----------------------------------------------------------
	100+	 2.000	   -2946.3142557019
	200+	 2.000	    -471.9342685073
	210-	 2.000	    -445.4906889428
	210+	 4.000	    -412.9340717461
	300+	 2.000	    -101.6825877259
	310-	 2.000	     -90.5068927188
	310+	 4.000	     -84.1031008164
	320-	 4.000	     -64.6431274607
	320+	 6.000	     -63.2638865367
	400+	 2.000	     -20.5812037767
	410-	 2.000	     -16.4310267333
	410+	 4.000	     -15.0549908705
	420-	 4.000	      -8.2549436822
	420+	 6.000	      -8.0130474700
	500+	 2.000	      -2.9741415136	  0.0106703631
	510-	 2.000	      -1.8437850224	  0.0343430746
	510+	 4.000	      -1.6433520960	  0.0478368120
	520-	 0.400	      -0.2346402162	  0.4016305383
	520+	 0.600	      -0.2198117821	  0.4228627642
	430-	 0.429	      -0.4192418286	  0.0166912485
	430+	 0.571	      -0.3947535708	  0.0180119969
	600+	 2.000	      -0.2747914275	  0.8451888450

      E_tot =   -17711.9757537363 Ry

### PS report ########################################

    Orbital       Ghost
    -----------------------------------------------------------------
	500 	    no
	510 	    no
	510 	    no
	520 	    no
	520 	    no
	430 	    no
	430 	    no


### NL/SL report #####################################


 NL:Orbital    Filling       Eigenvalues[Ry]          Norm       Ghost
    ------------------------------------------------------------------
	500+	 2.000	      -3.1244593317	  0.0090119262	    no
	510-	 2.000	      -1.8846813351	  0.0332292744	    no
	510+	 4.000	      -1.6653715734	  0.0470530726	    no
	520-	 0.400	      -0.2173202054	  0.4323875242	    no
	520+	 0.600	      -0.2041048904	  0.4529372279	    no
	430-	 0.429	      -0.4872197181	  0.0137763632	    no
	430+	 0.571	      -0.4726541471	  0.0143629933	    no
	600+	 2.000	      -0.2809089278	  0.8387616395	    no

	 ========== No ghosts in potential!!========== 

      E_tot =      -77.2308046794 Ry

### KE report ########################################

	 ===   Ecut necessary for ~1    eV convergence error / electron === 
	 --------------------------------------------------------------- 
		 	 Ecut[Ry] 	 error [meV/e] 
	500+ 		   21 	          996.427 
	510- 		   23 	          992.664 
	510+ 		   21 	          985.746 
	520- 		   2493 	          841.217 
	520+ 		   2494 	          786.755 
	430- 		   228 	          995.263 
	430+ 		   227 	          998.932 
	600+ 		   21 	          996.427 
	 ===   Ecut necessary for ~100 meV convergence error / electron === 
	 --------------------------------------------------------------- 
		 	 Ecut[Ry] 	 error [meV/e] 
	500+ 		   59 	           98.448 
	510- 		   35 	           99.792 
	510+ 		   32 	           99.573 
	520- 		   2499 	           42.168 
	520+ 		   2499 	           51.884 
	430- 		   329 	           99.506 
	430+ 		   331 	           99.860 
	600+ 		   59 	           98.448 

	 ===   Ecut necessary for  ~10 meV convergence error / electron === 
	 --------------------------------------------------------------- 
		 	 Ecut[Ry] 	 error [meV/e] 
	500+ 		   101 	            9.986 
	510- 		   77 	            9.869 
	510+ 		   73 	            9.926 
	520- 		   -----  >2500 Ry   -----
	520+ 		   -----  >2500 Ry   -----
	430- 		   2373 	            9.904 
	430+ 		   2386 	            9.994 
	600+ 		   101 	            9.986 

	 ===   Ecut necessary for   ~1 meV convergence error / electron === 
	 --------------------------------------------------------------- 
		 	 Ecut[Ry] 	 error [meV/e] 
	500+ 		   143 	            0.980 
	510- 		   97 	            0.991 
	510+ 		   93 	            0.998 
	520- 		   -----  >2500 Ry   -----
	520+ 		   -----  >2500 Ry   -----
	430- 		   2482 	            0.964 
	430+ 		   2492 	            0.974 
	600+ 		   143 	            0.980 

### TC report ########################################

Comparison of total energies
Config	 E_sl(Ry)	 E_nl(Ry)	 Delta(eV)
0      -77.230805      -77.230805        0.000000
1      -77.230805      -77.230805        0.000000
2      -77.146819      -77.146820        0.000019
3      -76.742651      -76.742650       -0.000016
4      -76.135632      -76.134353       -0.017404
5      -77.230805      -77.230805        0.000000
6      -76.291102      -76.291473        0.005054
7      -76.777402      -76.777402        0.000000
MAD (eV): 0.00281177
