##########################################################
#    Opium Report File                                   #
##########################################################
     Opium version:        4.1

### copy of the parameter file #######################

[Atom]
Ce
14            
100   2.00  -
200   2.00  -
210   6.00  -
300   2.00  -
310   6.00  -
320  10.00  -
400   2.00  -
410   6.00  -
420  10.00  -
500   2.00  -
510   6.00  -
520   1.00  -
600   2.00  -
430   1.00  -

[Pseudo]
5 -1 -1 -1 -1 -1
g

[Gaussinfo]
12 5
2 2 2 2 4
2 4.00255000 119.42279100
2 2.09122700 -2.01148000
2 3.16455780 76.60689560
2 1.66488840 -0.43133450
2 2.47412000 68.86468440
2 2.27565100 -3.74697000
2 5.52474000 -23.33505700
2 3.71638600 -17.34056600
1 4.59950000 12.00000000
3 4.59950000 55.19400000
2 4.60050000 -54.14950000
2 1.05050000 -0.09950000

[KBdesign]
s

[Relativity]
nrl

[XC]
pbe

[Configs]
7

500   2.00  -
510   6.00  -
520   1.00  -
600   2.00  -
430   1.00  -

500   2.00  -
510   6.00  -
520   2.00  -
600   1.00  -
430   1.00  -

500   2.00  -
510   6.00  -
520   2.00  -
600   0.00  -
430   1.00  -

500   2.00  -
510   6.00  -
520   0.00  -
600   0.00  -
430   2.00  -

500   2.00  -
510   6.00  -
520   1.00  -
600   2.00  -
430   1.00  -

500   2.00  -
510   6.00  -
520   1.00  -
600   2.00  -
430   0.00  -

500   2.00  -
510   6.00  -
520   1.00  -
600   1.00  -
430   1.00  -

### AE report ########################################

 AE:Orbital    Filling       Eigenvalues[Ry]          Norm
    ----------------------------------------------------------
	100	 2.000	   -2814.9968043911
	200	 2.000	    -437.6998895215
	210	 6.000	    -413.9802682244
	300	 2.000	     -94.1609909868
	310	 6.000	     -83.9091189233
	320	10.000	     -64.8189408312
	400	 2.000	     -18.9216938532
	410	 6.000	     -15.0954795177
	420	10.000	      -8.3871941853
	500	 2.000	      -2.7326705563	  0.0155973254
	510	 6.000	      -1.6949045560	  0.0461036909
	520	 1.000	      -0.2724197392	  0.3719114595
	430	 1.000	      -0.6555443155	  0.0095843281
	600	 2.000	      -0.2587940831	  0.8738958224

      E_tot =   -17138.4317309751 Ry

### PS report ########################################

    Orbital       Ghost
    -----------------------------------------------------------------
	100 	    no
	210 	    no
	320 	    no
	430 	    no


### NL/SL report #####################################


 NL:Orbital    Filling       Eigenvalues[Ry]          Norm       Ghost
    ------------------------------------------------------------------
	100 	 2.000	      -3.1243026420	  0.0090094708	    no
	210 	 6.000	      -1.7341973348	  0.0420781514	    no
	320 	 1.000	      -0.2091018479	  0.4448542700	    no
	430 	 1.000	      -0.4793417413	  0.0140791342	    no
	200 	 2.000	      -0.2808037622	  0.8389027710	    no

	 ========== No ghosts in potential!!========== 

      E_tot =      -77.2064170279 Ry

### KE report ########################################

	 ===   Ecut necessary for ~1    eV convergence error / electron === 
	 --------------------------------------------------------------- 
		 	 Ecut[Ry] 	 error [meV/e] 
	100  		   21 	          996.469 
	210  		   21 	          993.219 
	320  		   2493 	          959.116 
	430  		   228 	          993.111 
	200  		   21 	          996.469 
	 ===   Ecut necessary for ~100 meV convergence error / electron === 
	 --------------------------------------------------------------- 
		 	 Ecut[Ry] 	 error [meV/e] 
	100  		   59 	           98.468 
	210  		   33 	           99.064 
	320  		   2499 	           47.961 
	430  		   330 	           99.392 
	200  		   59 	           98.468 

	 ===   Ecut necessary for  ~10 meV convergence error / electron === 
	 --------------------------------------------------------------- 
		 	 Ecut[Ry] 	 error [meV/e] 
	100  		   101 	            9.984 
	210  		   74 	            9.854 
	320  		   -----  >2500 Ry   -----
	430  		   2379 	            9.875 
	200  		   101 	            9.984 

	 ===   Ecut necessary for   ~1 meV convergence error / electron === 
	 --------------------------------------------------------------- 
		 	 Ecut[Ry] 	 error [meV/e] 
	100  		   143 	            0.999 
	210  		   94 	            0.988 
	320  		   -----  >2500 Ry   -----
	430  		   2484 	            0.991 
	200  		   143 	            0.999 

### TC report ########################################

Comparison of total energies
Config	 E_sl(Ry)	 E_nl(Ry)	 Delta(eV)
0      -77.206417      -77.206417        0.000000
1      -77.206417      -77.206417        0.000000
2      -77.122244      -77.122245        0.000019
3      -76.718244      -76.718242       -0.000017
4      -76.112356      -76.111083       -0.017316
5      -77.206417      -77.206417        0.000000
6      -76.266368      -76.266746        0.005142
7      -76.753170      -76.753170        0.000001
MAD (eV): 0.00281188
