##########################################################
#    Opium Report File                                   #
##########################################################
     Opium version:        4.1

### copy of the parameter file #######################

[Atom]
Cl
6
100 2.00 -
200 2.00 -
210 6.00 -
300 2.00 -
310 3.00 -
320 1.00 -

[KBDesign]
p

[Pseudo]
3 1.912 2.014 1.513
g

[xc]
pbe

[Gaussinfo]
7 3
2 2 3
2 17.908432 15.839234
2 4.159880 44.469504
2 7.931763 8.321946
2 3.610412 24.044745
1 7.944352 7.000000
3 12.801261 55.610463
2 6.296744 -22.860784

[Configs]
11

300 2.00 -
310 5.00 -
320 0.00 -

300 1.00 -
310 6.00 -
320 0.00 -

300 2.00 -
310 4.00 -
320 1.00 -

300 2.00 -
310 4.00 -
320 0.00 -

300 1.00 -
310 5.00 -
320 0.00 -

300 2.00 -
310 3.00 -
320 1.00 -

300 2.00 -
310 3.00 -
320 0.00 -

300 2.00 -
310 2.00 -
320 0.00 -

300 2.00 -
310 1.00 -
320 0.00 -

300 2.00 -
310 0.00 -
320 0.00 -

300 1.00 -
310 0.00 -
320 0.00 -

############################################################

### AE report ########################################

 AE:Orbital    Filling       Eigenvalues[Ry]          Norm
    ----------------------------------------------------------
	100	 2.000	    -202.7738224780
	200	 2.000	     -19.7107075723
	210	 6.000	     -15.3537386401
	300	 2.000	      -2.5505186782	  0.2042535623
	310	 3.000	      -1.6151000738	  0.2703749979
	320	 1.000	      -0.4135475367	  0.8201526885

      E_tot =     -917.7370677979 Ry

### PS report ########################################

    Orbital       Ghost
    -----------------------------------------------------------------
	100 	    no
	210 	    no
	320 	    no


### NL/SL report #####################################


 NL:Orbital    Filling       Eigenvalues[Ry]          Norm       Ghost
    ------------------------------------------------------------------
	100 	 2.000	      -2.5765636290	  0.2009745603	    no
	210 	 3.000	      -1.6104947870	  0.2742998395	    no
	320 	 1.000	      -0.4127208450	  0.8274122922	    no

	 ========== No ghosts in potential!!========== 

      E_tot =      -27.5833914091 Ry

### KE report ########################################

	 ===   Ecut necessary for ~1    eV convergence error / electron === 
	 --------------------------------------------------------------- 
		 	 Ecut[Ry] 	 error [meV/e] 
	100  		   20 	          985.671 
	210  		   9 	          982.348 
	320  		   2494 	          987.160 
	 ===   Ecut necessary for ~100 meV convergence error / electron === 
	 --------------------------------------------------------------- 
		 	 Ecut[Ry] 	 error [meV/e] 
	100  		   31 	           99.974 
	210  		   38 	           99.897 
	320  		   2499 	           96.423 

	 ===   Ecut necessary for  ~10 meV convergence error / electron === 
	 --------------------------------------------------------------- 
		 	 Ecut[Ry] 	 error [meV/e] 
	100  		   69 	            9.943 
	210  		   66 	            9.944 
	320  		   -----  >2500 Ry   -----

	 ===   Ecut necessary for   ~1 meV convergence error / electron === 
	 --------------------------------------------------------------- 
		 	 Ecut[Ry] 	 error [meV/e] 
	100  		   105 	            0.993 
	210  		   129 	            0.999 
	320  		   -----  >2500 Ry   -----

### TC report ########################################

Comparison of total energies
Config	 E_sl(Ry)	 E_nl(Ry)	 Delta(eV)
0      -27.583391      -27.583391        0.000000
1      -29.764477      -29.764474       -0.000033
2      -28.857014      -28.857012       -0.000016
3      -28.890614      -28.890607       -0.000091
4      -28.747345      -28.747345       -0.000002
5      -27.797894      -27.797894       -0.000002
6      -27.583391      -27.583391        0.000000
7      -26.883549      -26.883548       -0.000008
8      -24.080836      -24.080830       -0.000077
9      -20.263945      -20.263931       -0.000196
10      -15.373253      -15.373233       -0.000275
11       -8.237580       -8.237591        0.000157
MAD (eV): 7.15262e-05
