##########################################################
#    Opium Report File                                   #
##########################################################
     Opium version:        4.1

### copy of the parameter file #######################

[Atom]
Co
8            
100   2.00  -
200   2.00  -
210   6.00  -
300   2.00  -
310   6.00  -
320   7.00  -
400   0.00  -
410   0.00  -

[Pseudo]
5 1.184 1.184 1.095  1.184 1.184
g

[Gaussinfo]
17 3
2 2 4
2 11.423427  90.855286
2  9.920127  25.185194
2  9.811352  48.270556
2  9.340854  14.620602
1  3.932921  17.000000
3  4.547187  66.859664
2  4.242934 -76.154505
2  2.106360   1.483219


[KBdesign]
s

[Relativity]
nrl

[XC]
pbe

[Configs]
12

300  2.00 -
310  6.00 -
320  7.00 -
400  2.00 -
410  0.00 -

300  2.00 -
310  6.00 -
320  8.00 -
400  1.00 -
410  0.00 -

300  2.00 -
310  6.00 -
320  9.00 -
400  0.00 -
410  0.00 -

300  2.00 -
310  6.00 -
320  7.00 -
400  1.00 -
410  0.00 -

300  2.00 -
310  6.00 -
320  8.00 -
400  0.00 -
410  0.00 -

300  2.00 -
310  6.00 -
320  7.00 -
400  0.00 -
410  0.00 -

300  2.00 -
310  6.00 -
320  6.00 -
400  0.00 -
410  0.00 -

300  2.00 -
310  6.00 -
320  5.00 -
400  0.00 -
410  0.00 -

300  2.00 -
310  6.00 -
320  4.00 -
400  0.00 -
410  0.00 -

300  2.00 -
310  6.00 -
320  3.00 -
400  0.00 -
410  0.00 -

300  2.00 -
310  6.00 -
320  2.00 -
400  0.00 -
410  0.00 -

300  2.00 -
310  6.00 -
320  1.00 -
400  0.00 -
410  0.00 -
############################################################

### AE report ########################################

 AE:Orbital    Filling       Eigenvalues[Ry]          Norm
    ----------------------------------------------------------
	100	 2.000	    -553.8164550328
	200	 2.000	     -66.2669959375
	210	 6.000	     -57.7160253102
	300	 2.000	      -8.7349119490	  0.1023401336
	310	 6.000	      -6.1787925498	  0.1424845361
	320	 7.000	      -2.0025514031	  0.3619485813
	400	 0.000	      -1.5169996437	  0.9530594625
	410	 0.000	      -1.0724158607	  0.9655165875

      E_tot =    -2762.9210434026 Ry

### PS report ########################################

    Orbital       Ghost
    -----------------------------------------------------------------
	100 	    no
	210 	    no
	320 	    no


### NL/SL report #####################################


 NL:Orbital    Filling       Eigenvalues[Ry]          Norm       Ghost
    ------------------------------------------------------------------
	100 	 2.000	      -8.8780847418	  0.0930378932	    no
	210 	 6.000	      -6.1906283138	  0.1339521668	    no
	320 	 7.000	      -2.0059825980	  0.3592941280	    no
	200 	 0.000	      -1.5325061469	  0.9529528803	    no
	310 	 0.000	      -1.0773437635	  0.9659924501	    no

	 ========== No ghosts in potential!!========== 

      E_tot =     -289.2292377809 Ry

### KE report ########################################

	 ===   Ecut necessary for ~1    eV convergence error / electron === 
	 --------------------------------------------------------------- 
		 	 Ecut[Ry] 	 error [meV/e] 
	100  		   90 	          990.149 
	210  		   58 	          998.310 
	320  		   158 	          995.074 
	200  		   90 	          990.149 
	310  		   58 	          998.310 
	 ===   Ecut necessary for ~100 meV convergence error / electron === 
	 --------------------------------------------------------------- 
		 	 Ecut[Ry] 	 error [meV/e] 
	100  		   206 	           99.601 
	210  		   168 	           99.461 
	320  		   230 	           99.900 
	200  		   206 	           99.601 
	310  		   168 	           99.461 

	 ===   Ecut necessary for  ~10 meV convergence error / electron === 
	 --------------------------------------------------------------- 
		 	 Ecut[Ry] 	 error [meV/e] 
	100  		   299 	            9.992 
	210  		   224 	            9.962 
	320  		   304 	            9.919 
	200  		   299 	            9.992 
	310  		   224 	            9.962 

	 ===   Ecut necessary for   ~1 meV convergence error / electron === 
	 --------------------------------------------------------------- 
		 	 Ecut[Ry] 	 error [meV/e] 
	100  		   365 	            0.994 
	210  		   272 	            0.993 
	320  		   379 	            0.992 
	200  		   365 	            0.994 
	310  		   272 	            0.993 

### TC report ########################################

Comparison of total energies
Config	 E_sl(Ry)	 E_nl(Ry)	 Delta(eV)
0     -289.229238     -289.229238        0.000000
1     -291.117733     -291.117732       -0.000010
2     -291.218918     -291.218844       -0.001006
3     -291.144512     -291.144302       -0.002862
4     -290.457729     -290.457729        0.000001
5     -290.660845     -290.660741       -0.001417
6     -289.229238     -289.229238        0.000000
7     -286.568412     -286.568189       -0.003031
8     -282.461823     -282.460746       -0.014650
9     -276.731819     -276.729164       -0.036120
10     -269.226381     -269.221690       -0.063830
11     -259.811740     -259.805292       -0.087735
12     -248.368122     -248.361486       -0.090295
MAD (eV): 0.0231505
