##########################################################
#    Opium Report File                                   #
##########################################################
     Opium version:        4.1

### copy of the parameter file #######################

[Atom]
Be  
3
100   2.00  -
200   1.00  -
210   1.00  -

[Pseudo]
2  2.35741 1.70329 
g

[Gaussinfo]
2 2
1 4
2    2.487404    12.663919
1   17.949002     2.000000
3   24.132003    35.898004
2   20.138003   -12.774998
2    4.333171    -2.960014

[XC]
pbe

[KBDesign]
s

[Relativity]
nrl

[Configs]
4

200   2.00  -
210   0.00  -

200   1.00  -
210   1.00  -

200   1.00  -
210   0.00  -

200   0.00  -
210   1.00  -



### AE report ########################################

 AE:Orbital    Filling       Eigenvalues[Ry]          Norm
    ----------------------------------------------------------
	100	 2.000	      -7.9095130038
	200	 1.000	      -0.4529817977	  0.5129568161
	210	 1.000	      -0.1863497325	  0.8127809956

      E_tot =      -28.9946192298 Ry

### PS report ########################################

    Orbital       Ghost
    -----------------------------------------------------------------
	100 	    no
	210 	    no


### NL/SL report #####################################


 NL:Orbital    Filling       Eigenvalues[Ry]          Norm       Ghost
    ------------------------------------------------------------------
	100 	 1.000	      -0.4546047738	  0.5157045946	    no
	210 	 1.000	      -0.1851918314	  0.8212293426	    no

	 ========== No ghosts in potential!!========== 

      E_tot =       -1.7222170573 Ry

### KE report ########################################

	 ===   Ecut necessary for ~1    eV convergence error / electron === 
	 --------------------------------------------------------------- 
		 	 Ecut[Ry] 	 error [meV/e] 
	100  		   2445 	          986.536 
	210  		   2499 	          680.681 
	 ===   Ecut necessary for ~100 meV convergence error / electron === 
	 --------------------------------------------------------------- 
		 	 Ecut[Ry] 	 error [meV/e] 
	100  		   2489 	           94.227 
	210  		   -----  >2500 Ry   -----

	 ===   Ecut necessary for  ~10 meV convergence error / electron === 
	 --------------------------------------------------------------- 
		 	 Ecut[Ry] 	 error [meV/e] 
	100  		   2495 	            7.491 
	210  		   -----  >2500 Ry   -----

	 ===   Ecut necessary for   ~1 meV convergence error / electron === 
	 --------------------------------------------------------------- 
		 	 Ecut[Ry] 	 error [meV/e] 
	100  		   2498 	            0.178 
	210  		   -----  >2500 Ry   -----

### TC report ########################################

Comparison of total energies
Config	 E_sl(Ry)	 E_nl(Ry)	 Delta(eV)
0       -1.722217       -1.722217        0.000000
1       -1.990617       -1.990617        0.000000
2       -1.722217       -1.722217        0.000000
3       -1.291545       -1.291545        0.000000
4       -0.997182       -0.997078       -0.001417
MAD (eV): 0.000283458
