##########################################################
#    Opium Report File                                   #
##########################################################
     Opium version:        4.1

### copy of the parameter file #######################

[Atom]
Be  
3
100   2.00  -
200   0.00  -
210   2.00  -

[Pseudo]
2  2.35741 1.70329 
g

[Gaussinfo]
2 2
1 4
2    2.487404    12.663919
1   17.949002     2.000000
3   24.132003    35.898004
2   20.138003   -12.774998
2    4.333171    -2.960014

[XC]
pbe

[KBDesign]
s

[Relativity]
nrl

[Configs]
4

200   2.00  -
210   0.00  -

200   1.00  -
210   1.00  -

200   1.00  -
210   0.00  -

200   0.00  -
210   1.00  -


### AE report ########################################

 AE:Orbital    Filling       Eigenvalues[Ry]          Norm
    ----------------------------------------------------------
	100	 2.000	      -7.9986749345
	200	 0.000	      -0.4836647646	  0.5076778399
	210	 2.000	      -0.2160086570	  0.8029750856

      E_tot =      -28.7273282251 Ry

### PS report ########################################

    Orbital       Ghost
    -----------------------------------------------------------------
	100 	    no
	210 	    no


### NL/SL report #####################################


 NL:Orbital    Filling       Eigenvalues[Ry]          Norm       Ghost
    ------------------------------------------------------------------
	100 	 0.000	      -0.4867861829	  0.5092087433	    no
	210 	 2.000	      -0.2163515321	  0.8099403528	    no

	 ========== No ghosts in potential!!========== 

      E_tot =       -1.4521772666 Ry

### KE report ########################################

	 ===   Ecut necessary for ~1    eV convergence error / electron === 
	 --------------------------------------------------------------- 
		 	 Ecut[Ry] 	 error [meV/e] 
	100  		   1 	          949.166 
	210  		   6 	          961.064 
	 ===   Ecut necessary for ~100 meV convergence error / electron === 
	 --------------------------------------------------------------- 
		 	 Ecut[Ry] 	 error [meV/e] 
	100  		   10 	           99.059 
	210  		   22 	           96.698 

	 ===   Ecut necessary for  ~10 meV convergence error / electron === 
	 --------------------------------------------------------------- 
		 	 Ecut[Ry] 	 error [meV/e] 
	100  		   17 	            9.963 
	210  		   50 	            9.612 

	 ===   Ecut necessary for   ~1 meV convergence error / electron === 
	 --------------------------------------------------------------- 
		 	 Ecut[Ry] 	 error [meV/e] 
	100  		   53 	            0.983 
	210  		   89 	            0.995 

### TC report ########################################

Comparison of total energies
Config	 E_sl(Ry)	 E_nl(Ry)	 Delta(eV)
0       -1.452177       -1.452177       -0.000000
1       -1.990617       -1.990617        0.000000
2       -1.722217       -1.722210       -0.000100
3       -1.291545       -1.291545        0.000000
4       -0.997182       -0.997135       -0.000631
MAD (eV): 0.000146191
