##########################################################
#    Opium Report File                                   #
##########################################################
     Opium version:        4.1

### copy of the parameter file #######################

[Atom]
In
11            
100   2.00  -
200   2.00  -
210   6.00  -
300   2.00  -
310   6.00  -
320  10.00  -
400   2.00  -
410   6.00  -
420  10.00  -
500   2.00  -
510   1.00  -

[Pseudo]
5 -1 -1 -1 -1 -1
g

[Gaussinfo]
21 4 2
2 2 2 4 4 4
2 13.66824338 270.03499105
2 7.552828600 38.85331254
2 12.66415088 193.82536999
2 6.802069130 31.85902736
2 10.61466016 79.19274641
2 4.898781990 12.85161376
1 10.99316781 21.00000000
3 10.71264611 230.85652399
2 11.56072298 -164.38395787
2 11.75024739 -29.36492043
2 13.90617280 -134.92521479
2 13.37369037 134.94822489
2 7.58588094 -29.49588678
2 7.35084048 29.63524176
2 14.04345442 -35.49173648
2 14.50368714 35.45391645
2 5.57939807 -9.16735354
2 5.02717226 8.27338250

[KBdesign]
s

[Relativity]
frl

[XC]
pbe

[Configs]
6

400   2.00  -
410   6.00  -
420  10.00  -
500   2.00  -
510   1.00  -

400   2.00  -
410   6.00  -
420  10.00  -
500   1.00  -
510   2.00  -

400   2.00  -
410   6.00  -
420  10.00  -
500   1.00  -
510   1.00  -

400   2.00  -
410   6.00  -
420  10.00  -
500   1.00  -
510   0.00  -

400   2.00  -
410   6.00  -
420   9.00  -
500   2.00  -
510   1.00  -

400   2.00  -
410   6.00  -
420   9.00  -
500   0.00  -
510   3.00  -

### AE report ########################################

 AE:Orbital    Filling       Eigenvalues[Ry]          Norm
    ----------------------------------------------------------
	100+	 2.000	   -2032.1220635664
	200+	 2.000	    -304.4137671958
	210-	 2.000	    -283.8618665029
	210+	 4.000	    -268.4691654105
	300+	 2.000	     -57.7926422468
	310-	 2.000	     -49.5044032567
	310+	 4.000	     -46.7219949997
	320-	 4.000	     -32.0978248289
	320+	 6.000	     -31.5261615058
	400+	 2.000	      -8.7711481874	  0.0408190823
	410-	 2.000	      -6.0648306501	  0.0554791782
	410+	 4.000	      -5.5790269553	  0.0682910645
	420-	 4.000	      -1.4080076972	  0.1472315523
	420+	 6.000	      -1.3449802765	  0.1558052086
	500+	 2.000	      -0.6022384084	  0.9332678395
	510-	 0.333	      -0.2002262291	  0.9707089207
	510+	 0.667	      -0.1783761576	  0.9748425206

      E_tot =   -11756.2136686601 Ry

### PS report ########################################

    Orbital       Ghost
    -----------------------------------------------------------------
	400 	    no
	410 	    no
	410 	    no
	420 	    no
	420 	    no


### NL/SL report #####################################


 NL:Orbital    Filling       Eigenvalues[Ry]          Norm       Ghost
    ------------------------------------------------------------------
	400+	 2.000	      -8.7950658005	  0.0397251539	    no
	410-	 2.000	      -6.0190457432	  0.0552273595	    no
	410+	 4.000	      -5.5691512611	  0.0674135204	    no
	420-	 4.000	      -1.3907383551	  0.1455232538	    no
	420+	 6.000	      -1.3108530765	  0.1548148546	    no
	500+	 2.000	      -0.6057799871	  0.9313044655	    no
	510-	 0.333	      -0.1992994366	  0.9698252967	    no
	510+	 0.667	      -0.1797563304	  0.9730041346	    no

	 ========== No ghosts in potential!!========== 

      E_tot =     -380.2763834520 Ry

### KE report ########################################

	 ===   Ecut necessary for ~1    eV convergence error / electron === 
	 --------------------------------------------------------------- 
		 	 Ecut[Ry] 	 error [meV/e] 
	400+ 		   76 	          997.341 
	410- 		   94 	          993.876 
	410+ 		   89 	          992.667 
	420- 		   71 	          998.239 
	420+ 		   83 	          996.336 
	500+ 		   76 	          997.341 
	510- 		   94 	          993.876 
	510+ 		   89 	          992.667 
	 ===   Ecut necessary for ~100 meV convergence error / electron === 
	 --------------------------------------------------------------- 
		 	 Ecut[Ry] 	 error [meV/e] 
	400+ 		   200 	           99.443 
	410- 		   132 	           98.777 
	410+ 		   124 	           99.209 
	420- 		   221 	           99.674 
	420+ 		   235 	           99.594 
	500+ 		   200 	           99.443 
	510- 		   132 	           98.777 
	510+ 		   124 	           99.209 

	 ===   Ecut necessary for  ~10 meV convergence error / electron === 
	 --------------------------------------------------------------- 
		 	 Ecut[Ry] 	 error [meV/e] 
	400+ 		   257 	            9.889 
	410- 		   249 	            9.998 
	410+ 		   252 	            9.970 
	420- 		   374 	            9.953 
	420+ 		   386 	            9.960 
	500+ 		   257 	            9.889 
	510- 		   249 	            9.998 
	510+ 		   252 	            9.970 

	 ===   Ecut necessary for   ~1 meV convergence error / electron === 
	 --------------------------------------------------------------- 
		 	 Ecut[Ry] 	 error [meV/e] 
	400+ 		   450 	            0.995 
	410- 		   349 	            0.999 
	410+ 		   335 	            0.996 
	420- 		   528 	            0.995 
	420+ 		   546 	            0.995 
	500+ 		   450 	            0.995 
	510- 		   349 	            0.999 
	510+ 		   335 	            0.996 

### TC report ########################################

Comparison of total energies
Config	 E_sl(Ry)	 E_nl(Ry)	 Delta(eV)
0     -380.274517     -380.276383        0.025388
1     -380.274517     -380.276383        0.025388
2     -379.841700     -379.846082        0.059613
3     -379.391263     -379.394352        0.042033
4     -378.459991     -378.459992        0.000005
5     -378.452546     -378.456908        0.059350
6     -377.352008     -377.366545        0.197782
MAD (eV): 0.0585083
