##########################################################
#    Opium Report File                                   #
##########################################################
     Opium version:        4.1

### copy of the parameter file #######################

[Atom]
In
11            
100   2.00  -
200   2.00  -
210   6.00  -
300   2.00  -
310   6.00  -
320  10.00  -
400   2.00  -
410   6.00  -
420  10.00  -
500   2.00  -
510   1.00  -

[Pseudo]
5 -1 -1 -1 -1 -1
g

[Gaussinfo]
21 4
2 2 2 4
2 13.66824338 270.03499105
2 7.552828600 38.85331254
2 12.66415088 193.82536999
2 6.802069130 31.85902736
2 10.61466016 79.19274641
2 4.898781990 12.85161376
1 10.99316781 21.00000000
3 10.71264611 230.85652399
2 11.56072298 -164.38395787
2 11.75024739 -29.36492043

[KBdesign]
s

[Relativity]
srl

[XC]
pbe

[Configs]
6

400   2.00  -
410   6.00  -
420  10.00  -
500   2.00  -
510   1.00  -

400   2.00  -
410   6.00  -
420  10.00  -
500   1.00  -
510   2.00  -

400   2.00  -
410   6.00  -
420  10.00  -
500   1.00  -
510   1.00  -

400   2.00  -
410   6.00  -
420  10.00  -
500   1.00  -
510   0.00  -

400   2.00  -
410   6.00  -
420   9.00  -
500   2.00  -
510   1.00  -

400   2.00  -
410   6.00  -
420   9.00  -
500   0.00  -
510   3.00  -

### AE report ########################################

 AE:Orbital    Filling       Eigenvalues[Ry]          Norm
    ----------------------------------------------------------
	400	 2.000	      -8.7711481874	  0.0408577883
	410	 6.000	      -5.7409615202	  0.0640026165
	420	10.000	      -1.3701912448	  0.1523946374
	500	 2.000	      -0.6022384084	  0.9332327927
	510	 1.000	      -0.1856595148	  0.9734655591

      E_tot =   -11756.2136686601 Ry

### PS report ########################################

    Orbital       Ghost
    -----------------------------------------------------------------
	100 	    no
	210 	    no
	320 	    no


### NL/SL report #####################################


 NL:Orbital    Filling       Eigenvalues[Ry]          Norm       Ghost
    ------------------------------------------------------------------
	100 	 2.000	      -8.7972754547	  0.0397081783	    no
	210 	 6.000	      -5.7130722978	  0.0632436498	    no
	320 	10.000	      -1.3435308244	  0.1510013665	    no
	200 	 2.000	      -0.6065344741	  0.9312667976	    no
	310 	 1.000	      -0.1852649051	  0.9726975997	    no

	 ========== No ghosts in potential!!========== 

      E_tot =     -380.2183399326 Ry

### KE report ########################################

	 ===   Ecut necessary for ~1    eV convergence error / electron === 
	 --------------------------------------------------------------- 
		 	 Ecut[Ry] 	 error [meV/e] 
	100  		   76 	          997.774 
	210  		   90 	          992.235 
	320  		   77 	          997.779 
	200  		   76 	          997.774 
	310  		   90 	          992.235 
	 ===   Ecut necessary for ~100 meV convergence error / electron === 
	 --------------------------------------------------------------- 
		 	 Ecut[Ry] 	 error [meV/e] 
	100  		   200 	           99.489 
	210  		   127 	           98.862 
	320  		   230 	           99.665 
	200  		   200 	           99.489 
	310  		   127 	           98.862 

	 ===   Ecut necessary for  ~10 meV convergence error / electron === 
	 --------------------------------------------------------------- 
		 	 Ecut[Ry] 	 error [meV/e] 
	100  		   257 	            9.892 
	210  		   252 	            9.957 
	320  		   381 	            9.981 
	200  		   257 	            9.892 
	310  		   252 	            9.957 

	 ===   Ecut necessary for   ~1 meV convergence error / electron === 
	 --------------------------------------------------------------- 
		 	 Ecut[Ry] 	 error [meV/e] 
	100  		   450 	            0.995 
	210  		   339 	            0.995 
	320  		   538 	            0.995 
	200  		   450 	            0.995 
	310  		   339 	            0.995 

### TC report ########################################

Comparison of total energies
Config	 E_sl(Ry)	 E_nl(Ry)	 Delta(eV)
0     -380.217499     -380.218340        0.011438
1     -380.217499     -380.218340        0.011438
2     -379.784099     -379.786065        0.026743
3     -379.334184     -379.335554        0.018639
4     -378.403618     -378.403618        0.000004
5     -378.395857     -378.397859        0.027235
6     -377.293635     -377.300099        0.087946
MAD (eV): 0.026206
