##########################################################
#    Opium Report File                                   #
##########################################################
     Opium version:        4.1

### copy of the parameter file #######################

[Atom]
Kr
11
100   2.00 -
200   2.00 -
210   6.00 -
300   2.00 -
310   6.00 -
320  10.00 -
400   2.00 -
410   4.00 -
420   1.00 -
500   0.00 -
510   0.00 -

[Pseudo]
5 -1 -1 -1 -1 -1
g

[Gaussinfo]
8 4
2 2 2 4
2 5.49072858263344  92.88955174083402
2 3.86301190150576  12.92947788650997
2 4.03857692489950  43.09952401633328
2 3.30678898758958  9.50975957670500
2 4.21348003421066  17.80494496367218
2 1.54989721316990  4.58911494794530
1 10.79423805030976 8.0
3 13.32338941541937 86.353904402478080
2 9.292050205053670 -11.11453291523170
2 20.14895793077237 10.22951903851239

[KBdesign]
s

[Relativity]
nrl

[XC]
pbe

[Configs]
18

400   2.00 -
410   5.50 -
420   0.50 -
500   0.00 -
510   0.00 -

400   1.00 -
410   6.00 -
420   1.00 -
500   0.00 -
510   0.00 -

400   1.00 -
410   6.00 -
420   0.00 -
500   1.00 -
510   0.00 -

400   2.00 -
410   5.00 -
420   1.00 -
500   0.00 -
510   0.00 -

400   2.00 -
410   5.00 -
420   0.00 -
500   1.00 -
510   0.00 -

400   2.00 -
410   5.00 -
420   0.00 -
500   0.00 -
510   0.00 -

400   1.00 -
410   6.00 -
420   0.00 -
500   0.00 -
510   0.00 -

400   1.00 -
410   5.00 -
420   1.00 -
500   0.00 -
510   0.00 -

400   2.00 -
410   4.00 -
420   0.00 -
500   0.00 -
510   0.00 -

400   1.00 -
410   5.00 -
420   0.00 -
500   0.00 -
510   0.00 -

400   2.00 -
410   3.00 -
420   1.00 -
500   0.00 -
510   0.00 -

400   2.00 -
410   3.00 -
420   0.00 -
500   1.00 -
510   0.00 -

400   2.00 -
410   3.00 -
420   0.00 -
500   0.00 -
510   0.00 -

400   2.00 -
410   2.00 -
420   0.00 -
500   0.00 -
510   0.00 -

400   2.00 -
410   1.00 -
420   0.00 -
500   0.00 -
510   0.00 -

400   2.00 -
410   0.00 -
420   0.00 -
500   1.00 -
510   0.00 -

400   2.00 -
410   0.00 -
420   0.00 -
500   0.00 -
510   0.00 -

400   1.00 -
410   0.00 -
420   0.00 -
500   0.00 -
510   0.00 -


### AE report ########################################

 AE:Orbital    Filling       Eigenvalues[Ry]          Norm
    ----------------------------------------------------------
	100	 2.000	   -1022.8371079876
	200	 2.000	    -133.9747015451
	210	 6.000	    -121.3156510064
	300	 2.000	     -19.9060662137
	310	 6.000	     -15.4051959889
	320	10.000	      -7.3351506238
	400	 2.000	      -2.6749604542	  0.2263181399
	410	 4.000	      -1.6572358738	  0.3069356270
	420	 1.000	      -0.3970277769	  0.5433474380
	500	 0.000	      -0.5069366772	  0.9484898325
	510	 0.000	      -0.3351494215	  0.9556491774

      E_tot =    -5504.5722371253 Ry

### PS report ########################################

    Orbital       Ghost
    -----------------------------------------------------------------
	100 	    no
	210 	    no
	320 	    no


### NL/SL report #####################################


 NL:Orbital    Filling       Eigenvalues[Ry]          Norm       Ghost
    ------------------------------------------------------------------
	100 	 2.000	      -2.8302425876	  0.2024535457	    no
	210 	 4.000	      -1.6771184488	  0.3030495746	    no
	320 	 1.000	      -0.3908801869	  0.5593142949	    no
	200 	 0.000	      -0.5221354612	  0.9508018490	    no
	310 	 0.000	      -0.3373642153	  0.9569180669	    no

	 ========== No ghosts in potential!!========== 

      E_tot =      -34.6839309306 Ry

### KE report ########################################

	 ===   Ecut necessary for ~1    eV convergence error / electron === 
	 --------------------------------------------------------------- 
		 	 Ecut[Ry] 	 error [meV/e] 
	100  		   21 	          985.496 
	210  		   21 	          999.278 
	320  		   2498 	          886.335 
	200  		   21 	          985.496 
	310  		   21 	          999.278 
	 ===   Ecut necessary for ~100 meV convergence error / electron === 
	 --------------------------------------------------------------- 
		 	 Ecut[Ry] 	 error [meV/e] 
	100  		   68 	           99.960 
	210  		   38 	           99.400 
	320  		   -----  >2500 Ry   -----
	200  		   68 	           99.960 
	310  		   38 	           99.400 

	 ===   Ecut necessary for  ~10 meV convergence error / electron === 
	 --------------------------------------------------------------- 
		 	 Ecut[Ry] 	 error [meV/e] 
	100  		   93 	            9.824 
	210  		   52 	            9.953 
	320  		   -----  >2500 Ry   -----
	200  		   93 	            9.824 
	310  		   52 	            9.953 

	 ===   Ecut necessary for   ~1 meV convergence error / electron === 
	 --------------------------------------------------------------- 
		 	 Ecut[Ry] 	 error [meV/e] 
	100  		   158 	            0.994 
	210  		   127 	            0.999 
	320  		   -----  >2500 Ry   -----
	200  		   158 	            0.994 
	310  		   127 	            0.999 

### TC report ########################################

Comparison of total energies
Config	 E_sl(Ry)	 E_nl(Ry)	 Delta(eV)
0      -34.683931      -34.683931        0.000000
1      -36.563448      -36.563441       -0.000098
2      -34.932764      -34.932763       -0.000003
3      -35.089049      -35.089048       -0.000006
4      -36.055083      -36.055080       -0.000051
5      -36.211053      -36.211049       -0.000050
6      -35.914996      -35.914992       -0.000046
7      -34.788827      -34.788827       -0.000005
8      -33.525710      -33.525708       -0.000028
9      -34.054319      -34.054319        0.000001
10      -32.877575      -32.877573       -0.000032
11      -32.625938      -32.625922       -0.000216
12      -32.611064      -32.611059       -0.000060
13      -31.318062      -31.318056       -0.000091
14      -27.647163      -27.647139       -0.000319
15      -22.994050      -22.994014       -0.000486
16      -20.576428      -20.576428       -0.000000
17      -17.323922      -17.323922       -0.000000
18       -9.186934       -9.186934       -0.000000
MAD (eV): 7.85619e-05
