##########################################################
#    Opium Report File                                   #
##########################################################
     Opium version:        4.1

### copy of the parameter file #######################

[Atom]
V
8            
100   2.00  -
200   2.00  -
210   6.00  -
300   2.00  -
310   6.00  -
320   3.00  -
400   0.00  -
410   0.00  -

[Pseudo]
5 1.479 1.558 1.460 1.479 1.558
g

[Gaussinfo]
13 3
2 2 4
2 15.12502150  195.56713891
2  6.29898914   22.88642834
2 15.93855113  126.42119500
2  5.74006266   16.03597127
1 20.32168914   13.00000000
3 19.59698040  264.18195885
2 17.33147348 -115.29293208
2  5.12320657   -0.66288726

[KBdesign]
s

[Relativity]
nrl

[XC]
pbe

[Configs]
9

300  2.00 -
310  6.00 -
320  3.00 -
400  2.00 -
410  0.00 -

300  2.00 -
310  6.00 -
320  4.00 -
400  1.00 -
410  0.00 -

300  2.00 -
310  6.00 -
320  5.00 -
400  0.00 -
410  0.00 -

300  2.00 -
310  6.00 -
320  3.00 -
400  1.00 -
410  0.00 -

300  2.00 -
310  6.00 -
320  4.00 -
400  0.00 -
410  0.00 -

300  2.00 -
310  6.00 -
320  3.00 -
400  0.00 -
410  0.00 -

300  2.00 -
310  6.00 -
320  2.00 -
400  0.00 -
410  0.00 -

300  2.00 -
310  6.00 -
320  1.00 -
400  0.00 -
410  0.00 -

300  2.00 -
310  6.00 -
320  0.00 -
400  0.00 -
410  0.00 -

### AE report ########################################

 AE:Orbital    Filling       Eigenvalues[Ry]          Norm
    ----------------------------------------------------------
	100	 2.000	    -392.6591585127
	200	 2.000	     -44.9464954247
	210	 6.000	     -38.1018940287
	300	 2.000	      -6.2947220369	  0.0900494554
	310	 6.000	      -4.4380692527	  0.1091688872
	320	 3.000	      -1.5766816644	  0.3463105017
	400	 0.000	      -1.2971889483	  0.9421609472
	410	 0.000	      -0.9500325605	  0.9535221810

      E_tot =    -1885.5604972621 Ry

### PS report ########################################

    Orbital       Ghost
    -----------------------------------------------------------------
	100 	    no
	210 	    no
	320 	    no


### NL/SL report #####################################


 NL:Orbital    Filling       Eigenvalues[Ry]          Norm       Ghost
    ------------------------------------------------------------------
	100 	 2.000	      -6.3937165226	  0.0855139937	    no
	210 	 6.000	      -4.4444350010	  0.1075790055	    no
	320 	 3.000	      -1.5742656155	  0.3466996219	    no
	200 	 0.000	      -1.3083895226	  0.9414555818	    no
	310 	 0.000	      -0.9526784326	  0.9531163646	    no

	 ========== No ghosts in potential!!========== 

      E_tot =     -141.0070623078 Ry

### KE report ########################################

	 ===   Ecut necessary for ~1    eV convergence error / electron === 
	 --------------------------------------------------------------- 
		 	 Ecut[Ry] 	 error [meV/e] 
	100  		   65 	          959.998 
	210  		   80 	          989.307 
	320  		   173 	          981.500 
	200  		   65 	          959.998 
	310  		   80 	          989.307 
	 ===   Ecut necessary for ~100 meV convergence error / electron === 
	 --------------------------------------------------------------- 
		 	 Ecut[Ry] 	 error [meV/e] 
	100  		   190 	           98.835 
	210  		   148 	           98.383 
	320  		   301 	           98.941 
	200  		   190 	           98.835 
	310  		   148 	           98.383 

	 ===   Ecut necessary for  ~10 meV convergence error / electron === 
	 --------------------------------------------------------------- 
		 	 Ecut[Ry] 	 error [meV/e] 
	100  		   272 	            9.795 
	210  		   201 	            9.551 
	320  		   383 	            9.243 
	200  		   272 	            9.795 
	310  		   201 	            9.551 

	 ===   Ecut necessary for   ~1 meV convergence error / electron === 
	 --------------------------------------------------------------- 
		 	 Ecut[Ry] 	 error [meV/e] 
	100  		   325 	            0.948 
	210  		   347 	            0.990 
	320  		   398 	            0.764 
	200  		   325 	            0.948 
	310  		   347 	            0.990 

### TC report ########################################

Comparison of total energies
Config	 E_sl(Ry)	 E_nl(Ry)	 Delta(eV)
0     -141.007062     -141.007062        0.000000
1     -142.626051     -142.626050       -0.000016
2     -142.586861     -142.586792       -0.000945
3     -142.444444     -142.444273       -0.002318
4     -142.057834     -142.057834       -0.000010
5     -142.102281     -142.102193       -0.001192
6     -141.007062     -141.007062        0.000000
7     -138.873554     -138.873415       -0.001894
8     -135.489377     -135.488960       -0.005677
9     -130.683045     -130.682961       -0.001134
MAD (eV): 0.00131866
