##########################################################
#    Opium Report File                                   #
##########################################################
     Opium version:        4.1

### copy of the parameter file #######################

[Atom]
H  
3
100   0.90  -
200   0.00  -
210   0.10  -

[Pseudo]
3  1.0   1.0  1.0
g

[Gaussinfo]
1 2
1 3
2  1.000000000000000 0.00000000000000
1 21.24359508259891  1.00000000000000   
3 21.24359508259891  21.24359508259891  
2 21.77696655044365  -10.85192405303825 

[XC]
pbe

[KBDesign]
s

[Relativity]
nrl

[Configs]
3

100   1.00  -
200   0.00  -
210   0.00  -

100   0.00  -
200   1.00  -
210   0.00  -

100   0.00  -
200   0.00  -
210   1.00  -


### AE report ########################################

 AE:Orbital    Filling       Eigenvalues[Ry]          Norm
    ----------------------------------------------------------
	100	 0.900	      -0.5469979404	  0.6969986777
	210	 0.100	      -0.0214291866	  0.9999033101
	200	 0.000	      -0.0358798851	  0.9941985874

      E_tot =       -0.8677838988 Ry

### PS report ########################################

    Orbital       Ghost
    -----------------------------------------------------------------
	100 	    no
	210 	    no


### NL/SL report #####################################


 NL:Orbital    Filling       Eigenvalues[Ry]          Norm       Ghost
    ------------------------------------------------------------------
	100 	 0.900	      -0.5469875276	  0.6970193164	    no
	210 	 0.100	      -0.0214292904	  0.9999033018	    no
	200 	 0.000	      -0.0358797291	  0.9941989949	    no

	 ========== No ghosts in potential!!========== 

      E_tot =       -0.8677453384 Ry

### KE report ########################################

	 ===   Ecut necessary for ~1    eV convergence error / electron === 
	 --------------------------------------------------------------- 
		 	 Ecut[Ry] 	 error [meV/e] 
	100  		   19 	          997.546 
	210  		   2499 	          198.414 
	200  		   19 	          997.546 
	 ===   Ecut necessary for ~100 meV convergence error / electron === 
	 --------------------------------------------------------------- 
		 	 Ecut[Ry] 	 error [meV/e] 
	100  		   2427 	           99.866 
	210  		   -----  >2500 Ry   -----
	200  		   2427 	           99.866 

	 ===   Ecut necessary for  ~10 meV convergence error / electron === 
	 --------------------------------------------------------------- 
		 	 Ecut[Ry] 	 error [meV/e] 
	100  		   2486 	            9.066 
	210  		   -----  >2500 Ry   -----
	200  		   2486 	            9.066 

	 ===   Ecut necessary for   ~1 meV convergence error / electron === 
	 --------------------------------------------------------------- 
		 	 Ecut[Ry] 	 error [meV/e] 
	100  		   2493 	            0.899 
	210  		   -----  >2500 Ry   -----
	200  		   2493 	            0.899 

### TC report ########################################

Comparison of total energies
Config	 E_sl(Ry)	 E_nl(Ry)	 Delta(eV)
0       -0.867745       -0.867745        0.000000
1       -0.917822       -0.917822        0.000000
2       -0.253812       -0.253812        0.000000
3       -0.238728       -0.238728        0.000000
MAD (eV): 0
