##########################################################
#    Opium Report File                                   #
##########################################################
     Opium version:        4.1

### copy of the parameter file #######################

[Atom]
H  
2
100   1.00   -
210   0.00  -

[Pseudo]
2  1.0  1.0
g

[Gaussinfo]
1 2
1 3
 1 21.24359508259891  1.00000000000000   
 3 21.24359508259891  21.24359508259891  
 2 21.77696655044365  -10.85192405303825 
 2 1.000000000000000  0.00000000000000   

[XC]
pbe

[KBDesign]
p

[Relativity]
nrl


### AE report ########################################

 AE:Orbital    Filling       Eigenvalues[Ry]          Norm
    ----------------------------------------------------------
	100	 1.000	      -0.4772098146	  0.7092971577
	210	 0.000	      -0.0000010000	  0.8844616885

      E_tot =       -0.9178617009 Ry

### PS report ########################################

    Orbital       Ghost
    -----------------------------------------------------------------
	100 	    no
	210 	    no


### NL/SL report #####################################


 NL:Orbital    Filling       Eigenvalues[Ry]          Norm       Ghost
    ------------------------------------------------------------------
	100 	 1.000	      -0.4772022854	  0.7093156414	    no
	210 	 0.000	      -0.0000010000	  0.9067093591	    no

	 ========== No ghosts in potential!!========== 

      E_tot =       -0.9178222709 Ry

### KE report ########################################

	 ===   Ecut necessary for ~1    eV convergence error / electron === 
	 --------------------------------------------------------------- 
		 	 Ecut[Ry] 	 error [meV/e] 
	100  		   10 	          996.982 
	210  		   -----  >400 Ry   -----
	 ===   Ecut necessary for ~100 meV convergence error / electron === 
	 --------------------------------------------------------------- 
		 	 Ecut[Ry] 	 error [meV/e] 
	100  		   48 	           99.618 
	210  		   -----  >400 Ry   -----

	 ===   Ecut necessary for  ~10 meV convergence error / electron === 
	 --------------------------------------------------------------- 
		 	 Ecut[Ry] 	 error [meV/e] 
	100  		   136 	            9.843 
	210  		   -----  >400 Ry   -----

	 ===   Ecut necessary for   ~1 meV convergence error / electron === 
	 --------------------------------------------------------------- 
		 	 Ecut[Ry] 	 error [meV/e] 
	100  		   251 	            0.994 
	210  		   -----  >400 Ry   -----

### TC report ########################################

