##########################################################
#    Opium Report File                                   #
##########################################################
     Opium version:        4.1

### copy of the parameter file #######################

[Atom]
Co
8            
100   2.00  -
200   2.00  -
210   6.00  -
300   2.00  -
310   6.00  -
320   7.00  -
400   0.00  -
410   0.00  -

[Pseudo]
5 1.184 1.184 1.095  1.184 1.184
g

[Gaussinfo]
17 3
2 2 4
2 10.01376507057255 15.83672934608217
2 15.02621129789283 172.58644121168814
2 7.98859093353055 15.34949546119973
2 14.99758617130331 90.99564753940966
1 12.00388220496507 17.0
3 10.00506429085990 204.065997484406190
2 9.45480330099094 -117.74448833998987
2 6.00692441518066 2.85018517336932

[KBdesign]
s

[Relativity]
nrl

[XC]
pbe

[Configs]
12

300  2.00 -
310  6.00 -
320  7.00 -
400  2.00 -
410  0.00 -

300  2.00 -
310  6.00 -
320  8.00 -
400  1.00 -
410  0.00 -

300  2.00 -
310  6.00 -
320  9.00 -
400  0.00 -
410  0.00 -

300  2.00 -
310  6.00 -
320  7.00 -
400  1.00 -
410  0.00 -

300  2.00 -
310  6.00 -
320  8.00 -
400  0.00 -
410  0.00 -

300  2.00 -
310  6.00 -
320  7.00 -
400  0.00 -
410  0.00 -

300  2.00 -
310  6.00 -
320  6.00 -
400  0.00 -
410  0.00 -

300  2.00 -
310  6.00 -
320  5.00 -
400  0.00 -
410  0.00 -

300  2.00 -
310  6.00 -
320  4.00 -
400  0.00 -
410  0.00 -

300  2.00 -
310  6.00 -
320  3.00 -
400  0.00 -
410  0.00 -

300  2.00 -
310  6.00 -
320  2.00 -
400  0.00 -
410  0.00 -

300  2.00 -
310  6.00 -
320  1.00 -
400  0.00 -
410  0.00 -


### AE report ########################################

 AE:Orbital    Filling       Eigenvalues[Ry]          Norm
    ----------------------------------------------------------
	100	 2.000	    -553.8164550328
	200	 2.000	     -66.2669959375
	210	 6.000	     -57.7160253102
	300	 2.000	      -8.7349119490	  0.1023401336
	310	 6.000	      -6.1787925498	  0.1424845361
	320	 7.000	      -2.0025514031	  0.3619485813
	400	 0.000	      -1.5169996437	  0.9530594625
	410	 0.000	      -1.0724158607	  0.9655165875

      E_tot =    -2762.9210434026 Ry

### PS report ########################################

    Orbital       Ghost
    -----------------------------------------------------------------
	100 	    no
	210 	    no
	320 	    no


### NL/SL report #####################################


 NL:Orbital    Filling       Eigenvalues[Ry]          Norm       Ghost
    ------------------------------------------------------------------
	100 	 2.000	      -8.8074869391	  0.0980583954	    no
	210 	 6.000	      -6.0769842645	  0.1420902799	    no
	320 	 7.000	      -2.0009824062	  0.3567157777	    no
	200 	 0.000	      -1.5318657700	  0.9514605125	    no
	310 	 0.000	      -1.0769034808	  0.9633526668	    no

	 ========== No ghosts in potential!!========== 

      E_tot =     -288.8858564597 Ry

### KE report ########################################

	 ===   Ecut necessary for ~1    eV convergence error / electron === 
	 --------------------------------------------------------------- 
		 	 Ecut[Ry] 	 error [meV/e] 
	100  		   95 	          958.251 
	210  		   53 	          971.149 
	320  		   257 	          983.149 
	200  		   95 	          958.251 
	310  		   53 	          971.149 
	 ===   Ecut necessary for ~100 meV convergence error / electron === 
	 --------------------------------------------------------------- 
		 	 Ecut[Ry] 	 error [meV/e] 
	100  		   237 	           98.636 
	210  		   187 	           99.985 
	320  		   389 	           97.827 
	200  		   237 	           98.636 
	310  		   187 	           99.985 

	 ===   Ecut necessary for  ~10 meV convergence error / electron === 
	 --------------------------------------------------------------- 
		 	 Ecut[Ry] 	 error [meV/e] 
	100  		   346 	            9.828 
	210  		   270 	            9.885 
	320  		   533 	            9.726 
	200  		   346 	            9.828 
	310  		   270 	            9.885 

	 ===   Ecut necessary for   ~1 meV convergence error / electron === 
	 --------------------------------------------------------------- 
		 	 Ecut[Ry] 	 error [meV/e] 
	100  		   424 	            0.968 
	210  		   343 	            0.959 
	320  		   703 	            0.985 
	200  		   424 	            0.968 
	310  		   343 	            0.959 

### TC report ########################################

Comparison of total energies
Config	 E_sl(Ry)	 E_nl(Ry)	 Delta(eV)
0     -288.885856     -288.885856        0.000001
1     -290.772918     -290.772917       -0.000002
2     -290.872051     -290.871990       -0.000826
3     -290.797395     -290.797220       -0.002377
4     -290.113581     -290.113582        0.000006
5     -290.314343     -290.314257       -0.001166
6     -288.885856     -288.885856        0.000001
7     -286.231901     -286.231715       -0.002539
8     -282.133994     -282.133106       -0.012079
9     -276.408524     -276.406404       -0.028850
10     -268.893660     -268.890165       -0.047558
11     -259.442541     -259.438500       -0.054988
12     -247.919892     -247.917797       -0.028501
MAD (eV): 0.0137612
