##########################################################
#    Opium Report File                                   #
##########################################################
     Opium version:        4.1

### copy of the parameter file #######################

[Atom]
Cu
8            
100   2.00  -
200   2.00  -
210   6.00  -
300   2.00  -
310   6.00  -
320   8.00  -
400   0.00  -
410   0.00  -

[Pseudo]
5 1.184 1.184 1.095  1.184 1.184
g

[Gaussinfo]
19 3
2 2 4
2 12.068348  78.019159
2  9.360313  27.107011
2 13.173488  54.905280
2  6.969207  14.661758
1  3.806452  19.000000
3  4.021416  72.322595
2  3.885376 -84.688200
2  2.626437   3.393685

[KBdesign]
s

[Relativity]
nrl

[XC]
pbe

[Configs]
2

300  2.00 -
310  6.00 -
320  9.00 -
400  2.00 -
410  0.00 -

300  2.00 -
310  6.00 -
320  9.00 -
400  1.00 -
410  0.00 -

############################################################

### AE report ########################################

 AE:Orbital    Filling       Eigenvalues[Ry]          Norm
    ----------------------------------------------------------
	100	 2.000	    -646.2943536620
	200	 2.000	     -79.9184616712
	210	 6.000	     -70.4878482921
	300	 2.000	     -11.5390462121	  0.0603413133
	310	 6.000	      -8.5889689406	  0.0871410756
	320	 8.000	      -3.6186299201	  0.2445991879
	400	 0.000	      -2.5027827485	  0.9292595255
	410	 0.000	      -1.9057418854	  0.9497081129

      E_tot =    -3275.5333098079 Ry

### PS report ########################################

    Orbital       Ghost
    -----------------------------------------------------------------
	100 	    no
	210 	    no
	320 	    no


### NL/SL report #####################################


 NL:Orbital    Filling       Eigenvalues[Ry]          Norm       Ghost
    ------------------------------------------------------------------
	100 	 2.000	     -11.6803868039	  0.0531673939	    no
	210 	 6.000	      -8.5855000310	  0.0800533836	    no
	320 	 8.000	      -3.6161170223	  0.2459460153	    no
	200 	 0.000	      -2.5349711976	  0.9262113175	    no
	310 	 0.000	      -1.9163630572	  0.9502603277	    no

	 ========== No ghosts in potential!!========== 

      E_tot =     -387.2205498723 Ry

### KE report ########################################

	 ===   Ecut necessary for ~1    eV convergence error / electron === 
	 --------------------------------------------------------------- 
		 	 Ecut[Ry] 	 error [meV/e] 
	100  		   103 	          999.973 
	210  		   122 	          996.771 
	320  		   177 	          998.368 
	200  		   103 	          999.973 
	310  		   122 	          996.771 
	 ===   Ecut necessary for ~100 meV convergence error / electron === 
	 --------------------------------------------------------------- 
		 	 Ecut[Ry] 	 error [meV/e] 
	100  		   197 	           99.933 
	210  		   213 	           99.973 
	320  		   250 	           99.953 
	200  		   197 	           99.933 
	310  		   213 	           99.973 

	 ===   Ecut necessary for  ~10 meV convergence error / electron === 
	 --------------------------------------------------------------- 
		 	 Ecut[Ry] 	 error [meV/e] 
	100  		   323 	           10.000 
	210  		   279 	            9.923 
	320  		   325 	            9.936 
	200  		   323 	           10.000 
	310  		   279 	            9.923 

	 ===   Ecut necessary for   ~1 meV convergence error / electron === 
	 --------------------------------------------------------------- 
		 	 Ecut[Ry] 	 error [meV/e] 
	100  		   403 	            0.993 
	210  		   337 	            0.999 
	320  		   398 	            0.987 
	200  		   403 	            0.993 
	310  		   337 	            0.999 

### TC report ########################################

Comparison of total energies
Config	 E_sl(Ry)	 E_nl(Ry)	 Delta(eV)
0     -387.220550     -387.220550        0.000000
1     -392.119676     -392.119409       -0.003637
2     -391.416169     -391.415876       -0.003987
MAD (eV): 0.00254137
