##########################################################
#    Opium Report File                                   #
##########################################################
     Opium version:        4.1

### copy of the parameter file #######################

[Atom]
Ag
11
100   2.00  -
200   2.00  -
210   6.00  -
300   2.00  -
310   6.00  -
320   10.0  -
400   2.00  -
410   6.00  -
420   8.00  -
500   0.00  -
510   0.00  -

[Pseudo]
5 -1 -1 -1 -1 -1
g

[Gaussinfo]
19 4 2
2 2 2 4  2 4
2  12.57067724180113  281.00441811099660
2  7.07522814100377  40.24656462522648
2  11.40284147576970  210.99243904272370
2  6.50491457512741  30.82987222347189
2  10.79267544476592  101.03360986818583
2  4.48539588858540  14.81363987308751
1  11.11699601755791  19.0
3  11.30706740194795  211.222924333600290
2  10.88746528420199  -111.38567369335220
2  6.05089592989141  -10.04923439650254
2  7.62088320974757 6.99064970706853
2  14.53373228971298 -7.08820659226168
2  9.10940219021725 -28.77225668600546
2  11.05785564479291 28.64954879947132
2  5.54053919799420 -5.42671519343780
2  4.27463627306079 4.87315679015983


[KBdesign]
s

[Relativity]
frl

[XC]
pbe

[Configs]
11

400   2.00  -
410   6.00  -
420   10.0  -
500   1.00  -
510   0.00  -

400   2.00  -
410   6.00  -
420   10.0  -
500   0.00  -
510   0.00  -

400   2.00  -
410   6.00  -
420   9.00  -
500   1.00  -
510   0.00  -

400   2.00  -
410   6.00  -
420   9.00  -
500   0.00  -
510   1.00  -

400   2.00  -
410   6.00  -
420   8.00  -
500   2.00  -
510   0.00  -

400   2.00  -
410   6.00  -
420   9.00  -
500   0.00  -
510   0.00  -

400   2.00  -
410   6.00  -
420   8.00  -
500   1.00  -
510   0.00  -

400   2.00  -
410   6.00  -
420   8.00  -
500   0.00  -
510   0.00  -

400   2.00  -
410   6.00  -
420   7.00  -
500   0.00  -
510   0.00  -

400   2.00  -
410   6.00  -
420   6.00  -
500   0.00  -
510   0.00  -

400   2.00  -
410   6.00  -
420   5.00  -
500   0.00  -
510   0.00  -

############################################################

### AE report ########################################

 AE:Orbital    Filling       Eigenvalues[Ry]          Norm
    ----------------------------------------------------------
	100+	 2.000	   -1857.8610159743
	200+	 2.000	    -276.1646617887
	210-	 2.000	    -256.8287315836
	210+	 4.000	    -244.0274346439
	300+	 2.000	     -53.0182520203
	310-	 2.000	     -45.3307850196
	310+	 4.000	     -43.0693816460
	320-	 4.000	     -29.4905660667
	320+	 6.000	     -29.0338085971
	400+	 2.000	      -9.8066668596	  0.0487291543
	410-	 2.000	      -7.3680462691	  0.1034292744
	410+	 4.000	      -6.9866200166	  0.1209405311
	420-	 3.200	      -3.2444497809	  0.1451521791
	420+	 4.800	      -3.1953415557	  0.1516492010
	500+	 0.000	      -2.3077686959	  0.9023391356
	510-	 0.000	      -1.7734206349	  0.9408209151
	510+	 0.000	      -1.7269405466	  0.9423713770

      E_tot =   -10620.7845290611 Ry

### PS report ########################################

    Orbital       Ghost
    -----------------------------------------------------------------
	400 	    no
	410 	    no
	410 	    no
	420 	    no
	420 	    no


### NL/SL report #####################################


 NL:Orbital    Filling       Eigenvalues[Ry]          Norm       Ghost
    ------------------------------------------------------------------
	400+	 2.000	     -10.0929418005	  0.0450337907	    no
	410-	 2.000	      -7.4679722380	  0.1020321330	    no
	410+	 4.000	      -7.1879361880	  0.1144093374	    no
	420-	 3.200	      -3.1833265971	  0.1555295598	    no
	420+	 4.800	      -3.2266691496	  0.1469037384	    no
	500+	 0.000	      -2.3168947813	  0.9044617130	    no
	510-	 0.000	      -1.7673919934	  0.9439489991	    no
	510+	 0.000	      -1.7330292932	  0.9454836776	    no

	 ========== No ghosts in potential!!========== 

      E_tot =     -289.0605292569 Ry

### KE report ########################################

	 ===   Ecut necessary for ~1    eV convergence error / electron === 
	 --------------------------------------------------------------- 
		 	 Ecut[Ry] 	 error [meV/e] 
	400+ 		   127 	          998.753 
	410- 		   90 	          993.574 
	410+ 		   86 	          996.066 
	420- 		   41 	          993.927 
	420+ 		   45 	          996.075 
	500+ 		   127 	          998.753 
	510- 		   90 	          993.574 
	510+ 		   86 	          996.066 
	 ===   Ecut necessary for ~100 meV convergence error / electron === 
	 --------------------------------------------------------------- 
		 	 Ecut[Ry] 	 error [meV/e] 
	400+ 		   190 	           98.802 
	410- 		   195 	           99.766 
	410+ 		   189 	           99.958 
	420- 		   125 	           99.889 
	420+ 		   127 	           99.457 
	500+ 		   190 	           98.802 
	510- 		   195 	           99.766 
	510+ 		   189 	           99.958 

	 ===   Ecut necessary for  ~10 meV convergence error / electron === 
	 --------------------------------------------------------------- 
		 	 Ecut[Ry] 	 error [meV/e] 
	400+ 		   349 	            9.943 
	410- 		   282 	            9.955 
	410+ 		   273 	            9.997 
	420- 		   172 	            9.890 
	420+ 		   187 	            9.892 
	500+ 		   349 	            9.943 
	510- 		   282 	            9.955 
	510+ 		   273 	            9.997 

	 ===   Ecut necessary for   ~1 meV convergence error / electron === 
	 --------------------------------------------------------------- 
		 	 Ecut[Ry] 	 error [meV/e] 
	400+ 		   445 	            0.992 
	410- 		   342 	            0.998 
	410+ 		   335 	            0.997 
	420- 		   299 	            1.000 
	420+ 		   234 	            0.994 
	500+ 		   445 	            0.992 
	510- 		   342 	            0.998 
	510+ 		   335 	            0.997 

### TC report ########################################

Comparison of total energies
Config	 E_sl(Ry)	 E_nl(Ry)	 Delta(eV)
0     -289.060529     -289.060529        0.000000
1     -293.914516     -293.915168        0.008872
2     -293.338644     -293.339338        0.009440
3     -292.951548     -292.951781        0.003175
4     -292.539784     -292.539930        0.001984
5     -292.400234     -292.400243        0.000123
6     -291.716177     -291.716393        0.002943
7     -291.047244     -291.047247        0.000037
8     -289.060529     -289.060529        0.000000
9     -285.265543     -285.265822        0.003794
10     -280.241947     -280.243120        0.015967
11     -273.911868     -273.914513        0.035992
MAD (eV): 0.00686074
