##########################################################
#    Opium Report File                                   #
##########################################################
     Opium version:        4.1

### copy of the parameter file #######################

[Atom]
Ag
11
100   2.00  -
200   2.00  -
210   6.00  -
300   2.00  -
310   6.00  -
320   10.0  -
400   2.00  -
410   6.00  -
420   8.00  -
500   0.00  -
510   0.00  -

[Pseudo]
5 -1 -1 -1 -1 -1
g

[Gaussinfo]
19 4
2 2 2 4
2  12.57067724180113  281.00441811099660
2  7.07522814100377  40.24656462522648
2  11.40284147576970  210.99243904272370
2  6.50491457512741  30.82987222347189
2  10.79267544476592  101.03360986818583
2  4.48539588858540  14.81363987308751
1  11.11699601755791  19.0
3  11.30706740194795  211.222924333600290
2  10.88746528420199  -111.38567369335220
2  6.05089592989141  -10.04923439650254


[KBdesign]
s

[Relativity]
srl

[XC]
pbe

[Configs]
11

400   2.00  -
410   6.00  -
420   10.0  -
500   1.00  -
510   0.00  -

400   2.00  -
410   6.00  -
420   10.0  -
500   0.00  -
510   0.00  -

400   2.00  -
410   6.00  -
420   9.00  -
500   1.00  -
510   0.00  -

400   2.00  -
410   6.00  -
420   9.00  -
500   0.00  -
510   1.00  -

400   2.00  -
410   6.00  -
420   8.00  -
500   2.00  -
510   0.00  -

400   2.00  -
410   6.00  -
420   9.00  -
500   0.00  -
510   0.00  -

400   2.00  -
410   6.00  -
420   8.00  -
500   1.00  -
510   0.00  -

400   2.00  -
410   6.00  -
420   8.00  -
500   0.00  -
510   0.00  -

400   2.00  -
410   6.00  -
420   7.00  -
500   0.00  -
510   0.00  -

400   2.00  -
410   6.00  -
420   6.00  -
500   0.00  -
510   0.00  -

400   2.00  -
410   6.00  -
420   5.00  -
500   0.00  -
510   0.00  -

############################################################

### AE report ########################################

 AE:Orbital    Filling       Eigenvalues[Ry]          Norm
    ----------------------------------------------------------
	400	 2.000	      -9.8066668596	  0.0487558699
	410	 6.000	      -7.1137621008	  0.1151313882
	420	 8.000	      -3.2149848458	  0.1490952374
	500	 0.000	      -2.3077686959	  0.9023518882
	510	 0.000	      -1.7424339094	  0.9418955791

      E_tot =   -10620.7845290611 Ry

### PS report ########################################

    Orbital       Ghost
    -----------------------------------------------------------------
	100 	    no
	210 	    no
	320 	    no


### NL/SL report #####################################


 NL:Orbital    Filling       Eigenvalues[Ry]          Norm       Ghost
    ------------------------------------------------------------------
	100 	 2.000	     -10.0981400721	  0.0449784157	    no
	210 	 6.000	      -7.2825653279	  0.1101242205	    no
	320 	 8.000	      -3.2079266062	  0.1506539608	    no
	200 	 0.000	      -2.3177018229	  0.9043799371	    no
	310 	 0.000	      -1.7503810356	  0.9427935391	    no

	 ========== No ghosts in potential!!========== 

      E_tot =     -289.0035643110 Ry

### KE report ########################################

	 ===   Ecut necessary for ~1    eV convergence error / electron === 
	 --------------------------------------------------------------- 
		 	 Ecut[Ry] 	 error [meV/e] 
	100  		   127 	          999.386 
	210  		   87 	          990.166 
	320  		   43 	          986.466 
	200  		   127 	          999.386 
	310  		   87 	          990.166 
	 ===   Ecut necessary for ~100 meV convergence error / electron === 
	 --------------------------------------------------------------- 
		 	 Ecut[Ry] 	 error [meV/e] 
	100  		   190 	           98.815 
	210  		   191 	           99.997 
	320  		   126 	           99.333 
	200  		   190 	           98.815 
	310  		   191 	           99.997 

	 ===   Ecut necessary for  ~10 meV convergence error / electron === 
	 --------------------------------------------------------------- 
		 	 Ecut[Ry] 	 error [meV/e] 
	100  		   348 	            9.990 
	210  		   276 	            9.957 
	320  		   180 	            9.886 
	200  		   348 	            9.990 
	310  		   276 	            9.957 

	 ===   Ecut necessary for   ~1 meV convergence error / electron === 
	 --------------------------------------------------------------- 
		 	 Ecut[Ry] 	 error [meV/e] 
	100  		   444 	            0.999 
	210  		   337 	            0.998 
	320  		   231 	            0.998 
	200  		   444 	            0.999 
	310  		   337 	            0.998 

### TC report ########################################

Comparison of total energies
Config	 E_sl(Ry)	 E_nl(Ry)	 Delta(eV)
0     -289.003564     -289.003564        0.000000
1     -293.856265     -293.856941        0.009199
2     -293.279872     -293.280601        0.009920
3     -292.894101     -292.894346        0.003328
4     -292.481847     -292.484225        0.032354
5     -292.344542     -292.344551        0.000123
6     -291.658075     -291.658307        0.003166
7     -290.991000     -290.991003        0.000042
8     -289.003564     -289.003564        0.000000
9     -285.210280     -285.210600        0.004350
10     -280.189031     -280.190438        0.019142
11     -273.862021     -273.865379        0.045681
MAD (eV): 0.0106088
