##########################################################
#    Opium Report File                                   #
##########################################################
     Opium version:        4.1

### copy of the parameter file #######################

[Atom]
P
5
100 2.00 -
200 2.00 -
210 6.00 -
300 2.00 -
310 2.00 -

[KBDesign]
s

[Relativity]
nrl

[Pseudo]
4 -1 -1 -1 -1
g

[xc]
pbe

[Gaussinfo]
13 2
2 3
2 101.982019 25.197230
2 37.485881 189.426261
1 15.073300 13.000000
3 18.113176 195.952906
2 17.371539 -117.611086

[Configs]
16

200 2.00 -
210 6.00 -
300 2.00 -
310 3.00 -

200 2.00 -
210 6.00 -
300 1.00 -
310 4.00 -

200 2.00 -
210 6.00 -
300 2.00 -
310 2.00 -

200 2.00 -
210 6.00 -
300 2.00 -
310 1.00 -

200 2.00 -
210 6.00 -
300 1.00 -
310 3.00 -

200 2.00 -
210 6.00 -
300 2.00 -
310 0.00 -

200 2.00 -
210 6.00 -
300 1.00 -
310 1.00 -

200 2.00 -
210 6.00 -
300 1.00 -
310 0.00 -

200 2.00 -
210 6.00 -
300 0.00 -
310 0.00 -

200 2.00 -
210 5.00 -
300 0.00 -
310 0.00 -

200 2.00 -
210 4.00 -
300 0.00 -
310 0.00 -

200 2.00 -
210 3.00 -
300 0.00 -
310 0.00 -

200 2.00 -
210 2.00 -
300 0.00 -
310 0.00 -

200 2.00 -
210 1.00 -
300 0.00 -
310 0.00 -

200 2.00 -
210 0.50 -
300 0.50 -
310 0.00 -

200 1.00 -
210 0.50 -
300 0.50 -
310 0.00 -
 

### AE report ########################################

 AE:Orbital    Filling       Eigenvalues[Ry]          Norm
    ----------------------------------------------------------
	100	 2.000	    -153.5133759254
	200	 2.000	     -13.5014336783	  0.0469237690
	210	 6.000	      -9.9343815104	  0.0496472153
	300	 2.000	      -1.7055742530	  0.9334966161
	310	 2.000	      -1.0456661187	  0.9522641927

      E_tot =     -681.3784754300 Ry

### PS report ########################################

    Orbital       Ghost
    -----------------------------------------------------------------
	100 	    no
	210 	    no


### NL/SL report #####################################


 NL:Orbital    Filling       Eigenvalues[Ry]          Norm       Ghost
    ------------------------------------------------------------------
	100 	 2.000	     -13.4127381423	  0.0473946218	    no
	210 	 6.000	     -10.1588904329	  0.0472519994	    no
	200 	 2.000	      -1.7054161177	  0.9330138657	    no
	310 	 2.000	      -1.0464794519	  0.9541405628	    no

	 ========== No ghosts in potential!!========== 

      E_tot =     -250.5265666411 Ry

### KE report ########################################

	 ===   Ecut necessary for ~1    eV convergence error / electron === 
	 --------------------------------------------------------------- 
		 	 Ecut[Ry] 	 error [meV/e] 
	100  		   291 	          997.155 
	210  		   415 	          999.720 
	200  		   291 	          997.155 
	310  		   415 	          999.720 
	 ===   Ecut necessary for ~100 meV convergence error / electron === 
	 --------------------------------------------------------------- 
		 	 Ecut[Ry] 	 error [meV/e] 
	100  		   408 	           99.620 
	210  		   618 	           99.493 
	200  		   408 	           99.620 
	310  		   618 	           99.493 

	 ===   Ecut necessary for  ~10 meV convergence error / electron === 
	 --------------------------------------------------------------- 
		 	 Ecut[Ry] 	 error [meV/e] 
	100  		   725 	            9.999 
	210  		   833 	            9.966 
	200  		   725 	            9.999 
	310  		   833 	            9.966 

	 ===   Ecut necessary for   ~1 meV convergence error / electron === 
	 --------------------------------------------------------------- 
		 	 Ecut[Ry] 	 error [meV/e] 
	100  		   1104 	            0.999 
	210  		   1049 	            0.999 
	200  		   1104 	            0.999 
	310  		   1049 	            0.999 

### TC report ########################################

Comparison of total energies
Config	 E_sl(Ry)	 E_nl(Ry)	 Delta(eV)
0     -250.529750     -250.526566       -0.043315
1     -251.247156     -251.243388       -0.051263
2     -250.628889     -250.623524       -0.072992
3     -250.529750     -250.526566       -0.043315
4     -249.119834     -249.117825       -0.027342
5     -249.869038     -249.864041       -0.067993
6     -246.931954     -246.931949       -0.000073
7     -246.187061     -246.184463       -0.035348
8     -243.120150     -243.120131       -0.000251
9     -238.351681     -238.351635       -0.000632
10     -221.822044     -221.820684       -0.018509
11     -201.917791     -201.913629       -0.056624
12     -178.450092     -178.442628       -0.101553
13     -151.247388     -151.237879       -0.129379
14     -120.162835     -120.155021       -0.106322
15     -110.462155     -110.457584       -0.062186
16      -72.467810      -72.461232       -0.089498
MAD (eV): 0.0533291
