##########################################################
#    Opium Report File                                   #
##########################################################
     Opium version:        4.1

### copy of the parameter file #######################

[Atom]
Cd
11            
100   2.00  -
200   2.00  -
210   6.00  -
300   2.00  -
310   6.00  -
320  10.00  -
400   2.00  -
410   6.00  -
420  10.00  -
500   2.00  -
510   0.00  -

[Pseudo]
5 -1 -1 -1 -1 -1
g

[Gaussinfo]
20 4 2
2 2 2 4  4 4
2 13.62145614 270.03577812
2 7.52345647 38.85650409
2 12.67450052 193.82516777
2 6.82630348 31.85742897
2 10.71556949 79.18652125
2 5.03190732 12.82308982
1 10.99139317 20.00000000
3 10.83891331 219.82786346
2 11.41975038 -124.38804814
2 11.57606160 -29.36902312
2 1.45267803249450e+01 -1.29083497578599e+02
2 1.04341254527238e+01 1.29371140003154e+02
2 5.09481540902857e+00 -2.12470702581901e+01
2 8.57332747717457e+00 2.14710634526506e+01
2 1.12553267842977e+01 -3.16128089415878e+01
2 1.10391204888566e+01 3.16438192408332e+01
2 4.82709355481920e+00 -4.98447297380782e+00
2 4.68636133281494e+00 4.78091682450109e+00

[KBdesign]
s

[Relativity]
frl

[XC]
pbe

[Configs]
8

400   2.00  -
410   6.00  -
420  10.00  -
500   2.00  -
510   0.00  -

400   2.00  -
410   6.00  -
420  10.00  -
500   1.00  -
510   0.00  -

400   2.00  -
410   6.00  -
420  10.00  -
500   0.00  -
510   0.00  -

400   2.00  -
410   6.00  -
420   9.00  -
500   0.00  -
510   0.00  -

400   2.00  -
410   6.00  -
420   9.00  -
500   1.00  -
510   0.00  -

400   2.00  -
410   6.00  -
420   9.00  -
500   2.00  -
510   0.00  -

400   2.00  -
410   6.00  -
420  10.00  -
500   1.00  -
510   1.00  -

400   2.00  -
410   6.00  -
420  10.00  -
500   0.00  -
510   2.00  -

### AE report ########################################

 AE:Orbital    Filling       Eigenvalues[Ry]          Norm
    ----------------------------------------------------------
	100+	 2.000	   -1942.3276248652
	200+	 2.000	    -288.5002756733
	210-	 2.000	    -268.5608814583
	210+	 4.000	    -254.5102259647
	300+	 2.000	     -53.7949304716
	310-	 2.000	     -45.8087666787
	310+	 4.000	     -43.2976628739
	320-	 4.000	     -29.1966134364
	320+	 6.000	     -28.6849143558
	400+	 2.000	      -7.7639528106	  0.0553226080
	410-	 2.000	      -5.2042284106	  0.0750847935
	410+	 4.000	      -4.7786492834	  0.0905753608
	420-	 4.000	      -0.8947112256	  0.2063251088
	420+	 6.000	      -0.8436252750	  0.2173520143
	500+	 2.000	      -0.4151899309	  0.9530254724
	510-	 0.000	      -0.0958748907	  0.9830563016
	510+	 0.000	      -0.0832510936	  0.9851032468

      E_tot =   -11182.5600089545 Ry

### PS report ########################################

    Orbital       Ghost
    -----------------------------------------------------------------
	400 	    no
	410 	    no
	410 	    no
	420 	    no
	420 	    no


### NL/SL report #####################################


 NL:Orbital    Filling       Eigenvalues[Ry]          Norm       Ghost
    ------------------------------------------------------------------
	400+	 2.000	      -7.9226592261	  0.0526885954	    no
	410-	 2.000	      -5.1054063122	  0.0747288700	    no
	410+	 4.000	      -5.0634281650	  0.0822103977	    no
	420-	 4.000	      -0.8789382340	  0.2093101504	    no
	420+	 6.000	      -0.8301203066	  0.2200059017	    no
	500+	 2.000	      -0.4204848643	  0.9524816518	    no
	510-	 0.000	      -0.1060577887	  0.9761222478	    no
	510+	 0.000	      -0.0859367743	  0.9853343255	    no

	 ========== No ghosts in potential!!========== 

      E_tot =     -335.4668636083 Ry

### KE report ########################################

	 ===   Ecut necessary for ~1    eV convergence error / electron === 
	 --------------------------------------------------------------- 
		 	 Ecut[Ry] 	 error [meV/e] 
	400+ 		   115 	          997.375 
	410- 		   96 	          994.425 
	410+ 		   89 	          989.700 
	420- 		   47 	          989.887 
	420+ 		   46 	          988.035 
	500+ 		   115 	          997.375 
	510- 		   96 	          994.425 
	510+ 		   89 	          989.700 
	 ===   Ecut necessary for ~100 meV convergence error / electron === 
	 --------------------------------------------------------------- 
		 	 Ecut[Ry] 	 error [meV/e] 
	400+ 		   196 	           99.679 
	410- 		   145 	           99.941 
	410+ 		   170 	           99.913 
	420- 		   65 	           98.036 
	420+ 		   64 	           99.492 
	500+ 		   196 	           99.679 
	510- 		   145 	           99.941 
	510+ 		   170 	           99.913 

	 ===   Ecut necessary for  ~10 meV convergence error / electron === 
	 --------------------------------------------------------------- 
		 	 Ecut[Ry] 	 error [meV/e] 
	400+ 		   252 	            9.941 
	410- 		   204 	            9.990 
	410+ 		   271 	            9.922 
	420- 		   235 	            9.983 
	420+ 		   259 	            9.989 
	500+ 		   252 	            9.941 
	510- 		   204 	            9.990 
	510+ 		   271 	            9.922 

	 ===   Ecut necessary for   ~1 meV convergence error / electron === 
	 --------------------------------------------------------------- 
		 	 Ecut[Ry] 	 error [meV/e] 
	400+ 		   457 	            0.992 
	410- 		   396 	            0.994 
	410+ 		   332 	            0.992 
	420- 		   2400 	            0.995 
	420+ 		   2437 	            0.982 
	500+ 		   457 	            0.992 
	510- 		   396 	            0.994 
	510+ 		   332 	            0.992 

### TC report ########################################

Comparison of total energies
Config	 E_sl(Ry)	 E_nl(Ry)	 Delta(eV)
0     -335.466864     -335.466864       -0.000001
1     -335.466864     -335.466864       -0.000001
2     -334.779313     -334.779314        0.000014
3     -333.512032     -333.512033        0.000010
4     -330.730435     -330.730564        0.001759
5     -332.771311     -332.771413        0.001378
6     -334.159771     -334.159861        0.001224
7     -335.123105     -335.126241        0.042669
8     -334.755422     -334.762854        0.101117
MAD (eV): 0.0164636
