##########################################################
#    Opium Report File                                   #
##########################################################
     Opium version:        4.1

### copy of the parameter file #######################

[Atom]
Cd
11            
100   2.00  -
200   2.00  -
210   6.00  -
300   2.00  -
310   6.00  -
320  10.00  -
400   2.00  -
410   6.00  -
420  10.00  -
500   2.00  -
510   0.00  -

[Pseudo]
5 -1 -1 -1 -1 -1
g

[Gaussinfo]
20 4
2 2 2 4
2 13.62145614 270.03577812
2 7.523456470 38.856504090
2 12.67450052 193.82516777
2 6.826303480 31.857428970
2 10.71556949 79.186521250
2 5.031907320 12.823089820
1 10.99139317 20.000000000
3 10.83891331 219.82786346
2 11.41975038 -124.38804814
2 11.57606160 -29.36902312

[KBdesign]
s

[Relativity]
srl

[XC]
pbe

[Configs]
8

400   2.00  -
410   6.00  -
420  10.00  -
500   2.00  -
510   0.00  -

400   2.00  -
410   6.00  -
420  10.00  -
500   1.00  -
510   0.00  -

400   2.00  -
410   6.00  -
420  10.00  -
500   0.00  -
510   0.00  -

400   2.00  -
410   6.00  -
420   9.00  -
500   0.00  -
510   0.00  -

400   2.00  -
410   6.00  -
420   9.00  -
500   1.00  -
510   0.00  -

400   2.00  -
410   6.00  -
420   9.00  -
500   2.00  -
510   0.00  -

400   2.00  -
410   6.00  -
420  10.00  -
500   1.00  -
510   1.00  -

400   2.00  -
410   6.00  -
420  10.00  -
500   0.00  -
510   2.00  -

### AE report ########################################

 AE:Orbital    Filling       Eigenvalues[Ry]          Norm
    ----------------------------------------------------------
	400	 2.000	      -7.7639528106	  0.0553597284
	410	 6.000	      -4.9205089925	  0.0853840049
	420	10.000	      -0.8640596552	  0.2129758445
	500	 2.000	      -0.4151899309	  0.9530293399
	510	 0.000	      -0.0874590260	  0.9844454669

      E_tot =   -11182.5600089545 Ry

### PS report ########################################

    Orbital       Ghost
    -----------------------------------------------------------------
	100 	    no
	210 	    no
	320 	    no


### NL/SL report #####################################


 NL:Orbital    Filling       Eigenvalues[Ry]          Norm       Ghost
    ------------------------------------------------------------------
	100 	 2.000	      -7.9323186508	  0.0524994731	    no
	210 	 6.000	      -5.0356218895	  0.0813347907	    no
	320 	10.000	      -0.8528307670	  0.2146087326	    no
	200 	 2.000	      -0.4200333926	  0.9524914833	    no
	310 	 0.000	      -0.0880946428	  0.9843101085	    no

	 ========== No ghosts in potential!!========== 

      E_tot =     -335.1669866186 Ry

### KE report ########################################

	 ===   Ecut necessary for ~1    eV convergence error / electron === 
	 --------------------------------------------------------------- 
		 	 Ecut[Ry] 	 error [meV/e] 
	100  		   116 	          997.882 
	210  		   89 	          999.001 
	320  		   47 	          983.911 
	200  		   116 	          997.882 
	310  		   89 	          999.001 
	 ===   Ecut necessary for ~100 meV convergence error / electron === 
	 --------------------------------------------------------------- 
		 	 Ecut[Ry] 	 error [meV/e] 
	100  		   196 	           99.853 
	210  		   126 	           99.967 
	320  		   64 	           98.892 
	200  		   196 	           99.853 
	310  		   126 	           99.967 

	 ===   Ecut necessary for  ~10 meV convergence error / electron === 
	 --------------------------------------------------------------- 
		 	 Ecut[Ry] 	 error [meV/e] 
	100  		   252 	            9.952 
	210  		   273 	            9.917 
	320  		   248 	            9.993 
	200  		   252 	            9.952 
	310  		   273 	            9.917 

	 ===   Ecut necessary for   ~1 meV convergence error / electron === 
	 --------------------------------------------------------------- 
		 	 Ecut[Ry] 	 error [meV/e] 
	100  		   456 	            0.991 
	210  		   342 	            0.989 
	320  		   2429 	            0.985 
	200  		   456 	            0.991 
	310  		   342 	            0.989 

### TC report ########################################

Comparison of total energies
Config	 E_sl(Ry)	 E_nl(Ry)	 Delta(eV)
0     -335.166987     -335.166987       -0.000000
1     -335.166987     -335.166987       -0.000000
2     -334.479884     -334.479884        0.000005
3     -333.212895     -333.212895        0.000003
4     -330.426297     -330.426409        0.001531
5     -332.467493     -332.467578        0.001157
6     -333.855955     -333.856028        0.000985
7     -334.820789     -334.821171        0.005208
8     -334.449724     -334.450646        0.012545
MAD (eV): 0.00238157
