##########################################################
#    Opium Report File                                   #
##########################################################
     Opium version:        4.1

### copy of the parameter file #######################

[Atom]
He  
3
100   1.90  -
200   0.10  -
210   0.00  -

[Pseudo]
3  0.683595  0.683595  0.683595
g

[Gaussinfo]
2 2
1 3
2  1.000000   0.000000
1 32.000000   2.000000
3 32.000000  64.000000
2 33.713355 -27.700840

[XC]
pbe

[KBDesign]
p

[Relativity]
nrl

[Configs]
3

100   1.00  -
200   1.00  -
210   0.00  -

100   1.00  -
200   0.00  -
210   1.00  -

100   1.00  -
200   0.00  -
210   0.00  -


### AE report ########################################

 AE:Orbital    Filling       Eigenvalues[Ry]          Norm
    ----------------------------------------------------------
	100	 1.900	      -1.2821150339	  0.5942132589
	210	 0.000	      -0.0140268177	  0.9999775181
	200	 0.100	      -0.0434800575	  0.9957567398

      E_tot =       -5.6666121807 Ry

### PS report ########################################

    Orbital       Ghost
    -----------------------------------------------------------------
	100 	    no
	210 	    no


### NL/SL report #####################################


 NL:Orbital    Filling       Eigenvalues[Ry]          Norm       Ghost
    ------------------------------------------------------------------
	100 	 1.900	      -1.2819385583	  0.5941593881	    no
	210 	 0.000	      -0.0140263617	  0.9999775411	    no
	200 	 0.100	      -0.0434805510	  0.9957550723	    no

	 ========== No ghosts in potential!!========== 

      E_tot =       -5.6660493036 Ry

### KE report ########################################

	 ===   Ecut necessary for ~1    eV convergence error / electron === 
	 --------------------------------------------------------------- 
		 	 Ecut[Ry] 	 error [meV/e] 
	100  		   84 	          998.356 
	210  		   -----  >2500 Ry   -----
	200  		   84 	          998.356 
	 ===   Ecut necessary for ~100 meV convergence error / electron === 
	 --------------------------------------------------------------- 
		 	 Ecut[Ry] 	 error [meV/e] 
	100  		   237 	           99.763 
	210  		   -----  >2500 Ry   -----
	200  		   237 	           99.763 

	 ===   Ecut necessary for  ~10 meV convergence error / electron === 
	 --------------------------------------------------------------- 
		 	 Ecut[Ry] 	 error [meV/e] 
	100  		   435 	            9.988 
	210  		   -----  >2500 Ry   -----
	200  		   435 	            9.988 

	 ===   Ecut necessary for   ~1 meV convergence error / electron === 
	 --------------------------------------------------------------- 
		 	 Ecut[Ry] 	 error [meV/e] 
	100  		   674 	            0.999 
	210  		   -----  >2500 Ry   -----
	200  		   674 	            0.999 

### TC report ########################################

Comparison of total energies
Config	 E_sl(Ry)	 E_nl(Ry)	 Delta(eV)
0       -5.666049       -5.666049        0.000000
1       -4.142766       -4.142766        0.000000
2       -4.062556       -4.062556        0.000000
3       -3.803708       -3.803708        0.000000
MAD (eV): 0
