##########################################################
#    Opium Report File                                   #
##########################################################
     Opium version:        4.1

### copy of the parameter file #######################

[Atom]
Ge
11            
100   2.00  -
200   2.00  -
210   6.00  -
300   2.00  -
310   6.00  -
320  10.00  -
400   2.00  -
410   0.50  -
420   0.50  -
500   0.00  -
510   0.00  -

[Pseudo]
5 -1 -1 -1 -1 -1
g

[Gaussinfo]
4 4
2 2 2 4
2 2.894473589836 43.265429324814
2 1.550339816290 -1.909339873965
2 2.986528872039 35.263014141211
2 1.283381203893 0.963439928853
2 1.043001142249 2.339019442484
2 0.554562729807 0.541380654081
1 1.478962662442 4.0
3 3.188905647765 5.9158506497680
2 1.927438978253 -12.033712959815
2 1.545539235916 1.283543489065

[KBdesign]
p

[Relativity]
nrl

[XC]
pbe

[Configs]
12

400   2.00 -
410   1.50 -
420   0.50 -
500   0.00  -
510   0.00  -

400   2.00 -
410   1.00 -
420   1.00 -
500   0.00  -
510   0.00  -

400   2.00 -
410   1.00 -
420   0.00 -
500   1.00  -
510   0.00  -

400   1.00 -
410   2.50 -
420   0.50 -
500   0.00  -
510   0.00  -

400   1.00 -
410   2.00 -
420   1.00 -
500   0.00  -
510   0.00  -

400   2.00 -
410   1.00 -
420   0.00 -
500   0.00  -
510   0.00  -

400   2.00 -
410   0.00 -
420   1.00 -
500   0.00  -
510   0.00  -

400   2.00 -
410   0.00 -
420   0.00 -
500   1.00  -
510   0.00  -

400   2.00 -
410   0.00 -
420   0.00 -
500   0.00  -
510   0.00  -

400   1.00 -
410   1.00 -
420   0.00 -
500   0.00  -
510   0.00  -

400   1.00 -
410   0.00 -
420   0.00 -
500   1.00  -
510   0.00  -

400   1.00 -
410   0.00 -
420   1.00 -
500   0.00  -
510   0.00  -

### AE report ########################################

 AE:Orbital    Filling       Eigenvalues[Ry]          Norm
    ----------------------------------------------------------
	100	 2.000	    -794.8476211145
	200	 2.000	     -99.0974395719
	210	 6.000	     -88.3144271173
	300	 2.000	     -12.8004432866
	310	 6.000	      -9.2301033276
	320	10.000	      -3.0372973932
	400	 2.000	      -1.5496563917	  0.1596907502
	410	 0.500	      -0.9280924628	  0.2595930363
	420	 0.500	      -0.2861342524	  0.5635882659
	500	 0.000	      -0.3916797730	  0.9358569836
	510	 0.000	      -0.2693996357	  0.9341306826

      E_tot =    -4152.4076219990 Ry

### PS report ########################################

    Orbital       Ghost
    -----------------------------------------------------------------
	100 	    no
	210 	    no
	320 	    no


### NL/SL report #####################################


 NL:Orbital    Filling       Eigenvalues[Ry]          Norm       Ghost
    ------------------------------------------------------------------
	100 	 2.000	      -1.5579363809	  0.1578794735	    no
	210 	 0.500	      -0.9243552187	  0.2622437759	    no
	320 	 0.500	      -0.2862854236	  0.5612428244	    no
	200 	 0.000	      -0.3916102691	  0.9368246278	    no
	310 	 0.000	      -0.2683772886	  0.9345076562	    no

	 ========== No ghosts in potential!!========== 

      E_tot =       -6.6009831128 Ry

### KE report ########################################

	 ===   Ecut necessary for ~1    eV convergence error / electron === 
	 --------------------------------------------------------------- 
		 	 Ecut[Ry] 	 error [meV/e] 
	100  		   10 	          944.859 
	210  		   4 	          995.165 
	320  		   2 	          942.996 
	200  		   10 	          944.859 
	310  		   4 	          995.165 
	 ===   Ecut necessary for ~100 meV convergence error / electron === 
	 --------------------------------------------------------------- 
		 	 Ecut[Ry] 	 error [meV/e] 
	100  		   20 	           97.932 
	210  		   21 	           93.721 
	320  		   5 	           88.606 
	200  		   20 	           97.932 
	310  		   21 	           93.721 

	 ===   Ecut necessary for  ~10 meV convergence error / electron === 
	 --------------------------------------------------------------- 
		 	 Ecut[Ry] 	 error [meV/e] 
	100  		   51 	            9.902 
	210  		   31 	            9.862 
	320  		   9 	            9.672 
	200  		   51 	            9.902 
	310  		   31 	            9.862 

	 ===   Ecut necessary for   ~1 meV convergence error / electron === 
	 --------------------------------------------------------------- 
		 	 Ecut[Ry] 	 error [meV/e] 
	100  		   66 	            0.953 
	210  		   69 	            0.967 
	320  		   330 	            0.998 
	200  		   66 	            0.953 
	310  		   69 	            0.967 

### TC report ########################################

Comparison of total energies
Config	 E_sl(Ry)	 E_nl(Ry)	 Delta(eV)
0       -6.600983       -6.600983        0.000000
1       -7.275362       -7.275362       -0.000013
2       -7.039618       -7.039618        0.000011
3       -7.144733       -7.144713       -0.000263
4       -6.682979       -6.682979       -0.000007
5       -6.425418       -6.425419        0.000011
6       -6.908943       -6.908942       -0.000001
7       -6.271893       -6.271892       -0.000016
8       -6.376338       -6.376283       -0.000744
9       -5.777826       -5.777824       -0.000022
10       -5.100211       -5.100211        0.000012
11       -4.311765       -4.311691       -0.000999
12       -4.277639       -4.277587       -0.000704
MAD (eV): 0.000215644
