##########################################################
#    Opium Report File                                   #
##########################################################
     Opium version:        4.1

### copy of the parameter file #######################

[Atom]
Ar
6
100 2.00 -
200 2.00 -
210 6.00 -
300 2.00 -
310 4.00 -
320 1.00 -

[KBDesign]
p

[Pseudo]
3 1.781 1.876 1.485
g

[xc]
pbe

[Gaussinfo]
8 3
2 2 3
2 27.068139 18.910152
2 4.801263 53.040012
2 11.135735 8.015534
2 4.126631 28.220208
1 8.317181 8.000000
3 13.124648 66.537451
2 6.503132 -24.100393

[Configs]
14

300 2.00 -
310 6.00 -
320 0.00 -

300 1.00 -
310 6.00 -
320 1.00 -

300 2.00 -
310 5.00 -
320 1.00 -

300 2.00 -
310 5.00 -
320 0.00 -

300 1.00 -
310 6.00 -
320 0.00 -

300 1.00 -
310 5.00 -
320 1.00 -

300 2.00 -
310 4.00 -
320 0.00 -

300 1.00 -
310 5.00 -
320 0.00 -

300 2.00 -
310 3.00 -
320 1.00 -

300 2.00 -
310 3.00 -
320 0.00 -

300 2.00 -
310 2.00 -
320 0.00 -

300 2.00 -
310 1.00 -
320 0.00 -

300 2.00 -
310 0.00 -
320 0.00 -

300 1.00 -
310 0.00 -
320 0.00 -

### AE report ########################################

 AE:Orbital    Filling       Eigenvalues[Ry]          Norm
    ----------------------------------------------------------
	100	 2.000	    -229.7900088632
	200	 2.000	     -23.0249839068
	210	 6.000	     -18.2613522959
	300	 2.000	      -2.9026027585	  0.1948969768
	310	 4.000	      -1.8320561547	  0.2530525831
	320	 1.000	      -0.4200539191	  0.7752365752

      E_tot =    -1052.1369785913 Ry

### PS report ########################################

    Orbital       Ghost
    -----------------------------------------------------------------
	100 	    no
	210 	    no
	320 	    no


### NL/SL report #####################################


 NL:Orbital    Filling       Eigenvalues[Ry]          Norm       Ghost
    ------------------------------------------------------------------
	100 	 2.000	      -2.9261312883	  0.1926337170	    no
	210 	 4.000	      -1.8233195193	  0.2566148474	    no
	320 	 1.000	      -0.4213345979	  0.7796534583	    no

	 ========== No ghosts in potential!!========== 

      E_tot =      -39.4960065445 Ry

### KE report ########################################

	 ===   Ecut necessary for ~1    eV convergence error / electron === 
	 --------------------------------------------------------------- 
		 	 Ecut[Ry] 	 error [meV/e] 
	100  		   25 	          956.656 
	210  		   12 	          959.136 
	320  		   34 	          972.131 
	 ===   Ecut necessary for ~100 meV convergence error / electron === 
	 --------------------------------------------------------------- 
		 	 Ecut[Ry] 	 error [meV/e] 
	100  		   38 	           97.365 
	210  		   51 	           96.318 
	320  		   64 	           97.629 

	 ===   Ecut necessary for  ~10 meV convergence error / electron === 
	 --------------------------------------------------------------- 
		 	 Ecut[Ry] 	 error [meV/e] 
	100  		   95 	            9.669 
	210  		   86 	            9.855 
	320  		   93 	            9.479 

	 ===   Ecut necessary for   ~1 meV convergence error / electron === 
	 --------------------------------------------------------------- 
		 	 Ecut[Ry] 	 error [meV/e] 
	100  		   135 	            0.979 
	210  		   123 	            0.973 
	320  		   117 	            0.991 

### TC report ########################################

Comparison of total energies
Config	 E_sl(Ry)	 E_nl(Ry)	 Delta(eV)
0      -39.496007      -39.496007        0.000000
1      -42.037402      -42.037397       -0.000070
2      -39.920293      -39.920288       -0.000067
3      -41.002300      -41.002293       -0.000100
4      -40.861213      -40.861213       -0.000010
5      -39.774733      -39.774732       -0.000004
6      -38.391107      -38.391105       -0.000024
7      -38.763070      -38.763069       -0.000012
8      -37.636055      -37.636054       -0.000007
9      -37.243182      -37.243104       -0.001056
10      -35.647785      -35.647775       -0.000145
11      -31.435591      -31.435556       -0.000465
12      -26.059272      -26.059199       -0.000992
13      -19.465549      -19.465428       -0.001649
14      -10.338301      -10.338236       -0.000884
MAD (eV): 0.00036563
