##########################################################
#    Opium Report File                                   #
##########################################################
     Opium version:        4.1

### copy of the parameter file #######################

[Atom]
Ta
15            
100   2.00 -
200   2.00 -
210   6.00 -
300   2.00 -
310   6.00 -
320  10.00 -
400   2.00 -
410   6.00 -
420  10.00 -
430  14.00 -
500   2.00 -
510   6.00 -
520   4.00 -
600   1.00 -
610   0.00 -

[Pseudo]
5 1.176092 1.288137 1.877981 3.242022 3.2
g

[Gaussinfo]
13 5 3
4 4 4 2 4  6 6 2
2  16.08487737880344   354.56078018080508
4  4.85668884301541   -3.18906211229170
2  6.30802922975839   15.43406034238401
2  4.04911757928159   17.92189033024011
2  9.21923589281251   291.70871884263369
4  8.30422516651248   -10.54318109647359
2  3.16045125855980   -0.60632678182044
2  2.27620720575355   3.70756033781846
2  5.66393146919502   119.43407155054338
4  6.80490694652875   -1.42875323933968
2  5.86746551190718   6.08463244531056
2  5.45850446761400   14.58929295482653
2  1.88569677412283   13.74156012098197
2  3.23123426818858   12.96703882608918
1  6.58579803212618   13.0
3  9.13192842576420   85.615374417640340
2  7.99186085237527   -0.26293749961227
2  1.84263860654940   -2.27391351331509
2  9.56775704949641e+00  -1.93788021566307e+02   
2  7.67245314346327e+00  1.95894081277139e+02 
4  9.28459014346259e+00  -9.65332951346128e+00  
4  8.09973865015157e+00  6.25321612928146e+00
2  3.63700626593621e+00  -1.44228943099978e-01 
2  1.69094259127323e+00  -1.60196008703870e+00 
2  5.49858241665781e+00  -4.59692675665773e+01
2  5.59504723145173e+00  4.64012578026804e+01 
4  5.86863374879611e+00  -4.74343389690372e-01  
4  5.65411544412552e+00  2.93785234043371e-01
2  1.41459437326532e+00  4.84403825308043e-01 
2  1.56515216227196e+00  -2.70080742921569e-01 
2  2.13266008195571e+00  -3.83110753677589e+00
2  2.03292298158203e+00  3.92454891037515e+00



[KBdesign]
s

[Relativity]
frl

[XC]
pbe

[Configs]
8
500   2.00 -
510   6.00 -
520   5.00 -
600   0.00 -
610   0.00 -

500   2.00 -
510   6.00 -
520   4.00 -
600   0.00 -
610   1.00 -

500   2.00 -
510   6.00 -
520   3.00 -
600   0.00 -
610   0.00 -

500   2.00 -
510   6.00 -
520   2.00 -
600   0.00 -
610   0.00 -

500   2.00 -
510   6.00 -
520   1.00 -
600   0.00 -
610   0.00 -

500   2.00 -
510   6.00 -
520   0.00 -
600   0.00 -
610   0.00 -

500   2.00 -
510   5.00 -
520   0.00 -
600   0.00 -
610   0.00 -

500   2.00 -
510   4.00 -
520   0.00 -
600   0.00 -
610   0.00 -

### AE report ########################################

 AE:Orbital    Filling       Eigenvalues[Ry]          Norm
    ----------------------------------------------------------
	100+	 2.000	   -4922.2895342541
	200+	 2.000	    -845.6538188989
	210-	 2.000	    -807.8187355394
	210+	 4.000	    -715.4129937114
	300+	 2.000	    -193.7167217144
	310-	 2.000	    -176.9965070768
	310+	 4.000	    -157.0800552571
	320-	 4.000	    -129.0869708309
	320+	 6.000	    -124.7342777082
	400+	 2.000	     -39.3902538023
	410-	 2.000	     -32.5065523234
	410+	 4.000	     -27.9199108796
	420-	 4.000	     -16.6566011000
	420+	 6.000	     -15.8109522487
	430-	 6.000	      -1.7821285076
	430+	 8.000	      -1.6365612623
	500+	 2.000	      -5.2112445241	  0.4022803950
	510-	 2.000	      -3.2271437220	  0.4111009792
	510+	 4.000	      -2.5953931023	  0.5110254263
	520-	 1.600	      -0.2194314510	  0.5863514356
	520+	 2.400	      -0.1807765824	  0.6272151649
	600+	 1.000	      -0.3638057900	  0.5079901248
	610-	 0.000	      -0.1091737443	  0.8111609140
	610+	 0.000	      -0.0822621159	  0.8748196301

      E_tot =   -31210.2696427816 Ry

### PS report ########################################

    Orbital       Ghost
    -----------------------------------------------------------------
	500 	    no
	510 	    no
	510 	    no
	520 	    no
	520 	    no


### NL/SL report #####################################


 NL:Orbital    Filling       Eigenvalues[Ry]          Norm       Ghost
    ------------------------------------------------------------------
	500+	 2.000	      -5.1159883610	  0.4028322224	    no
	510-	 2.000	      -3.0587905723	  0.4117373342	    no
	510+	 4.000	      -2.6623616008	  0.5056331832	    no
	520-	 1.600	      -0.2202410373	  0.5932065232	    no
	520+	 2.400	      -0.1824540474	  0.6289579196	    no
	600+	 1.000	      -0.3611921619	  0.5125398828	    no
	610-	 0.000	      -0.1077113947	  0.8153757591	    no
	610+	 0.000	      -0.0840144379	  0.8726643194	    no

	 ========== No ghosts in potential!!========== 

      E_tot =     -114.8848420940 Ry

### KE report ########################################

	 ===   Ecut necessary for ~1    eV convergence error / electron === 
	 --------------------------------------------------------------- 
		 	 Ecut[Ry] 	 error [meV/e] 
	500+ 		   49 	          998.234 
	510- 		   64 	          989.547 
	510+ 		   51 	          987.595 
	520- 		   2479 	          944.893 
	520+ 		   2484 	          884.722 
	600+ 		   49 	          998.234 
	610- 		   64 	          989.547 
	610+ 		   51 	          987.595 
	 ===   Ecut necessary for ~100 meV convergence error / electron === 
	 --------------------------------------------------------------- 
		 	 Ecut[Ry] 	 error [meV/e] 
	500+ 		   136 	           99.455 
	510- 		   168 	           99.779 
	510+ 		   137 	           99.868 
	520- 		   2490 	           96.983 
	520+ 		   2492 	           75.736 
	600+ 		   136 	           99.455 
	610- 		   168 	           99.779 
	610+ 		   137 	           99.868 

	 ===   Ecut necessary for  ~10 meV convergence error / electron === 
	 --------------------------------------------------------------- 
		 	 Ecut[Ry] 	 error [meV/e] 
	500+ 		   179 	            9.903 
	510- 		   224 	            9.862 
	510+ 		   184 	            9.927 
	520- 		   2496 	            9.429 
	520+ 		   -----  >2500 Ry   -----
	600+ 		   179 	            9.903 
	610- 		   224 	            9.862 
	610+ 		   184 	            9.927 

	 ===   Ecut necessary for   ~1 meV convergence error / electron === 
	 --------------------------------------------------------------- 
		 	 Ecut[Ry] 	 error [meV/e] 
	500+ 		   406 	            0.998 
	510- 		   375 	            0.999 
	510+ 		   324 	            0.997 
	520- 		   -----  >2500 Ry   -----
	520+ 		   -----  >2500 Ry   -----
	600+ 		   406 	            0.998 
	610- 		   375 	            0.999 
	610+ 		   324 	            0.997 

### TC report ########################################

Comparison of total energies
Config	 E_sl(Ry)	 E_nl(Ry)	 Delta(eV)
0     -114.884842     -114.884842        0.000000
1     -114.708355     -114.708355       -0.000001
2     -114.607122     -114.607237        0.001569
3     -113.320609     -113.320610        0.000007
4     -111.587850     -111.587854        0.000045
5     -109.017503     -109.017518        0.000202
6     -105.532373     -105.532414        0.000563
7      -97.870869      -97.870954        0.001149
8      -88.888563      -88.888684        0.001652
MAD (eV): 0.000576384
