##########################################################
#    Opium Report File                                   #
##########################################################
     Opium version:        4.1

### copy of the parameter file #######################

[Atom]
Ta
15            
100   2.00 -
200   2.00 -
210   6.00 -
300   2.00 -
310   6.00 -
320  10.00 -
400   2.00 -
410   6.00 -
420  10.00 -
430  14.00 -
500   2.00 -
510   6.00 -
520   4.00 -
600   1.00 -
610   0.00 -

[Pseudo]
5 1.176092 1.288137 1.877981 3.242022 3.2
g

[Gaussinfo]
13 5
4 4 4 2 4
2  16.08487737880344   354.56078018080508
4  4.85668884301541   -3.18906211229170
2  6.30802922975839   15.43406034238401
2  4.04911757928159   17.92189033024011
2  9.21923589281251   291.70871884263369
4  8.30422516651248   -10.54318109647359
2  3.16045125855980   -0.60632678182044
2  2.27620720575355   3.70756033781846
2  5.66393146919502   119.43407155054338
4  6.80490694652875   -1.42875323933968
2  5.86746551190718   6.08463244531056
2  5.45850446761400   14.58929295482653
2  1.88569677412283   13.74156012098197
2  3.23123426818858   12.96703882608918
1  6.58579803212618   13.0
3  9.13192842576420   85.615374417640340
2  7.99186085237527   -0.26293749961227
2  1.84263860654940   -2.27391351331509



[KBdesign]
s

[Relativity]
nrl

[XC]
pbe

[Configs]
7
500   2.00 -
510   6.00 -
520   5.00 -
600   0.00 -
610   0.00 -

500   2.00 -
510   6.00 -
520   4.00 -
600   0.00 -
610   1.00 -

500   2.00 -
510   6.00 -
520   3.00 -
600   0.00 -
610   0.00 -

500   2.00 -
510   6.00 -
520   2.00 -
600   0.00 -
610   0.00 -

500   2.00 -
510   6.00 -
520   1.00 -
600   0.00 -
610   0.00 -

500   2.00 -
510   6.00 -
520   0.00 -
600   0.00 -
610   0.00 -

#500   2.00 -
#510   5.00 -
#520   0.00 -
#600   0.00 -
#610   0.00 -

500   2.00 -
510   4.00 -
520   0.00 -
600   0.00 -
610   0.00 -

### AE report ########################################

 AE:Orbital    Filling       Eigenvalues[Ry]          Norm
    ----------------------------------------------------------
	100	 2.000	   -4554.0045099195
	200	 2.000	    -745.9197473467
	210	 6.000	    -714.5069974401
	300	 2.000	    -169.2467117877
	310	 6.000	    -154.7412165870
	320	10.000	    -127.7043048776
	400	 2.000	     -33.3255878290
	410	 6.000	     -27.3050812333
	420	10.000	     -16.3596988289
	430	14.000	      -2.1966902982
	500	 2.000	      -4.2613780266	  0.5167398411
	510	 6.000	      -2.5744536650	  0.5248494390
	520	 4.000	      -0.2352649360	  0.5787291618
	600	 1.000	      -0.2856245684	  0.6307143903
	610	 0.000	      -0.0832329736	  0.8816680708

      E_tot =   -29606.9459334110 Ry

### PS report ########################################

    Orbital       Ghost
    -----------------------------------------------------------------
	100 	    no
	210 	    no
	320 	    no


### NL/SL report #####################################


 NL:Orbital    Filling       Eigenvalues[Ry]          Norm       Ghost
    ------------------------------------------------------------------
	100 	 2.000	      -5.1293866627	  0.4018994979	    no
	210 	 6.000	      -2.7541359832	  0.4808408877	    no
	320 	 4.000	      -0.1974712951	  0.6118791851	    no
	200 	 1.000	      -0.3596577306	  0.5124975583	    no
	310 	 0.000	      -0.0884991637	  0.8596786838	    no

	 ========== No ghosts in potential!!========== 

      E_tot =     -114.5852035826 Ry

### KE report ########################################

	 ===   Ecut necessary for ~1    eV convergence error / electron === 
	 --------------------------------------------------------------- 
		 	 Ecut[Ry] 	 error [meV/e] 
	100  		   49 	          997.738 
	210  		   54 	          999.312 
	320  		   2482 	          937.681 
	200  		   49 	          997.738 
	310  		   54 	          999.312 
	 ===   Ecut necessary for ~100 meV convergence error / electron === 
	 --------------------------------------------------------------- 
		 	 Ecut[Ry] 	 error [meV/e] 
	100  		   136 	           98.913 
	210  		   144 	           99.335 
	320  		   2491 	           91.644 
	200  		   136 	           98.913 
	310  		   144 	           99.335 

	 ===   Ecut necessary for  ~10 meV convergence error / electron === 
	 --------------------------------------------------------------- 
		 	 Ecut[Ry] 	 error [meV/e] 
	100  		   179 	            9.954 
	210  		   193 	            9.899 
	320  		   2499 	            9.077 
	200  		   179 	            9.954 
	310  		   193 	            9.899 

	 ===   Ecut necessary for   ~1 meV convergence error / electron === 
	 --------------------------------------------------------------- 
		 	 Ecut[Ry] 	 error [meV/e] 
	100  		   412 	            1.000 
	210  		   333 	            0.994 
	320  		   -----  >2500 Ry   -----
	200  		   412 	            1.000 
	310  		   333 	            0.994 

### TC report ########################################

Comparison of total energies
Config	 E_sl(Ry)	 E_nl(Ry)	 Delta(eV)
0     -114.585204     -114.585204       -0.000000
1     -114.409863     -114.409865        0.000025
2     -114.304824     -114.305340        0.007030
3     -113.019580     -113.019582        0.000028
4     -111.281824     -111.281858        0.000465
5     -108.704345     -108.704495        0.002043
6     -105.210230     -105.210654        0.005772
7      -88.649080      -88.651163        0.028345
MAD (eV): 0.00546356
