##########################################################
#    Opium Report File                                   #
##########################################################
     Opium version:        4.1

### copy of the parameter file #######################

[Atom]
Fe
8            
100   2.00  -
200   2.00  -
210   6.00  -
300   2.00  -
310   6.00  -
320   6.00  -
400   0.00  -
410   0.00  -

[Pseudo]
5 1.184 1.184 1.095  1.184 1.184
g

[Gaussinfo]
16 3
2 2 4 
2 13.221833 153.088061
2  7.769539  11.680385
2  9.100629  40.685923
2  7.483933  14.200485
1  3.798917  16.000000
3  3.576729  60.782672
2  3.514698 -66.518840
2  3.058692   1.621670


[KBdesign]
s

[Relativity]
nrl

[XC]
pbe

[Configs]
8

300  2.00 -
310  6.00 -
320  6.00 -
400  0.00 -
410  0.00 -

300  2.00 -
310  6.00 -
320  5.00 -
400  1.00 -
410  0.00 -

300  2.00 -
310  6.00 -
320  5.00 -
400  0.00 -
410  0.00 -

300  2.00 -
310  6.00 -
320  4.00 -
400  0.00 -
410  0.00 -

300  2.00 -
310  6.00 -
320  3.00 -
400  0.00 -
410  0.00 -

300  2.00 -
310  6.00 -
320  2.00 -
400  0.00 -
410  0.00 -

300  2.00 -
310  6.00 -
320  1.00 -
400  0.00 -
410  0.00 -

300  2.00 -
310  6.00 -
320  0.00 -
400  0.00 -
410  0.00 -
############################################################

### AE report ########################################

 AE:Orbital    Filling       Eigenvalues[Ry]          Norm
    ----------------------------------------------------------
	100	 2.000	    -510.9420244998
	200	 2.000	     -60.5897941480
	210	 6.000	     -52.4709491948
	300	 2.000	      -8.1063222459	  0.1204551391
	310	 6.000	      -5.7323490094	  0.1652686071
	320	 6.000	      -1.9026085324	  0.3943170325
	400	 0.000	      -1.4659033988	  0.9531980031
	410	 0.000	      -1.0457341137	  0.9638583754

      E_tot =    -2524.7842428141 Ry

### PS report ########################################

    Orbital       Ghost
    -----------------------------------------------------------------
	100 	    no
	210 	    no
	320 	    no


### NL/SL report #####################################


 NL:Orbital    Filling       Eigenvalues[Ry]          Norm       Ghost
    ------------------------------------------------------------------
	100 	 2.000	      -8.3729868594	  0.1082037702	    no
	210 	 6.000	      -5.6948044880	  0.1579468853	    no
	320 	 6.000	      -1.9052033830	  0.3929794466	    no
	200 	 0.000	      -1.4787477405	  0.9559613567	    no
	310 	 0.000	      -1.0519843644	  0.9632763862	    no

	 ========== No ghosts in potential!!========== 

      E_tot =     -245.1773859880 Ry

### KE report ########################################

	 ===   Ecut necessary for ~1    eV convergence error / electron === 
	 --------------------------------------------------------------- 
		 	 Ecut[Ry] 	 error [meV/e] 
	100  		   90 	          990.661 
	210  		   50 	          996.784 
	320  		   135 	          993.448 
	200  		   90 	          990.661 
	310  		   50 	          996.784 
	 ===   Ecut necessary for ~100 meV convergence error / electron === 
	 --------------------------------------------------------------- 
		 	 Ecut[Ry] 	 error [meV/e] 
	100  		   238 	           99.630 
	210  		   151 	           99.071 
	320  		   196 	           99.000 
	200  		   238 	           99.630 
	310  		   151 	           99.071 

	 ===   Ecut necessary for  ~10 meV convergence error / electron === 
	 --------------------------------------------------------------- 
		 	 Ecut[Ry] 	 error [meV/e] 
	100  		   310 	            9.912 
	210  		   201 	            9.864 
	320  		   258 	            9.924 
	200  		   310 	            9.912 
	310  		   201 	            9.864 

	 ===   Ecut necessary for   ~1 meV convergence error / electron === 
	 --------------------------------------------------------------- 
		 	 Ecut[Ry] 	 error [meV/e] 
	100  		   388 	            0.999 
	210  		   245 	            0.988 
	320  		   322 	            0.995 
	200  		   388 	            0.999 
	310  		   245 	            0.988 

### TC report ########################################

Comparison of total energies
Config	 E_sl(Ry)	 E_nl(Ry)	 Delta(eV)
0     -245.177386     -245.177386       -0.000003
1     -245.177386     -245.177386       -0.000003
2     -244.605711     -244.605637       -0.001010
3     -242.641309     -242.641208       -0.001378
4     -238.709388     -238.709021       -0.005001
5     -233.207258     -233.206773       -0.006602
6     -225.986379     -225.986656        0.003768
7     -216.916645     -216.919778        0.042624
8     -205.882286     -205.892076        0.133201
MAD (eV): 0.0215101
