##########################################################
#    Opium Report File                                   #
##########################################################
     Opium version:        4.1

### copy of the parameter file #######################

[Atom]
Na
5
100 2.00 -
200 2.00 -
210 6.00 -
300 0.50 -
310 0.50 -

[KBDesign]
s

[Relativity]
nrl

[Pseudo]
4 -1 -1 -1 -1
g

[xc]
pbe

[Gaussinfo]
9 2
2 3
2 61.004364 25.194598
2 14.829519 60.933576
1 8.997115 9.000000
3 8.958240 80.974036
2 8.691287 -57.117991

[Configs]
10

200 2.00 -
210 6.00 -
300 1.00 -
310 0.00 -

200 2.00 -
210 6.00 -
300 0.00 -
310 1.00 -

200 2.00 -
210 6.00 -
300 0.00 -
310 0.00 -

200 2.00 -
210 5.00 -
300 0.00 -
310 0.00 -

200 2.00 -
210 4.00 -
300 0.00 -
310 0.00 -

200 2.00 -
210 3.00 -
300 0.00 -
310 0.00 -

200 2.00 -
210 2.00 -
300 0.00 -
310 0.00 -

200 2.00 -
210 1.00 -
300 0.00 -
310 0.00 -

200 2.00 -
210 0.00 -
300 0.00 -
310 0.00 -

200 1.00 -
210 0.00 -
300 0.00 -
310 0.00 -


### AE report ########################################

 AE:Orbital    Filling       Eigenvalues[Ry]          Norm
    ----------------------------------------------------------
	100	 2.000	     -75.9325099230
	200	 2.000	      -4.2380726570	  0.0984188740
	210	 6.000	      -2.1899529616	  0.1391673185
	300	 0.500	      -0.2370249303	  0.9825868169
	310	 0.500	      -0.0843100453	  0.9926833213

      E_tot =     -324.2547678283 Ry

### PS report ########################################

    Orbital       Ghost
    -----------------------------------------------------------------
	100 	    no
	210 	    no


### NL/SL report #####################################


 NL:Orbital    Filling       Eigenvalues[Ry]          Norm       Ghost
    ------------------------------------------------------------------
	100 	 2.000	      -4.1084863112	  0.1025043828	    no
	210 	 6.000	      -2.2285030973	  0.1377139591	    no
	200 	 0.500	      -0.2361331045	  0.9817691911	    no
	310 	 0.500	      -0.0844625090	  0.9929699479	    no

	 ========== No ghosts in potential!!========== 

      E_tot =      -95.2359705214 Ry

### KE report ########################################

	 ===   Ecut necessary for ~1    eV convergence error / electron === 
	 --------------------------------------------------------------- 
		 	 Ecut[Ry] 	 error [meV/e] 
	100  		   101 	          998.254 
	210  		   162 	          995.010 
	200  		   101 	          998.254 
	310  		   162 	          995.010 
	 ===   Ecut necessary for ~100 meV convergence error / electron === 
	 --------------------------------------------------------------- 
		 	 Ecut[Ry] 	 error [meV/e] 
	100  		   178 	           99.801 
	210  		   256 	           99.309 
	200  		   178 	           99.801 
	310  		   256 	           99.309 

	 ===   Ecut necessary for  ~10 meV convergence error / electron === 
	 --------------------------------------------------------------- 
		 	 Ecut[Ry] 	 error [meV/e] 
	100  		   264 	            9.980 
	210  		   359 	            9.917 
	200  		   264 	            9.980 
	310  		   359 	            9.917 

	 ===   Ecut necessary for   ~1 meV convergence error / electron === 
	 --------------------------------------------------------------- 
		 	 Ecut[Ry] 	 error [meV/e] 
	100  		   436 	            0.997 
	210  		   463 	            0.997 
	200  		   436 	            0.997 
	310  		   463 	            0.997 

### TC report ########################################

Comparison of total energies
Config	 E_sl(Ry)	 E_nl(Ry)	 Delta(eV)
0      -95.235992      -95.235971       -0.000290
1      -95.310237      -95.310237       -0.000000
2      -95.158800      -95.158751       -0.000673
3      -94.933603      -94.933603       -0.000001
4      -91.346327      -91.345839       -0.006638
5      -85.850753      -85.848636       -0.028815
6      -78.229366      -78.224703       -0.063453
7      -68.286489      -68.279556       -0.094327
8      -55.849435      -55.842919       -0.088656
9      -40.778667      -40.778667       -0.000000
10      -21.572557      -21.572557       -0.000000
MAD (eV): 0.0257141
