##########################################################
#    Opium Report File                                   #
##########################################################
     Opium version:        4.1

### copy of the parameter file #######################

[Atom]
P
6
100 2.00 -
200 2.00 -
210 6.00 -
300 2.00 -
310 2.00 -
320 1.00 -

[KBDesign]
p

[Pseudo]
3 2.212 2.391 1.728
g

[xc]
pbe

[Gaussinfo]
5 3
2 2 3
2 12.091334 15.259383
2 3.044535 31.707918
2 4.310884 7.747190
2 2.426903 13.932528
1 5.872694 5.000000
3 9.891298 29.363469
2 4.692469 -17.011136

[Configs]
12

300 2.00 -
310 3.00 -
320 0.00 -

300 2.00 -
310 2.00 -
320 1.00 -

300 1.00 -
310 4.00 -
320 0.00 -

300 1.00 -
310 3.00 -
320 1.00 -

300 2.00 -
310 2.00 -
320 0.00 -

300 2.00 -
310 1.00 -
320 1.00 -

300 2.00 -
310 1.00 -
320 0.00 -

300 2.00 -
310 0.00 -
320 1.00 -

300 2.00 -
310 0.00 -
320 0.00 -

300 1.00 -
310 1.00 -
320 0.00 -

300 1.00 -
310 0.00 -
320 1.00 -

300 1.00 -
310 0.00 -
320 0.00 -

############################################################

### AE report ########################################

 AE:Orbital    Filling       Eigenvalues[Ry]          Norm
    ----------------------------------------------------------
	100	 2.000	    -153.1854877389
	200	 2.000	     -13.1680255417
	210	 6.000	      -9.6014265501
	300	 2.000	      -1.3740927624	  0.2709969943
	310	 2.000	      -0.7212661347	  0.3589986574
	320	 1.000	      -0.0451981689	  0.9753793249

      E_tot =     -681.5229938774 Ry

### PS report ########################################

    Orbital       Ghost
    -----------------------------------------------------------------
	100 	    no
	210 	    no
	320 	    no


### NL/SL report #####################################


 NL:Orbital    Filling       Eigenvalues[Ry]          Norm       Ghost
    ------------------------------------------------------------------
	100 	 2.000	      -1.3875514856	  0.2693379454	    no
	210 	 2.000	      -0.7149582421	  0.3670358152	    no
	320 	 1.000	      -0.0452078450	  0.9762915077	    no

	 ========== No ghosts in potential!!========== 

      E_tot =      -12.1922202946 Ry

### KE report ########################################

	 ===   Ecut necessary for ~1    eV convergence error / electron === 
	 --------------------------------------------------------------- 
		 	 Ecut[Ry] 	 error [meV/e] 
	100  		   12 	          994.039 
	210  		   6 	          998.949 
	320  		   -----  >2500 Ry   -----
	 ===   Ecut necessary for ~100 meV convergence error / electron === 
	 --------------------------------------------------------------- 
		 	 Ecut[Ry] 	 error [meV/e] 
	100  		   20 	           97.883 
	210  		   2434 	           99.436 
	320  		   -----  >2500 Ry   -----

	 ===   Ecut necessary for  ~10 meV convergence error / electron === 
	 --------------------------------------------------------------- 
		 	 Ecut[Ry] 	 error [meV/e] 
	100  		   43 	            9.991 
	210  		   2496 	            8.835 
	320  		   -----  >2500 Ry   -----

	 ===   Ecut necessary for   ~1 meV convergence error / electron === 
	 --------------------------------------------------------------- 
		 	 Ecut[Ry] 	 error [meV/e] 
	100  		   2372 	            0.998 
	210  		   -----  >2500 Ry   -----
	320  		   -----  >2500 Ry   -----

### TC report ########################################

Comparison of total energies
Config	 E_sl(Ry)	 E_nl(Ry)	 Delta(eV)
0      -12.192220      -12.192220        0.000000
1      -12.759169      -12.759162       -0.000102
2      -12.192220      -12.192220        0.000000
3      -12.119562      -12.119561       -0.000014
4      -11.516181      -11.516180       -0.000018
5      -12.047570      -12.047570       -0.000001
6      -11.267439      -11.267396       -0.000582
7      -10.649101      -10.649075       -0.000352
8       -9.746812       -9.746492       -0.004363
9       -8.480931       -8.480790       -0.001919
10       -7.708766       -7.708687       -0.001064
11       -6.717758       -6.716619       -0.015501
12       -4.675057       -4.674841       -0.002937
MAD (eV): 0.00206558
