##########################################################
#    Opium Report File                                   #
##########################################################
     Opium version:        4.1

### copy of the parameter file #######################

[Atom]
Tb
15
100   2.00 -
200   2.00 -
210   6.00 -
300   2.00 -
310   6.00 -
320  10.00 -
400   2.00 -
410   6.00 -
420  10.00 -
500   2.00 -
510   5.00 -
520   2.00 -
430   8.50 -
600   0.50 -
610   0.50 -

[Pseudo]
6 1.176092 1.288137 1.877981 0.553329 3.242022 3.2
g

[KBDesign] 
s

[Relativity]
srl

[xc]  
pbe

[Gaussinfo]
19 5
2 2 2 2 4
2    8.996757  161.119164
2    5.104371   89.334835
2    7.640657   88.693021
2    3.878305   57.109488
2    7.456305   55.901690
2    2.530445   29.364333
2    4.939345  -23.952530
2    3.912490   -7.090915
1    4.526254   19.000000
3    3.879308   85.998831
2    4.406058  -85.722649
2    1.899664   -3.133952

[Configs]
12

500   2.00 -
510   6.00 -
520   0.00 -
430   9.00 -
600   2.00 -
610   0.00 -

500   2.00 -
510   6.00 -
520   1.00 -
430   8.00 -
600   2.00 -
610   0.00 -

500   2.00 -
510   6.00 -
520   2.00 -
430   8.00 -
600   1.00 -
610   0.00 -

500   2.00 -
510   6.00 -
520   0.00 -
430   8.00 -
600   2.00 -
610   1.00 -

500   2.00 -
510   6.00 -
520   0.00 -
430   9.00 -
600   1.00 -
610   0.00 -

500   2.00 -
510   6.00 -
520   1.00 -
430   8.00 -
600   1.00 -
610   0.00 -

500   2.00 -
510   6.00 -
520   0.00 -
430   8.00 -
600   2.00 -
610   0.00 -

500   2.00 -
510   6.00 -
520   0.00 -
430   9.00 -
600   0.00 -
610   0.00 -

500   2.00 -
510   6.00 -
520   1.00 -
430   8.00 -
600   0.00 -
610   0.00 -

500   2.00 -
510   6.00 -
520   0.00 -
430   8.00 -
600   1.00 -
610   0.00 -

500   2.00 -
510   6.00 -
520   0.00 -
430   8.00 -
600   0.00 -
610   0.00 -

500   2.00 -
510   6.00 -
520   1.00 -
430   7.00 -
600   0.00 -
610   0.00 -

#500   2.00 -
#510   6.00 -
#520   0.00 -
#430   7.00 -
#600   1.00 -
#610   0.00 -
#
#500   2.00 -
#510   6.00 -
#520   0.00 -
#430   7.00 -
#600   0.00 -
#610   0.00 -

### AE report ########################################

 AE:Orbital    Filling       Eigenvalues[Ry]          Norm
    ----------------------------------------------------------
	500	 2.000	      -3.9964974155	  0.6230831573
	510	 5.000	      -2.3110573185	  0.6746068777
	520	 2.000	      -0.4170303704	  0.7073915114
	430	 8.500	      -0.8465204260	  0.7072753132
	600	 0.500	      -0.5107242445	  0.6215364546
	610	 0.500	      -0.2699131814	  0.8755733619

      E_tot =   -23408.0415464246 Ry

### PS report ########################################

    Orbital       Ghost
    -----------------------------------------------------------------
	100 	    no
	210 	    no
	320 	    no
	430 	    no


### NL/SL report #####################################


 NL:Orbital    Filling       Eigenvalues[Ry]          Norm       Ghost
    ------------------------------------------------------------------
	100 	 2.000	      -3.9884097132	  0.6174555931	    no
	210 	 5.000	      -2.2807239730	  0.6798957513	    no
	320 	 2.000	      -0.4022449285	  0.7396530460	    no
	430 	 8.500	      -1.1865896810	  0.7257977874	    no
	200 	 0.500	      -0.5151050275	  0.6251873288	    no
	310 	 0.500	      -0.2711572943	  0.8800222324	    no

	 ========== No ghosts in potential!!========== 

      E_tot =     -255.2457227571 Ry

### KE report ########################################

	 ===   Ecut necessary for ~1    eV convergence error / electron === 
	 --------------------------------------------------------------- 
		 	 Ecut[Ry] 	 error [meV/e] 
	100  		   28 	          998.192 
	210  		   28 	          998.145 
	320  		   2482 	          906.993 
	430  		   295 	          995.127 
	200  		   28 	          998.192 
	310  		   28 	          998.145 
	 ===   Ecut necessary for ~100 meV convergence error / electron === 
	 --------------------------------------------------------------- 
		 	 Ecut[Ry] 	 error [meV/e] 
	100  		   86 	           99.138 
	210  		   43 	           99.396 
	320  		   2492 	           84.358 
	430  		   393 	           99.249 
	200  		   86 	           99.138 
	310  		   43 	           99.396 

	 ===   Ecut necessary for  ~10 meV convergence error / electron === 
	 --------------------------------------------------------------- 
		 	 Ecut[Ry] 	 error [meV/e] 
	100  		   116 	            9.876 
	210  		   79 	            9.955 
	320  		   2496 	            5.779 
	430  		   492 	            9.994 
	200  		   116 	            9.876 
	310  		   79 	            9.955 

	 ===   Ecut necessary for   ~1 meV convergence error / electron === 
	 --------------------------------------------------------------- 
		 	 Ecut[Ry] 	 error [meV/e] 
	100  		   236 	            0.997 
	210  		   125 	            0.993 
	320  		   -----  >2500 Ry   -----
	430  		   607 	            0.997 
	200  		   236 	            0.997 
	310  		   125 	            0.993 

### TC report ########################################

Comparison of total energies
Config	 E_sl(Ry)	 E_nl(Ry)	 Delta(eV)
0     -255.245670     -255.245722        0.000696
1     -257.709384     -257.707415       -0.026798
2     -257.083336     -257.081608       -0.023506
3     -256.925843     -256.923940       -0.025890
4     -256.980843     -256.979413       -0.019462
5     -257.264326     -257.262309       -0.027444
6     -256.586756     -256.584976       -0.024230
7     -256.671211     -256.669668       -0.020991
8     -256.430242     -256.428162       -0.028312
9     -255.687270     -255.685424       -0.025115
10     -255.698836     -255.697248       -0.021605
11     -254.265917     -254.264263       -0.022499
12     -252.870640     -252.852481       -0.247067
MAD (eV): 0.039509
