##########################################################
#    Opium Report File                                   #
##########################################################
     Opium version:        4.1

### copy of the parameter file #######################

[Atom]
Tb
15
100   2.00 -
200   2.00 -
210   6.00 -
300   2.00 -
310   6.00 -
320  10.00 -
400   2.00 -
410   6.00 -
420  10.00 -
500   2.00 -
510   5.00 -
520   2.00 -
430   8.50 -
600   0.50 -
610   0.50 -

[Pseudo]
6 1.176092 1.288137 1.877981 0.553329 3.242022 3.2
g

[KBDesign] 
s

[Relativity]
frl

[xc]  
pbe

[Gaussinfo]
19 5   3
2 2 2 2 4   1 1 1
2    8.996757  161.119164
2    5.104371   89.334835
2    7.640657   88.693021
2    3.878305   57.109488
2    7.456305   55.901690
2    2.530445   29.364333
2    4.939345  -23.952530
2    3.912490   -7.090915
1    4.526254   19.000000
3    3.879308   85.998831
2    4.406058  -85.722649
2    1.899664   -3.133952
4    2.080465    2.963688
4    2.660751    0.922456
4    4.708055    0.178089

[Configs]
12

500   2.00 -
510   6.00 -
520   0.00 -
430   9.00 -
600   2.00 -
610   0.00 -

500   2.00 -
510   6.00 -
520   1.00 -
430   8.00 -
600   2.00 -
610   0.00 -

500   2.00 -
510   6.00 -
520   2.00 -
430   8.00 -
600   1.00 -
610   0.00 -

500   2.00 -
510   6.00 -
520   0.00 -
430   8.00 -
600   2.00 -
610   1.00 -

500   2.00 -
510   6.00 -
520   0.00 -
430   9.00 -
600   1.00 -
610   0.00 -

500   2.00 -
510   6.00 -
520   1.00 -
430   8.00 -
600   1.00 -
610   0.00 -

500   2.00 -
510   6.00 -
520   0.00 -
430   8.00 -
600   2.00 -
610   0.00 -

500   2.00 -
510   6.00 -
520   0.00 -
430   9.00 -
600   0.00 -
610   0.00 -

500   2.00 -
510   6.00 -
520   1.00 -
430   8.00 -
600   0.00 -
610   0.00 -

500   2.00 -
510   6.00 -
520   0.00 -
430   8.00 -
600   1.00 -
610   0.00 -

500   2.00 -
510   6.00 -
520   0.00 -
430   8.00 -
600   0.00 -
610   0.00 -

500   2.00 -
510   6.00 -
520   1.00 -
430   7.00 -
600   0.00 -
610   0.00 -

#500   2.00 -
#510   6.00 -
#520   0.00 -
#430   7.00 -
#600   1.00 -
#610   0.00 -
#
#500   2.00 -
#510   6.00 -
#520   0.00 -
#430   7.00 -
#600   0.00 -
#610   0.00 -

### AE report ########################################

 AE:Orbital    Filling       Eigenvalues[Ry]          Norm
    ----------------------------------------------------------
	100+	 2.000	   -3792.6932390606
	200+	 2.000	    -629.4262316725
	210-	 2.000	    -597.9950860409
	210+	 4.000	    -543.6208731843
	300+	 2.000	    -140.2006035465
	310-	 2.000	    -126.5810291015
	310+	 4.000	    -115.3449022619
	320-	 4.000	     -92.0200831690
	320+	 6.000	     -89.5610215554
	400+	 2.000	     -28.3021317452
	410-	 2.000	     -22.9682585584
	410+	 4.000	     -20.4636328488
	420-	 4.000	     -11.7037713741
	420+	 6.000	     -11.2490679045
	500+	 2.000	      -3.9964974155	  0.6094597902
	510-	 1.667	      -2.5357509373	  0.6172985337
	510+	 3.333	      -2.1987105090	  0.6864648602
	520-	 0.800	      -0.4306151534	  0.6980052979
	520+	 1.200	      -0.4079738484	  0.7201630130
	430-	 3.643	      -0.8811718237	  0.7033537895
	430+	 4.857	      -0.8205318777	  0.7114716105
	600+	 0.500	      -0.5107242445	  0.6229645319
	610-	 0.167	      -0.2863377370	  0.8521256753
	610+	 0.333	      -0.2617009036	  0.8877075930

      E_tot =   -23408.0415464246 Ry

### PS report ########################################

    Orbital       Ghost
    -----------------------------------------------------------------
	500 	    no
	510 	    no
	510 	    no
	520 	    no
	520 	    no
	430 	    no
	430 	    no


### NL/SL report #####################################


 NL:Orbital    Filling       Eigenvalues[Ry]          Norm       Ghost
    ------------------------------------------------------------------
	500+	 2.000	      -3.9896923672	  0.6174310997	    no
	510-	 1.667	      -2.5531081278	  0.6367607769	    no
	510+	 3.333	      -2.1580590720	  0.7009851467	    no
	520-	 0.800	      -0.4143489022	  0.7278235729	    no
	520+	 1.200	      -0.3957775748	  0.7466235585	    no
	430-	 3.643	      -1.2168890386	  0.7242301851	    no
	430+	 4.857	      -1.1655143746	  0.7270271515	    no
	600+	 0.500	      -0.5153928291	  0.6246900424	    no
	610-	 0.167	      -0.2871788422	  0.8585938882	    no
	610+	 0.333	      -0.2632305829	  0.8898494511	    no

	 ========== No ghosts in potential!!========== 

      E_tot =     -255.2858355310 Ry

### KE report ########################################

	 ===   Ecut necessary for ~1    eV convergence error / electron === 
	 --------------------------------------------------------------- 
		 	 Ecut[Ry] 	 error [meV/e] 
	500+ 		   28 	          998.354 
	510- 		   31 	          988.353 
	510+ 		   27 	          999.966 
	520- 		   2480 	          942.050 
	520+ 		   2482 	          997.628 
	430- 		   295 	          992.426 
	430+ 		   294 	          998.929 
	600+ 		   28 	          998.354 
	610- 		   31 	          988.353 
	610+ 		   27 	          999.966 
	 ===   Ecut necessary for ~100 meV convergence error / electron === 
	 --------------------------------------------------------------- 
		 	 Ecut[Ry] 	 error [meV/e] 
	500+ 		   86 	           99.115 
	510- 		   45 	           97.938 
	510+ 		   41 	           97.791 
	520- 		   2492 	           70.919 
	520+ 		   2492 	           92.831 
	430- 		   393 	           99.704 
	430+ 		   392 	           99.805 
	600+ 		   86 	           99.115 
	610- 		   45 	           97.938 
	610+ 		   41 	           97.791 

	 ===   Ecut necessary for  ~10 meV convergence error / electron === 
	 --------------------------------------------------------------- 
		 	 Ecut[Ry] 	 error [meV/e] 
	500+ 		   116 	            9.872 
	510- 		   88 	            9.947 
	510+ 		   73 	            9.986 
	520- 		   2496 	            4.858 
	520+ 		   2496 	            6.360 
	430- 		   493 	            9.918 
	430+ 		   492 	            9.975 
	600+ 		   116 	            9.872 
	610- 		   88 	            9.947 
	610+ 		   73 	            9.986 

	 ===   Ecut necessary for   ~1 meV convergence error / electron === 
	 --------------------------------------------------------------- 
		 	 Ecut[Ry] 	 error [meV/e] 
	500+ 		   236 	            0.996 
	510- 		   132 	            0.990 
	510+ 		   122 	            0.999 
	520- 		   -----  >2500 Ry   -----
	520+ 		   -----  >2500 Ry   -----
	430- 		   607 	            0.993 
	430+ 		   608 	            1.000 
	600+ 		   236 	            0.996 
	610- 		   132 	            0.990 
	610+ 		   122 	            0.999 

### TC report ########################################

Comparison of total energies
Config	 E_sl(Ry)	 E_nl(Ry)	 Delta(eV)
0     -255.285884     -255.285836       -0.000665
1     -257.758011     -257.756002       -0.027323
2     -257.131514     -257.129786       -0.023507
3     -256.974689     -256.972787       -0.025876
4     -257.028129     -257.026482       -0.022412
5     -257.312471     -257.310414       -0.027980
6     -256.634625     -256.632845       -0.024215
7     -256.718206     -256.716659       -0.021043
8     -256.477579     -256.475457       -0.028872
9     -255.734519     -255.732672       -0.025136
10     -255.745209     -255.743618       -0.021638
11     -254.311478     -254.309821       -0.022547
12     -252.916373     -252.898091       -0.248749
MAD (eV): 0.0399971
