##########################################################
#    Opium Report File                                   #
##########################################################
     Opium version:        4.1

### copy of the parameter file #######################

[Atom]
Pd
10
100   2.00  -
200   2.00  -
210   6.00  -
300   2.00  -
310   6.00  -
320   10.0  -
400   2.00  -
410   6.00  -
420   9.00  -
500   0.00  -

[Pseudo]
4 -1 -1 -1 -1
g

[Gaussinfo]
18 4
3 3 3 4
2 12.45164671  222.00487020
2  9.65695771    4.62435397
2  6.30150789   55.83858614
2 12.37601363  166.64496032
2  9.85017924   28.72134712
2  5.70618703   42.68116678
2  9.19534433   57.97681111
2  7.92346716   53.57659163
2  3.35869220    4.67492064
1 15.99766359   18.00000000
3 15.96400873  287.95794458
2 16.12887798 -176.38255161
2  9.59253945  -44.25362272

[KBdesign]
s

[Relativity]
srl

[XC]
pbe

[Configs]
8

400   2.00  -
410   6.00  -
420   9.00  -
500   1.00  -

400   2.00  -
410   6.00  -
420   9.00  -
500   0.00  -

400   2.00  -
410   6.00  -
420   8.00  -
500   1.00  -

400   2.00  -
410   6.00  -
420   8.00  -
500   0.00  -

400   2.00  -
410   6.00  -
420   7.00  -
500   1.00  -

400   2.00  -
410   6.00  -
420   7.00  -
500   0.00  -

400   2.00  -
410   6.00  -
420   6.00  -
500   0.00  -

400   2.00  -
410   6.00  -
420   5.00  -
500   0.00  -

############################################################

### AE report ########################################

 AE:Orbital    Filling       Eigenvalues[Ry]          Norm
    ----------------------------------------------------------
	400	 2.000	      -7.0883629673	  0.0454008904
	410	 6.000	      -4.5882011057	  0.0755673208
	420	 9.000	      -1.0747311087	  0.1963982156
	500	 0.000	      -0.8101919431	  0.9380942852

      E_tot =   -10085.0045235770 Ry

### PS report ########################################

    Orbital       Ghost
    -----------------------------------------------------------------
	100 	    no
	210 	    no
	320 	    no


### NL/SL report #####################################


 NL:Orbital    Filling       Eigenvalues[Ry]          Norm       Ghost
    ------------------------------------------------------------------
	100 	 2.000	      -7.1285856270	  0.0443379521	    no
	210 	 6.000	      -4.5927171466	  0.0749727359	    no
	320 	 9.000	      -1.0731553575	  0.1972322039	    no
	200 	 0.000	      -0.8183261366	  0.9359611142	    no

	 ========== No ghosts in potential!!========== 

      E_tot =     -254.0086958139 Ry

### KE report ########################################

	 ===   Ecut necessary for ~1    eV convergence error / electron === 
	 --------------------------------------------------------------- 
		 	 Ecut[Ry] 	 error [meV/e] 
	100  		   59 	          995.599 
	210  		   74 	          992.736 
	320  		   38 	          983.293 
	200  		   59 	          995.599 
	 ===   Ecut necessary for ~100 meV convergence error / electron === 
	 --------------------------------------------------------------- 
		 	 Ecut[Ry] 	 error [meV/e] 
	100  		   165 	           99.794 
	210  		   108 	           99.708 
	320  		   55 	           99.853 
	200  		   165 	           99.794 

	 ===   Ecut necessary for  ~10 meV convergence error / electron === 
	 --------------------------------------------------------------- 
		 	 Ecut[Ry] 	 error [meV/e] 
	100  		   217 	            9.973 
	210  		   247 	            9.959 
	320  		   424 	            9.993 
	200  		   217 	            9.973 

	 ===   Ecut necessary for   ~1 meV convergence error / electron === 
	 --------------------------------------------------------------- 
		 	 Ecut[Ry] 	 error [meV/e] 
	100  		   395 	            0.996 
	210  		   315 	            0.995 
	320  		   2481 	            0.986 
	200  		   395 	            0.996 

### TC report ########################################

Comparison of total energies
Config	 E_sl(Ry)	 E_nl(Ry)	 Delta(eV)
0     -254.008696     -254.008696       -0.000000
1     -254.573758     -254.573761        0.000047
2     -254.008696     -254.008696       -0.000000
3     -253.685266     -253.685318        0.000713
4     -252.480195     -252.480259        0.000868
5     -251.894342     -251.894604        0.003558
6     -249.957997     -249.958321        0.004399
7     -246.336464     -246.337318        0.011630
8     -241.527092     -241.528774        0.022881
MAD (eV): 0.0048996
