##########################################################
#    Opium Report File                                   #
##########################################################
     Opium version:        4.1

### copy of the parameter file #######################

[Atom]
Pd
10
100   2.00  -
200   2.00  -
210   6.00  -
300   2.00  -
310   6.00  -
320   10.0  -
400   2.00  -
410   6.00  -
420   9.00  -
500   0.00  -

[Pseudo]
4 -1 -1 -1 -1
g

[Gaussinfo]
18 4 2
3 3 3 4  2 4
2 12.45164671  222.00487020
2  9.65695771    4.62435397
2  6.30150789   55.83858614
2 12.37601363  166.64496032
2  9.85017924   28.72134712
2  5.70618703   42.68116678
2  9.19534433   57.97681111
2  7.92346716   53.57659163
2  3.35869220    4.67492064
1 15.99766359   18.00000000
3 15.96400873  287.95794458
2 16.12887798 -176.38255161
2  9.59253945  -44.25362272
2 17.77538874    -4.39260974
2  6.01008650     4.16768410
2  8.31041180   -28.61755483
2  8.11317751    28.94437632
2  3.31349772    -1.90187823
2  2.15251223     0.86755808


[KBdesign]
s

[Relativity]
frl

[XC]
pbe

[Configs]
8

400   2.00  -
410   6.00  -
420   9.00  -
500   1.00  -

400   2.00  -
410   6.00  -
420   9.00  -
500   0.00  -

400   2.00  -
410   6.00  -
420   8.00  -
500   1.00  -

400   2.00  -
410   6.00  -
420   8.00  -
500   0.00  -

400   2.00  -
410   6.00  -
420   7.00  -
500   1.00  -

400   2.00  -
410   6.00  -
420   7.00  -
500   0.00  -

400   2.00  -
410   6.00  -
420   6.00  -
500   0.00  -

400   2.00  -
410   6.00  -
420   5.00  -
500   0.00  -


### AE report ########################################

 AE:Orbital    Filling       Eigenvalues[Ry]          Norm
    ----------------------------------------------------------
	100+	 2.000	   -1770.6910615110
	200+	 2.000	    -259.3610071729
	210-	 2.000	    -240.6220999844
	210+	 4.000	    -228.9816993061
	300+	 2.000	     -47.4627380028
	310-	 2.000	     -40.0694146399
	310+	 4.000	     -38.0391886681
	320-	 4.000	     -24.9739882521
	320+	 6.000	     -24.5680785895
	400+	 2.000	      -7.0883629673	  0.0453595420
	410-	 2.000	      -4.8052138208	  0.0668339813
	410+	 4.000	      -4.4796947482	  0.0799350505
	420-	 3.600	      -1.0958425233	  0.1905075532
	420+	 5.400	      -1.0606568324	  0.2002741128
	500+	 0.000	      -0.8101919431	  0.9380902731

      E_tot =   -10085.0045235770 Ry

### PS report ########################################

    Orbital       Ghost
    -----------------------------------------------------------------
	400 	    no
	410 	    no
	410 	    no
	420 	    no
	420 	    no


### NL/SL report #####################################


 NL:Orbital    Filling       Eigenvalues[Ry]          Norm       Ghost
    ------------------------------------------------------------------
	400+	 2.000	      -7.1284177492	  0.0443471858	    no
	410-	 2.000	      -4.8041586506	  0.0666195215	    no
	410+	 4.000	      -4.4939282303	  0.0792971315	    no
	420-	 3.600	      -1.0951134551	  0.1930133976	    no
	420+	 5.400	      -1.0590152801	  0.2000925642	    no
	500+	 0.000	      -0.8184262653	  0.9359518967	    no

	 ========== No ghosts in potential!!========== 

      E_tot =     -254.0384015124 Ry

### KE report ########################################

	 ===   Ecut necessary for ~1    eV convergence error / electron === 
	 --------------------------------------------------------------- 
		 	 Ecut[Ry] 	 error [meV/e] 
	400+ 		   59 	          995.357 
	410- 		   77 	          999.022 
	410+ 		   73 	          993.596 
	420- 		   37 	          986.109 
	420+ 		   38 	          988.572 
	500+ 		   59 	          995.357 
	 ===   Ecut necessary for ~100 meV convergence error / electron === 
	 --------------------------------------------------------------- 
		 	 Ecut[Ry] 	 error [meV/e] 
	400+ 		   165 	           99.791 
	410- 		   112 	           98.828 
	410+ 		   106 	           99.371 
	420- 		   54 	           98.973 
	420+ 		   56 	           98.715 
	500+ 		   165 	           99.791 

	 ===   Ecut necessary for  ~10 meV convergence error / electron === 
	 --------------------------------------------------------------- 
		 	 Ecut[Ry] 	 error [meV/e] 
	400+ 		   217 	            9.977 
	410- 		   254 	            9.971 
	410+ 		   244 	            9.929 
	420- 		   370 	            9.993 
	420+ 		   744 	           10.000 
	500+ 		   217 	            9.977 

	 ===   Ecut necessary for   ~1 meV convergence error / electron === 
	 --------------------------------------------------------------- 
		 	 Ecut[Ry] 	 error [meV/e] 
	400+ 		   395 	            0.998 
	410- 		   322 	            0.990 
	410+ 		   311 	            0.994 
	420- 		   2465 	            0.971 
	420+ 		   2485 	            0.947 
	500+ 		   395 	            0.998 

### TC report ########################################

Comparison of total energies
Config	 E_sl(Ry)	 E_nl(Ry)	 Delta(eV)
0     -254.038401     -254.038402        0.000000
1     -254.603560     -254.603564        0.000057
2     -254.038401     -254.038402        0.000000
3     -253.714795     -253.714875        0.001082
4     -252.509658     -252.509746        0.001205
5     -251.923697     -251.924104        0.005539
6     -249.987305     -249.987792        0.006625
7     -246.365686     -246.367097        0.019196
8     -241.556287     -241.559371        0.041954
MAD (eV): 0.00840648
