##########################################################
#    Opium Report File                                   #
##########################################################
     Opium version:        4.1

### copy of the parameter file #######################

[Atom]
Eu
15            
100   2.00  -
200   2.00  -
210   6.00  -
300   2.00  -
310   6.00  -
320   10.00  -
400   2.00  -
410   6.00  -
420   10.00  -
500   2.00  -
510   5.50  -
520   1.00  -
430   6.50  -
600   1.50  -
610   0.10  -

[Pseudo]
6 -1 -1 -1 -1 -1 -1
g

[Gaussinfo]
17 5 3
2 2 2 2 4  2 2 2
2 5.87625 250.00884005
2 3.84072872 9.13877768
2 10.10783978 13.51565279
2 2.84934031 49.49492873
2 7.46537283 249.55127795
2 1.32395803 8.54216389
2 3.60460951 -8.75784717
2 11.10451196 11.19196184
1 4.81511886 17.00000000
3 3.25798813 81.85702055
2 3.50697874 -87.86092575
2 0.81034551 -0.75817197
4 2.43872239 4.44643615
4 2.13408163 -2.04728134
4 2.60487535 2.14535325
4 2.82741469 -1.88999439
4 5.37105865 2.20132726
4 5.16838453 -1.83989309

[KBdesign]
f

[Relativity]
frl

[XC]
pbe

[Configs]
8
 
500  2.00 -
510  6.00 -
520  1.00 -
430  6.00  -
600  2.00 -
610  0.00 -

500  2.00 -
510  6.00 -
520  1.00 -
430  7.00  -
600  0.00 -
610  0.00 -
 
500  2.00 -
510  6.00 -
520  1.00 -
430  6.00  -
600  1.00 -
610  0.00 -
 
500  2.00 -
510  6.00 -
520  0.00 -
430  7.00  -
600  0.00 -
610  0.00 -

500  2.00 -
510  6.00 -
520  1.00 -
430  6.00 -
600  0.00 -
610  0.00 -

500  2.00 -
510  5.00 -
520  0.00 -
430  7.00  -
600  0.00 -
610  0.00 -

500  2.00 -
510  4.00 -
520  0.00 -
430  7.00  -
600  0.00 -
610  0.00 -

500  2.00 -
510  3.00 -
520  0.00 -
430  7.00  -
600  0.00 -
610  0.00 -

### AE report ########################################

 AE:Orbital    Filling       Eigenvalues[Ry]          Norm
    ----------------------------------------------------------
	100+	 2.000	   -3537.9210346573
	200+	 2.000	    -581.5882289349
	210-	 2.000	    -551.6301991407
	210+	 4.000	    -504.4221999016
	300+	 2.000	    -128.4755777551
	310-	 2.000	    -115.5766467057
	310+	 4.000	    -105.9442157452
	320-	 4.000	     -83.7418204398
	320+	 6.000	     -81.6395800177
	400+	 2.000	     -25.9321773318
	410-	 2.000	     -20.9504942110
	410+	 4.000	     -18.8211089433
	420-	 4.000	     -10.6398529199
	420+	 6.000	     -10.2557677294
	500+	 2.000	      -3.6692184865	  0.0003483254
	510-	 1.833	      -2.3116982887	  0.0024355131
	510+	 3.667	      -2.0213495390	  0.0045544462
	520-	 0.400	      -0.3722057922	  0.1838403805
	520+	 0.600	      -0.3526111050	  0.2025915145
	430-	 2.786	      -0.7144255137	  0.0018272686
	430+	 3.714	      -0.6665998673	  0.0021715781
	600+	 1.500	      -0.4469730822	  0.5230275082
	610-	 0.033	      -0.2396730411	  0.7680052877
	610+	 0.067	      -0.2184489543	  0.8139012733

      E_tot =   -21678.6769547443 Ry

### PS report ########################################

    Orbital       Ghost
    -----------------------------------------------------------------
	500 	    no
	510 	    no
	510 	    no
	520 	    no
	520 	    no
	430 	    no
	430 	    no


### NL/SL report #####################################


 NL:Orbital    Filling       Eigenvalues[Ry]          Norm       Ghost
    ------------------------------------------------------------------
	500+	 2.000	      -3.6969046864	  0.0003688475	    no
	510-	 1.833	      -2.1560173332	  0.0034658208	    no
	510+	 3.667	      -2.0216429909	  0.0047138710	    no
	520-	 0.400	      -0.3365743826	  0.2304291829	    no
	520+	 0.600	      -0.3237286460	  0.2463424088	    no
	430-	 2.786	      -0.9661100620	  0.0010031127	    no
	430+	 3.714	      -0.9265958487	  0.0011324146	    no
	600+	 1.500	      -0.4480682339	  0.5333563808	    no
	610-	 0.033	      -0.2384148379	  0.7795704369	    no
	610+	 0.067	      -0.2270207906	  0.8034902930	    no

	 ========== No ghosts in potential!!========== 

      E_tot =     -186.0502657837 Ry

### KE report ########################################

	 ===   Ecut necessary for ~1    eV convergence error / electron === 
	 --------------------------------------------------------------- 
		 	 Ecut[Ry] 	 error [meV/e] 
	500+ 		   29 	          998.799 
	510- 		   9 	          994.806 
	510+ 		   8 	          981.918 
	520- 		   2495 	          914.088 
	520+ 		   2496 	          874.650 
	430- 		   212 	          990.614 
	430+ 		   211 	          991.161 
	600+ 		   29 	          998.799 
	610- 		   9 	          994.806 
	610+ 		   8 	          981.918 
	 ===   Ecut necessary for ~100 meV convergence error / electron === 
	 --------------------------------------------------------------- 
		 	 Ecut[Ry] 	 error [meV/e] 
	500+ 		   81 	           99.669 
	510- 		   55 	           98.982 
	510+ 		   53 	           99.357 
	520- 		   -----  >2500 Ry   -----
	520+ 		   -----  >2500 Ry   -----
	430- 		   278 	           98.947 
	430+ 		   278 	           99.948 
	600+ 		   81 	           99.669 
	610- 		   55 	           98.982 
	610+ 		   53 	           99.357 

	 ===   Ecut necessary for  ~10 meV convergence error / electron === 
	 --------------------------------------------------------------- 
		 	 Ecut[Ry] 	 error [meV/e] 
	500+ 		   161 	            9.987 
	510- 		   78 	            9.804 
	510+ 		   76 	            9.963 
	520- 		   -----  >2500 Ry   -----
	520+ 		   -----  >2500 Ry   -----
	430- 		   342 	            9.898 
	430+ 		   343 	            9.893 
	600+ 		   161 	            9.987 
	610- 		   78 	            9.804 
	610+ 		   76 	            9.963 

	 ===   Ecut necessary for   ~1 meV convergence error / electron === 
	 --------------------------------------------------------------- 
		 	 Ecut[Ry] 	 error [meV/e] 
	500+ 		   214 	            0.993 
	510- 		   96 	            0.974 
	510+ 		   94 	            0.976 
	520- 		   -----  >2500 Ry   -----
	520+ 		   -----  >2500 Ry   -----
	430- 		   417 	            0.998 
	430+ 		   432 	            0.998 
	600+ 		   214 	            0.993 
	610- 		   96 	            0.974 
	610+ 		   94 	            0.976 

### TC report ########################################

Comparison of total energies
Config	 E_sl(Ry)	 E_nl(Ry)	 Delta(eV)
0     -186.055488     -186.050266       -0.071050
1     -186.763194     -186.755193       -0.108853
2     -186.700889     -186.695960       -0.067066
3     -186.278697     -186.272671       -0.081983
4     -186.033590     -186.028506       -0.069174
5     -185.402532     -185.399639       -0.039351
6     -182.921627     -182.919250       -0.032330
7     -178.861847     -178.860632       -0.016540
8     -173.806954     -173.804614       -0.031831
MAD (eV): 0.0575754
