##########################################################
#    Opium Report File                                   #
##########################################################
     Opium version:        4.1

### copy of the parameter file #######################

[Atom]
Eu
15            
100   2.00  -
200   2.00  -
210   6.00  -
300   2.00  -
310   6.00  -
320   10.00  -
400   2.00  -
410   6.00  -
420   10.00  -
500   2.00  -
510   6.00  -
520   1.00  -
430   7.00  -
600   0.00  -
610   0.00  -

[Pseudo]
6 -1 -1 -1 -1 -1 -1
g

[Gaussinfo]
17 5
2 2 2 2 4
2 5.87625 250.00884005
2 3.84072872 9.13877768
2 10.10783978 13.51565279
2 2.84934031 49.49492873
2 7.46537283 249.55127795
2 1.32395803 8.54216389
2 3.60460951 -8.75784717
2 11.10451196 11.19196184
1 4.81511886 17.00000000
3 3.25798813 81.85702055
2 3.50697874 -87.86092575
2 0.81034551 -0.75817197

[KBdesign]
d

[Relativity]
nrl

[XC]
pbe

[Configs]
6

500  2.00 -
510  6.00 -
520  0.00 -
430  7.00  -
600  2.00 -
610  0.00 -

500  2.00 -
510  6.00 -
520  1.00 -
430  7.00  -
600  1.00 -
610  0.00 -

500  2.00 -
510  6.00 -
520  0.00 -
430  7.00  -
600  1.00 -
610  0.00 -

500  2.00 -
510  6.00 -
520  1.00 -
430  7.00  -
600  0.00 -
610  0.00 -

500  2.00 -
510  6.00 -
520  0.00 -
430  7.00  -
600  0.00 -
610  0.00 -

500  2.00 -
510  5.00 -
520  0.00 -
430  7.00  -
600  0.00 -
610  0.00 -

### AE report ########################################

 AE:Orbital    Filling       Eigenvalues[Ry]          Norm
    ----------------------------------------------------------
	100	 2.000	   -3347.8496333712
	200	 2.000	    -531.0470102384
	210	 6.000	    -504.7835128256
	300	 2.000	    -116.5144671840
	310	 6.000	    -104.8804984535
	320	10.000	     -83.2087010949
	400	 2.000	     -22.8777523607
	410	 6.000	     -18.3648978516
	420	10.000	     -10.3458761519
	500	 2.000	      -3.1523563467	  0.0010555189
	510	 6.000	      -1.9780178295	  0.0065581893
	520	 1.000	      -0.4508515311	  0.2383982753
	430	 7.000	      -0.7211844450	  0.0026037583
	600	 0.000	      -0.5182837577	  0.6225445262
	610	 0.000	      -0.3381697319	  0.8295404768

      E_tot =   -20851.8124959161 Ry

### PS report ########################################

    Orbital       Ghost
    -----------------------------------------------------------------
	100 	    no
	210 	    no
	320 	    no
	430 	    no


### NL/SL report #####################################


 NL:Orbital    Filling       Eigenvalues[Ry]          Norm       Ghost
    ------------------------------------------------------------------
	100 	 2.000	      -3.6092404728	  0.0005038268	    no
	210 	 6.000	      -2.0175829974	  0.0061093091	    no
	320 	 1.000	      -0.4131319852	  0.3102727064	    no
	430 	 7.000	      -0.7549996069	  0.0027580236	    no
	200 	 0.000	      -0.5652981054	  0.5630762733	    no
	310 	 0.000	      -0.3540842343	  0.8159141349	    no

	 ========== No ghosts in potential!!========== 

      E_tot =     -186.6875091918 Ry

### KE report ########################################

	 ===   Ecut necessary for ~1    eV convergence error / electron === 
	 --------------------------------------------------------------- 
		 	 Ecut[Ry] 	 error [meV/e] 
	100  		   28 	          997.538 
	210  		   8 	          974.479 
	320  		   2498 	          722.727 
	430  		   210 	          996.785 
	200  		   28 	          997.538 
	310  		   8 	          974.479 
	 ===   Ecut necessary for ~100 meV convergence error / electron === 
	 --------------------------------------------------------------- 
		 	 Ecut[Ry] 	 error [meV/e] 
	100  		   80 	           99.957 
	210  		   51 	           99.984 
	320  		   -----  >2500 Ry   -----
	430  		   280 	           99.154 
	200  		   80 	           99.957 
	310  		   51 	           99.984 

	 ===   Ecut necessary for  ~10 meV convergence error / electron === 
	 --------------------------------------------------------------- 
		 	 Ecut[Ry] 	 error [meV/e] 
	100  		   159 	            9.973 
	210  		   76 	            9.945 
	320  		   -----  >2500 Ry   -----
	430  		   2058 	            9.997 
	200  		   159 	            9.973 
	310  		   76 	            9.945 

	 ===   Ecut necessary for   ~1 meV convergence error / electron === 
	 --------------------------------------------------------------- 
		 	 Ecut[Ry] 	 error [meV/e] 
	100  		   213 	            0.988 
	210  		   94 	            0.989 
	320  		   -----  >2500 Ry   -----
	430  		   2475 	            0.964 
	200  		   213 	            0.988 
	310  		   94 	            0.989 

### TC report ########################################

Comparison of total energies
Config	 E_sl(Ry)	 E_nl(Ry)	 Delta(eV)
0     -186.687509     -186.687509        0.000000
1     -187.270721     -187.264007       -0.091343
2     -187.091036     -187.087905       -0.042597
3     -186.835160     -186.830570       -0.062448
4     -186.687509     -186.687509        0.000000
5     -186.020424     -186.020385       -0.000537
6     -182.910435     -182.909344       -0.014846
MAD (eV): 0.0302532
