##########################################################
#    Opium Report File                                   #
##########################################################
     Opium version:        4.1

### copy of the parameter file #######################

[Atom]
W
15
100  2.00 -
200  2.00 -
210  6.00 -
300  2.00 -
310  6.00 -
320 10.00 -
400  2.00 -
410  6.00 -
420 10.00 -
430 14.00 -
500  2.00 -
510  6.00 -
520  4.00 -
530  0.50 -
600  0.00 -

[Pseudo]
5 -1 -1 -1 -1 -1
g

[Relativity]
frl

[XC]
pbe

[KBDesign]
s

[Gaussinfo]
14 5 3
2 3 3 2 4  3 3 2
2  11.273956  420.479803
2  8.4109240  39.584943
2  8.5178240  320.877235
2  1.6080910 -0.472821
4  10.073490  0.112929
2  6.0592860  158.077959
2  1.1048530 -0.283299
4  6.2624770 -0.45949
2  2.0753420  7.745405
2  1.8459470  6.916005
1  10.188960  14.0
3  9.4782400  142.6454400
2  10.146880 -100.078727
2  5.4916510 -0.941578
2  11.964154   -0.551147
2   4.897325    1.427345
4   8.302365  194.404774
2   5.772034    7.045184
2   3.175200   -0.115276
4   6.155484    3.907520
2   2.405627   -4.032609
2   2.473295    4.123819

[Configs]
8

500  2.00 -
510  6.00 -
520  4.00 -
530  0.00 -
600  1.00 -

500  2.00 -
510  6.00 -
520  5.00 -
530  0.00 -
600  0.00 -

500  2.00 -
510  6.00 -
520  4.00 -
530  1.00 -
600  0.00 -

500  2.00 -
510  6.00 -
520  4.00 -
530  0.00 -
600  0.00 -

500  2.00 -
510  6.00 -
520  3.00 -
530  0.00 -
600  1.00 -

500  2.00 -
510  6.00 -
520  3.00 -
530  0.00 -
600  0.00 -

500  2.00 -
510  6.00 -
520  2.00 -
530  0.00 -
600  0.00 -

500  2.00 -
510  6.00 -
520  1.00 -
530  0.00 -
600  0.00 -

############################################################

### AE report ########################################

 AE:Orbital    Filling       Eigenvalues[Ry]          Norm
    ----------------------------------------------------------
	100+	 2.000	   -5078.3078883259
	200+	 2.000	    -877.3951578654
	210-	 2.000	    -838.6894137125
	210+	 4.000	    -740.2915502873
	300+	 2.000	    -202.9579735747
	310-	 2.000	    -185.8210337722
	310+	 4.000	    -164.5187529689
	320-	 4.000	    -135.9153143251
	320+	 6.000	    -131.2670012403
	400+	 2.000	     -42.6861023808
	410-	 2.000	     -35.5888501662
	410+	 4.000	     -30.6513460343
	420-	 4.000	     -19.0454729367
	420+	 6.000	     -18.1324035757
	430-	 6.000	      -3.5765162149
	430+	 8.000	      -3.4121114745
	500+	 2.000	      -6.8121470519	  0.1529266920
	510-	 2.000	      -4.7156134071	  0.0055718406
	510+	 4.000	      -4.0005150395	  0.0120486555
	520-	 1.600	      -1.3521793445	  0.0780699617
	520+	 2.400	      -1.2911415522	  0.0910703928
	530-	 0.214	      -0.2644453372	  0.9868424424
	530+	 0.286	      -0.2643361902	  0.9870564208
	600+	 0.000	      -1.2726382125	  0.9433780212

      E_tot =   -32286.6295227999 Ry

### PS report ########################################

    Orbital       Ghost
    -----------------------------------------------------------------
	500 	    no
	510 	    no
	510 	    no
	520 	    no
	520 	    no
	530 	    no
	530 	    no


### NL/SL report #####################################


 NL:Orbital    Filling       Eigenvalues[Ry]          Norm       Ghost
    ------------------------------------------------------------------
	500+	 2.000	      -6.7937988021	  0.1515077381	    no
	510-	 2.000	      -4.7058894662	  0.0056788339	    no
	510+	 4.000	      -4.0165983260	  0.0120378875	    no
	520-	 1.600	      -1.3572978963	  0.0783126791	    no
	520+	 2.400	      -1.2965376447	  0.0913826295	    no
	530-	 0.214	      -0.2644622398	  0.9869540504	    no
	530+	 0.286	      -0.2644975157	  0.9868726452	    no
	600+	 0.000	      -1.2678948771	  0.9450869806	    no

	 ========== No ghosts in potential!!========== 

      E_tot =     -133.0788646889 Ry

### KE report ########################################

	 ===   Ecut necessary for ~1    eV convergence error / electron === 
	 --------------------------------------------------------------- 
		 	 Ecut[Ry] 	 error [meV/e] 
	500+ 		   100 	          999.605 
	510- 		   63 	          991.313 
	510+ 		   53 	          988.542 
	520- 		   22 	          997.528 
	520+ 		   30 	          999.344 
	530- 		   -----  >2500 Ry   -----
	530+ 		   -----  >2500 Ry   -----
	600+ 		   100 	          999.605 
	 ===   Ecut necessary for ~100 meV convergence error / electron === 
	 --------------------------------------------------------------- 
		 	 Ecut[Ry] 	 error [meV/e] 
	500+ 		   148 	           99.471 
	510- 		   159 	           99.695 
	510+ 		   138 	           99.200 
	520- 		   72 	           99.196 
	520+ 		   71 	           99.000 
	530- 		   -----  >2500 Ry   -----
	530+ 		   -----  >2500 Ry   -----
	600+ 		   148 	           99.471 

	 ===   Ecut necessary for  ~10 meV convergence error / electron === 
	 --------------------------------------------------------------- 
		 	 Ecut[Ry] 	 error [meV/e] 
	500+ 		   293 	            9.970 
	510- 		   207 	            9.872 
	510+ 		   183 	            9.979 
	520- 		   2310 	            9.980 
	520+ 		   2406 	            9.986 
	530- 		   -----  >2500 Ry   -----
	530+ 		   -----  >2500 Ry   -----
	600+ 		   293 	            9.970 

	 ===   Ecut necessary for   ~1 meV convergence error / electron === 
	 --------------------------------------------------------------- 
		 	 Ecut[Ry] 	 error [meV/e] 
	500+ 		   357 	            0.996 
	510- 		   345 	            0.990 
	510+ 		   319 	            0.990 
	520- 		   2479 	            0.966 
	520+ 		   2495 	            0.961 
	530- 		   -----  >2500 Ry   -----
	530+ 		   -----  >2500 Ry   -----
	600+ 		   357 	            0.996 

### TC report ########################################

Comparison of total energies
Config	 E_sl(Ry)	 E_nl(Ry)	 Delta(eV)
0     -133.078865     -133.078865        0.000000
1     -134.074278     -134.074272       -0.000081
2     -134.026774     -134.026714       -0.000820
3     -133.190761     -133.190761        0.000000
4     -132.927677     -132.927677        0.000001
5     -132.839115     -132.839085       -0.000414
6     -131.057259     -131.057181       -0.001070
7     -128.320673     -128.320378       -0.004017
8     -124.642395     -124.641856       -0.007330
MAD (eV): 0.0015259
