##########################################################
#    Opium Report File                                   #
##########################################################
     Opium version:        4.1

### copy of the parameter file #######################

[Atom]
W
15
100  2.00 -
200  2.00 -
210  6.00 -
300  2.00 -
310  6.00 -
320 10.00 -
400  2.00 -
410  6.00 -
420 10.00 -
430 14.00 -
500  2.00 -
510  6.00 -
520  4.00 -
530  0.50 -
600  0.00 -

[Pseudo]
5 -1 -1 -1 -1 -1
g

[Relativity]
srl

[XC]
pbe

[KBDesign]
s

[Gaussinfo]
14 5
2 3 3 2 4
2  11.273956  420.479803
2  8.4109240  39.584943
2  8.5178240  320.877235
2  1.6080910 -0.472821
4  10.073490  0.112929
2  6.0592860  158.077959
2  1.1048530 -0.283299
4  6.2624770 -0.45949
2  2.0753420  7.745405
2  1.8459470  6.916005
1  10.188960  14.0
3  9.4782400  142.6454400
2  10.146880 -100.078727
2  5.4916510 -0.941578

[Configs]
8

500  2.00 -
510  6.00 -
520  4.00 -
530  0.00 -
600  1.00 -

500  2.00 -
510  6.00 -
520  5.00 -
530  0.00 -
600  0.00 -

500  2.00 -
510  6.00 -
520  4.00 -
530  1.00 -
600  0.00 -

500  2.00 -
510  6.00 -
520  4.00 -
530  0.00 -
600  0.00 -

500  2.00 -
510  6.00 -
520  3.00 -
530  0.00 -
600  1.00 -

500  2.00 -
510  6.00 -
520  3.00 -
530  0.00 -
600  0.00 -

500  2.00 -
510  6.00 -
520  2.00 -
530  0.00 -
600  0.00 -

500  2.00 -
510  6.00 -
520  1.00 -
530  0.00 -
600  0.00 -

############################################################

### AE report ########################################

 AE:Orbital    Filling       Eigenvalues[Ry]          Norm
    ----------------------------------------------------------
	500	 2.000	      -6.8121470519	  0.1529014160
	510	 6.000	      -4.2388811620	  0.0093148384
	520	 4.000	      -1.3155566691	  0.0853830763
	530	 0.500	      -0.2643829675	  0.9869851069
	600	 0.000	      -1.2726382125	  0.9433435143

      E_tot =   -32286.6295227999 Ry

### PS report ########################################

    Orbital       Ghost
    -----------------------------------------------------------------
	100 	    no
	210 	    no
	320 	    no
	430 	    no


### NL/SL report #####################################


 NL:Orbital    Filling       Eigenvalues[Ry]          Norm       Ghost
    ------------------------------------------------------------------
	100 	 2.000	      -6.8011210082	  0.1511893712	    no
	210 	 6.000	      -4.2133230180	  0.0096576139	    no
	320 	 4.000	      -1.3203918014	  0.0858573869	    no
	430 	 0.500	      -0.2644555411	  0.9869575819	    no
	200 	 0.000	      -1.2677397336	  0.9451447259	    no

	 ========== No ghosts in potential!!========== 

      E_tot =     -132.8423758654 Ry

### KE report ########################################

	 ===   Ecut necessary for ~1    eV convergence error / electron === 
	 --------------------------------------------------------------- 
		 	 Ecut[Ry] 	 error [meV/e] 
	100  		   100 	          999.358 
	210  		   56 	          993.383 
	320  		   23 	          999.443 
	430  		   -----  >2500 Ry   -----
	200  		   100 	          999.358 
	 ===   Ecut necessary for ~100 meV convergence error / electron === 
	 --------------------------------------------------------------- 
		 	 Ecut[Ry] 	 error [meV/e] 
	100  		   148 	           98.988 
	210  		   144 	           99.836 
	320  		   71 	           99.782 
	430  		   -----  >2500 Ry   -----
	200  		   148 	           98.988 

	 ===   Ecut necessary for  ~10 meV convergence error / electron === 
	 --------------------------------------------------------------- 
		 	 Ecut[Ry] 	 error [meV/e] 
	100  		   293 	            9.924 
	210  		   190 	            9.983 
	320  		   2377 	            9.906 
	430  		   -----  >2500 Ry   -----
	200  		   293 	            9.924 

	 ===   Ecut necessary for   ~1 meV convergence error / electron === 
	 --------------------------------------------------------------- 
		 	 Ecut[Ry] 	 error [meV/e] 
	100  		   358 	            0.998 
	210  		   325 	            0.992 
	320  		   2493 	            0.954 
	430  		   -----  >2500 Ry   -----
	200  		   358 	            0.998 

### TC report ########################################

Comparison of total energies
Config	 E_sl(Ry)	 E_nl(Ry)	 Delta(eV)
0     -132.842376     -132.842376       -0.000001
1     -133.837548     -133.837542       -0.000081
2     -133.789564     -133.789504       -0.000813
3     -132.954264     -132.954264        0.000000
4     -132.691224     -132.691224       -0.000004
5     -132.602898     -132.602869       -0.000391
6     -130.821051     -130.820975       -0.001037
7     -128.084209     -128.083925       -0.003863
8     -124.405222     -124.404721       -0.006821
MAD (eV): 0.00144564
