##########################################################
#    Opium Report File                                   #
##########################################################
     Opium version:        4.1

### copy of the parameter file #######################

[Atom]
I
12
100  2.00 -
200  2.00 -
210  6.00 -
300  2.00 -
310  6.00 -
320 10.00 -
400  2.00 -
410  6.00 -
420 10.00 -
500  2.00 -
510  4.00 -
520  1.00 -

[Pseudo]
3 -1 -1 -1
g

[Relativity]
srl

[XC]
pbe

[KBDesign]
s

[Gaussinfo]
7 4
2 2 2 4
2  3.15027629678164  114.02376198253975
2  1.00807992250576  1.97414621398431
2  2.95419006710686  111.46658888340824
2  0.73082151298149  1.71024012257927
2  2.60497876641909  45.30084417121436
2  0.89959310734558  8.70429039348615
1  12.00133700643870  7.0
3  12.03588188476387  84.009359045070900
2  3.02229605770581  -3.99855926331326
2  0.97790564264594  -3.05030968819261

[Configs]
9 

500  2.00 -
510  4.00 -
520  0.00 -

500  2.00 -
510  3.00 -
520  1.00 -

500  1.00 -
510  5.00 -
520  0.00 -

500  2.00 -
510  3.00 -
520  0.00 -

500  2.00 -
510  2.00 -
520  1.00 -

500  2.00 -
510  2.00 -
520  0.00 -

500  2.00 -
510  1.00 -
520  0.00 -

500  2.00 -
510  0.00 -
520  0.00 -

500  1.00 -
510  0.00 -
520  0.00 -

############################################################

### AE report ########################################

 AE:Orbital    Filling       Eigenvalues[Ry]          Norm
    ----------------------------------------------------------
	500	 2.000	      -1.5879091696	  0.0260882943
	510	 4.000	      -0.7981260931	  0.0522092284
	520	 1.000	      -0.0450004549	  0.8624233719

      E_tot =   -14223.9603310345 Ry

### PS report ########################################

    Orbital       Ghost
    -----------------------------------------------------------------
	100 	    no
	210 	    no
	320 	    no


### NL/SL report #####################################


 NL:Orbital    Filling       Eigenvalues[Ry]          Norm       Ghost
    ------------------------------------------------------------------
	100 	 2.000	      -1.6223313265	  0.0252237354	    no
	210 	 4.000	      -0.8189477059	  0.0451007933	    no
	320 	 1.000	      -0.0460672368	  0.8324097706	    no

	 ========== No ghosts in potential!!========== 

      E_tot =      -22.1910365626 Ry

### KE report ########################################

	 ===   Ecut necessary for ~1    eV convergence error / electron === 
	 --------------------------------------------------------------- 
		 	 Ecut[Ry] 	 error [meV/e] 
	100  		   12 	          998.083 
	210  		   14 	          995.048 
	320  		   -----  >2500 Ry   -----
	 ===   Ecut necessary for ~100 meV convergence error / electron === 
	 --------------------------------------------------------------- 
		 	 Ecut[Ry] 	 error [meV/e] 
	100  		   39 	           98.186 
	210  		   2357 	           99.546 
	320  		   -----  >2500 Ry   -----

	 ===   Ecut necessary for  ~10 meV convergence error / electron === 
	 --------------------------------------------------------------- 
		 	 Ecut[Ry] 	 error [meV/e] 
	100  		   71 	            9.956 
	210  		   2486 	            8.749 
	320  		   -----  >2500 Ry   -----

	 ===   Ecut necessary for   ~1 meV convergence error / electron === 
	 --------------------------------------------------------------- 
		 	 Ecut[Ry] 	 error [meV/e] 
	100  		   105 	            0.995 
	210  		   2494 	            0.719 
	320  		   -----  >2500 Ry   -----

### TC report ########################################

Comparison of total energies
Config	 E_sl(Ry)	 E_nl(Ry)	 Delta(eV)
0      -22.191037      -22.191037       -0.000000
1      -22.042591      -22.042593        0.000025
2      -21.146950      -21.147134        0.002501
3      -21.229305      -21.229331        0.000352
4      -20.571473      -20.571681        0.002831
5      -19.517742      -19.518663        0.012525
6      -18.399877      -18.400484        0.008253
7      -15.485587      -15.486357        0.010477
8      -11.799131      -11.799131       -0.000000
9       -6.300574       -6.300574       -0.000000
MAD (eV): 0.00369637
