##########################################################
#    Opium Report File                                   #
##########################################################
     Opium version:        4.1

### copy of the parameter file #######################

[Atom]
I
12
100  2.00 -
200  2.00 -
210  6.00 -
300  2.00 -
310  6.00 -
320 10.00 -
400  2.00 -
410  6.00 -
420 10.00 -
500  2.00 -
510  4.00 -
520  1.00 -

[Pseudo]
3 -1 -1 -1
g

[Relativity]
frl

[XC]
pbe

[KBDesign]
s

[Gaussinfo]
7 4 2
2 2 2 4  4 4
2  3.15027629678164  114.02376198253975
2  1.00807992250576  1.97414621398431
2  2.95419006710686  111.46658888340824
2  0.73082151298149  1.71024012257927
2  2.60497876641909  45.30084417121436
2  0.89959310734558  8.70429039348615
1  12.00133700643870  7.0
3  12.03588188476387  84.009359045070900
2  3.02229605770581  -3.99855926331326
2  0.97790564264594  -3.05030968819261
2  2.86755624230211 -54.81459521053598
2  3.08688246813371 55.71474655530519
2  1.92180873544902 -1.54485858909905
2  1.06160495364994 1.77000202433952
2  2.00073917752755 -8.26991706451072
2  1.96912239974084 8.34563722166552
2  1.00253603966210 -2.18546639261783
2  0.97608885899693 2.11814689417111

[Configs]
9 

500  2.00 -
510  4.00 -
520  0.00 -

500  2.00 -
510  3.00 -
520  1.00 -

500  1.00 -
510  5.00 -
520  0.00 -

500  2.00 -
510  3.00 -
520  0.00 -

500  2.00 -
510  2.00 -
520  1.00 -

500  2.00 -
510  2.00 -
520  0.00 -

500  2.00 -
510  1.00 -
520  0.00 -

500  2.00 -
510  0.00 -
520  0.00 -

500  1.00 -
510  0.00 -
520  0.00 -


### AE report ########################################

 AE:Orbital    Filling       Eigenvalues[Ry]          Norm
    ----------------------------------------------------------
	100+	 2.000	   -2414.6598461130
	200+	 2.000	    -373.5521167892
	210-	 2.000	    -350.4653978380
	210+	 4.000	    -328.6720132676
	300+	 2.000	     -75.7285048617
	310-	 2.000	     -66.1942171127
	310+	 4.000	     -62.0896610852
	320-	 4.000	     -45.3422652016
	320+	 6.000	     -44.4766777721
	400+	 2.000	     -13.6000007722
	410-	 2.000	     -10.2728978403
	410+	 4.000	      -9.4732563512
	420-	 4.000	      -4.1321352506
	420+	 6.000	      -4.0063349772
	500+	 2.000	      -1.5879091696	  0.0254817456
	510-	 1.333	      -0.8525853413	  0.0391704912
	510+	 2.667	      -0.7708964690	  0.0518775222
	520-	 0.400	      -0.0459368722	  0.7983115230
	520+	 0.600	      -0.0443761767	  0.8121888476

      E_tot =   -14223.9603310345 Ry

### PS report ########################################

    Orbital       Ghost
    -----------------------------------------------------------------
	500 	    no
	510 	    no
	510 	    no
	520 	    no
	520 	    no


### NL/SL report #####################################


 NL:Orbital    Filling       Eigenvalues[Ry]          Norm       Ghost
    ------------------------------------------------------------------
	500+	 2.000	      -1.6224598425	  0.0252202165	    no
	510-	 1.333	      -0.8717231244	  0.0382294009	    no
	510+	 2.667	      -0.7939053380	  0.0488890107	    no
	520-	 0.400	      -0.0466298358	  0.8270189484	    no
	520+	 0.600	      -0.0456766805	  0.8354099336	    no

	 ========== No ghosts in potential!!========== 

      E_tot =      -22.1942382290 Ry

### KE report ########################################

	 ===   Ecut necessary for ~1    eV convergence error / electron === 
	 --------------------------------------------------------------- 
		 	 Ecut[Ry] 	 error [meV/e] 
	500+ 		   12 	          998.176 
	510- 		   15 	          986.426 
	510+ 		   14 	          990.762 
	520- 		   -----  >2500 Ry   -----
	520+ 		   -----  >2500 Ry   -----
	 ===   Ecut necessary for ~100 meV convergence error / electron === 
	 --------------------------------------------------------------- 
		 	 Ecut[Ry] 	 error [meV/e] 
	500+ 		   39 	           98.178 
	510- 		   2208 	           99.672 
	510+ 		   2390 	           99.965 
	520- 		   -----  >2500 Ry   -----
	520+ 		   -----  >2500 Ry   -----

	 ===   Ecut necessary for  ~10 meV convergence error / electron === 
	 --------------------------------------------------------------- 
		 	 Ecut[Ry] 	 error [meV/e] 
	500+ 		   71 	            9.955 
	510- 		   2482 	            9.371 
	510+ 		   2487 	            9.214 
	520- 		   -----  >2500 Ry   -----
	520+ 		   -----  >2500 Ry   -----

	 ===   Ecut necessary for   ~1 meV convergence error / electron === 
	 --------------------------------------------------------------- 
		 	 Ecut[Ry] 	 error [meV/e] 
	500+ 		   105 	            0.994 
	510- 		   2493 	            0.721 
	510+ 		   2494 	            0.918 
	520- 		   -----  >2500 Ry   -----
	520+ 		   -----  >2500 Ry   -----

### TC report ########################################

Comparison of total energies
Config	 E_sl(Ry)	 E_nl(Ry)	 Delta(eV)
0      -22.194238      -22.194238       -0.000000
1      -22.045706      -22.045708        0.000025
2      -21.149239      -21.149423        0.002497
3      -21.233158      -21.233184        0.000353
4      -20.573639      -20.573847        0.002836
5      -19.519190      -19.520109        0.012512
6      -18.401229      -18.401836        0.008256
7      -15.486225      -15.486995        0.010471
8      -11.799131      -11.799131       -0.000000
9       -6.300574       -6.300574       -0.000000
MAD (eV): 0.00369505
