##########################################################
#    Opium Report File                                   #
##########################################################
     Opium version:        4.1

### copy of the parameter file #######################

[Atom]
Gd
15            
100   2.00 -
200   2.00 -
210   6.00 -
300   2.00 -
310   6.00 -
320  10.00 -
400   2.00 -
410   6.00 -
420  10.00 -
500   2.00 -
510   6.00 -
520   1.00 -
430   7.00 -
600   0.50 -
610   0.50 -

[Pseudo]
6 1.176092 1.288137 1.877981 0.553329 3.242022 3.2
g

[Gaussinfo]
18 5
2 2 2 2 4 
2   11.95874295  158.75157318789057
2   4.57502029   75.33862826274655
2   9.32702741   85.29970272818532
2   3.72730927   55.148895643005105
2   9.14239802   55.31511392504553
2   2.41026285   27.587515239861645
2   3.49609108   -24.9529154751256
2   6.1622991   -2.920504453945625
1   4.482334567  18
3   4.564889708  82.168014744
2   5.66712002  -92.94902558036668
2   3.16146066  -4.588504296630954


[KBdesign]
s

[Relativity]
nrl

[XC]
pbe

[Configs]
6
500   2.00 -
510   6.00 -
520   1.00 -
430   7.00 -
600   2.00 -
610   0.00 -

500   2.00 -
510   6.00 -
520   0.00 -
430   7.00 -
600   2.00 -
610   1.00 -

500   2.00 -
510   6.00 -
520   1.00 -
430   7.00 -
600   1.00 -
610   0.00 -

500   2.00 -
510   6.00 -
520   0.00 -
430   7.00 -
600   2.00 -
610   0.00 -

500   2.00 -
510   6.00 -
520   1.00 -
430   7.00 -
600   0.00 -
610   0.00 -

500   2.00 -
510   6.00 -
520   0.00 -
430   7.00 -
600   0.00 -
610   0.00 -

#500   2.00 -
#510   6.00 -
#520   0.00 -
#430   8.00 -
#600   0.00 -
#610   0.00 -
#
#500   2.00 -
#510   6.00 -
#520   0.00 -
#430   9.00 -
#600   0.00 -
#610   0.00 -
############################################################

### AE report ########################################

 AE:Orbital    Filling       Eigenvalues[Ry]          Norm
    ----------------------------------------------------------
	100	 2.000	   -3460.7404957690
	200	 2.000	    -551.5959909595
	210	 6.000	    -524.8115312460
	300	 2.000	    -122.1192649487
	310	 6.000	    -110.2020937307
	320	10.000	     -87.9994947489
	400	 2.000	     -24.5310069036
	410	 6.000	     -19.8689775107
	420	10.000	     -11.5598482933
	500	 2.000	      -3.6964026073	  0.7137222522
	510	 6.000	      -2.4347696820	  0.7164560680
	520	 1.000	      -0.6953228837	  0.6821217533
	430	 7.000	      -1.4477599177	  0.7058534559
	600	 0.500	      -0.6566408483	  0.6820126530
	610	 0.500	      -0.4399268684	  0.8604686080

      E_tot =   -21645.8371267405 Ry

### PS report ########################################

    Orbital       Ghost
    -----------------------------------------------------------------
	100 	    no
	210 	    no
	320 	    no
	430 	    no


### NL/SL report #####################################


 NL:Orbital    Filling       Eigenvalues[Ry]          Norm       Ghost
    ------------------------------------------------------------------
	100 	 2.000	      -4.1408828444	  0.6397872147	    no
	210 	 6.000	      -2.4995434276	  0.6983564706	    no
	320 	 1.000	      -0.6257834906	  0.7361052960	    no
	430 	 7.000	      -1.4599926399	  0.7587223338	    no
	200 	 0.500	      -0.7125031660	  0.6092407914	    no
	310 	 0.500	      -0.4457896907	  0.8501347773	    no

	 ========== No ghosts in potential!!========== 

      E_tot =     -219.2132887255 Ry

### KE report ########################################

	 ===   Ecut necessary for ~1    eV convergence error / electron === 
	 --------------------------------------------------------------- 
		 	 Ecut[Ry] 	 error [meV/e] 
	100  		   25 	          988.451 
	210  		   27 	          988.665 
	320  		   2453 	          990.504 
	430  		   305 	          997.870 
	200  		   25 	          988.451 
	310  		   27 	          988.665 
	 ===   Ecut necessary for ~100 meV convergence error / electron === 
	 --------------------------------------------------------------- 
		 	 Ecut[Ry] 	 error [meV/e] 
	100  		   67 	           99.082 
	210  		   40 	           98.288 
	320  		   2495 	           84.686 
	430  		   413 	           99.877 
	200  		   67 	           99.082 
	310  		   40 	           98.288 

	 ===   Ecut necessary for  ~10 meV convergence error / electron === 
	 --------------------------------------------------------------- 
		 	 Ecut[Ry] 	 error [meV/e] 
	100  		   95 	            9.885 
	210  		   74 	            9.959 
	320  		   2499 	            9.922 
	430  		   525 	            9.992 
	200  		   95 	            9.885 
	310  		   74 	            9.959 

	 ===   Ecut necessary for   ~1 meV convergence error / electron === 
	 --------------------------------------------------------------- 
		 	 Ecut[Ry] 	 error [meV/e] 
	100  		   146 	            0.997 
	210  		   101 	            0.983 
	320  		   -----  >2500 Ry   -----
	430  		   662 	            0.995 
	200  		   146 	            0.997 
	310  		   101 	            0.983 

### TC report ########################################

Comparison of total energies
Config	 E_sl(Ry)	 E_nl(Ry)	 Delta(eV)
0     -219.213208     -219.213289        0.001098
1     -219.838944     -219.838943       -0.000004
2     -219.734668     -219.734782        0.001558
3     -219.345959     -219.345959        0.000001
4     -219.426154     -219.426140       -0.000198
5     -218.452385     -218.452385        0.000000
6     -217.037971     -217.037971        0.000012
MAD (eV): 0.000410289
