##########################################################
#    Opium Report File                                   #
##########################################################
     Opium version:        4.1

### copy of the parameter file #######################

[Atom]
Gd
15            
100   2.00 -
200   2.00 -
210   6.00 -
300   2.00 -
310   6.00 -
320  10.00 -
400   2.00 -
410   6.00 -
420  10.00 -
500   2.00 -
510   6.00 -
520   1.00 -
430   7.00 -
600   0.50 -
610   0.50 -

[Pseudo]
6 1.176092 1.288137 1.877981 0.553329 3.242022 3.2
g

[Gaussinfo]
18 5 3
2 2 2 2 4  1 1 1
2   11.95874295  158.75157318789057
2   4.57502029   75.33862826274655
2   9.32702741   85.29970272818532
2   3.72730927   55.148895643005105
2   9.14239802   55.31511392504553
2   2.41026285   27.587515239861645
2   3.49609108   -24.9529154751256
2   6.1622991   -2.920504453945625
1   4.482334567  18
3   4.564889708  82.168014744
2   5.66712002  -92.94902558036668
2   3.16146066  -4.588504296630954
4   2.00299880   2.78285960
4   4.11485964  -0.32245798
4   4.96590544   0.23125870


[KBdesign]
s

[Relativity]
frl

[XC]
pbe

[Configs]
8
500   2.00 -
510   6.00 -
520   1.00 -
430   7.00 -
600   2.00 -
610   0.00 -

500   2.00 -
510   6.00 -
520   0.00 -
430   7.00 -
600   2.00 -
610   1.00 -

500   2.00 -
510   6.00 -
520   1.00 -
430   7.00 -
600   1.00 -
610   0.00 -

500   2.00 -
510   6.00 -
520   0.00 -
430   7.00 -
600   2.00 -
610   0.00 -

500   2.00 -
510   6.00 -
520   1.00 -
430   7.00 -
600   0.00 -
610   0.00 -

500   2.00 -
510   6.00 -
520   0.00 -
430   7.00 -
600   0.00 -
610   0.00 -

500   2.00 -
510   6.00 -
520   0.00 -
430   8.00 -
600   0.00 -
610   0.00 -

500   2.00 -
510   6.00 -
520   0.00 -
430   9.00 -
600   0.00 -
610   0.00 -
############################################################

### AE report ########################################

 AE:Orbital    Filling       Eigenvalues[Ry]          Norm
    ----------------------------------------------------------
	100+	 2.000	   -3664.3570429128
	200+	 2.000	    -605.6342077145
	210-	 2.000	    -574.9365115460
	210+	 4.000	    -524.2511605853
	300+	 2.000	    -134.7294683686
	310-	 2.000	    -121.4702344250
	310+	 4.000	    -111.0623212234
	320-	 4.000	     -88.2961574646
	320+	 6.000	     -86.0215519438
	400+	 2.000	     -27.5464167285
	410-	 2.000	     -22.3868508610
	410+	 4.000	     -20.0696498258
	420-	 4.000	     -11.5929614128
	420+	 6.000	     -11.1725488346
	500+	 2.000	      -4.1513620079	  0.6409549993
	510-	 2.000	      -2.7329626921	  0.6458157261
	510+	 4.000	      -2.4149999284	  0.7097699193
	520-	 0.400	      -0.6682201055	  0.6915399271
	520+	 0.600	      -0.6447081175	  0.7115601624
	430-	 3.000	      -1.1902186225	  0.7214350948
	430+	 4.000	      -1.1345514355	  0.7286294158
	600+	 0.500	      -0.7064954050	  0.6134735309
	610-	 0.167	      -0.4650551705	  0.8221836418
	610+	 0.333	      -0.4359337598	  0.8594850019

      E_tot =   -22533.6481834277 Ry

### PS report ########################################

    Orbital       Ghost
    -----------------------------------------------------------------
	500 	    no
	510 	    no
	510 	    no
	520 	    no
	520 	    no
	430 	    no
	430 	    no


### NL/SL report #####################################


 NL:Orbital    Filling       Eigenvalues[Ry]          Norm       Ghost
    ------------------------------------------------------------------
	500+	 2.000	      -4.1430947780	  0.6397495745	    no
	510-	 2.000	      -2.7747845899	  0.6562756343	    no
	510+	 4.000	      -2.3767587344	  0.7188303650	    no
	520-	 0.400	      -0.6263043327	  0.7363467515	    no
	520+	 0.600	      -0.6275861513	  0.7351303217	    no
	430-	 3.000	      -1.4943406473	  0.7568901855	    no
	430+	 4.000	      -1.4374980748	  0.7601559265	    no
	600+	 0.500	      -0.7131175983	  0.6085558571	    no
	610-	 0.167	      -0.4649275678	  0.8279689022	    no
	610+	 0.333	      -0.4360832803	  0.8609965121	    no

	 ========== No ghosts in potential!!========== 

      E_tot =     -219.2607151935 Ry

### KE report ########################################

	 ===   Ecut necessary for ~1    eV convergence error / electron === 
	 --------------------------------------------------------------- 
		 	 Ecut[Ry] 	 error [meV/e] 
	500+ 		   25 	          988.720 
	510- 		   29 	          998.050 
	510+ 		   26 	          995.265 
	520- 		   2453 	          987.125 
	520+ 		   2453 	          971.169 
	430- 		   306 	          997.831 
	430+ 		   305 	          999.424 
	600+ 		   25 	          988.720 
	610- 		   29 	          998.050 
	610+ 		   26 	          995.265 
	 ===   Ecut necessary for ~100 meV convergence error / electron === 
	 --------------------------------------------------------------- 
		 	 Ecut[Ry] 	 error [meV/e] 
	500+ 		   67 	           99.080 
	510- 		   43 	           99.127 
	510+ 		   39 	           97.978 
	520- 		   2495 	           84.396 
	520+ 		   2495 	           83.021 
	430- 		   413 	           99.695 
	430+ 		   413 	           99.340 
	600+ 		   67 	           99.080 
	610- 		   43 	           99.127 
	610+ 		   39 	           97.978 

	 ===   Ecut necessary for  ~10 meV convergence error / electron === 
	 --------------------------------------------------------------- 
		 	 Ecut[Ry] 	 error [meV/e] 
	500+ 		   95 	            9.879 
	510- 		   80 	            9.929 
	510+ 		   71 	            9.948 
	520- 		   2499 	            9.887 
	520+ 		   2499 	            9.725 
	430- 		   525 	            9.955 
	430+ 		   525 	            9.949 
	600+ 		   95 	            9.879 
	610- 		   80 	            9.929 
	610+ 		   71 	            9.948 

	 ===   Ecut necessary for   ~1 meV convergence error / electron === 
	 --------------------------------------------------------------- 
		 	 Ecut[Ry] 	 error [meV/e] 
	500+ 		   146 	            0.997 
	510- 		   104 	            0.999 
	510+ 		   99 	            0.992 
	520- 		   -----  >2500 Ry   -----
	520+ 		   -----  >2500 Ry   -----
	430- 		   662 	            0.994 
	430+ 		   662 	            0.997 
	600+ 		   146 	            0.997 
	610- 		   104 	            0.999 
	610+ 		   99 	            0.992 

### TC report ########################################

Comparison of total energies
Config	 E_sl(Ry)	 E_nl(Ry)	 Delta(eV)
0     -219.260895     -219.260715       -0.002444
1     -219.887038     -219.887037       -0.000006
2     -219.782104     -219.781791       -0.004268
3     -219.393728     -219.393728        0.000003
4     -219.473290     -219.473275       -0.000209
5     -218.499502     -218.499503        0.000009
6     -217.083624     -217.083620       -0.000053
7     -219.158205     -219.149467       -0.118883
8     -220.001975     -219.976051       -0.352719
MAD (eV): 0.053177
