##########################################################
#    Opium Report File                                   #
##########################################################
     Opium version:        4.1

### copy of the parameter file #######################

[Atom]
Mn
8            
100   2.00  -
200   2.00  -
210   6.00  -
300   2.00  -
310   6.00  -
320   5.00  -
400   0.00  -
410   0.00  -

[Pseudo]
5 1.331 1.366 1.231  1.331 1.366
g

[Gaussinfo]
15 3
2 2 4
2  9.94952232577447  20.98909675392661
2  13.9234887839664  178.00583069182406
2  8.01409813976060  10.01040697215067
2  11.9692482807803  85.59940673771172
1  7.94789066605795  15.0
3  7.53987122433309  119.218359990869250
2  7.53228137970596  -88.39138614764512
2  4.93655055808770  -1.97436430964176


[KBdesign]
s

[Relativity]
nrl

[XC]
pbe

[Configs]
11

300  2.00 -
310  6.00 -
320  5.00 -
400  2.00 -
410  0.00 -

300  2.00 -
310  6.00 -
320  6.00 -
400  1.00 -
410  0.00 -

300  2.00 -
310  6.00 -
320  7.00 -
400  0.00 -
410  0.00 -

300  2.00 -
310  6.00 -
320  5.00 -
400  1.00 -
410  0.00 -

300  2.00 -
310  6.00 -
320  6.00 -
400  0.00 -
410  0.00 -

300  2.00 -
310  6.00 -
320  5.00 -
400  0.00 -
410  0.00 -

300  2.00 -
310  6.00 -
320  4.00 -
400  0.00 -
410  0.00 -

300  2.00 -
310  6.00 -
320  3.00 -
400  0.00 -
410  0.00 -

300  2.00 -
310  6.00 -
320  2.00 -
400  0.00 -
410  0.00 -

300  2.00 -
310  6.00 -
320  1.00 -
400  0.00 -
410  0.00 -

300  2.00 -
310  6.00 -
320  0.00 -
400  0.00 -
410  0.00 -

### AE report ########################################

 AE:Orbital    Filling       Eigenvalues[Ry]          Norm
    ----------------------------------------------------------
	100	 2.000	    -469.7919012032
	200	 2.000	     -55.1453107778
	210	 6.000	     -47.4548496680
	300	 2.000	      -7.4910739421	  0.0844022018
	310	 6.000	      -5.2942476190	  0.1116223191
	320	 5.000	      -1.7988592712	  0.3561874335
	400	 0.000	      -1.4126304683	  0.9456042191
	410	 0.000	      -1.0168101569	  0.9594378354

      E_tot =    -2299.3602893568 Ry

### PS report ########################################

    Orbital       Ghost
    -----------------------------------------------------------------
	100 	    no
	210 	    no
	320 	    no


### NL/SL report #####################################


 NL:Orbital    Filling       Eigenvalues[Ry]          Norm       Ghost
    ------------------------------------------------------------------
	100 	 2.000	      -7.6359092078	  0.0796380241	    no
	210 	 6.000	      -5.2644074405	  0.1113040868	    no
	320 	 5.000	      -1.8019328436	  0.3515545446	    no
	200 	 0.000	      -1.4228197718	  0.9454350214	    no
	310 	 0.000	      -1.0172771820	  0.9586657604	    no

	 ========== No ghosts in potential!!========== 

      E_tot =     -206.0212597824 Ry

### KE report ########################################

	 ===   Ecut necessary for ~1    eV convergence error / electron === 
	 --------------------------------------------------------------- 
		 	 Ecut[Ry] 	 error [meV/e] 
	100  		   81 	          958.177 
	210  		   71 	          997.181 
	320  		   190 	          991.513 
	200  		   81 	          958.177 
	310  		   71 	          997.181 
	 ===   Ecut necessary for ~100 meV convergence error / electron === 
	 --------------------------------------------------------------- 
		 	 Ecut[Ry] 	 error [meV/e] 
	100  		   227 	           98.256 
	210  		   158 	           96.630 
	320  		   292 	           99.916 
	200  		   227 	           98.256 
	310  		   158 	           96.630 

	 ===   Ecut necessary for  ~10 meV convergence error / electron === 
	 --------------------------------------------------------------- 
		 	 Ecut[Ry] 	 error [meV/e] 
	100  		   310 	            9.463 
	210  		   215 	            9.849 
	320  		   408 	            9.765 
	200  		   310 	            9.463 
	310  		   215 	            9.849 

	 ===   Ecut necessary for   ~1 meV convergence error / electron === 
	 --------------------------------------------------------------- 
		 	 Ecut[Ry] 	 error [meV/e] 
	100  		   378 	            0.963 
	210  		   267 	            0.962 
	320  		   564 	            0.989 
	200  		   378 	            0.963 
	310  		   267 	            0.962 

### TC report ########################################

Comparison of total energies
Config	 E_sl(Ry)	 E_nl(Ry)	 Delta(eV)
0     -206.021260     -206.021260        0.000000
1     -207.777842     -207.777842        0.000004
2     -207.816037     -207.815991       -0.000615
3     -207.711235     -207.711114       -0.001638
4     -207.162818     -207.162818        0.000002
5     -207.294569     -207.294508       -0.000832
6     -206.021260     -206.021260        0.000000
7     -203.610577     -203.610455       -0.001661
8     -199.846874     -199.846349       -0.007146
9     -194.551632     -194.550598       -0.014064
10     -187.569365     -187.568322       -0.014188
11     -178.761148     -178.761694        0.007432
MAD (eV): 0.00396534
