##########################################################
#    Opium Report File                                   #
##########################################################
     Opium version:        4.1

### copy of the parameter file #######################

[Atom]
Ir
15            
100   2.00  -
200   2.00  -
210   6.00  -
300   2.00  -
310   6.00  -
320   10.0  -
400   2.00  -
410   6.00  -
420   10.0  -
430   14.0  -
500   2.00  -
510   6.00  -
520   5.00  -
530   0.10  -
600   0.10  -

[Pseudo]
5 -1 -1 -1 -1 -1 
g

[Gaussinfo]
17 5 
2 2 2 2 4
2  6.28409524     76.59951132
2  13.82628737   438.87387880
2  5.34638280     61.99194401
2  11.26418806   262.75013487
2  4.76674648     31.12365351
2  6.81521041    123.95599302
2  2.78635024     10.32927586
2  2.59294634     11.88569819
1  12.17107024    17.00000000
3  12.17013869   206.90819411
2  5.60298402    -23.15704190
2  12.32034281  -143.20837865

[KBdesign]
s

[Relativity]
srl

[XC]
pbe

[Configs]
8

500  2.00 -
510  6.00 -
520  8.00 -
530  0.00 -
600  0.00 -

500  2.00 -
510  6.00 -
520  7.00 -
530  0.00 -
600  1.00 -

500  2.00 -
510  6.00 -
520  7.00 -
530  1.00 -
600  0.00 -

500  2.00 -
510  6.00 -
520  7.00 -
530  0.00 -
600  0.00 -

500  2.00 -
510  6.00 -
520  6.00 -
530  0.00 -
600  1.00 -

500  2.00 -
510  6.00 -
520  6.00 -
530  0.00 -
600  0.00 -

500  2.00 -
510  6.00 -
520  5.00 -
530  0.00 -
600  0.00 -

500  2.00 -
510  6.00 -
520  4.00 -
530  0.00 -
600  0.00 -


### AE report ########################################

 AE:Orbital    Filling       Eigenvalues[Ry]          Norm
    ----------------------------------------------------------
	500	 2.000	     -10.4385376839	  0.0474924721
	510	 6.000	      -7.3038431808	  0.0772218682
	520	 5.000	      -3.5610123293	  0.2759488259
	530	 0.100	      -1.2308593955	  0.7703351055
	600	 0.100	      -2.9676282513	  0.8777350124

      E_tot =   -35658.7475417488 Ry

### PS report ########################################

    Orbital       Ghost
    -----------------------------------------------------------------
	100 	    no
	210 	    no
	320 	    no
	430 	    no


### NL/SL report #####################################


 NL:Orbital    Filling       Eigenvalues[Ry]          Norm       Ghost
    ------------------------------------------------------------------
	100 	 2.000	     -10.4386203398	  0.0469637501	    no
	210 	 6.000	      -7.2532569870	  0.0771653059	    no
	320 	 5.000	      -3.5736166180	  0.2761092077	    no
	430 	 0.100	      -1.2326122223	  0.7692373604	    no
	200 	 0.100	      -2.9647994142	  0.8787897098	    no

	 ========== No ghosts in potential!!========== 

      E_tot =     -201.8034594692 Ry

### KE report ########################################

	 ===   Ecut necessary for ~1    eV convergence error / electron === 
	 --------------------------------------------------------------- 
		 	 Ecut[Ry] 	 error [meV/e] 
	100  		   113 	          996.992 
	210  		   65 	          989.225 
	320  		   43 	          999.598 
	430  		   2468 	          999.125 
	200  		   113 	          996.992 
	 ===   Ecut necessary for ~100 meV convergence error / electron === 
	 --------------------------------------------------------------- 
		 	 Ecut[Ry] 	 error [meV/e] 
	100  		   168 	           99.033 
	210  		   154 	           99.695 
	320  		   84 	           98.896 
	430  		   2496 	           83.771 
	200  		   168 	           99.033 

	 ===   Ecut necessary for  ~10 meV convergence error / electron === 
	 --------------------------------------------------------------- 
		 	 Ecut[Ry] 	 error [meV/e] 
	100  		   328 	            9.970 
	210  		   222 	            9.915 
	320  		   121 	            9.995 
	430  		   -----  >2500 Ry   -----
	200  		   328 	            9.970 

	 ===   Ecut necessary for   ~1 meV convergence error / electron === 
	 --------------------------------------------------------------- 
		 	 Ecut[Ry] 	 error [meV/e] 
	100  		   415 	            0.993 
	210  		   273 	            1.000 
	320  		   233 	            0.998 
	430  		   -----  >2500 Ry   -----
	200  		   415 	            0.993 

### TC report ########################################

Comparison of total energies
Config	 E_sl(Ry)	 E_nl(Ry)	 Delta(eV)
0     -201.803459     -201.803459        0.000003
1     -208.224075     -208.224300        0.003066
2     -208.118453     -208.118582        0.001754
3     -207.102334     -207.102456        0.001665
4     -206.840741     -206.840863        0.001661
5     -206.567244     -206.567291        0.000638
6     -204.586233     -204.586268        0.000471
7     -201.372695     -201.372695       -0.000002
8     -197.127361     -197.127407        0.000630
MAD (eV): 0.00109887
