##########################################################
#    Opium Report File                                   #
##########################################################
     Opium version:        4.1

### copy of the parameter file #######################

[Atom]
Ir
15            
100   2.00  -
200   2.00  -
210   6.00  -
300   2.00  -
310   6.00  -
320   10.0  -
400   2.00  -
410   6.00  -
420   10.0  -
430   14.0  -
500   2.00  -
510   6.00  -
520   5.00  -
530   0.10  -
600   0.10  -

[Pseudo]
5 -1 -1 -1 -1 -1 
g

[Gaussinfo]
17 5 3
2 2 2 2 4  2 2 2
2  6.28409524     76.59951132
2  13.82628737   438.87387880
2  5.34638280     61.99194401
2  11.26418806   262.75013487
2  4.76674648     31.12365351
2  6.81521041    123.95599302
2  2.78635024     10.32927586
2  2.59294634     11.88569819
1  12.17107024    17.00000000
3  12.17013869   206.90819411
2  5.60298402    -23.15704190
2  12.32034281  -143.20837865
2  13.722145     -15.366434 
2   4.201427       9.843941 
2  10.062658      -2.838512 
2   5.177629       3.880360 
2   2.295619      -4.159394 
2   2.299318       4.142597 

[KBdesign]
s

[Relativity]
frl

[XC]
pbe

[Configs]
8

500  2.00 -
510  6.00 -
520  8.00 -
530  0.00 -
600  0.00 -

500  2.00 -
510  6.00 -
520  7.00 -
530  0.00 -
600  1.00 -

500  2.00 -
510  6.00 -
520  7.00 -
530  1.00 -
600  0.00 -

500  2.00 -
510  6.00 -
520  7.00 -
530  0.00 -
600  0.00 -

500  2.00 -
510  6.00 -
520  6.00 -
530  0.00 -
600  1.00 -

500  2.00 -
510  6.00 -
520  6.00 -
530  0.00 -
600  0.00 -

500  2.00 -
510  6.00 -
520  5.00 -
530  0.00 -
600  0.00 -

500  2.00 -
510  6.00 -
520  4.00 -
530  0.00 -
600  0.00 -


### AE report ########################################

 AE:Orbital    Filling       Eigenvalues[Ry]          Norm
    ----------------------------------------------------------
	100+	 2.000	   -5564.0728691053
	200+	 2.000	    -976.0547569463
	210-	 2.000	    -934.6328914852
	210+	 4.000	    -816.2922990397
	300+	 2.000	    -230.9492254045
	310-	 2.000	    -212.5214102247
	310+	 4.000	    -186.5768274990
	320-	 4.000	    -156.1128865636
	320+	 6.000	    -150.4866086520
	400+	 2.000	     -51.8825432559
	410-	 2.000	     -44.1201704469
	410+	 4.000	     -37.9822272922
	420-	 4.000	     -25.3217852685
	420+	 6.000	     -24.1780988769
	430-	 6.000	      -8.0285812690
	430+	 8.000	      -7.7990682557
	500+	 2.000	     -10.4385376839	  0.0474589565
	510-	 2.000	      -7.9824812873	  0.0536431122
	510+	 4.000	      -6.9645241275	  0.0903152277
	520-	 2.000	      -3.6304412699	  0.2613826736
	520+	 3.000	      -3.5147263690	  0.2859465519
	530-	 0.043	      -1.2327980870	  0.7679301355
	530+	 0.057	      -1.2294053768	  0.7727640911
	600+	 0.100	      -2.9676282513	  0.8777806162

      E_tot =   -35658.7475417488 Ry

### PS report ########################################

    Orbital       Ghost
    -----------------------------------------------------------------
	500 	    no
	510 	    no
	510 	    no
	520 	    no
	520 	    no
	530 	    no
	530 	    no


### NL/SL report #####################################


 NL:Orbital    Filling       Eigenvalues[Ry]          Norm       Ghost
    ------------------------------------------------------------------
	500+	 2.000	     -10.4368910436	  0.0470178266	    no
	510-	 2.000	      -7.9632587242	  0.0540387688	    no
	510+	 4.000	      -6.9520216783	  0.0902903896	    no
	520-	 2.000	      -3.6440135392	  0.2613401212	    no
	520+	 3.000	      -3.5312030714	  0.2858783011	    no
	530-	 0.043	      -1.2327797487	  0.7692942214	    no
	530+	 0.057	      -1.2333003029	  0.7685140133	    no
	600+	 0.100	      -2.9654808273	  0.8787401881	    no

	 ========== No ghosts in potential!!========== 

      E_tot =     -202.0348197909 Ry

### KE report ########################################

	 ===   Ecut necessary for ~1    eV convergence error / electron === 
	 --------------------------------------------------------------- 
		 	 Ecut[Ry] 	 error [meV/e] 
	500+ 		   113 	          997.121 
	510- 		   73 	          990.098 
	510+ 		   61 	          998.394 
	520- 		   42 	          998.960 
	520+ 		   43 	          997.543 
	530- 		   2468 	          997.367 
	530+ 		   2468 	          991.241 
	600+ 		   113 	          997.121 
	 ===   Ecut necessary for ~100 meV convergence error / electron === 
	 --------------------------------------------------------------- 
		 	 Ecut[Ry] 	 error [meV/e] 
	500+ 		   168 	           99.313 
	510- 		   175 	           99.555 
	510+ 		   144 	           99.665 
	520- 		   86 	           98.652 
	520+ 		   83 	           99.397 
	530- 		   2496 	           83.620 
	530+ 		   2496 	           83.097 
	600+ 		   168 	           99.313 

	 ===   Ecut necessary for  ~10 meV convergence error / electron === 
	 --------------------------------------------------------------- 
		 	 Ecut[Ry] 	 error [meV/e] 
	500+ 		   328 	            9.957 
	510- 		   240 	            9.863 
	510+ 		   213 	            9.907 
	520- 		   122 	            9.984 
	520+ 		   120 	            9.988 
	530- 		   -----  >2500 Ry   -----
	530+ 		   -----  >2500 Ry   -----
	600+ 		   328 	            9.957 

	 ===   Ecut necessary for   ~1 meV convergence error / electron === 
	 --------------------------------------------------------------- 
		 	 Ecut[Ry] 	 error [meV/e] 
	500+ 		   415 	            0.994 
	510- 		   293 	            0.998 
	510+ 		   264 	            0.999 
	520- 		   239 	            0.996 
	520+ 		   230 	            0.994 
	530- 		   -----  >2500 Ry   -----
	530+ 		   -----  >2500 Ry   -----
	600+ 		   415 	            0.994 

### TC report ########################################

Comparison of total energies
Config	 E_sl(Ry)	 E_nl(Ry)	 Delta(eV)
0     -202.034820     -202.034820        0.000000
1     -208.463660     -208.463890        0.003117
2     -208.355857     -208.355988        0.001785
3     -207.339141     -207.339265        0.001694
4     -207.077524     -207.077648        0.001688
5     -206.801904     -206.801952        0.000653
6     -204.820229     -204.820264        0.000477
7     -201.603935     -201.603936        0.000001
8     -197.355899     -197.355947        0.000645
MAD (eV): 0.00111798
