##########################################################
#    Opium Report File                                   #
##########################################################
     Opium version:        4.1

### copy of the parameter file #######################

[Atom]
Cs
13            
100   2.00  -
200   2.00  -
210   6.00  -
300   2.00  -
310   6.00  -
320   10.00  -
400   2.00  -
410   6.00  -
420   10.00  -
500   2.00  -
510   5.00  -
520   2.00  -
600   0.00  -

[Pseudo]
4 -1 -1 -1 -1
g

[Gaussinfo]
9 4 2
2 2 2 4  4 4
2 4.07706477  85.04779277
2 2.41752404  16.65429304
2 5.52113068 156.54904168
2 2.20208868  26.42292770
2 2.01019636  13.67263955
2 0.86514116   3.34215527
1 2.99998606   9.00000000
3 2.99954151  26.99987451
2 3.00040400  -9.99990823
2 3.32477553 -34.26948845
2 7.25484220404812 -58.8751109916931
2 7.13459057827449 58.8817624494194
2 3.35013055328276 -9.84203674349334
2 2.50001899043267 9.75750830007688
2 6.32274119198108 -11.9069336719864
2 6.39018960262371 11.9065741035430
2 1.79709077576427 -2.19049156392252
2 1.60396888292650 1.94015185624734

[KBdesign]
s

[Relativity]
frl

[XC]
pbe

[Configs]
7

500  2.00 -
510  6.00 -
520  0.00 -
600  1.00 -

500  2.00 -
510  6.00 -
520  1.00 -
600  0.00 -

500  2.00 -
510  6.00 -
520  0.00 -
600  0.00 -

500  2.00 -
510  5.00 -
520  0.00 -
600  0.00 -

500  2.00 -
510  4.00 -
520  0.00 -
600  0.00 -

500  2.00 -
510  3.00 -
520  0.00 -
600  0.00 -

500  2.00 -
510  2.00 -
520  0.00 -
600  0.00 -

### AE report ########################################

 AE:Orbital    Filling       Eigenvalues[Ry]          Norm
    ----------------------------------------------------------
	100+	 2.000	   -2620.1287820681
	200+	 2.000	    -411.3663555010
	210-	 2.000	    -386.9597884375
	210+	 4.000	    -361.2677638676
	300+	 2.000	     -85.7514827878
	310-	 2.000	     -75.5710198381
	310+	 4.000	     -70.6432031496
	320-	 4.000	     -52.8156573810
	320+	 6.000	     -51.7664195854
	400+	 2.000	     -16.3674906920
	410-	 2.000	     -12.7138180229
	410+	 4.000	     -11.7077309109
	420-	 4.000	      -5.7743604234
	420+	 6.000	      -5.6065893988
	500+	 2.000	      -2.1193263376	  0.1195861029
	510-	 1.667	      -1.2158186266	  0.1827257339
	510+	 3.333	      -1.0904773570	  0.2204047159
	520-	 0.800	      -0.0772598118	  0.5181882913
	520+	 1.200	      -0.0719264843	  0.5420859988
	600+	 0.000	      -0.1832906828	  0.9599692075

      E_tot =   -15564.1361857870 Ry

### PS report ########################################

    Orbital       Ghost
    -----------------------------------------------------------------
	500 	    no
	510 	    no
	510 	    no
	520 	    no
	520 	    no


### NL/SL report #####################################


 NL:Orbital    Filling       Eigenvalues[Ry]          Norm       Ghost
    ------------------------------------------------------------------
	500+	 2.000	      -2.1086329991	  0.1197193360	    no
	510-	 1.667	      -1.2102716219	  0.1829459674	    no
	510+	 3.333	      -1.0892052071	  0.2202887128	    no
	520-	 0.800	      -0.0759446419	  0.5046038113	    no
	520+	 1.200	      -0.0712421534	  0.5258566447	    no
	600+	 0.000	      -0.1782913134	  0.9608286255	    no

	 ========== No ghosts in potential!!========== 

      E_tot =      -39.1823497476 Ry

### KE report ########################################

	 ===   Ecut necessary for ~1    eV convergence error / electron === 
	 --------------------------------------------------------------- 
		 	 Ecut[Ry] 	 error [meV/e] 
	500+ 		   14 	          999.601 
	510- 		   17 	          987.720 
	510+ 		   16 	          991.750 
	520- 		   -----  >2500 Ry   -----
	520+ 		   -----  >2500 Ry   -----
	600+ 		   14 	          999.601 
	 ===   Ecut necessary for ~100 meV convergence error / electron === 
	 --------------------------------------------------------------- 
		 	 Ecut[Ry] 	 error [meV/e] 
	500+ 		   44 	           99.519 
	510- 		   29 	           98.573 
	510+ 		   26 	           99.299 
	520- 		   -----  >2500 Ry   -----
	520+ 		   -----  >2500 Ry   -----
	600+ 		   44 	           99.519 

	 ===   Ecut necessary for  ~10 meV convergence error / electron === 
	 --------------------------------------------------------------- 
		 	 Ecut[Ry] 	 error [meV/e] 
	500+ 		   60 	            9.879 
	510- 		   85 	            9.967 
	510+ 		   2274 	            9.990 
	520- 		   -----  >2500 Ry   -----
	520+ 		   -----  >2500 Ry   -----
	600+ 		   60 	            9.879 

	 ===   Ecut necessary for   ~1 meV convergence error / electron === 
	 --------------------------------------------------------------- 
		 	 Ecut[Ry] 	 error [meV/e] 
	500+ 		   104 	            0.998 
	510- 		   2451 	            0.973 
	510+ 		   2481 	            0.889 
	520- 		   -----  >2500 Ry   -----
	520+ 		   -----  >2500 Ry   -----
	600+ 		   104 	            0.998 

### TC report ########################################

Comparison of total energies
Config	 E_sl(Ry)	 E_nl(Ry)	 Delta(eV)
0      -39.182350      -39.182350       -0.000000
1      -40.318767      -40.318784        0.000229
2      -40.198782      -40.198809        0.000361
3      -40.035368      -40.035383        0.000199
4      -38.283146      -38.283153        0.000099
5      -35.761744      -35.761830        0.001173
6      -32.426780      -32.427012        0.003157
7      -28.241670      -28.242044        0.005087
MAD (eV): 0.00128823
