##########################################################
#    Opium Report File                                   #
##########################################################
     Opium version:        4.1

### copy of the parameter file #######################

[Atom]
Cs
13            
100   2.00  -
200   2.00  -
210   6.00  -
300   2.00  -
310   6.00  -
320   10.00  -
400   2.00  -
410   6.00  -
420   10.00  -
500   2.00  -
510   5.00  -
520   1.00  -
600   0.00  -

[Pseudo]
4 -1 -1 -1 -1
g

[Gaussinfo]
9 4
2 2 2 4
2 4.07706477  85.04779277
2 2.41752404  16.65429304
2 5.52113068 156.54904168
2 2.20208868  26.42292770
2 2.01019636  13.67263955
2 0.86514116   3.34215527
1 2.99998606   9.00000000
3 2.99954151  26.99987451
2 3.00040400  -9.99990823
2 3.32477553 -34.26948845

[KBdesign]
s

[Relativity]
nrl

[XC]
pbe

[Configs]
6

500  2.00 -
510  6.00 -
520  1.00 -
600  0.00 -

500  2.00 -
510  6.00 -
520  0.00 -
600  0.00 -

500  2.00 -
510  5.00 -
520  0.00 -
600  0.00 -

500  2.00 -
510  4.00 -
520  0.00 -
600  0.00 -

500  2.00 -
510  3.00 -
520  0.00 -
600  0.00 -

500  2.00 -
510  2.00 -
520  0.00 -
600  0.00 -

### AE report ########################################

 AE:Orbital    Filling       Eigenvalues[Ry]          Norm
    ----------------------------------------------------------
	100	 2.000	   -2516.6581515783
	200	 2.000	    -384.8865710541
	210	 6.000	    -362.7252034785
	300	 2.000	     -80.4048709654
	310	 6.000	     -70.9780293554
	320	10.000	     -53.4410090987
	400	 2.000	     -15.5663474372
	410	 6.000	     -12.1707822522
	420	10.000	      -6.3006707486
	500	 2.000	      -2.3631232702	  0.1444157865
	510	 5.000	      -1.5222236382	  0.2077905328
	520	 1.000	      -0.4367099645	  0.3080437644
	600	 0.000	      -0.4581012942	  0.9437833087

      E_tot =   -15110.7874353647 Ry

### PS report ########################################

    Orbital       Ghost
    -----------------------------------------------------------------
	100 	    no
	210 	    no
	320 	    no


### NL/SL report #####################################


 NL:Orbital    Filling       Eigenvalues[Ry]          Norm       Ghost
    ------------------------------------------------------------------
	100 	 2.000	      -2.5306716939	  0.1172623193	    no
	210 	 5.000	      -1.5417617964	  0.1992805343	    no
	320 	 1.000	      -0.4257198577	  0.3179306681	    no
	200 	 0.000	      -0.4798636879	  0.9420314047	    no

	 ========== No ghosts in potential!!========== 

      E_tot =      -38.9325184093 Ry

### KE report ########################################

	 ===   Ecut necessary for ~1    eV convergence error / electron === 
	 --------------------------------------------------------------- 
		 	 Ecut[Ry] 	 error [meV/e] 
	100  		   14 	          982.655 
	210  		   16 	          999.279 
	320  		   2498 	          765.034 
	200  		   14 	          982.655 
	 ===   Ecut necessary for ~100 meV convergence error / electron === 
	 --------------------------------------------------------------- 
		 	 Ecut[Ry] 	 error [meV/e] 
	100  		   44 	           99.933 
	210  		   27 	           99.664 
	320  		   -----  >2500 Ry   -----
	200  		   44 	           99.933 

	 ===   Ecut necessary for  ~10 meV convergence error / electron === 
	 --------------------------------------------------------------- 
		 	 Ecut[Ry] 	 error [meV/e] 
	100  		   60 	            9.897 
	210  		   74 	            9.934 
	320  		   -----  >2500 Ry   -----
	200  		   60 	            9.897 

	 ===   Ecut necessary for   ~1 meV convergence error / electron === 
	 --------------------------------------------------------------- 
		 	 Ecut[Ry] 	 error [meV/e] 
	100  		   104 	            0.996 
	210  		   2419 	            0.995 
	320  		   -----  >2500 Ry   -----
	200  		   104 	            0.996 

### TC report ########################################

Comparison of total energies
Config	 E_sl(Ry)	 E_nl(Ry)	 Delta(eV)
0      -38.932518      -38.932518        0.000000
1      -40.179454      -40.179500        0.000631
2      -40.016081      -40.016101        0.000267
3      -38.266423      -38.266427        0.000062
4      -35.747761      -35.747839        0.001061
5      -32.415795      -32.416016        0.003007
6      -28.233991      -28.234355        0.004948
MAD (eV): 0.00142535
