##########################################################
#    Opium Report File                                   #
##########################################################
     Opium version:        4.1

### copy of the parameter file #######################

[Atom]
Ca
8            
100   2.00  -
200   2.00  -
210   6.00  -
300   2.00  -
310   5.00  -
320   0.00  -
400   1.00  -
410   0.00  -

[Pseudo]
5 1.47121 1.85908 1.67545 1.47121 1.85908
g

[Gaussinfo]
10 3
2 2 4
2 11.240167 149.302623 
2  5.353612  23.759329 
2 13.066548  99.204114 
2  4.027485  13.452161 
1  7.041332  10.000000 
3 14.014449  70.413317 
2 13.769362 -92.872980 
2  4.717260  -5.753568 

[KBdesign]
s

[Relativity]
nrl

[XC]
pbe

[Configs]
11

300  2.00 -
310  6.00 -
320  0.00 -
400  2.00 -
410  0.00 -

300  2.00 -
310  6.00 -
320  1.00 -
400  1.00 -
410  0.00 -

300  2.00 -
310  6.00 -
320  0.00 -
400  1.00 -
410  1.00 -

300  2.00 -
310  6.00 -
320  2.00 -
400  0.00 -
410  0.00 -

300  2.00 -
310  6.00 -
320  0.00 -
400  1.00 -
410  0.00 -

300  2.00 -
310  6.00 -
320  0.00 -
400  0.00 -
410  1.00 -

300  2.00 -
310  6.00 -
320  1.00 -
400  0.00 -
410  0.00 -

300  2.00 -
310  5.00 -
320  0.00 -
400  0.00 -
410  0.00 -

300  2.00 -
310  4.00 -
320  0.00 -
400  0.00 -
410  0.00 -

300  2.00 -
310  3.00 -
320  0.00 -
400  0.00 -
410  0.00 -

300  2.00 -
310  2.00 -
320  0.00 -
400  0.00 -
410  0.00 -


############################################################

### AE report ########################################

 AE:Orbital    Filling       Eigenvalues[Ry]          Norm
    ----------------------------------------------------------
	100	 2.000	    -290.6475751561
	200	 2.000	     -32.0681510896
	210	 6.000	     -26.4750649657
	300	 2.000	      -5.0946294849	  0.1923642588
	310	 5.000	      -3.6900685604	  0.0998721239
	320	 0.000	      -1.6146998915	  0.3445195929
	400	 1.000	      -1.2659875644	  0.9380336900
	410	 0.000	      -0.9660678689	  0.9357462480

      E_tot =    -1351.1175657042 Ry

### PS report ########################################

    Orbital       Ghost
    -----------------------------------------------------------------
	100 	    no
	210 	    no
	320 	    no


### NL/SL report #####################################


 NL:Orbital    Filling       Eigenvalues[Ry]          Norm       Ghost
    ------------------------------------------------------------------
	100 	 2.000	      -5.1837706548	  0.1873395553	    no
	210 	 5.000	      -3.6834722603	  0.0997737073	    no
	320 	 0.000	      -1.6020678648	  0.3521996679	    no
	200 	 1.000	      -1.2684405507	  0.9404348828	    no
	310 	 0.000	      -0.9678900316	  0.9343260223	    no

	 ========== No ghosts in potential!!========== 

      E_tot =      -69.7450446409 Ry

### KE report ########################################

	 ===   Ecut necessary for ~1    eV convergence error / electron === 
	 --------------------------------------------------------------- 
		 	 Ecut[Ry] 	 error [meV/e] 
	100  		   41 	          995.856 
	210  		   24 	          999.020 
	320  		   119 	          998.744 
	200  		   41 	          995.856 
	310  		   24 	          999.020 
	 ===   Ecut necessary for ~100 meV convergence error / electron === 
	 --------------------------------------------------------------- 
		 	 Ecut[Ry] 	 error [meV/e] 
	100  		   124 	           99.368 
	210  		   89 	           99.045 
	320  		   262 	           99.526 
	200  		   124 	           99.368 
	310  		   89 	           99.045 

	 ===   Ecut necessary for  ~10 meV convergence error / electron === 
	 --------------------------------------------------------------- 
		 	 Ecut[Ry] 	 error [meV/e] 
	100  		   175 	            9.965 
	210  		   125 	            9.882 
	320  		   426 	            9.983 
	200  		   175 	            9.965 
	310  		   125 	            9.882 

	 ===   Ecut necessary for   ~1 meV convergence error / electron === 
	 --------------------------------------------------------------- 
		 	 Ecut[Ry] 	 error [meV/e] 
	100  		   299 	            0.999 
	210  		   233 	            0.998 
	320  		   2426 	            0.996 
	200  		   299 	            0.999 
	310  		   233 	            0.998 

### TC report ########################################

Comparison of total energies
Config	 E_sl(Ry)	 E_nl(Ry)	 Delta(eV)
0      -69.745045      -69.745045       -0.000000
1      -73.320522      -73.320758        0.003202
2      -73.153249      -73.153489        0.003261
3      -73.142810      -73.143236        0.005795
4      -72.960486      -72.960694        0.002827
5      -72.856798      -72.857020        0.003018
6      -72.633550      -72.634136        0.007963
7      -72.755983      -72.756227        0.003319
8      -68.229112      -68.229115        0.000040
9      -63.209662      -63.209956        0.004001
10      -56.854318      -56.855252        0.012709
11      -49.096292      -49.097845        0.021140
MAD (eV): 0.00560634
