##########################################################
#    Opium Report File                                   #
##########################################################
     Opium version:        4.1

### copy of the parameter file #######################

[Atom]
Ca
8            
100   2.00  -
200   2.00  -
210   6.00  -
300   2.00  -
310   6.00  -
320   0.00  -
400   0.00  -
410   0.00  -

[Pseudo]
5 1.47121 1.85908 1.67545 1.47121 1.85908
g

[Gaussinfo]
10 3
2 2 4
2 11.240167 149.302623 
2  5.353612  23.759329 
2 13.066548  99.204114 
2  4.027485  13.452161 
1  7.041332  10.000000 
3 14.014449  70.413317 
2 13.769362 -92.872980 
2  4.717260  -5.753568 

[KBdesign]
s

[Relativity]
nrl

[XC]
pbe

[Configs]
11

300  2.00 -
310  6.00 -
320  0.00 -
400  2.00 -
410  0.00 -

300  2.00 -
310  6.00 -
320  1.00 -
400  1.00 -
410  0.00 -

300  2.00 -
310  6.00 -
320  0.00 -
400  1.00 -
410  1.00 -

300  2.00 -
310  6.00 -
320  2.00 -
400  0.00 -
410  0.00 -

300  2.00 -
310  6.00 -
320  0.00 -
400  1.00 -
410  0.00 -

300  2.00 -
310  6.00 -
320  0.00 -
400  0.00 -
410  1.00 -

300  2.00 -
310  6.00 -
320  1.00 -
400  0.00 -
410  0.00 -

300  2.00 -
310  5.00 -
320  0.00 -
400  0.00 -
410  0.00 -

300  2.00 -
310  4.00 -
320  0.00 -
400  0.00 -
410  0.00 -

300  2.00 -
310  3.00 -
320  0.00 -
400  0.00 -
410  0.00 -

300  2.00 -
310  2.00 -
320  0.00 -
400  0.00 -
410  0.00 -


### AE report ########################################

 AE:Orbital    Filling       Eigenvalues[Ry]          Norm
    ----------------------------------------------------------
	100	 2.000	    -289.8379825835
	200	 2.000	     -31.3156271086
	210	 6.000	     -25.7148137913
	300	 2.000	      -4.5402425623	  0.2110364163
	310	 6.000	      -3.1646737591	  0.1212207105
	320	 0.000	      -1.1794303638	  0.4467721510
	400	 0.000	      -1.0637386346	  0.9410275928
	410	 0.000	      -0.7835889230	  0.9409293346

      E_tot =    -1353.3709901492 Ry

### PS report ########################################

    Orbital       Ghost
    -----------------------------------------------------------------
	100 	    no
	210 	    no
	320 	    no


### NL/SL report #####################################


 NL:Orbital    Filling       Eigenvalues[Ry]          Norm       Ghost
    ------------------------------------------------------------------
	100 	 2.000	      -4.6273919968	  0.2049838908	    no
	210 	 6.000	      -3.1575553409	  0.1211214229	    no
	320 	 0.000	      -1.1695293883	  0.4548960060	    no
	200 	 0.000	      -1.0671098037	  0.9433239845	    no
	310 	 0.000	      -0.7848995053	  0.9398414054	    no

	 ========== No ghosts in potential!!========== 

      E_tot =      -71.9887215629 Ry

### KE report ########################################

	 ===   Ecut necessary for ~1    eV convergence error / electron === 
	 --------------------------------------------------------------- 
		 	 Ecut[Ry] 	 error [meV/e] 
	100  		   40 	          992.660 
	210  		   21 	          993.842 
	320  		   103 	          997.519 
	200  		   40 	          992.660 
	310  		   21 	          993.842 
	 ===   Ecut necessary for ~100 meV convergence error / electron === 
	 --------------------------------------------------------------- 
		 	 Ecut[Ry] 	 error [meV/e] 
	100  		   123 	           97.864 
	210  		   87 	           97.577 
	320  		   236 	           99.376 
	200  		   123 	           97.864 
	310  		   87 	           97.577 

	 ===   Ecut necessary for  ~10 meV convergence error / electron === 
	 --------------------------------------------------------------- 
		 	 Ecut[Ry] 	 error [meV/e] 
	100  		   174 	            9.589 
	210  		   124 	            9.717 
	320  		   349 	            9.821 
	200  		   174 	            9.589 
	310  		   124 	            9.717 

	 ===   Ecut necessary for   ~1 meV convergence error / electron === 
	 --------------------------------------------------------------- 
		 	 Ecut[Ry] 	 error [meV/e] 
	100  		   286 	            0.989 
	210  		   227 	            0.983 
	320  		   394 	            0.827 
	200  		   286 	            0.989 
	310  		   227 	            0.983 

### TC report ########################################

Comparison of total energies
Config	 E_sl(Ry)	 E_nl(Ry)	 Delta(eV)
0      -71.988722      -71.988722        0.000000
1      -73.320522      -73.320525        0.000033
2      -73.153249      -73.153254        0.000064
3      -73.142810      -73.143048        0.003239
4      -72.960486      -72.960483       -0.000051
5      -72.856798      -72.856799        0.000016
6      -72.633550      -72.633991        0.006004
7      -72.755983      -72.755994        0.000157
8      -68.229112      -68.229342        0.003119
9      -63.209662      -63.210551        0.012089
10      -56.854318      -56.856092        0.024143
11      -49.096291      -49.098728        0.033144
MAD (eV): 0.0068383
