##########################################################
#    Opium Report File                                   #
##########################################################
     Opium version:        4.1

### copy of the parameter file #######################

[Atom]
Be  
3
100   2.00  -
200   0.50  -
210   0.50  -

[Pseudo]
3 -1 -1 -1
g

[Gaussinfo]
4 2
1 4
2 10.00000000  0.0000000
1 18.44117908  4.0000000
3 22.94121508  73.764716
2 30.14270023 -52.330200
2 11.32793057 -3.3600400

[XC]
pbe

[KBDesign]
s

[Relativity]
nrl

[Configs]
12

100   2.00  -
200   2.00  -
210   0.00  -

100   2.00  -
200   1.00  -
210   1.00  -

100   2.00  -
200   0.00  -
210   2.00  -

100   2.00  -
200   1.00  -
210   0.00  -

100   2.00  -
200   0.00  -
210   1.00  -

100   2.00  -
200   0.00  -
210   0.00  -

100   1.00  -
200   1.00  -
210   0.00  -

100   1.00  -
200   0.50  -
210   0.50  -

100   1.00  -
200   0.00  -
210   1.00  -

100   1.00  -
200   0.00  -
210   0.00  -

100   0.00  -
200   1.00  -
210   0.00  -

100   0.00  -
200   0.00  -
210   1.00  -
  

### AE report ########################################

 AE:Orbital    Filling       Eigenvalues[Ry]          Norm
    ----------------------------------------------------------
	100	 2.000	      -8.6748034825	  0.0240695972
	210	 0.500	      -0.7215457578	  0.9135991295
	200	 0.500	      -1.0086627538	  0.9427754468

      E_tot =      -28.4142911526 Ry

### PS report ########################################

    Orbital       Ghost
    -----------------------------------------------------------------
	100 	    no
	210 	    no


### NL/SL report #####################################


 NL:Orbital    Filling       Eigenvalues[Ry]          Norm       Ghost
    ------------------------------------------------------------------
	100 	 2.000	      -8.6800548815	  0.0240171425	    no
	210 	 0.500	      -0.7212733950	  0.9138618217	    no
	200 	 0.500	      -1.0089474232	  0.9427871442	    no

	 ========== No ghosts in potential!!========== 

      E_tot =      -28.4043878549 Ry

### KE report ########################################

	 ===   Ecut necessary for ~1    eV convergence error / electron === 
	 --------------------------------------------------------------- 
		 	 Ecut[Ry] 	 error [meV/e] 
	100  		   333 	          998.603 
	210  		   2350 	          996.741 
	200  		   333 	          998.603 
	 ===   Ecut necessary for ~100 meV convergence error / electron === 
	 --------------------------------------------------------------- 
		 	 Ecut[Ry] 	 error [meV/e] 
	100  		   543 	           99.672 
	210  		   2494 	           92.101 
	200  		   543 	           99.672 

	 ===   Ecut necessary for  ~10 meV convergence error / electron === 
	 --------------------------------------------------------------- 
		 	 Ecut[Ry] 	 error [meV/e] 
	100  		   773 	            9.975 
	210  		   -----  >2500 Ry   -----
	200  		   773 	            9.975 

	 ===   Ecut necessary for   ~1 meV convergence error / electron === 
	 --------------------------------------------------------------- 
		 	 Ecut[Ry] 	 error [meV/e] 
	100  		   1028 	            0.999 
	210  		   -----  >2500 Ry   -----
	200  		   1028 	            0.999 

### TC report ########################################

Comparison of total energies
Config	 E_sl(Ry)	 E_nl(Ry)	 Delta(eV)
0      -28.404388      -28.404388        0.000000
1      -29.250484      -29.250484        0.000000
2      -28.984764      -28.984764        0.000000
3      -28.717086      -28.717086       -0.000000
4      -28.548509      -28.548509        0.000000
5      -28.260834      -28.260834        0.000000
6      -27.229386      -27.229386        0.000000
7      -18.093626      -18.093626        0.000000
8      -17.967446      -17.967446       -0.000000
9      -17.841689      -17.841689       -0.000000
10      -15.559720      -15.559720       -0.000000
11       -3.965303       -3.965303        0.000000
12       -3.892234       -3.892234        0.000000
MAD (eV): 4.87012e-08
