##########################################################
#    Opium Report File                                   #
##########################################################
     Opium version:        4.1

### copy of the parameter file #######################

[Atom]
Sn
12
100  2.00 -
200  2.00 -
210  6.00 -
300  2.00 -
310  6.00 -
320 10.00 -
400  2.00 -
410  6.00 -
420 10.00 -
500  2.00 -
510  0.50 -
520  0.50 -

[Pseudo]
3 1.971219 2.426990 4.356426
g

[Relativity]
frl

[XC]
pbe

[KBDesign]
s

[Gaussinfo]
4 4   2
2 2 2 4   2 2
2    2.000000   48.172258
2    1.000000   -4.559077
2    2.000000   48.856272
2    1.000000   -1.913865
2    0.666000    6.850466
2    0.333000   -0.247154
1    2.000000    4.000000
3    2.000000    8.000000
2    2.000000  -12.706546
2    1.000000   -0.237233
2    2.716017   -2.371998
2    1.359517    2.093748
2    0.300000   -0.857741
2    0.520563    3.223343

[Configs]
7 

#500  2.00 -
#510  2.00 -
#520  0.00 -
#
500  2.00 -
510  1.00 -
520  1.00 -

500  2.00 -
510  1.00 -
520  0.00 -

500  2.00 -
510  0.00 -
520  1.00 -

500  2.00 -
510  0.00 -
520  0.00 -

500  1.00 -
510  1.00 -
520  0.00 -

500  1.00 -
510  0.00 -
520  1.00 -

500  1.00 -
510  0.00 -
520  0.00 -


### AE report ########################################

 AE:Orbital    Filling       Eigenvalues[Ry]          Norm
    ----------------------------------------------------------
	100+	 2.000	   -2124.9148222037
	200+	 2.000	    -321.5474532878
	210-	 2.000	    -300.3755360737
	210+	 4.000	    -283.5426520555
	300+	 2.000	     -62.6600725577
	310-	 2.000	     -54.0660980925
	310+	 4.000	     -50.9899970888
	320-	 4.000	     -35.8394052174
	320+	 6.000	     -35.2026521334
	400+	 2.000	     -10.5330868231
	410-	 2.000	      -7.6762713891
	410+	 4.000	      -7.1232844191
	420-	 4.000	      -2.6590659129
	420+	 6.000	      -2.5823930080
	500+	 2.000	      -1.4043632367	  0.6258291830
	510-	 0.167	      -0.8648778450	  0.5928858469
	510+	 0.333	      -0.8205027900	  0.6325757272
	520-	 0.200	      -0.2843214380	  0.6275838511
	520+	 0.300	      -0.2821627173	  0.6362146618

      E_tot =   -12346.2715982764 Ry

### PS report ########################################

    Orbital       Ghost
    -----------------------------------------------------------------
	500 	    no
	510 	    no
	510 	    no
	520 	    no
	520 	    no


### NL/SL report #####################################


 NL:Orbital    Filling       Eigenvalues[Ry]          Norm       Ghost
    ------------------------------------------------------------------
	500+	 2.000	      -1.3978051153	  0.6452637911	    no
	510-	 0.167	      -0.8697216733	  0.5988666725	    no
	510+	 0.333	      -0.8292810437	  0.6354306935	    no
	520-	 0.200	      -0.2891965587	  0.5903899612	    no
	520+	 0.300	      -0.2817950835	  0.6523098530	    no

	 ========== No ghosts in potential!!========== 

      E_tot =       -5.9053997421 Ry

### KE report ########################################

	 ===   Ecut necessary for ~1    eV convergence error / electron === 
	 --------------------------------------------------------------- 
		 	 Ecut[Ry] 	 error [meV/e] 
	500+ 		   7 	          985.191 
	510- 		   2271 	          997.239 
	510+ 		   2367 	          999.137 
	520- 		   -----  >2500 Ry   -----
	520+ 		   -----  >2500 Ry   -----
	 ===   Ecut necessary for ~100 meV convergence error / electron === 
	 --------------------------------------------------------------- 
		 	 Ecut[Ry] 	 error [meV/e] 
	500+ 		   26 	           99.893 
	510- 		   2484 	           89.160 
	510+ 		   2487 	           85.884 
	520- 		   -----  >2500 Ry   -----
	520+ 		   -----  >2500 Ry   -----

	 ===   Ecut necessary for  ~10 meV convergence error / electron === 
	 --------------------------------------------------------------- 
		 	 Ecut[Ry] 	 error [meV/e] 
	500+ 		   2381 	            9.977 
	510- 		   2494 	            6.458 
	510+ 		   2495 	            5.758 
	520- 		   -----  >2500 Ry   -----
	520+ 		   -----  >2500 Ry   -----

	 ===   Ecut necessary for   ~1 meV convergence error / electron === 
	 --------------------------------------------------------------- 
		 	 Ecut[Ry] 	 error [meV/e] 
	500+ 		   2496 	            0.836 
	510- 		   2497 	            0.699 
	510+ 		   2498 	            0.268 
	520- 		   -----  >2500 Ry   -----
	520+ 		   -----  >2500 Ry   -----

### TC report ########################################

Comparison of total energies
Config	 E_sl(Ry)	 E_nl(Ry)	 Delta(eV)
0       -5.905400       -5.905400        0.000000
1       -6.309971       -6.309972        0.000004
2       -6.176290       -6.176293        0.000033
3       -5.619026       -5.619026        0.000000
4       -5.143571       -5.143571       -0.000000
5       -4.547991       -4.548006        0.000200
6       -3.835261       -3.835133       -0.001735
7       -2.894961       -2.894961       -0.000000
MAD (eV): 0.000246527
