##########################################################
#    Opium Report File                                   #
##########################################################
     Opium version:        4.1

### copy of the parameter file #######################

[Atom]
Sn
12
100  2.00 -
200  2.00 -
210  6.00 -
300  2.00 -
310  6.00 -
320 10.00 -
400  2.00 -
410  6.00 -
420 10.00 -
500  2.00 -
510  0.50 -
520  0.50 -

[Pseudo]
3 1.971219 2.426990 4.356426
g

[Relativity]
srl

[XC]
pbe

[KBDesign]
s

[Gaussinfo]
4 4
2 2 2 4
2    2.000000   48.172258
2    1.000000   -4.559077
2    2.000000   48.856272
2    1.000000   -1.913865
2    0.666000    6.850466
2    0.333000   -0.247154
1    2.000000    4.000000
3    2.000000    8.000000
2    2.000000  -12.706546
2    1.000000   -0.237233

[Configs]
8 

500  2.00 -
510  2.00 -
520  0.00 -

500  2.00 -
510  1.00 -
520  1.00 -

500  2.00 -
510  1.00 -
520  0.00 -

500  2.00 -
510  0.00 -
520  1.00 -

500  2.00 -
510  0.00 -
520  0.00 -

500  1.00 -
510  1.00 -
520  0.00 -

500  1.00 -
510  0.00 -
520  1.00 -

500  1.00 -
510  0.00 -
520  0.00 -


### AE report ########################################

 AE:Orbital    Filling       Eigenvalues[Ry]          Norm
    ----------------------------------------------------------
	500	 2.000	      -1.4043632367	  0.6257912269
	510	 0.500	      -0.8352944750	  0.6328778333
	520	 0.500	      -0.2830262056	  0.6328467020

      E_tot =   -12346.2715982764 Ry

### PS report ########################################

    Orbital       Ghost
    -----------------------------------------------------------------
	100 	    no
	210 	    no
	320 	    no


### NL/SL report #####################################


 NL:Orbital    Filling       Eigenvalues[Ry]          Norm       Ghost
    ------------------------------------------------------------------
	100 	 2.000	      -1.4011990102	  0.6449209037	    no
	210 	 0.500	      -0.8447709452	  0.6231389418	    no
	320 	 0.500	      -0.2821358026	  0.6463761587	    no

	 ========== No ghosts in potential!!========== 

      E_tot =       -5.9028130716 Ry

### KE report ########################################

	 ===   Ecut necessary for ~1    eV convergence error / electron === 
	 --------------------------------------------------------------- 
		 	 Ecut[Ry] 	 error [meV/e] 
	100  		   7 	          986.419 
	210  		   2350 	          996.987 
	320  		   -----  >2500 Ry   -----
	 ===   Ecut necessary for ~100 meV convergence error / electron === 
	 --------------------------------------------------------------- 
		 	 Ecut[Ry] 	 error [meV/e] 
	100  		   26 	           99.601 
	210  		   2486 	           87.986 
	320  		   -----  >2500 Ry   -----

	 ===   Ecut necessary for  ~10 meV convergence error / electron === 
	 --------------------------------------------------------------- 
		 	 Ecut[Ry] 	 error [meV/e] 
	100  		   2379 	            9.953 
	210  		   2494 	            8.615 
	320  		   -----  >2500 Ry   -----

	 ===   Ecut necessary for   ~1 meV convergence error / electron === 
	 --------------------------------------------------------------- 
		 	 Ecut[Ry] 	 error [meV/e] 
	100  		   2496 	            0.824 
	210  		   2497 	            0.946 
	320  		   -----  >2500 Ry   -----

### TC report ########################################

Comparison of total energies
Config	 E_sl(Ry)	 E_nl(Ry)	 Delta(eV)
0       -5.902813       -5.902813        0.000000
1       -6.688171       -6.688215        0.000600
2       -6.308227       -6.308229        0.000036
3       -6.175485       -6.175487        0.000035
4       -5.613587       -5.613589        0.000022
5       -5.143571       -5.143571       -0.000000
6       -4.547076       -4.547090        0.000195
7       -3.822016       -3.822060        0.000595
8       -2.894961       -2.894961       -0.000000
MAD (eV): 0.000164815
