##########################################################
#    Opium Report File                                   #
##########################################################
     Opium version:        4.1

### copy of the parameter file #######################

[Atom]
F  
3
100   2.00  -
200   2.00  -
210   5.00  -

[Pseudo]
2  1.05575 1.02865 
g

[Gaussinfo]
7 2
1 3
2 14.780765  78.901772
1 12.087585   7.000000
3 12.838063  84.613094
2 12.312346 -53.027517

[XC]
pbe

[KBDesign]
s

[Relativity]
nrl

[Configs]
5

200   1.00  -
210   6.00  -

200   2.00  -
210   4.00  -

200   2.00  -
210   3.00  -

200   2.00  -
210   2.00  -

200   2.00  -
210   1.00  -



### AE report ########################################

 AE:Orbital    Filling       Eigenvalues[Ry]          Norm
    ----------------------------------------------------------
	100	 2.000	     -48.7035277574
	200	 2.000	      -2.1917367178	  0.3834806520
	210	 5.000	      -0.8174475379	  0.4625749188

      E_tot =     -199.3016545153 Ry

### PS report ########################################

    Orbital       Ghost
    -----------------------------------------------------------------
	100 	    no
	210 	    no


### NL/SL report #####################################


 NL:Orbital    Filling       Eigenvalues[Ry]          Norm       Ghost
    ------------------------------------------------------------------
	100 	 2.000	      -2.1998498540	  0.3805136199	    no
	210 	 5.000	      -0.8216455484	  0.4607506030	    no

	 ========== No ghosts in potential!!========== 

      E_tot =      -48.3240146680 Ry

### KE report ########################################

	 ===   Ecut necessary for ~1    eV convergence error / electron === 
	 --------------------------------------------------------------- 
		 	 Ecut[Ry] 	 error [meV/e] 
	100  		   67 	          996.062 
	210  		   126 	          995.739 
	 ===   Ecut necessary for ~100 meV convergence error / electron === 
	 --------------------------------------------------------------- 
		 	 Ecut[Ry] 	 error [meV/e] 
	100  		   110 	           99.583 
	210  		   233 	           99.902 

	 ===   Ecut necessary for  ~10 meV convergence error / electron === 
	 --------------------------------------------------------------- 
		 	 Ecut[Ry] 	 error [meV/e] 
	100  		   149 	            9.943 
	210  		   382 	            9.977 

	 ===   Ecut necessary for   ~1 meV convergence error / electron === 
	 --------------------------------------------------------------- 
		 	 Ecut[Ry] 	 error [meV/e] 
	100  		   318 	            0.995 
	210  		   2450 	            0.973 

### TC report ########################################

Comparison of total energies
Config	 E_sl(Ry)	 E_nl(Ry)	 Delta(eV)
0      -48.324015      -48.324015        0.000000
1      -46.944285      -46.944284       -0.000014
2      -46.891664      -46.891544       -0.001633
3      -44.059513      -44.058910       -0.008200
4      -39.591081      -39.589724       -0.018466
5      -33.280515      -33.278889       -0.022129
MAD (eV): 0.008407
