##########################################################
#    Opium Report File                                   #
##########################################################
     Opium version:        4.1

### copy of the parameter file #######################

[Atom]
Na
6
100 2.00 -
200 2.00 -
210 6.00 -
300 0.40 -
310 0.40 -
320 0.20 -

[KBDesign]
p

[Pseudo]
3 -1 -1 -1
g

[xc]
pbe

[Gaussinfo]
1 3
2 2 3
2 5.377666   6.234064
2 1.408414   9.075931
2 1.379949   3.232724
2 0.862453   2.494079
1 4.311678   1.000000
3 1.925689   4.311678
2 1.549498  -2.083137

[Configs]
7

300 0.50 -
310 0.50 -
320 0.00 -

300 0.50 -
310 0.00 -
320 0.50 -

300 0.00 -
310 0.50 -
320 0.50 -

300 0.33 -
310 0.33 -
320 0.33 -

300 0.50 -
310 0.00 -
320 0.00 -

300 0.00 -
310 0.50 -
320 0.00 -

300 0.00 -
310 0.00 -
320 0.50 -


### AE report ########################################

 AE:Orbital    Filling       Eigenvalues[Ry]          Norm
    ----------------------------------------------------------
	100	 2.000	     -75.9908890292
	200	 2.000	      -4.2959394408
	210	 6.000	      -2.2477064669
	300	 0.400	      -0.2740795249	  0.6579633802
	310	 0.400	      -0.1107090869	  0.7933045582
	320	 0.200	      -0.0177303296	  0.9993794150

      E_tot =     -324.2213208997 Ry

### PS report ########################################

    Orbital       Ghost
    -----------------------------------------------------------------
	100 	    no
	210 	    no
	320 	    no


### NL/SL report #####################################


 NL:Orbital    Filling       Eigenvalues[Ry]          Norm       Ghost
    ------------------------------------------------------------------
	100 	 0.400	      -0.2643133695	  0.6990916940	    no
	210 	 0.400	      -0.1122061091	  0.8050262733	    no
	320 	 0.200	      -0.0176360218	  0.9994361737	    no

	 ========== No ghosts in potential!!========== 

      E_tot =       -0.2539417975 Ry

### KE report ########################################

	 ===   Ecut necessary for ~1    eV convergence error / electron === 
	 --------------------------------------------------------------- 
		 	 Ecut[Ry] 	 error [meV/e] 
	100  		   2491 	          768.176 
	210  		   -----  >2500 Ry   -----
	320  		   -----  >2500 Ry   -----
	 ===   Ecut necessary for ~100 meV convergence error / electron === 
	 --------------------------------------------------------------- 
		 	 Ecut[Ry] 	 error [meV/e] 
	100  		   -----  >2500 Ry   -----
	210  		   -----  >2500 Ry   -----
	320  		   -----  >2500 Ry   -----

	 ===   Ecut necessary for  ~10 meV convergence error / electron === 
	 --------------------------------------------------------------- 
		 	 Ecut[Ry] 	 error [meV/e] 
	100  		   -----  >2500 Ry   -----
	210  		   -----  >2500 Ry   -----
	320  		   -----  >2500 Ry   -----

	 ===   Ecut necessary for   ~1 meV convergence error / electron === 
	 --------------------------------------------------------------- 
		 	 Ecut[Ry] 	 error [meV/e] 
	100  		   -----  >2500 Ry   -----
	210  		   -----  >2500 Ry   -----
	320  		   -----  >2500 Ry   -----

### TC report ########################################

Comparison of total energies
Config	 E_sl(Ry)	 E_nl(Ry)	 Delta(eV)
0       -0.253942       -0.253942        0.000000
1       -0.286780       -0.286780        0.000001
2       -0.241420       -0.241420       -0.000000
3       -0.163148       -0.163148       -0.000000
4       -0.229287       -0.229288        0.000000
5       -0.216630       -0.216630       -0.000001
6       -0.133465       -0.133465        0.000000
7       -0.070247       -0.070247       -0.000000
MAD (eV): 2.27185e-07
