##########################################################
#    Opium Report File                                   #
##########################################################
     Opium version:        4.1

### copy of the parameter file #######################

[Atom]
Rh
11            
100   2.00 -
200   2.00 -
210   6.00 -
300   2.00 -
310   6.00 -
320  10.00 -
400   2.00 -
410   6.00 -
420   8.00 -
500   0.00 -
510   0.00 -

[Pseudo]
5 1.176092 1.288137 1.877981 3.242022 3.2
g

[Gaussinfo]
17 4 2
2 2 2 4  4 4
2  11.96851556026113   245.38791874527365
2  5.12576018874406   27.28583987118665
2  9.73960036628028   180.58942316852949
2  6.56477618290695   28.41162810130719
2  11.42592077796438   83.48704442041299
2  4.50252107517308   21.38037165422960
1  22.80620553159304   17.0
3  32.71000635592747   387.705494037081680
2  14.04858672478363   -10.57196656168149
2  11.83833524886781   -14.59446052899020
2  12.58383519  -105.69101129
2  9.85097323  105.80783124
4  4.16540411  -17.20901136
4  6.17969224  17.03566442
2  12.42831804  -24.30130578
2  14.00609705  24.82109885
2  4.78289419  -2.72493358
2  5.95259534  6.11121245


[KBdesign]
s

[Relativity]
frl

[XC]
pbe

[Configs]
6
400   2.00 -
410   6.00 -
420   8.00 -
500   0.00 -
510   1.00 -

400   2.00 -
410   6.00 -
420   8.00 -
500   1.00 -
510   0.00 -

400   2.00 -
410   6.00 -
420   7.00 -
500   1.00 -
510   0.00 -

400   2.00 -
410   6.00 -
420   6.00 -
500   0.00 -
510   0.00 -

400   2.00 -
410   6.00 -
420   5.00 -
500   0.00 -
510   0.00 -

400   2.00 -
410   6.00 -
420   4.00 -
500   0.00 -
510   0.00 -

### AE report ########################################

 AE:Orbital    Filling       Eigenvalues[Ry]          Norm
    ----------------------------------------------------------
	100+	 2.000	   -1687.9914084339
	200+	 2.000	    -245.3119037666
	210-	 2.000	    -227.1610059231
	210+	 4.000	    -216.5984336842
	300+	 2.000	     -44.3130053888
	310-	 2.000	     -37.2105398675
	310+	 4.000	     -35.3923207805
	320-	 4.000	     -22.8401340570
	320+	 6.000	     -22.4805872049
	400+	 2.000	      -6.6128193168	  0.2632242828
	410-	 2.000	      -4.4600335583	  0.2548776134
	410+	 4.000	      -4.1759119154	  0.2830986764
	420-	 3.200	      -1.0166119892	  0.2583800068
	420+	 4.800	      -0.9871377553	  0.2689385328
	500+	 0.000	      -0.7910021332	  0.3611848776
	510-	 0.000	      -0.4661042633	  0.6327886290
	510+	 0.000	      -0.4495159349	  0.6617348927

      E_tot =    -9561.8967269465 Ry

### PS report ########################################

    Orbital       Ghost
    -----------------------------------------------------------------
	400 	    no
	410 	    no
	410 	    no
	420 	    no
	420 	    no


### NL/SL report #####################################


 NL:Orbital    Filling       Eigenvalues[Ry]          Norm       Ghost
    ------------------------------------------------------------------
	400+	 2.000	      -6.6789837453	  0.2591445351	    no
	410-	 2.000	      -4.4283000216	  0.2556760654	    no
	410+	 4.000	      -4.3832129919	  0.2762545765	   yes
	420-	 3.200	      -1.0128119107	  0.2620974909	    no
	420+	 4.800	      -0.9853188845	  0.2727929858	    no
	500+	 0.000	      -0.7987108445	  0.3554803198	    no
	510-	 0.000	      -0.4689622053	  0.6290081445	    no
	510+	 0.000	      -0.4539392961	  0.6568597999	    no

  !!ERROR!! Ghosts are present in pseudopotential 
  !!ERROR!! See log file for more information 

      E_tot =     -219.7415116110 Ry

### KE report ########################################

	 ===   Ecut necessary for ~1    eV convergence error / electron === 
	 --------------------------------------------------------------- 
		 	 Ecut[Ry] 	 error [meV/e] 
	400+ 		   64 	          997.481 
	410- 		   78 	          990.682 
	410+ 		   71 	          993.552 
	420- 		   34 	          999.084 
	420+ 		   33 	          996.747 
	500+ 		   64 	          997.481 
	510- 		   78 	          990.682 
	510+ 		   71 	          993.552 
	 ===   Ecut necessary for ~100 meV convergence error / electron === 
	 --------------------------------------------------------------- 
		 	 Ecut[Ry] 	 error [meV/e] 
	400+ 		   170 	           99.219 
	410- 		   113 	           99.028 
	410+ 		   156 	           99.698 
	420- 		   111 	           99.933 
	420+ 		   112 	           99.656 
	500+ 		   170 	           99.219 
	510- 		   113 	           99.028 
	510+ 		   156 	           99.698 

	 ===   Ecut necessary for  ~10 meV convergence error / electron === 
	 --------------------------------------------------------------- 
		 	 Ecut[Ry] 	 error [meV/e] 
	400+ 		   218 	            9.971 
	410- 		   252 	            9.934 
	410+ 		   227 	            9.953 
	420- 		   2303 	            9.996 
	420+ 		   2364 	            9.945 
	500+ 		   218 	            9.971 
	510- 		   252 	            9.934 
	510+ 		   227 	            9.953 

	 ===   Ecut necessary for   ~1 meV convergence error / electron === 
	 --------------------------------------------------------------- 
		 	 Ecut[Ry] 	 error [meV/e] 
	400+ 		   387 	            0.992 
	410- 		   318 	            0.990 
	410+ 		   275 	            0.992 
	420- 		   2488 	            0.875 
	420+ 		   2489 	            0.975 
	500+ 		   387 	            0.992 
	510- 		   318 	            0.990 
	510+ 		   275 	            0.992 

### TC report ########################################

Comparison of total energies
Config	 E_sl(Ry)	 E_nl(Ry)	 Delta(eV)
0     -219.741513     -219.741512       -0.000015
1     -220.026832     -220.027393        0.007622
2     -220.295331     -220.295332        0.000014
3     -219.482082     -219.482113        0.000428
4     -215.930026     -215.930224        0.002692
5     -212.491708     -212.492273        0.007688
6     -207.908256     -207.909459        0.016375
MAD (eV): 0.00497638
