##########################################################
#    Opium Report File                                   #
##########################################################
     Opium version:        4.1

### copy of the parameter file #######################

[Atom]
Rh
11            
100   2.00 -
200   2.00 -
210   6.00 -
300   2.00 -
310   6.00 -
320  10.00 -
400   2.00 -
410   6.00 -
420   8.00 -
500   0.00 -
510   0.00 -

[Pseudo]
5 1.176092 1.288137 1.877981 3.242022 3.2
g

[Gaussinfo]
17 4
2 2 2 4
2  11.96851556026113   245.38791874527365
2  5.12576018874406   27.28583987118665
2  9.73960036628028   180.58942316852949
2  6.56477618290695   28.41162810130719
2  11.42592077796438   83.48704442041299
2  4.50252107517308   21.38037165422960
1  22.80620553159304   17.0
3  32.71000635592747   387.705494037081680
2  14.04858672478363   -10.57196656168149
2  11.83833524886781   -14.59446052899020


[KBdesign]
s

[Relativity]
nrl

[XC]
pbe

[Configs]
4
#400   2.00 -
#410   6.00 -
#420   8.00 -
#500   0.00 -
#510   1.00 -

400   2.00 -
410   6.00 -
420   8.00 -
500   1.00 -
510   0.00 -

#400   2.00 -
#410   6.00 -
#420   7.00 -
#500   1.00 -
#510   0.00 -

400   2.00 -
410   6.00 -
420   6.00 -
500   0.00 -
510   0.00 -

400   2.00 -
410   6.00 -
420   5.00 -
500   0.00 -
510   0.00 -

400   2.00 -
410   6.00 -
420   4.00 -
500   0.00 -
510   0.00 -

### AE report ########################################

 AE:Orbital    Filling       Eigenvalues[Ry]          Norm
    ----------------------------------------------------------
	100	 2.000	   -1644.8754230392
	200	 2.000	    -234.3815627598
	210	 6.000	    -217.3293810135
	300	 2.000	     -42.1506376238
	310	 6.000	     -35.3973828860
	320	10.000	     -22.9535675679
	400	 2.000	      -6.2033441178	  0.2937279353
	410	 6.000	      -4.1599550498	  0.2843861359
	420	 8.000	      -1.0128704759	  0.2566961245
	500	 0.000	      -0.7465211783	  0.4006613638
	510	 0.000	      -0.4435451413	  0.6673048506

      E_tot =    -9374.7007258739 Ry

### PS report ########################################

    Orbital       Ghost
    -----------------------------------------------------------------
	100 	    no
	210 	    no
	320 	    no


### NL/SL report #####################################


 NL:Orbital    Filling       Eigenvalues[Ry]          Norm       Ghost
    ------------------------------------------------------------------
	100 	 2.000	      -6.6843313969	  0.2588209049	    no
	210 	 6.000	      -4.3795447483	  0.2714878457	    no
	320 	 8.000	      -0.9975213317	  0.2677305534	    no
	200 	 0.000	      -0.7983640073	  0.3554232679	    no
	310 	 0.000	      -0.4558700528	  0.6527246531	    no

	 ========== No ghosts in potential!!========== 

      E_tot =     -219.6015165991 Ry

### KE report ########################################

	 ===   Ecut necessary for ~1    eV convergence error / electron === 
	 --------------------------------------------------------------- 
		 	 Ecut[Ry] 	 error [meV/e] 
	100  		   64 	          999.060 
	210  		   73 	          990.875 
	320  		   34 	          983.817 
	200  		   64 	          999.060 
	310  		   73 	          990.875 
	 ===   Ecut necessary for ~100 meV convergence error / electron === 
	 --------------------------------------------------------------- 
		 	 Ecut[Ry] 	 error [meV/e] 
	100  		   170 	           99.080 
	210  		   116 	           99.967 
	320  		   112 	           99.857 
	200  		   170 	           99.080 
	310  		   116 	           99.967 

	 ===   Ecut necessary for  ~10 meV convergence error / electron === 
	 --------------------------------------------------------------- 
		 	 Ecut[Ry] 	 error [meV/e] 
	100  		   218 	            9.895 
	210  		   232 	            9.948 
	320  		   2338 	           10.000 
	200  		   218 	            9.895 
	310  		   232 	            9.948 

	 ===   Ecut necessary for   ~1 meV convergence error / electron === 
	 --------------------------------------------------------------- 
		 	 Ecut[Ry] 	 error [meV/e] 
	100  		   386 	            0.999 
	210  		   281 	            0.990 
	320  		   2489 	            0.863 
	200  		   386 	            0.999 
	310  		   281 	            0.990 

### TC report ########################################

Comparison of total energies
Config	 E_sl(Ry)	 E_nl(Ry)	 Delta(eV)
0     -219.601518     -219.601517       -0.000017
1     -220.154927     -220.154927       -0.000009
2     -215.785523     -215.785669        0.001989
3     -212.343558     -212.343935        0.005123
4     -207.755675     -207.756381        0.009603
MAD (eV): 0.00334793
