##########################################################
#    Opium Report File                                   #
##########################################################
     Opium version:        4.1

### copy of the parameter file #######################

[Atom]
La
14            
100   2.00  -
200   2.00  -
210   6.00  -
300   2.00  -
310   6.00  -
320   10.00  -
400   2.00  -
410   6.00  -
420   10.00  -
500   2.00  -
510   6.00  -
520   1.00  -
600   2.00  -
610   0.00  -

[Pseudo]
5 -1 -1 -1 -1 -1
g

[Gaussinfo]
11 5
2 2 2 2 4
2 3.48450934476599 92.8713539083253 
2 4.56529144862967 -2.53724794339547
2 2.88988903409405 64.7786473804420
2 2.50682876404012 1.89374
2 2.01872749673871 37.1290963033347
2 2.00277498754491 1.37244882908961
2 5.82643818775705 -34.1041539541948
2 4.74971336725012 1.28185578896042
1 8.00000000000000 11.000000000000
3 8.00000000000000 88.0000000000000000
2 6.00000000000000 -70.0000000000000
2 6.00000000000000 -2.00000000000000

[KBdesign]
s

[Relativity]
nrl

[XC]
pbe

[Configs]
7

500  2.00 -
510  6.00 -
520  0.00 -
600  2.00 -
610  0.00 -

500  2.00 -
510  6.00 -
520  1.00 -
600  1.00 -
610  0.00 -

500  2.00 -
510  6.00 -
520  1.00 -
600  0.00 -
610  0.00 -

500  2.00 -
510  6.00 -
520  0.00 -
600  0.00 -
610  0.00 -

500  2.00 -
510  5.00 -
520  0.00 -
600  0.00 -
610  0.00 -

500  2.00 -
510  4.00 -
520  0.00 -
600  0.00 -
610  0.00 -

500  2.00 -
510  3.00 -
520  0.00 -
600  0.00 -
610  0.00 -

### AE report ########################################

 AE:Orbital    Filling       Eigenvalues[Ry]          Norm
    ----------------------------------------------------------
	100	 2.000	   -2713.8942446911
	200	 2.000	    -419.9828679983
	210	 6.000	    -396.7744395131
	300	 2.000	     -89.8000152311
	310	 6.000	     -79.8218575031
	320	10.000	     -61.2444626311
	400	 2.000	     -18.0537971643
	410	 6.000	     -14.3639950972
	420	10.000	      -7.9162027039
	500	 2.000	      -2.6426565459	  0.1664892196
	510	 6.000	      -1.6438235959	  0.1934887442
	520	 1.000	      -0.2741223644	  0.4647428473
	600	 2.000	      -0.2554077439	  0.9552954490
	610	 0.000	      -0.1058458612	  0.9686795416

      E_tot =   -16446.6317981438 Ry

### PS report ########################################

    Orbital       Ghost
    -----------------------------------------------------------------
	100 	    no
	210 	    no
	320 	    no


### NL/SL report #####################################


 NL:Orbital    Filling       Eigenvalues[Ry]          Norm       Ghost
    ------------------------------------------------------------------
	100 	 2.000	      -2.9021935486	  0.1314634069	    no
	210 	 6.000	      -1.6646138268	  0.1846520601	    no
	320 	 1.000	      -0.2163917182	  0.5325509817	    no
	200 	 2.000	      -0.2733742644	  0.9533435853	    no
	310 	 0.000	      -0.0993920425	  0.9694324665	    no

	 ========== No ghosts in potential!!========== 

      E_tot =      -62.8920152020 Ry

### KE report ########################################

	 ===   Ecut necessary for ~1    eV convergence error / electron === 
	 --------------------------------------------------------------- 
		 	 Ecut[Ry] 	 error [meV/e] 
	100  		   17 	          998.179 
	210  		   18 	          996.902 
	320  		   2496 	          776.478 
	200  		   17 	          998.179 
	310  		   18 	          996.902 
	 ===   Ecut necessary for ~100 meV convergence error / electron === 
	 --------------------------------------------------------------- 
		 	 Ecut[Ry] 	 error [meV/e] 
	100  		   50 	           99.265 
	210  		   29 	           98.005 
	320  		   -----  >2500 Ry   -----
	200  		   50 	           99.265 
	310  		   29 	           98.005 

	 ===   Ecut necessary for  ~10 meV convergence error / electron === 
	 --------------------------------------------------------------- 
		 	 Ecut[Ry] 	 error [meV/e] 
	100  		   67 	            9.942 
	210  		   67 	            9.986 
	320  		   -----  >2500 Ry   -----
	200  		   67 	            9.942 
	310  		   67 	            9.986 

	 ===   Ecut necessary for   ~1 meV convergence error / electron === 
	 --------------------------------------------------------------- 
		 	 Ecut[Ry] 	 error [meV/e] 
	100  		   122 	            0.996 
	210  		   88 	            0.988 
	320  		   -----  >2500 Ry   -----
	200  		   122 	            0.996 
	310  		   88 	            0.988 

### TC report ########################################

Comparison of total energies
Config	 E_sl(Ry)	 E_nl(Ry)	 Delta(eV)
0      -62.892015      -62.892015        0.000001
1      -62.438394      -62.438397        0.000033
2      -62.449896      -62.449897        0.000009
3      -61.644645      -61.644649        0.000066
4      -60.272591      -60.272601        0.000131
5      -56.527293      -56.527388        0.001287
6      -51.863391      -51.863639        0.003381
7      -46.247769      -46.248190        0.005739
MAD (eV): 0.00133089
