##########################################################
#    Opium Report File                                   #
##########################################################
     Opium version:        4.1

### copy of the parameter file #######################

[Atom]
La
14            
100   2.00  -
200   2.00  -
210   6.00  -
300   2.00  -
310   6.00  -
320   10.00  -
400   2.00  -
410   6.00  -
420   10.00  -
500   2.00  -
510   6.00  -
520   1.00  -
600   2.00  -
610   0.00  -

[Pseudo]
5 -1 -1 -1 -1 -1
g

[Gaussinfo]
11 5 3
2 2 2 2 4  1 1 1
2 3.48450934476599 92.8713539083253 
2 4.56529144862967 -2.53724794339547
2 2.88988903409405 64.7786473804420
2 2.50682876404012 1.89374
2 2.01872749673871 37.1290963033347
2 2.00277498754491 1.37244882908961
2 5.82643818775705 -34.1041539541948
2 4.74971336725012 1.28185578896042
1 8.00000000000000 11.000000000000
3 8.00000000000000 88.0000000000000000
2 6.00000000000000 -70.0000000000000
2 6.00000000000000 -2.00000000000000
4 1.76049464204931 2.84807578066231
4 4.11252015631510 -0.382450089495931
4 2.96655663076500 0.184711764470203

[KBdesign]
s

[Relativity]
frl

[XC]
pbe

[Configs]
7

500  2.00 -
510  6.00 -
520  0.00 -
600  2.00 -
610  0.00 -

500  2.00 -
510  6.00 -
520  1.00 -
600  1.00 -
610  0.00 -

500  2.00 -
510  6.00 -
520  1.00 -
600  0.00 -
610  0.00 -

500  2.00 -
510  6.00 -
520  0.00 -
600  0.00 -
610  0.00 -

500  2.00 -
510  5.00 -
520  0.00 -
600  0.00 -
610  0.00 -

500  2.00 -
510  4.00 -
520  0.00 -
600  0.00 -
610  0.00 -

500  2.00 -
510  3.00 -
520  0.00 -
600  0.00 -
610  0.00 -

### AE report ########################################

 AE:Orbital    Filling       Eigenvalues[Ry]          Norm
    ----------------------------------------------------------
	100+	 2.000	   -2835.4516463650
	200+	 2.000	    -451.5620354202
	210-	 2.000	    -425.7973657907
	210+	 4.000	    -395.6763779090
	300+	 2.000	     -96.6419260694
	310-	 2.000	     -85.7992171132
	310+	 4.000	     -79.9233843901
	320-	 4.000	     -61.0040446570
	320+	 6.000	     -59.7432524830
	400+	 2.000	     -19.5237182926
	410-	 2.000	     -15.5344439541
	410+	 4.000	     -14.2838483890
	420-	 4.000	      -7.7559432905
	420+	 6.000	      -7.5381091879
	500+	 2.000	      -2.8530149799	  0.1349455696
	510-	 2.000	      -1.7714946912	  0.1611777403
	510+	 4.000	      -1.5883229904	  0.1977534700
	520-	 0.400	      -0.2363865787	  0.4957740611
	520+	 0.600	      -0.2225824862	  0.5157861137
	600+	 2.000	      -0.2700405307	  0.9534992661
	610-	 0.000	      -0.1081334235	  0.9688021635
	610+	 0.000	      -0.0956530702	  0.9690724017

      E_tot =   -16977.7015388159 Ry

### PS report ########################################

    Orbital       Ghost
    -----------------------------------------------------------------
	500 	    no
	510 	    no
	510 	    no
	520 	    no
	520 	    no


### NL/SL report #####################################


 NL:Orbital    Filling       Eigenvalues[Ry]          Norm       Ghost
    ------------------------------------------------------------------
	500+	 2.000	      -2.9030556272	  0.1314713316	    no
	510-	 2.000	      -1.9051150948	  0.1446172246	    no
	510+	 4.000	      -1.5592275626	  0.2066993513	    no
	520-	 0.400	      -0.2167783806	  0.5324027222	    no
	520+	 0.600	      -0.2172751715	  0.5316069525	    no
	600+	 2.000	      -0.2736031782	  0.9532225867	    no
	610-	 0.000	      -0.1130728380	  0.9702729160	    no
	610+	 0.000	      -0.0927999128	  0.9689346692	    no

	 ========== No ghosts in potential!!========== 

      E_tot =      -62.9462663884 Ry

### KE report ########################################

	 ===   Ecut necessary for ~1    eV convergence error / electron === 
	 --------------------------------------------------------------- 
		 	 Ecut[Ry] 	 error [meV/e] 
	500+ 		   17 	          998.289 
	510- 		   20 	          986.462 
	510+ 		   17 	          990.922 
	520- 		   2496 	          770.880 
	520+ 		   2496 	          764.853 
	600+ 		   17 	          998.289 
	610- 		   20 	          986.462 
	610+ 		   17 	          990.922 
	 ===   Ecut necessary for ~100 meV convergence error / electron === 
	 --------------------------------------------------------------- 
		 	 Ecut[Ry] 	 error [meV/e] 
	500+ 		   50 	           99.282 
	510- 		   32 	           98.641 
	510+ 		   28 	           99.226 
	520- 		   -----  >2500 Ry   -----
	520+ 		   -----  >2500 Ry   -----
	600+ 		   50 	           99.282 
	610- 		   32 	           98.641 
	610+ 		   28 	           99.226 

	 ===   Ecut necessary for  ~10 meV convergence error / electron === 
	 --------------------------------------------------------------- 
		 	 Ecut[Ry] 	 error [meV/e] 
	500+ 		   67 	            9.955 
	510- 		   71 	            9.894 
	510+ 		   66 	            9.858 
	520- 		   -----  >2500 Ry   -----
	520+ 		   -----  >2500 Ry   -----
	600+ 		   67 	            9.955 
	610- 		   71 	            9.894 
	610+ 		   66 	            9.858 

	 ===   Ecut necessary for   ~1 meV convergence error / electron === 
	 --------------------------------------------------------------- 
		 	 Ecut[Ry] 	 error [meV/e] 
	500+ 		   122 	            0.987 
	510- 		   90 	            0.981 
	510+ 		   89 	            0.991 
	520- 		   -----  >2500 Ry   -----
	520+ 		   -----  >2500 Ry   -----
	600+ 		   122 	            0.987 
	610- 		   90 	            0.981 
	610+ 		   89 	            0.991 

### TC report ########################################

Comparison of total energies
Config	 E_sl(Ry)	 E_nl(Ry)	 Delta(eV)
0      -62.946266      -62.946266       -0.000000
1      -62.491802      -62.491803        0.000024
2      -62.503765      -62.503766        0.000009
3      -61.697847      -61.697852        0.000068
4      -60.324627      -60.324635        0.000115
5      -56.569805      -56.569869        0.000868
6      -51.896826      -51.896987        0.002193
7      -46.272471      -46.272743        0.003704
MAD (eV): 0.000872489
