##########################################################
#    Opium Report File                                   #
##########################################################
     Opium version:        4.1

### copy of the parameter file #######################

[Atom]
Bi
17
100   2.00 -
200   2.00 -
210   6.00 -
300   2.00 -
310   6.00 -
320   10.0 -
400   2.00 -
410   6.00 -
420   10.0 -
430   14.0 -
500   2.00 -
510   6.00 -
520   10.0 -
600   2.00 -
610   2.00 -
620   0.50 -
530   0.10 -

[Pseudo]
4 -1 -1 -1 -1
g

[KBdesign]
s

[Relativity]
srl

[XC]
pbe

[Gaussinfo]
5 5
3 3 3 3 4
2  3.3985625  137.0729140
2  2.2363910  34.3916416
4  1.0636817  -1.8019312
2  1.2456199  39.8269678
2  0.3667618  0.8447335
4  0.8237604  -4.3918552
2  0.9246278  -3.7879179
2  0.8350341  24.0963136
4  1.2398550  0.4563745
2  1.8474456  -0.3829618
2  1.0698424  -0.5464445
4  0.8621929  -0.2367081
1  8.0291604  5.0000000
3  7.4815510  40.1458018
2  1.7756833  -6.2512149
2  0.6980853  -0.2864101

[Configs]
8

600   2.00 -
610   2.00 -
620   0.00 -
530   0.00 -

600   2.00 -
610   1.50 -
620   0.50 -
530   0.00 -

600   2.00 -
610   1.50 -
620   0.00 -
530   0.50 -

600   2.00 -
610   1.00 -
620   0.00 -
530   0.00 -

600   2.00 -
610   0.50 -
620   0.50 -
530   0.00 -

600   2.00 -
610   0.50 -
620   0.00 -
530   0.50 -

600   2.00 -
610   0.00 -
620   0.00 -
530   0.00 -

600   1.00 -
610   0.00 -
620   0.00 -
530   0.00 -

############################################################

### AE report ########################################

 AE:Orbital    Filling       Eigenvalues[Ry]          Norm
    ----------------------------------------------------------
	600	 2.000	      -1.4407619317	  0.0234033526
	610	 2.000	      -0.6815267979	  0.0391385923
	620	 0.500	      -0.1207227331	  0.8210422238
	530	 0.100	      -0.0336184020	  0.9990973154

      E_tot =   -43095.7479929715 Ry

### PS report ########################################

    Orbital       Ghost
    -----------------------------------------------------------------
	100 	    no
	210 	    no
	320 	    no
	430 	    no


### NL/SL report #####################################


 NL:Orbital    Filling       Eigenvalues[Ry]          Norm       Ghost
    ------------------------------------------------------------------
	100 	 2.000	      -1.4849355526	  0.0221439194	    no
	210 	 2.000	      -0.6914246659	  0.0381096803	    no
	320 	 0.500	      -0.1186834689	  0.8495034735	    no
	430 	 0.100	      -0.0341596244	  0.9990712772	    no

	 ========== No ghosts in potential!!========== 

      E_tot =      -10.3094554597 Ry

### KE report ########################################

	 ===   Ecut necessary for ~1    eV convergence error / electron === 
	 --------------------------------------------------------------- 
		 	 Ecut[Ry] 	 error [meV/e] 
	100  		   10 	          999.246 
	210  		   2381 	          999.843 
	320  		   -----  >2500 Ry   -----
	430  		   -----  >2500 Ry   -----
	 ===   Ecut necessary for ~100 meV convergence error / electron === 
	 --------------------------------------------------------------- 
		 	 Ecut[Ry] 	 error [meV/e] 
	100  		   34 	           99.848 
	210  		   2487 	           84.215 
	320  		   -----  >2500 Ry   -----
	430  		   -----  >2500 Ry   -----

	 ===   Ecut necessary for  ~10 meV convergence error / electron === 
	 --------------------------------------------------------------- 
		 	 Ecut[Ry] 	 error [meV/e] 
	100  		   74 	            9.951 
	210  		   2494 	            9.042 
	320  		   -----  >2500 Ry   -----
	430  		   -----  >2500 Ry   -----

	 ===   Ecut necessary for   ~1 meV convergence error / electron === 
	 --------------------------------------------------------------- 
		 	 Ecut[Ry] 	 error [meV/e] 
	100  		   2439 	            0.999 
	210  		   2497 	            0.842 
	320  		   -----  >2500 Ry   -----
	430  		   -----  >2500 Ry   -----

### TC report ########################################

Comparison of total energies
Config	 E_sl(Ry)	 E_nl(Ry)	 Delta(eV)
0      -10.309455      -10.309455        0.000000
1      -10.216394      -10.216395        0.000015
2       -9.894980       -9.894990        0.000138
3       -9.808768       -9.808781        0.000179
4       -9.082489       -9.082505        0.000223
5       -8.678630       -8.678750        0.001637
6       -8.539109       -8.539275        0.002263
7       -7.370336       -7.370336       -0.000000
8       -4.037621       -4.037621       -0.000000
MAD (eV): 0.000495063
