##########################################################
#    Opium Report File                                   #
##########################################################
     Opium version:        4.1

### copy of the parameter file #######################

[Atom]
Bi
17
100   2.00 -
200   2.00 -
210   6.00 -
300   2.00 -
310   6.00 -
320   10.0 -
400   2.00 -
410   6.00 -
420   10.0 -
430   14.0 -
500   2.00 -
510   6.00 -
520   10.0 -
600   2.00 -
610   2.00 -
620   0.50 -
530   0.10 -

[Pseudo]
4 -1 -1 -1 -1
g

[KBdesign]
s

[Relativity]
frl

[XC]
pbe

[Gaussinfo]
5 5 3
3 3 3 3 4  3 3 3
2  3.3985625  137.0729140
2  2.2363910  34.3916416
4  1.0636817  -1.8019312
2  1.2456199  39.8269678
2  0.3667618  0.8447335
4  0.8237604  -4.3918552
2  0.9246278  -3.7879179
2  0.8350341  24.0963136
4  1.2398550  0.4563745
2  1.8474456  -0.3829618
2  1.0698424  -0.5464445
4  0.8621929  -0.2367081
1  8.0291604  5.0000000
3  7.4815510  40.1458018
2  1.7756833  -6.2512149
2  0.6980853  -0.2864101
2  3.62419551 -0.05680288
2  2.08401707 3.65950697
4  1.27996161 3.06903534
2  1.11843551 -4.02503595
2  1.87735261 3.94247322
4  1.00237438 -0.27672935
2  1.01337747 1.74543289
2  0.95943686 -1.64544080
4  1.00489490 0.00755595

[Configs]
8

600   2.00 -
610   2.00 -
620   0.00 -
530   0.00 -

600   2.00 -
610   1.50 -
620   0.50 -
530   0.00 -

600   2.00 -
610   1.50 -
620   0.00 -
530   0.50 -

600   2.00 -
610   1.00 -
620   0.00 -
530   0.00 -

600   2.00 -
610   0.50 -
620   0.50 -
530   0.00 -

600   2.00 -
610   0.50 -
620   0.00 -
530   0.50 -

600   2.00 -
610   0.00 -
620   0.00 -
530   0.00 -

600   1.00 -
610   0.00 -
620   0.00 -
530   0.00 -


### AE report ########################################

 AE:Orbital    Filling       Eigenvalues[Ry]          Norm
    ----------------------------------------------------------
	100+	 2.000	   -6619.5392424527
	200+	 2.000	   -1189.3794190655
	210-	 2.000	   -1142.0034216656
	210+	 4.000	    -973.4813004999
	300+	 2.000	    -287.5599401952
	310-	 2.000	    -266.3486495291
	310+	 4.000	    -228.5655116676
	320-	 4.000	    -194.2379844235
	320+	 6.000	    -186.1990029834
	400+	 2.000	     -66.3320655657
	410-	 2.000	     -57.1305417991
	410+	 4.000	     -47.8157676704
	420-	 4.000	     -32.9473642097
	420+	 6.000	     -31.2023011917
	430-	 6.000	     -11.8515399458
	430+	 8.000	     -11.4486888518
	500+	 2.000	     -11.9391906675
	510-	 2.000	      -8.7554497201
	510+	 4.000	      -6.9617380581
	520-	 4.000	      -2.5375987286
	520+	 6.000	      -2.3176243442
	600+	 2.000	      -1.4407619317	  0.0233567721
	610-	 0.667	      -0.7912255671	  0.0217798029
	610+	 1.333	      -0.6266774133	  0.0506607664
	620-	 0.200	      -0.1230638811	  0.8081945479
	620+	 0.300	      -0.1191619678	  0.8303759677
	530-	 0.043	      -0.0336188469	  0.9991145904
	530+	 0.057	      -0.0336180684	  0.9991183951

      E_tot =   -43095.7479929716 Ry

### PS report ########################################

    Orbital       Ghost
    -----------------------------------------------------------------
	600 	    no
	610 	    no
	610 	    no
	620 	    no
	620 	    no
	530 	    no
	530 	    no


### NL/SL report #####################################


 NL:Orbital    Filling       Eigenvalues[Ry]          Norm       Ghost
    ------------------------------------------------------------------
	600+	 2.000	      -1.4837249659	  0.0221856621	    no
	610-	 0.667	      -0.8056020822	  0.0220342332	    no
	610+	 1.333	      -0.6460233561	  0.0479752646	    no
	620-	 0.200	      -0.1169211553	  0.8599704909	    no
	620+	 0.300	      -0.1201439058	  0.8412703950	    no
	530-	 0.043	      -0.0341377825	  0.9990795858	    no
	530+	 0.057	      -0.0341404597	  0.9990682639	    no

	 ========== No ghosts in potential!!========== 

      E_tot =      -10.3269833650 Ry

### KE report ########################################

	 ===   Ecut necessary for ~1    eV convergence error / electron === 
	 --------------------------------------------------------------- 
		 	 Ecut[Ry] 	 error [meV/e] 
	600+ 		   10 	          999.033 
	610- 		   13 	          996.130 
	610+ 		   2426 	          988.005 
	620- 		   -----  >2500 Ry   -----
	620+ 		   -----  >2500 Ry   -----
	530- 		   -----  >2500 Ry   -----
	530+ 		   -----  >2500 Ry   -----
	 ===   Ecut necessary for ~100 meV convergence error / electron === 
	 --------------------------------------------------------------- 
		 	 Ecut[Ry] 	 error [meV/e] 
	600+ 		   34 	           99.876 
	610- 		   2460 	           97.961 
	610+ 		   2489 	           89.699 
	620- 		   -----  >2500 Ry   -----
	620+ 		   -----  >2500 Ry   -----
	530- 		   -----  >2500 Ry   -----
	530+ 		   -----  >2500 Ry   -----

	 ===   Ecut necessary for  ~10 meV convergence error / electron === 
	 --------------------------------------------------------------- 
		 	 Ecut[Ry] 	 error [meV/e] 
	600+ 		   74 	            9.996 
	610- 		   2491 	            9.432 
	610+ 		   2495 	            8.373 
	620- 		   -----  >2500 Ry   -----
	620+ 		   -----  >2500 Ry   -----
	530- 		   -----  >2500 Ry   -----
	530+ 		   -----  >2500 Ry   -----

	 ===   Ecut necessary for   ~1 meV convergence error / electron === 
	 --------------------------------------------------------------- 
		 	 Ecut[Ry] 	 error [meV/e] 
	600+ 		   2440 	            0.985 
	610- 		   2496 	            0.680 
	610+ 		   2498 	            0.290 
	620- 		   -----  >2500 Ry   -----
	620+ 		   -----  >2500 Ry   -----
	530- 		   -----  >2500 Ry   -----
	530+ 		   -----  >2500 Ry   -----

### TC report ########################################

Comparison of total energies
Config	 E_sl(Ry)	 E_nl(Ry)	 Delta(eV)
0      -10.326983      -10.326983       -0.000000
1      -10.233781      -10.233782        0.000015
2       -9.908531       -9.908539        0.000116
3       -9.822182       -9.822193        0.000156
4       -9.091687       -9.091697        0.000141
5       -8.683679       -8.683794        0.001564
6       -8.543858       -8.544038        0.002446
7       -7.370336       -7.370336       -0.000000
8       -4.037621       -4.037621       -0.000000
MAD (eV): 0.000493232
