##########################################################
#    Opium Report File                                   #
##########################################################
     Opium version:        4.1

### copy of the parameter file #######################

[Atom]
Al
6
100 2.00 -
200 2.00 -
210 6.00 -
300 2.00 -
310 0.50 -
320 0.50 -

[KBDesign]
p

[Pseudo]
3 2.642 3.048 2.118
g

[Relativity]
nrl

[xc]
pbe

[Gaussinfo]
3 3
2 2 3
2 7.863954 14.879513
2 2.061358 20.746863
2 3.125175 7.786227
2 1.414930 7.109015
1 5.073893 3.000000
3 8.607001 15.221680
2 3.027490 -11.165685

[Configs]
6

#300 2.00 -
#310 1.00 -
#320 0.00 -

300 2.00 -
310 0.00 -
320 1.00 -

300 1.00 -
310 2.00 -
320 0.00 -

300 1.00 -
310 1.00 -
320 1.00 -

300 2.00 -
310 0.00 -
320 0.00 -

300 1.00 -
310 1.00 -
320 0.00 -

300 1.00 -
310 0.00 -
320 0.00 -

############################################################

### AE report ########################################

 AE:Orbital    Filling       Eigenvalues[Ry]          Norm
    ----------------------------------------------------------
	100	 2.000	    -111.0105767884
	200	 2.000	      -8.1107765755
	210	 6.000	      -5.3157131647
	300	 2.000	      -0.7246365523	  0.3871786192
	310	 0.500	      -0.3326356825	  0.4816472512
	320	 0.500	      -0.0318640142	  0.9972956629

      E_tot =     -484.3226371844 Ry

### PS report ########################################

    Orbital       Ghost
    -----------------------------------------------------------------
	100 	    no
	210 	    no
	320 	    no


### NL/SL report #####################################


 NL:Orbital    Filling       Eigenvalues[Ry]          Norm       Ghost
    ------------------------------------------------------------------
	100 	 2.000	      -0.7267591181	  0.3906493986	    no
	210 	 0.500	      -0.3288213149	  0.4920533843	    no
	320 	 0.500	      -0.0318278345	  0.9972099508	    no

	 ========== No ghosts in potential!!========== 

      E_tot =       -3.7310098125 Ry

### KE report ########################################

	 ===   Ecut necessary for ~1    eV convergence error / electron === 
	 --------------------------------------------------------------- 
		 	 Ecut[Ry] 	 error [meV/e] 
	100  		   9 	          996.253 
	210  		   2487 	          800.064 
	320  		   2497 	          879.807 
	 ===   Ecut necessary for ~100 meV convergence error / electron === 
	 --------------------------------------------------------------- 
		 	 Ecut[Ry] 	 error [meV/e] 
	100  		   2465 	           99.570 
	210  		   2493 	           83.637 
	320  		   -----  >2500 Ry   -----

	 ===   Ecut necessary for  ~10 meV convergence error / electron === 
	 --------------------------------------------------------------- 
		 	 Ecut[Ry] 	 error [meV/e] 
	100  		   2499 	            5.271 
	210  		   -----  >2500 Ry   -----
	320  		   -----  >2500 Ry   -----

	 ===   Ecut necessary for   ~1 meV convergence error / electron === 
	 --------------------------------------------------------------- 
		 	 Ecut[Ry] 	 error [meV/e] 
	100  		   -----  >2500 Ry   -----
	210  		   -----  >2500 Ry   -----
	320  		   -----  >2500 Ry   -----

### TC report ########################################

Comparison of total energies
Config	 E_sl(Ry)	 E_nl(Ry)	 Delta(eV)
0       -3.731010       -3.731010        0.000000
1       -3.568520       -3.568507       -0.000175
2       -3.476690       -3.476690       -0.000001
3       -3.149966       -3.149943       -0.000307
4       -3.436697       -3.436678       -0.000259
5       -3.006399       -3.006374       -0.000331
6       -2.028712       -2.028516       -0.002658
MAD (eV): 0.000532942
