##########################################################
#    Opium Report File                                   #
##########################################################
     Opium version:        4.1

### copy of the parameter file #######################

[Atom]
In
11            
100   2.00  -
200   2.00  -
210   6.00  -
300   2.00  -
310   6.00  -
320  10.00  -
400   2.00  -
410   6.00  -
420  10.00  -
500   2.00  -
510   1.00  -

[Pseudo]
2 -1 -1
g

[Gaussinfo]
3 4
2 2 2 4
2 1.41576920 29.16527850
2 0.64150120 -4.20323300
2 1.46872390 36.99013620
2 0.68282890 -3.37065530
2 0.78262600 10.06673140
2 0.93238300 9.93457790
1 0.97966930 3.00000000
3 0.89258370 2.93900790
2 0.96782070 0.80366620
2 0.83910560 -6.02576360

[KBdesign]
s

[Relativity]
srl

[XC]
pbe

[Configs]
6

500   2.00  -
510   1.00  -

500   1.00  -
510   2.00  -

500   0.00  -
510   3.00  -

500   2.00  -
510   0.00  -

500   1.00  -
510   0.00  -

500   1.00  -
510   1.00  -

### AE report ########################################

 AE:Orbital    Filling       Eigenvalues[Ry]          Norm
    ----------------------------------------------------------
	500	 2.000	      -0.6022384084	  0.0513178868
	510	 1.000	      -0.1856595148	  0.3057895410

      E_tot =   -11756.2136686601 Ry

### PS report ########################################

    Orbital       Ghost
    -----------------------------------------------------------------
	100 	    no
	210 	    no


### NL/SL report #####################################


 NL:Orbital    Filling       Eigenvalues[Ry]          Norm       Ghost
    ------------------------------------------------------------------
	100 	 2.000	      -0.6252138626	  0.0498399877	    no
	210 	 1.000	      -0.1896478368	  0.3021623944	    no

	 ========== No ghosts in potential!!========== 

      E_tot =       -3.8243344979 Ry

### KE report ########################################

	 ===   Ecut necessary for ~1    eV convergence error / electron === 
	 --------------------------------------------------------------- 
		 	 Ecut[Ry] 	 error [meV/e] 
	100  		   2169 	          999.509 
	210  		   2492 	          890.709 
	 ===   Ecut necessary for ~100 meV convergence error / electron === 
	 --------------------------------------------------------------- 
		 	 Ecut[Ry] 	 error [meV/e] 
	100  		   2475 	           98.277 
	210  		   2496 	           71.347 

	 ===   Ecut necessary for  ~10 meV convergence error / electron === 
	 --------------------------------------------------------------- 
		 	 Ecut[Ry] 	 error [meV/e] 
	100  		   2499 	            9.327 
	210  		   2498 	            4.693 

	 ===   Ecut necessary for   ~1 meV convergence error / electron === 
	 --------------------------------------------------------------- 
		 	 Ecut[Ry] 	 error [meV/e] 
	100  		   -----  >2500 Ry   -----
	210  		   -----  >2500 Ry   -----

### TC report ########################################

Comparison of total energies
Config	 E_sl(Ry)	 E_nl(Ry)	 Delta(eV)
0       -3.824334       -3.824334        0.000000
1       -3.824334       -3.824334        0.000000
2       -3.380425       -3.380430        0.000075
3       -2.924128       -2.924146        0.000251
4       -3.426118       -3.426118       -0.000000
5       -2.002792       -2.002792       -0.000000
6       -2.925478       -2.925550        0.000983
MAD (eV): 0.000187049
