##########################################################
#    Opium Report File                                   #
##########################################################
     Opium version:        4.1

### copy of the parameter file #######################

[Atom]
Te
12
100  2.00 -
200  2.00 -
210  6.00 -
300  2.00 -
310  6.00 -
320 10.00 -
400  2.00 -
410  6.00 -
420 10.00 -
500  2.00 -
510  2.00 -
520  1.00 -

[Pseudo]
3 -1 -1 -1
g

[Relativity]
frl

[XC]
pbe

[KBDesign]
s

[Gaussinfo]
6 4 2
2 4 2 3  4 2
2   2.656483  48.2805617309780 
2   2.281974  -1.02152466749834 
2   2.946988  39.6560237533630 
2   2.790001  79.5448296097569 
2   1.750168  -2.60049060295425 
2   1.909579  -2.72845521418152 
2   1.107233  6.84646175702210 
2   1.084059  9.41181396042081 
1  12.000000    6.000000
3  12.000000    72.0000000000 
2  12.000000  -50.5051262924364 
2  2.82602549 -79.93055499
2  2.77290801 79.81434994
2  1.60334223 1.96987264
2  2.08757658 -1.10062160
2  1.10723300 -5.05909600
2  1.08405900 4.99913400


[Configs]
8

500  2.00 -
510  3.00 -
520  1.00 -

500  2.00 -
510  3.00 -
520  0.00 -

500  2.00 -
510  2.00 -
520  1.00 -

500  2.00 -
510  2.00 -
520  0.00 -

500  2.00 -
510  1.00 -
520  1.00 -

500  2.00 -
510  1.00 -
520  0.00 -

500  2.00 -
510  0.00 -
520  0.00 -

500  1.00 -
510  0.00 -
520  0.00 -

############################################################

### AE report ########################################

 AE:Orbital    Filling       Eigenvalues[Ry]          Norm
    ----------------------------------------------------------
	100+	 2.000	   -2316.1841249034
	200+	 2.000	    -356.1290362012
	210-	 2.000	    -333.6903337930
	210+	 4.000	    -313.6624882974
	300+	 2.000	     -71.6439036413
	310-	 2.000	     -62.4270226551
	310+	 4.000	     -58.6911862180
	320-	 4.000	     -42.4789567861
	320+	 6.000	     -41.6955238243
	400+	 2.000	     -12.9614405098
	410-	 2.000	      -9.7935018036
	410+	 4.000	      -9.0837115095
	420-	 4.000	      -4.0332231803
	420+	 6.000	      -3.9252137477
	500+	 2.000	      -1.9042635863	  0.2647358495
	510-	 0.667	      -1.2124763670	  0.2983830503
	510+	 1.333	      -1.1389077825	  0.3382440730
	520-	 0.400	      -0.3704888557	  0.5765214889
	520+	 0.600	      -0.3660027391	  0.5876992709

      E_tot =   -13579.5675611602 Ry

### PS report ########################################

    Orbital       Ghost
    -----------------------------------------------------------------
	500 	    no
	510 	    no
	510 	    no
	520 	    no
	520 	    no


### NL/SL report #####################################


 NL:Orbital    Filling       Eigenvalues[Ry]          Norm       Ghost
    ------------------------------------------------------------------
	500+	 2.000	      -1.9697520389	  0.2452793496	    no
	510-	 0.667	      -1.2430449561	  0.2923905414	    no
	510+	 1.333	      -1.1771742993	  0.3268444493	    no
	520-	 0.400	      -0.3600308162	  0.6215004060	    no
	520+	 0.600	      -0.3572357477	  0.6288866651	    no

	 ========== No ghosts in potential!!========== 

      E_tot =      -14.7842129536 Ry

### KE report ########################################

	 ===   Ecut necessary for ~1    eV convergence error / electron === 
	 --------------------------------------------------------------- 
		 	 Ecut[Ry] 	 error [meV/e] 
	500+ 		   10 	          983.226 
	510- 		   13 	          992.115 
	510+ 		   12 	          999.128 
	520- 		   -----  >2500 Ry   -----
	520+ 		   -----  >2500 Ry   -----
	 ===   Ecut necessary for ~100 meV convergence error / electron === 
	 --------------------------------------------------------------- 
		 	 Ecut[Ry] 	 error [meV/e] 
	500+ 		   32 	           99.689 
	510- 		   44 	           99.708 
	510+ 		   105 	           99.997 
	520- 		   -----  >2500 Ry   -----
	520+ 		   -----  >2500 Ry   -----

	 ===   Ecut necessary for  ~10 meV convergence error / electron === 
	 --------------------------------------------------------------- 
		 	 Ecut[Ry] 	 error [meV/e] 
	500+ 		   47 	            9.963 
	510- 		   2453 	            9.650 
	510+ 		   2479 	            9.762 
	520- 		   -----  >2500 Ry   -----
	520+ 		   -----  >2500 Ry   -----

	 ===   Ecut necessary for   ~1 meV convergence error / electron === 
	 --------------------------------------------------------------- 
		 	 Ecut[Ry] 	 error [meV/e] 
	500+ 		   76 	            0.998 
	510- 		   2491 	            0.821 
	510+ 		   2493 	            0.723 
	520- 		   -----  >2500 Ry   -----
	520+ 		   -----  >2500 Ry   -----

### TC report ########################################

Comparison of total energies
Config	 E_sl(Ry)	 E_nl(Ry)	 Delta(eV)
0      -14.784213      -14.784213       -0.000000
1      -15.726834      -15.726838        0.000060
2      -15.584207      -15.584203       -0.000056
3      -14.784213      -14.784213       -0.000000
4      -14.246309      -14.246309       -0.000006
5      -13.285848      -13.285917        0.000939
6      -12.245841      -12.245834       -0.000092
7       -9.546744       -9.546744       -0.000000
8       -5.165032       -5.165032       -0.000000
MAD (eV): 0.000128254
