##########################################################
#    Opium Report File                                   #
##########################################################
     Opium version:        4.1

### copy of the parameter file #######################

[Atom]
Te
12
100  2.00 -
200  2.00 -
210  6.00 -
300  2.00 -
310  6.00 -
320 10.00 -
400  2.00 -
410  6.00 -
420 10.00 -
500  2.00 -
510  2.00 -
520  1.00 -

[Pseudo]
3 -1 -1 -1
g

[Relativity]
srl

[XC]
pbe

[KBDesign]
s

[Gaussinfo]
6 4
2 4 2 3
2   2.656483  48.2805617309780
2   2.281974  -1.02152466749834
2   2.946988  39.6560237533630
2   2.790001  79.5448296097569
2   1.750168  -2.60049060295425
2   1.909579  -2.72845521418152
2   1.107233  6.84646175702210
2   1.084059  9.41181396042081
1  12.000000    6.000000
3  12.000000    72.0000000000
2  12.000000  -50.5051262924364

[Configs]
8

500  2.00 -
510  3.00 -
520  1.00 -

500  2.00 -
510  3.00 -
520  0.00 -

500  2.00 -
510  2.00 -
520  1.00 -

500  2.00 -
510  2.00 -
520  0.00 -

500  2.00 -
510  1.00 -
520  1.00 -

500  2.00 -
510  1.00 -
520  0.00 -

500  2.00 -
510  0.00 -
520  0.00 -

500  1.00 -
510  0.00 -
520  0.00 -


### AE report ########################################

 AE:Orbital    Filling       Eigenvalues[Ry]          Norm
    ----------------------------------------------------------
	500	 2.000	      -1.9042635863	  0.2647209612
	510	 2.000	      -1.1634306440	  0.3245492895
	520	 1.000	      -0.3677971857	  0.5830376684

      E_tot =   -13579.5675611602 Ry

### PS report ########################################

    Orbital       Ghost
    -----------------------------------------------------------------
	100 	    no
	210 	    no
	320 	    no


### NL/SL report #####################################


 NL:Orbital    Filling       Eigenvalues[Ry]          Norm       Ghost
    ------------------------------------------------------------------
	100 	 2.000	      -1.9699547818	  0.2452563373	    no
	210 	 2.000	      -1.1979077644	  0.3155763916	    no
	320 	 1.000	      -0.3583567630	  0.6258503362	    no

	 ========== No ghosts in potential!!========== 

      E_tot =      -14.7814277386 Ry

### KE report ########################################

	 ===   Ecut necessary for ~1    eV convergence error / electron === 
	 --------------------------------------------------------------- 
		 	 Ecut[Ry] 	 error [meV/e] 
	100  		   10 	          983.253 
	210  		   12 	          995.490 
	320  		   -----  >2500 Ry   -----
	 ===   Ecut necessary for ~100 meV convergence error / electron === 
	 --------------------------------------------------------------- 
		 	 Ecut[Ry] 	 error [meV/e] 
	100  		   32 	           99.685 
	210  		   50 	           99.864 
	320  		   -----  >2500 Ry   -----

	 ===   Ecut necessary for  ~10 meV convergence error / electron === 
	 --------------------------------------------------------------- 
		 	 Ecut[Ry] 	 error [meV/e] 
	100  		   47 	            9.957 
	210  		   2475 	            9.777 
	320  		   -----  >2500 Ry   -----

	 ===   Ecut necessary for   ~1 meV convergence error / electron === 
	 --------------------------------------------------------------- 
		 	 Ecut[Ry] 	 error [meV/e] 
	100  		   76 	            1.000 
	210  		   2492 	            0.880 
	320  		   -----  >2500 Ry   -----

### TC report ########################################

Comparison of total energies
Config	 E_sl(Ry)	 E_nl(Ry)	 Delta(eV)
0      -14.781428      -14.781428       -0.000000
1      -15.722892      -15.722897        0.000076
2      -15.580269      -15.580266       -0.000041
3      -14.781428      -14.781428       -0.000000
4      -14.243499      -14.243498       -0.000005
5      -13.284356      -13.284426        0.000948
6      -12.244330      -12.244324       -0.000074
7       -9.546744       -9.546744       -0.000000
8       -5.165032       -5.165032       -0.000000
MAD (eV): 0.000127129
