##########################################################
#    Opium Report File                                   #
##########################################################
     Opium version:        4.1

### copy of the parameter file #######################

[Atom]
Ne  
3
100   2.00  -
200   2.00  -
210   5.00  -

[Pseudo]
2  0.993155 0.955167
g

[Gaussinfo]
8 2
1 3
2 16.554415  81.622057
1 14.793512   8.000000
3 16.582039 118.348096
2 16.080735 -70.278859

[XC]
pbe

[KBDesign]
s

[Relativity]
nrl

[Configs]
6

200   2.00  -
210   6.00  -

200   1.00  -
210   6.00  -

200   2.00  -
210   4.00  -

200   2.00  -
210   3.00  -

200   2.00  -
210   2.00  -

200   2.00  -
210   1.00  -


### AE report ########################################

 AE:Orbital    Filling       Eigenvalues[Ry]          Norm
    ----------------------------------------------------------
	100	 2.000	     -62.6402902028
	200	 2.000	      -4.0801696556	  0.3114490034
	210	 5.000	      -2.3731805183	  0.3596412990

      E_tot =     -256.0801140754 Ry

### PS report ########################################

    Orbital       Ghost
    -----------------------------------------------------------------
	100 	    no
	210 	    no


### NL/SL report #####################################


 NL:Orbital    Filling       Eigenvalues[Ry]          Norm       Ghost
    ------------------------------------------------------------------
	100 	 2.000	      -4.0532635861	  0.3103894799	    no
	210 	 5.000	      -2.3845256240	  0.3564817261	    no

	 ========== No ghosts in potential!!========== 

      E_tot =      -68.3870091682 Ry

### KE report ########################################

	 ===   Ecut necessary for ~1    eV convergence error / electron === 
	 --------------------------------------------------------------- 
		 	 Ecut[Ry] 	 error [meV/e] 
	100  		   78 	          976.685 
	210  		   189 	          996.760 
	 ===   Ecut necessary for ~100 meV convergence error / electron === 
	 --------------------------------------------------------------- 
		 	 Ecut[Ry] 	 error [meV/e] 
	100  		   127 	           99.366 
	210  		   314 	           98.177 

	 ===   Ecut necessary for  ~10 meV convergence error / electron === 
	 --------------------------------------------------------------- 
		 	 Ecut[Ry] 	 error [meV/e] 
	100  		   169 	            9.850 
	210  		   384 	            9.722 

	 ===   Ecut necessary for   ~1 meV convergence error / electron === 
	 --------------------------------------------------------------- 
		 	 Ecut[Ry] 	 error [meV/e] 
	100  		   333 	            0.975 
	210  		   398 	            0.877 

### TC report ########################################

Comparison of total energies
Config	 E_sl(Ry)	 E_nl(Ry)	 Delta(eV)
0      -68.387009      -68.387009        0.000000
1      -70.048562      -70.048380       -0.002473
2      -66.716390      -66.716382       -0.000119
3      -65.191764      -65.191455       -0.004199
4      -60.216315      -60.214996       -0.017956
5      -53.240887      -53.238227       -0.036187
6      -44.069381      -44.066397       -0.040598
MAD (eV): 0.0145046
