##########################################################
#    Opium Report File                                   #
##########################################################
     Opium version:        4.1

### copy of the parameter file #######################

[Atom]
Li  
3
100   2.00  -
200   0.50  -
210   0.50  -

[Pseudo]
2  3.15332 2.52807 
g

[Gaussinfo]
1 2
1 3
2  1.330248  6.752868
1 15.000000  1.0
3 15.047997 15.000000
2  1.806054 -1.242730

[XC]
pbe

[KBDesign]
p

[Relativity]
nrl

[Configs]
2

200   1.00  -
210   0.00  -

200   0.00  -
210   1.00  -


############################################################

### AE report ########################################

 AE:Orbital    Filling       Eigenvalues[Ry]          Norm
    ----------------------------------------------------------
	100	 2.000	      -3.8676871971
	200	 0.500	      -0.2304422208	  0.6271140383
	210	 0.500	      -0.0989712499	  0.8636742834

      E_tot =      -14.8371423853 Ry

### PS report ########################################

    Orbital       Ghost
    -----------------------------------------------------------------
	100 	    no
	210 	    no


### NL/SL report #####################################


 NL:Orbital    Filling       Eigenvalues[Ry]          Norm       Ghost
    ------------------------------------------------------------------
	100 	 0.500	      -0.2306225570	  0.6446587294	    no
	210 	 0.500	      -0.0968909009	  0.8890317458	    no

	 ========== No ghosts in potential!!========== 

      E_tot =       -0.3101931497 Ry

### KE report ########################################

	 ===   Ecut necessary for ~1    eV convergence error / electron === 
	 --------------------------------------------------------------- 
		 	 Ecut[Ry] 	 error [meV/e] 
	100  		   2499 	          650.144 
	210  		   -----  >2500 Ry   -----
	 ===   Ecut necessary for ~100 meV convergence error / electron === 
	 --------------------------------------------------------------- 
		 	 Ecut[Ry] 	 error [meV/e] 
	100  		   -----  >2500 Ry   -----
	210  		   -----  >2500 Ry   -----

	 ===   Ecut necessary for  ~10 meV convergence error / electron === 
	 --------------------------------------------------------------- 
		 	 Ecut[Ry] 	 error [meV/e] 
	100  		   -----  >2500 Ry   -----
	210  		   -----  >2500 Ry   -----

	 ===   Ecut necessary for   ~1 meV convergence error / electron === 
	 --------------------------------------------------------------- 
		 	 Ecut[Ry] 	 error [meV/e] 
	100  		   -----  >2500 Ry   -----
	210  		   -----  >2500 Ry   -----

### TC report ########################################

Comparison of total energies
Config	 E_sl(Ry)	 E_nl(Ry)	 Delta(eV)
0       -0.310193       -0.310193       -0.000000
1       -0.377019       -0.377021        0.000030
2       -0.243597       -0.243597       -0.000000
MAD (eV): 9.96444e-06
