##########################################################
#    Opium Report File                                   #
##########################################################
     Opium version:        4.1

### copy of the parameter file #######################

[Atom]
Zn
8            
100   2.00  -
200   2.00  -
210   6.00  -
300   2.00  -
310   6.00  -
320   10.00  -
400   0.00  -
410   0.00  -

[Pseudo]
5 1.184 1.184 1.095  1.184 1.184
g

[Gaussinfo]
20 3
2 2 4
2 12.006960  56.869394
2  9.103589  34.859484
2 10.245529  32.153902
2  7.286335  15.898530
1  3.465445  20.000000
3  3.528420  69.308902
2  3.545575 -83.673652
2  2.234272   0.840046

[KBdesign]
s

[Relativity]
nrl

[XC]
pbe

[Configs]
2

300  2.00 -
310  6.00 -
320  10.00 -
400  2.00 -
410  0.00 -

300  2.00 -
310  6.00 -
320  10.00 -
400  1.00 -
410  0.00 -


### AE report ########################################

 AE:Orbital    Filling       Eigenvalues[Ry]          Norm
    ----------------------------------------------------------
	100	 2.000	    -692.7941139483
	200	 2.000	     -84.7074281571
	210	 6.000	     -74.8371633321
	300	 2.000	     -10.7096216644	  0.0504387510
	310	 6.000	      -7.5756658426	  0.0762987640
	320	10.000	      -2.2844931026	  0.2603754515
	400	 0.000	      -1.6605183928	  0.9427132600
	410	 0.000	      -1.1420239642	  0.9660852108

      E_tot =    -3556.3271360282 Ry

### PS report ########################################

    Orbital       Ghost
    -----------------------------------------------------------------
	100 	    no
	210 	    no
	320 	    no


### NL/SL report #####################################


 NL:Orbital    Filling       Eigenvalues[Ry]          Norm       Ghost
    ------------------------------------------------------------------
	100 	 2.000	     -10.8988517102	  0.0416904815	    no
	210 	 6.000	      -7.5494699400	  0.0668533844	    no
	320 	10.000	      -2.2680198220	  0.2573149989	    no
	200 	 0.000	      -1.6825642249	  0.9403196228	    no
	310 	 0.000	      -1.1482122700	  0.9669332217	    no

	 ========== No ghosts in potential!!========== 

      E_tot =     -450.6634115585 Ry

### KE report ########################################

	 ===   Ecut necessary for ~1    eV convergence error / electron === 
	 --------------------------------------------------------------- 
		 	 Ecut[Ry] 	 error [meV/e] 
	100  		   108 	          989.056 
	210  		   68 	          997.280 
	320  		   175 	          997.447 
	200  		   108 	          989.056 
	310  		   68 	          997.280 
	 ===   Ecut necessary for ~100 meV convergence error / electron === 
	 --------------------------------------------------------------- 
		 	 Ecut[Ry] 	 error [meV/e] 
	100  		   147 	           99.330 
	210  		   178 	           99.880 
	320  		   247 	           99.595 
	200  		   147 	           99.330 
	310  		   178 	           99.880 

	 ===   Ecut necessary for  ~10 meV convergence error / electron === 
	 --------------------------------------------------------------- 
		 	 Ecut[Ry] 	 error [meV/e] 
	100  		   313 	            9.960 
	210  		   254 	            9.972 
	320  		   320 	            9.984 
	200  		   313 	            9.960 
	310  		   254 	            9.972 

	 ===   Ecut necessary for   ~1 meV convergence error / electron === 
	 --------------------------------------------------------------- 
		 	 Ecut[Ry] 	 error [meV/e] 
	100  		   402 	            0.997 
	210  		   323 	            0.992 
	320  		   391 	            0.995 
	200  		   402 	            0.997 
	310  		   323 	            0.992 

### TC report ########################################

Comparison of total energies
Config	 E_sl(Ry)	 E_nl(Ry)	 Delta(eV)
0     -450.663412     -450.663412       -0.000009
1     -452.732569     -452.732568       -0.000024
2     -452.010784     -452.010783       -0.000007
MAD (eV): 1.30725e-05
