##########################################################
#    Opium Report File                                   #
##########################################################
     Opium version:        4.1

### copy of the parameter file #######################

[Atom]
Sb
11            
100   2.00  -
200   2.00  -
210   6.00  -
300   2.00  -
310   6.00  -
320  10.00  -
400   2.00  -
410   6.00  -
420  10.00  -
500   2.00  -
510   2.00  -

[Pseudo]
2 -1 -1
g

[Gaussinfo]
5 4 2
2 2 2 4  4 2
2 2.33204100 68.29288100
2 1.37653100 -7.22058600
2 2.16181562 54.49767028
2 1.21915848 -1.96370436
2 0.93001300 3.77421800
2 0.91265100 5.63755200
1 1.50000000 5.00000000
3 1.50000000 7.50000000
2 1.61932697 -14.98423520
2 1.50000000 -1.95088000
2 2.13538558  -37.73381682
2 2.13690465  37.71737248
2 1.05846118  1.48807568
2 1.49523917  -1.49884778
2 0.93619063  -3.77186519
2 0.91639069  3.75763628

[KBdesign]
s

[Relativity]
frl

[XC]
pbe

[Configs]
6

500   2.00  -
510   3.00  -

500   2.00  -
510   1.00  -

500   1.00  -
510   4.00  -

500   0.00  -
510   5.00  -

500   2.00  -
510   0.00  -

500   1.00  -
510   0.00  -

### AE report ########################################

 AE:Orbital    Filling       Eigenvalues[Ry]          Norm
    ----------------------------------------------------------
	100+	 2.000	   -2219.1904765461
	200+	 2.000	    -338.3868987851
	210-	 2.000	    -316.5851158075
	210+	 4.000	    -298.2092857142
	300+	 2.000	     -66.8808124686
	310-	 2.000	     -57.9772104054
	310+	 4.000	     -54.5838213918
	320-	 4.000	     -38.9041557103
	320+	 6.000	     -38.1969234957
	400+	 2.000	     -11.5353979020
	410-	 2.000	      -8.5245800373
	410+	 4.000	      -7.8970917299
	420-	 4.000	      -3.1425565122
	420+	 6.000	      -3.0512323813
	500+	 2.000	      -1.5142563572	  0.1473879836
	510-	 0.667	      -0.9180632018	  0.3045109227
	510+	 1.333	      -0.8641666968	  0.3435845497

      E_tot =   -12954.6427519856 Ry

### PS report ########################################

    Orbital       Ghost
    -----------------------------------------------------------------
	500 	    no
	510 	    no
	510 	    no


### NL/SL report #####################################


 NL:Orbital    Filling       Eigenvalues[Ry]          Norm       Ghost
    ------------------------------------------------------------------
	500+	 2.000	      -1.5036439479	  0.1523675136	    no
	510-	 0.667	      -0.9222779360	  0.3078176850	    no
	510+	 1.333	      -0.8710605828	  0.3433743697	    no

	 ========== No ghosts in potential!!========== 

      E_tot =      -10.1076001912 Ry

### KE report ########################################

	 ===   Ecut necessary for ~1    eV convergence error / electron === 
	 --------------------------------------------------------------- 
		 	 Ecut[Ry] 	 error [meV/e] 
	500+ 		   9 	          995.868 
	510- 		   12 	          998.472 
	510+ 		   1773 	          999.985 
	 ===   Ecut necessary for ~100 meV convergence error / electron === 
	 --------------------------------------------------------------- 
		 	 Ecut[Ry] 	 error [meV/e] 
	500+ 		   30 	           98.760 
	510- 		   2452 	           99.221 
	510+ 		   2478 	           95.650 

	 ===   Ecut necessary for  ~10 meV convergence error / electron === 
	 --------------------------------------------------------------- 
		 	 Ecut[Ry] 	 error [meV/e] 
	500+ 		   48 	            9.993 
	510- 		   2491 	            8.863 
	510+ 		   2493 	            7.542 

	 ===   Ecut necessary for   ~1 meV convergence error / electron === 
	 --------------------------------------------------------------- 
		 	 Ecut[Ry] 	 error [meV/e] 
	500+ 		   2468 	            0.971 
	510- 		   2496 	            0.917 
	510+ 		   2497 	            0.687 

### TC report ########################################

Comparison of total energies
Config	 E_sl(Ry)	 E_nl(Ry)	 Delta(eV)
0      -10.107600      -10.107600        0.000000
1      -10.725320      -10.725333        0.000169
2       -8.927516       -8.927527        0.000141
3      -10.149382      -10.149390        0.000112
4       -9.561286       -9.561292        0.000078
5       -7.131948       -7.131948       -0.000000
6       -3.919470       -3.919470        0.000000
MAD (eV): 7.14988e-05
