##########################################################
#    Opium Report File                                   #
##########################################################
     Opium version:        4.1

### copy of the parameter file #######################

[Atom]
Pb
16            
100   2.00  -
200   2.00  -
210   6.00  -
300   2.00  -
310   6.00  -
320   10.00  -
400   2.00  -
410   6.00  -
420   10.00  -
430   14.00  -
500   2.00  -
510   6.00  -
520   10.00  -
600   2.00  -
610   0.50  -
620   0.50  -

[Pseudo]
3 -1 -1 -1
g

[KBdesign]
s

[Relativity]
frl

[XC]
pbe

[Gaussinfo]
4 5 3
2 2 2 2 4  4 2 2
2 1.98979412 35.77436124
2 0.25451799 -0.56423437
2 0.92215360 8.16392698
2 0.22720613 -0.25297702
2 0.60150052 2.96041292
2 0.53039596 4.24868609
2 0.81352636 -2.14500026
2 0.77897618 -2.66641882
1 1.99844159 4.00000000
3 2.00747506 7.99376635
2 1.98810694 -12.70701542
2 0.99797468 -0.23586265
2 0.891456049939027  -5.35611838205016
2 0.951352397028372  5.44828490648028
2 0.175455211982948  0.339698890771244
2 0.0416789219011291 -0.0548945557963116
2 0.585309470979108  -3.37370316293675
2 0.511372026399903  2.65729448782938
2 0.813760000000000  1.42997200000000
2 0.779307000000000  -1.33319000000000

[Configs]
8 

600  2.00 -
610  2.00 -
620  0.00 -

600  2.00 -
610  1.00 -
620  1.00 -

600  2.00 -
610  1.00 -
620  0.00 -

600  2.00 -
610  0.00 -
620  1.00 -

600  2.00 -
610  0.00 -
620  0.00 -

600  1.00 -
610  1.00 -
620  0.00 -

600  1.00 -
610  0.00 -
620  1.00 -

600  1.00 -
610  0.00 -
620  0.00 -

### AE report ########################################

 AE:Orbital    Filling       Eigenvalues[Ry]          Norm
    ----------------------------------------------------------
	100+	 2.000	   -6434.4072013152
	200+	 2.000	   -1151.1795462738
	210-	 2.000	   -1104.8495861723
	210+	 4.000	    -945.7624369054
	300+	 2.000	    -277.0060061112
	310-	 2.000	    -256.2782391291
	310+	 4.000	    -220.7362760762
	320-	 4.000	    -187.0635522279
	320+	 6.000	    -179.4730619920
	400+	 2.000	     -63.2583052954
	410-	 2.000	     -54.3068969622
	410+	 4.000	     -45.6037423119
	420-	 4.000	     -31.1114544213
	420+	 6.000	     -29.4810464146
	430-	 6.000	     -10.6671273042
	430+	 8.000	     -10.2979254811
	500+	 2.000	     -11.2230759497
	510-	 2.000	      -8.1751459585
	510+	 4.000	      -6.5493274668
	520-	 4.000	      -2.3637134514
	520+	 6.000	      -2.1734126289
	600+	 2.000	      -1.5145849039	  0.0037826192
	610-	 0.167	      -0.9154807487	  0.0280056151
	610+	 0.333	      -0.7718004136	  0.0587206672
	620-	 0.200	      -0.2740671072	  0.5853754288
	620+	 0.300	      -0.2681394853	  0.6118738019

      E_tot =   -41792.7130995340 Ry

### PS report ########################################

    Orbital       Ghost
    -----------------------------------------------------------------
	600 	    no
	610 	    no
	610 	    no
	620 	    no
	620 	    no


### NL/SL report #####################################


 NL:Orbital    Filling       Eigenvalues[Ry]          Norm       Ghost
    ------------------------------------------------------------------
	600+	 2.000	      -1.5725426943	  0.0036582297	    no
	610-	 0.167	      -0.9183072245	  0.0285994730	    no
	610+	 0.333	      -0.7816755574	  0.0602830900	    no
	620-	 0.200	      -0.2682192967	  0.6335695914	    no
	620+	 0.300	      -0.2625343595	  0.6592231915	    no

	 ========== No ghosts in potential!!========== 

      E_tot =       -6.1859113049 Ry

### KE report ########################################

	 ===   Ecut necessary for ~1    eV convergence error / electron === 
	 --------------------------------------------------------------- 
		 	 Ecut[Ry] 	 error [meV/e] 
	600+ 		   7 	          991.720 
	610- 		   2027 	          998.686 
	610+ 		   2453 	          994.309 
	620- 		   -----  >2500 Ry   -----
	620+ 		   -----  >2500 Ry   -----
	 ===   Ecut necessary for ~100 meV convergence error / electron === 
	 --------------------------------------------------------------- 
		 	 Ecut[Ry] 	 error [meV/e] 
	600+ 		   21 	           99.371 
	610- 		   2477 	           99.527 
	610+ 		   2498 	           67.558 
	620- 		   -----  >2500 Ry   -----
	620+ 		   -----  >2500 Ry   -----

	 ===   Ecut necessary for  ~10 meV convergence error / electron === 
	 --------------------------------------------------------------- 
		 	 Ecut[Ry] 	 error [meV/e] 
	600+ 		   38 	            9.982 
	610- 		   2499 	            6.933 
	610+ 		   -----  >2500 Ry   -----
	620- 		   -----  >2500 Ry   -----
	620+ 		   -----  >2500 Ry   -----

	 ===   Ecut necessary for   ~1 meV convergence error / electron === 
	 --------------------------------------------------------------- 
		 	 Ecut[Ry] 	 error [meV/e] 
	600+ 		   2472 	            0.967 
	610- 		   -----  >2500 Ry   -----
	610+ 		   -----  >2500 Ry   -----
	620- 		   -----  >2500 Ry   -----
	620+ 		   -----  >2500 Ry   -----

### TC report ########################################

Comparison of total energies
Config	 E_sl(Ry)	 E_nl(Ry)	 Delta(eV)
0       -6.185911       -6.185911        0.000000
1       -6.955903       -6.955843       -0.000826
2       -6.584280       -6.584288        0.000108
3       -6.457405       -6.457400       -0.000064
4       -5.895734       -5.895751        0.000241
5       -5.460070       -5.460070       -0.000000
6       -4.666902       -4.667062        0.002184
7       -3.913336       -3.914595        0.017121
8       -3.055992       -3.055992       -0.000000
MAD (eV): 0.00228255
