##########################################################
#    Opium Report File                                   #
##########################################################
     Opium version:        4.1

### copy of the parameter file #######################

[Atom]
C  
3
100   2.00   -
200   2.00   -
210   1.00   -

[Pseudo]
2  1.358 1.376
g

[Gaussinfo]
4 2
1 3
2 7.76079 52.13345
1 14.43502 4.00000
3 8.39889 57.74008
2 7.38188 -25.81955

[XC]
pbe

[KBDesign]
p

[Relativity]
nrl

[Configs]
11
#
200  2.00  -
210  2.00  -
#
200  1.00  -
210  3.00  -

200  0.00 -
210  4.00 -

200  2.00 -
210  1.00 -

200  1.00 -
210  2.00 -

200  0.00 -
210  3.00 -

200  2.00 -
210  0.00 -

200  1.00 -
210  1.00 -

200  0.00 -
210  2.00 -

200  1.00 -
210  0.00 -

200  0.00 -
210  1.00 -


### AE report ########################################

 AE:Orbital    Filling       Eigenvalues[Ry]          Norm
    ----------------------------------------------------------
	100	 2.000	     -21.1877575911
	200	 2.000	      -1.8921854948	  0.5209177662
	210	 1.000	      -1.2500925657	  0.5068868114

      E_tot =      -74.6979854501 Ry

### PS report ########################################

    Orbital       Ghost
    -----------------------------------------------------------------
	100 	    no
	210 	    no


### NL/SL report #####################################


 NL:Orbital    Filling       Eigenvalues[Ry]          Norm       Ghost
    ------------------------------------------------------------------
	100 	 2.000	      -1.8994061603	  0.5269147933	    no
	210 	 1.000	      -1.2463147002	  0.5139289548	    no

	 ========== No ghosts in potential!!========== 

      E_tot =       -9.9027869440 Ry

### KE report ########################################

	 ===   Ecut necessary for ~1    eV convergence error / electron === 
	 --------------------------------------------------------------- 
		 	 Ecut[Ry] 	 error [meV/e] 
	100  		   25 	          997.070 
	210  		   39 	          993.823 
	 ===   Ecut necessary for ~100 meV convergence error / electron === 
	 --------------------------------------------------------------- 
		 	 Ecut[Ry] 	 error [meV/e] 
	100  		   45 	           99.331 
	210  		   93 	           99.845 

	 ===   Ecut necessary for  ~10 meV convergence error / electron === 
	 --------------------------------------------------------------- 
		 	 Ecut[Ry] 	 error [meV/e] 
	100  		   98 	            9.996 
	210  		   192 	            9.980 

	 ===   Ecut necessary for   ~1 meV convergence error / electron === 
	 --------------------------------------------------------------- 
		 	 Ecut[Ry] 	 error [meV/e] 
	100  		   164 	            0.993 
	210  		   2463 	            0.978 

### TC report ########################################

Comparison of total energies
Config	 E_sl(Ry)	 E_nl(Ry)	 Delta(eV)
0       -9.902787       -9.902787       -0.000000
1      -10.700429      -10.700446        0.000233
2      -10.071747      -10.071751        0.000049
3       -9.442983       -9.442983        0.000000
4       -9.902787       -9.902787       -0.000000
5       -9.252319       -9.252325        0.000080
6       -8.604609       -8.604609        0.000000
7       -8.140843       -8.140878        0.000480
8       -7.490481       -7.490560        0.001082
9       -6.848954       -6.848954        0.000000
10       -4.613496       -4.613692        0.002665
11       -4.000547       -4.000547        0.000000
MAD (eV): 0.000382367
