##########################################################
#    Opium Report File                                   #
##########################################################
     Opium version:        4.1

### copy of the parameter file #######################

[Atom]
Br
11
100   2.00 -
200   2.00 -
210   6.00 -
300   2.00 -
310   6.00 -
320  10.00 -
400   2.00 -
410   3.50 -
420   0.50 -
500   0.00 -
510   0.00 -

[Pseudo]
5 -1 -1 -1 -1 -1
g

[Gaussinfo]
7 4
2 2 2 4
2 4.971806723636273 85.8843473075379
2 2.042687217782981 4.62125463404037
2 4.711839367430644 55.3617154916148
2 2.384292508891309 11.0314096124871
2 3.412863477885576 26.4104098578207
2 1.530284946887900 5.46873883641966
1 3.665770450000000 7.00000000000000
3 5.293022720000000 25.6603931500000
2 3.176376149835153 13.0402619252684
2 2.897543523376016 -21.908838668870

[KBdesign]
s

[Relativity]
nrl

[XC]
pbe

[Configs]
15

400   2.00 -
410   4.50 -
420   0.50 -
500   0.00 -
510   0.00 -

400   1.00 -
410   5.50 -
420   0.00 -
500   0.00 -
510   0.00 -

400   2.00 -
410   4.00 -
420   1.00 -
500   0.00 -
510   0.00 -

400   2.00 -
410   4.00 -
420   0.00 -
500   1.00 -
510   0.00 -

400   2.00 -
410   4.00 -
420   0.00 -
500   0.00 -
510   0.00 -

400   1.00 -
410   5.00 -
420   0.00 -
500   0.00 -
510   0.00 -

400   2.00 -
410   3.00 -
420   1.00 -
500   0.00 -
510   0.00 -

400   2.00 -
410   3.00 -
420   0.00 -
500   1.00 -
510   0.00 -

400   2.00 -
410   3.00 -
420   0.00 -
500   0.00 -
510   0.00 -

400   2.00 -
410   2.00 -
420   0.00 -
500   0.00 -
510   0.00 -

400   2.00 -
410   1.00 -
420   0.00 -
500   0.00 -
510   0.00 -

400   2.00 -
410   0.00 -
420   1.00 -
500   0.00 -
510   0.00 -

400   2.00 -
410   0.00 -
420   0.00 -
500   1.00 -
510   0.00 -

400   2.00 -
410   0.00 -
420   0.00 -
500   0.00 -
510   0.00 -

400   1.00 -
410   0.00 -
420   0.00 -
500   0.00 -
510   0.00 -

### AE report ########################################

 AE:Orbital    Filling       Eigenvalues[Ry]          Norm
    ----------------------------------------------------------
	100	 2.000	    -962.9556390548
	200	 2.000	    -124.5994247437
	210	 6.000	    -112.4146280422
	300	 2.000	     -17.8776709019
	310	 6.000	     -13.6149699979
	320	10.000	      -6.0189348764
	400	 2.000	      -2.3069442601	  0.0866375504
	410	 3.500	      -1.4000392259	  0.2307216043
	420	 0.500	      -0.3365030704	  0.6520800252
	500	 0.000	      -0.4584487763	  0.9380434280
	510	 0.000	      -0.3048279512	  0.9531569534

      E_tot =    -5146.1111278604 Ry

### PS report ########################################

    Orbital       Ghost
    -----------------------------------------------------------------
	100 	    no
	210 	    no
	320 	    no


### NL/SL report #####################################


 NL:Orbital    Filling       Eigenvalues[Ry]          Norm       Ghost
    ------------------------------------------------------------------
	100 	 2.000	      -2.3773814210	  0.0802031192	    no
	210 	 3.500	      -1.4150785137	  0.2292868750	    no
	320 	 0.500	      -0.3292012098	  0.6797981713	    no
	200 	 0.000	      -0.4651786260	  0.9386161068	    no
	310 	 0.000	      -0.3064333363	  0.9546653335	    no

	 ========== No ghosts in potential!!========== 

      E_tot =      -25.2038720705 Ry

### KE report ########################################

	 ===   Ecut necessary for ~1    eV convergence error / electron === 
	 --------------------------------------------------------------- 
		 	 Ecut[Ry] 	 error [meV/e] 
	100  		   18 	          951.826 
	210  		   19 	          971.411 
	320  		   4 	          909.908 
	200  		   18 	          951.826 
	310  		   19 	          971.411 
	 ===   Ecut necessary for ~100 meV convergence error / electron === 
	 --------------------------------------------------------------- 
		 	 Ecut[Ry] 	 error [meV/e] 
	100  		   61 	           95.668 
	210  		   35 	           97.590 
	320  		   8 	           98.200 
	200  		   61 	           95.668 
	310  		   35 	           97.590 

	 ===   Ecut necessary for  ~10 meV convergence error / electron === 
	 --------------------------------------------------------------- 
		 	 Ecut[Ry] 	 error [meV/e] 
	100  		   83 	            9.848 
	210  		   82 	            9.818 
	320  		   33 	            9.783 
	200  		   83 	            9.848 
	310  		   82 	            9.818 

	 ===   Ecut necessary for   ~1 meV convergence error / electron === 
	 --------------------------------------------------------------- 
		 	 Ecut[Ry] 	 error [meV/e] 
	100  		   149 	            0.984 
	210  		   112 	            0.927 
	320  		   53 	            0.996 
	200  		   149 	            0.984 
	310  		   112 	            0.927 

### TC report ########################################

Comparison of total energies
Config	 E_sl(Ry)	 E_nl(Ry)	 Delta(eV)
0      -25.203872      -25.203872        0.000000
1      -26.310369      -26.310368       -0.000010
2      -25.358655      -25.358655       -0.000005
3      -25.870801      -25.870802        0.000018
4      -26.012687      -26.012686       -0.000004
5      -25.731759      -25.731759       -0.000002
6      -24.781072      -24.781072        0.000000
7      -24.647080      -24.647082        0.000025
8      -24.764287      -24.764287       -0.000003
9      -24.050456      -24.050455       -0.000007
10      -21.546447      -21.546445       -0.000034
11      -18.163364      -18.163360       -0.000048
12      -16.574366      -16.575015        0.008833
13      -16.284461      -16.284461       -0.000000
14      -13.859714      -13.859714       -0.000000
15       -7.414572       -7.414572       -0.000000
MAD (eV): 0.000561857
