##########################################################
#    Opium Report File                                   #
##########################################################
     Opium version:        4.1

### copy of the parameter file #######################

[Atom]
Au
15            
100   2.00  -
200   2.00  -
210   6.00  -
300   2.00  -
310   6.00  -
320   10.0  -
400   2.00  -
410   6.00  -
420   10.0  -
430   14.0  -
500   2.00  -
510   6.00  -
520   9.00  -
530   0.10  -
600   0.00  -

[Pseudo]
5 -1 -1 -1 -1 -1
g

[KBdesign]
d

[Relativity]
frl

[XC]
pbe

[Gaussinfo]
19 5 3
3 3 3 3 4  2 3 2
2  13.80917502   423.15150756
2   6.57668221   23.88042962
2   4.31526601   12.72961913
2  11.80694221   260.25598551
2   5.84381575   32.79793058
2   4.46210900   14.97588650
2   8.63322796   135.27739451
2   3.94675337   12.46465757
2   4.08160457   13.92047499
2   3.46716275   12.31756013
2   3.59363525   14.87772240
2   3.61393523   15.14359833
1   9.98526213   19.00000000
3   9.53625873   189.71998048
2  10.88238997   -140.52864271
2   3.79228969   -8.41769609
2  15.7590129 -22.09233554
2  6.04169441  22.32051727
2  8.90473496  20.77878999
2  6.57092772 -24.83295851
2  3.38996117   3.96801485
2  3.38746762  -5.90188222
2  3.08329073   5.87289304

[Configs]
14

500   2.00  -
510   6.00  -
520   10.0  -
530   0.00  -
600   0.00  -

500   2.00  -
510   6.00  -
520   9.00  -
530   0.00  -
600   1.00  -

500   2.00  -
510   6.00  -
520   9.00  -
530   0.00  -
600   0.00  -

500   2.00  -
510   6.00  -
520   8.00  -
530   0.00  -
600   2.00  -

500   2.00  -
510   6.00  -
520   8.00  -
530   0.00  -
600   1.00  -

500   2.00  -
510   6.00  -
520   8.00  -
530   1.00  -
600   0.00  -

500   2.00  -
510   6.00  -
520   8.00  -
530   0.00  -
600   0.00  -

500   2.00  -
510   6.00  -
520   7.00  -
530   0.00  -
600   0.00  -

500   2.00  -
510   6.00  -
520   6.00  -
530   0.00  -
600   0.00  -

500   2.00  -
510   6.00  -
520   5.00  -
530   0.00  -
600   0.00  -

500   2.00  -
510   6.00  -
520   4.00  -
530   0.00  -
600   0.00  -

500   2.00  -
510   6.00  -
520   3.00  -
530   0.00  -
600   0.00  -

500   2.00  -
510   6.00  -
520   2.00  -
530   0.00  -
600   0.00  -

500   2.00  -
510   6.00  -
520   1.00  -
530   0.00  -
600   0.00  -

500   2.00  -
510   6.00  -
520   0.00  -
530   0.00  -
600   0.00  -

### AE report ########################################

 AE:Orbital    Filling       Eigenvalues[Ry]          Norm
    ----------------------------------------------------------
	100+	 2.000	   -5900.6685524541
	200+	 2.000	   -1042.2633011417
	210-	 2.000	    -998.9394773304
	210+	 4.000	    -865.5103943595
	300+	 2.000	    -247.3079086964
	310-	 2.000	    -227.9825063496
	310+	 4.000	    -198.5012867327
	320-	 4.000	    -166.7657875097
	320+	 6.000	    -160.4073180809
	400+	 2.000	     -54.8990352091
	410-	 2.000	     -46.6731176805
	410+	 4.000	     -39.6012748481
	420-	 4.000	     -26.2180899699
	420+	 6.000	     -24.8962021883
	430-	 6.000	      -7.6865797251
	430+	 8.000	      -7.4067425225
	500+	 2.000	      -9.4703954738	  0.0075296629
	510-	 2.000	      -6.8053377128	  0.0173436066
	510+	 4.000	      -5.5988981417	  0.0360463144
	520-	 3.600	      -2.0529004854	  0.2282313865
	520+	 5.400	      -1.9280585592	  0.2580543495
	530-	 0.043	      -0.3176937569	  0.9928221914
	530+	 0.057	      -0.3175806022	  0.9929725664
	600+	 0.000	      -1.6380808554	  0.7758832561

      E_tot =   -38038.6664434171 Ry

### PS report ########################################

    Orbital       Ghost
    -----------------------------------------------------------------
	500 	    no
	510 	    no
	510 	    no
	520 	    no
	520 	    no
	530 	    no
	530 	    no


### NL/SL report #####################################


 NL:Orbital    Filling       Eigenvalues[Ry]          Norm       Ghost
    ------------------------------------------------------------------
	500+	 2.000	      -9.5032165270	  0.0073730692	    no
	510-	 2.000	      -6.8321877215	  0.0170710946	    no
	510+	 4.000	      -5.6561198176	  0.0350834415	    no
	520-	 3.600	      -2.0604241605	  0.2297548845	    no
	520+	 5.400	      -1.9346319858	  0.2565150136	    no
	530-	 0.043	      -0.3178043185	  0.9927051539	    no
	530+	 0.057	      -0.3175026862	  0.9931387473	    no
	600+	 0.000	      -1.6347645218	  0.7779467758	    no

	 ========== No ghosts in potential!!========== 

      E_tot =     -270.0619863161 Ry

### KE report ########################################

	 ===   Ecut necessary for ~1    eV convergence error / electron === 
	 --------------------------------------------------------------- 
		 	 Ecut[Ry] 	 error [meV/e] 
	500+ 		   122 	          994.504 
	510- 		   81 	          995.856 
	510+ 		   67 	          994.152 
	520- 		   54 	          996.673 
	520+ 		   29 	          993.132 
	530- 		   -----  >2500 Ry   -----
	530+ 		   -----  >2500 Ry   -----
	600+ 		   122 	          994.504 
	 ===   Ecut necessary for ~100 meV convergence error / electron === 
	 --------------------------------------------------------------- 
		 	 Ecut[Ry] 	 error [meV/e] 
	500+ 		   180 	           99.496 
	510- 		   181 	           99.531 
	510+ 		   156 	           99.993 
	520- 		   95 	           99.994 
	520+ 		   93 	           99.245 
	530- 		   -----  >2500 Ry   -----
	530+ 		   -----  >2500 Ry   -----
	600+ 		   180 	           99.496 

	 ===   Ecut necessary for  ~10 meV convergence error / electron === 
	 --------------------------------------------------------------- 
		 	 Ecut[Ry] 	 error [meV/e] 
	500+ 		   337 	            9.982 
	510- 		   254 	            9.998 
	510+ 		   220 	            9.925 
	520- 		   164 	            9.986 
	520+ 		   127 	            9.904 
	530- 		   -----  >2500 Ry   -----
	530+ 		   -----  >2500 Ry   -----
	600+ 		   337 	            9.982 

	 ===   Ecut necessary for   ~1 meV convergence error / electron === 
	 --------------------------------------------------------------- 
		 	 Ecut[Ry] 	 error [meV/e] 
	500+ 		   438 	            0.997 
	510- 		   302 	            1.000 
	510+ 		   273 	            0.998 
	520- 		   255 	            0.999 
	520+ 		   259 	            0.999 
	530- 		   -----  >2500 Ry   -----
	530+ 		   -----  >2500 Ry   -----
	600+ 		   438 	            0.997 

### TC report ########################################

Comparison of total energies
Config	 E_sl(Ry)	 E_nl(Ry)	 Delta(eV)
0     -270.061986     -270.061986        0.000002
1     -271.596981     -271.596991        0.000145
2     -271.387737     -271.383619       -0.056029
3     -270.030170     -270.030170       -0.000001
4     -271.085397     -271.076070       -0.126900
5     -269.634921     -269.629480       -0.074023
6     -268.136930     -268.136944        0.000196
7     -267.531949     -267.531963        0.000188
8     -264.017102     -264.017158        0.000755
9     -259.414043     -259.414160        0.001582
10     -253.660706     -253.660879        0.002363
11     -246.702172     -246.702365        0.002624
12     -238.489184     -238.489311        0.001730
13     -228.977186     -228.977107       -0.001075
14     -218.125727     -218.125238       -0.006661
MAD (eV): 0.0182849
