##########################################################
#    Opium Report File                                   #
##########################################################
     Opium version:        4.1

### copy of the parameter file #######################

[Atom]
Au
15            
100   2.00  -
200   2.00  -
210   6.00  -
300   2.00  -
310   6.00  -
320   10.0  -
400   2.00  -
410   6.00  -
420   10.0  -
430   14.0  -
500   2.00  -
510   6.00  -
520   9.00  -
530   0.10  -
600   0.00  -

[Pseudo]
5 -1 -1 -1 -1 -1
g

[KBdesign]
s

[Relativity]
srl

[XC]
pbe

[Gaussinfo]
19 5
3 3 3 3 4
2  13.80917502   423.15150756
2   6.57668221   23.88042962
2   4.31526601   12.72961913
2  11.80694221   260.25598551
2   5.84381575   32.79793058
2   4.46210900   14.97588650
2   8.63322796   135.27739451
2   3.94675337   12.46465757
2   4.08160457   13.92047499
2   3.46716275   12.31756013
2   3.59363525   14.87772240
2   3.61393523   15.14359833
1   9.98526213   19.00000000
3   9.53625873   189.71998048
2  10.88238997   -140.52864271
2   3.79228969   -8.41769609

[Configs]
13

500   2.00  -
510   6.00  -
520   10.0  -
530   0.00  -
600   0.00  -

500   2.00  -
510   6.00  -
520   9.00  -
530   0.00  -
600   1.00  -

500   2.00  -
510   6.00  -
520   9.00  -
530   0.00  -
600   0.00  -

500   2.00  -
510   6.00  -
520   8.00  -
530   0.00  -
600   1.00  -

500   2.00  -
510   6.00  -
520   8.00  -
530   1.00  -
600   0.00  -

500   2.00  -
510   6.00  -
520   8.00  -
530   0.00  -
600   0.00  -

500   2.00  -
510   6.00  -
520   7.00  -
530   0.00  -
600   0.00  -

500   2.00  -
510   6.00  -
520   6.00  -
530   0.00  -
600   0.00  -

500   2.00  -
510   6.00  -
520   5.00  -
530   0.00  -
600   0.00  -

500   2.00  -
510   6.00  -
520   4.00  -
530   0.00  -
600   0.00  -

500   2.00  -
510   6.00  -
520   3.00  -
530   0.00  -
600   0.00  -

500   2.00  -
510   6.00  -
520   2.00  -
530   0.00  -
600   0.00  -

500   2.00  -
510   6.00  -
520   1.00  -
530   0.00  -
600   0.00  -

500   2.00  -
510   6.00  -
520   0.00  -
530   0.00  -
600   0.00  -
############################################################

### AE report ########################################

 AE:Orbital    Filling       Eigenvalues[Ry]          Norm
    ----------------------------------------------------------
	500	 2.000	      -9.4703954738	  0.0075610521
	510	 6.000	      -6.0010446654	  0.0294887954
	520	 9.000	      -1.9779953297	  0.2461556719
	530	 0.100	      -0.3176290971	  0.9928919447
	600	 0.000	      -1.6380808554	  0.7757753406

      E_tot =   -38038.6664434170 Ry

### PS report ########################################

    Orbital       Ghost
    -----------------------------------------------------------------
	100 	    no
	210 	    no
	320 	    no
	430 	    no


### NL/SL report #####################################


 NL:Orbital    Filling       Eigenvalues[Ry]          Norm       Ghost
    ------------------------------------------------------------------
	100 	 2.000	      -9.5068213426	  0.0073519125	    no
	210 	 6.000	      -5.9907152073	  0.0283784109	    no
	320 	 9.000	      -1.9824925062	  0.2454369391	    no
	430 	 0.100	      -0.3175240714	  0.9930128436	    no
	200 	 0.000	      -1.6385535799	  0.7752115126	    no

	 ========== No ghosts in potential!!========== 

      E_tot =     -269.6923916582 Ry

### KE report ########################################

	 ===   Ecut necessary for ~1    eV convergence error / electron === 
	 --------------------------------------------------------------- 
		 	 Ecut[Ry] 	 error [meV/e] 
	100  		   122 	          994.398 
	210  		   71 	          999.689 
	320  		   33 	          999.862 
	430  		   -----  >2500 Ry   -----
	200  		   122 	          994.398 
	 ===   Ecut necessary for ~100 meV convergence error / electron === 
	 --------------------------------------------------------------- 
		 	 Ecut[Ry] 	 error [meV/e] 
	100  		   180 	           99.010 
	210  		   163 	           99.960 
	320  		   94 	           98.762 
	430  		   -----  >2500 Ry   -----
	200  		   180 	           99.010 

	 ===   Ecut necessary for  ~10 meV convergence error / electron === 
	 --------------------------------------------------------------- 
		 	 Ecut[Ry] 	 error [meV/e] 
	100  		   337 	            9.977 
	210  		   230 	            9.893 
	320  		   128 	            9.940 
	430  		   -----  >2500 Ry   -----
	200  		   337 	            9.977 

	 ===   Ecut necessary for   ~1 meV convergence error / electron === 
	 --------------------------------------------------------------- 
		 	 Ecut[Ry] 	 error [meV/e] 
	100  		   438 	            0.996 
	210  		   279 	            0.992 
	320  		   257 	            0.994 
	430  		   -----  >2500 Ry   -----
	200  		   438 	            0.996 

### TC report ########################################

Comparison of total energies
Config	 E_sl(Ry)	 E_nl(Ry)	 Delta(eV)
0     -269.692392     -269.692392       -0.000000
1     -271.224544     -271.224582        0.000526
2     -271.017088     -271.017089        0.000016
3     -269.660591     -269.660591       -0.000006
4     -269.266612     -269.266646        0.000458
5     -267.769272     -267.769331        0.000799
6     -267.164519     -267.164576        0.000777
7     -263.651189     -263.651447        0.003509
8     -259.049044     -259.049668        0.008480
9     -253.296048     -253.297185        0.015468
10     -246.337317     -246.339054        0.023622
11     -238.123631     -238.125932        0.031308
12     -228.610471     -228.613117        0.036002
13     -217.757416     -217.759925        0.034131
MAD (eV): 0.0110789
