##########################################################
#    Opium Report File                                   #
##########################################################
     Opium version:        4.1

### copy of the parameter file #######################

[Atom]
Ni
8            
100   2.00  -
200   2.00  -
210   6.00  -
300   2.00  -
310   6.00  -
320   8.00  -
400   0.00  -
410   0.00  -

[Pseudo]
5 1.139 1.139 1.000  1.139 1.139
g

[Gaussinfo]
18 3
2 2 4
2  12.39014053976789  13.58444433184963
2  17.30988249706951  235.90655764509762
2  12.33674600167241  15.53267585408278
2  16.61626223304781  133.59555042356166
1  8.00622153148566  18.0
3  7.96352947269053  144.111987566741880
2  7.92706517200764  -109.36561065960879
2  3.36106445470892  -0.39034834938178

[KBdesign]
s

[Relativity]
nrl

[XC]
pbe

[Configs]
14

300  2.00 -
310  6.00 -
320  8.00 -
400  2.00 -
410  0.00 -

300  2.00 -
310  6.00 -
320  9.00 -
400  1.00 -
410  0.00 -

300  2.00 -
310  6.00 -
320  10.00 -
400  0.00 -
410  0.00 -

300  2.00 -
310  6.00 -
320  8.00 -
400  1.00 -
410  0.00 -

300  2.00 -
310  6.00 -
320  9.00 -
400  0.00 -
410  0.00 -

300  2.00 -
310  6.00 -
320  8.00 -
400  0.00 -
410  0.00 -

300  2.00 -
310  6.00 -
320  7.00 -
400  0.00 -
410  0.00 -

300  2.00 -
310  6.00 -
320  6.00 -
400  0.00 -
410  0.00 -

300  2.00 -
310  6.00 -
320  5.00 -
400  0.00 -
410  0.00 -

300  2.00 -
310  6.00 -
320  4.00 -
400  0.00 -
410  0.00 -

300  2.00 -
310  6.00 -
320  3.00 -
400  0.00 -
410  0.00 -

300  2.00 -
310  6.00 -
320  2.00 -
400  0.00 -
410  0.00 -

300  2.00 -
310  6.00 -
320  1.00 -
400  0.00 -
410  0.00 -

300  2.00 -
310  6.00 -
320  0.00 -
400  0.00 -
410  0.00 -


### AE report ########################################

 AE:Orbital    Filling       Eigenvalues[Ry]          Norm
    ----------------------------------------------------------
	100	 2.000	    -598.4161500649
	200	 2.000	     -72.1783135520
	210	 6.000	     -63.1914213558
	300	 2.000	      -9.3778417969	  0.0998310736
	310	 6.000	      -6.6344209403	  0.1377856291
	320	 8.000	      -2.0992431468	  0.3867418276
	400	 0.000	      -1.5662938135	  0.9544762607
	410	 0.000	      -1.0971983193	  0.9673269929

      E_tot =    -3014.0427411344 Ry

### PS report ########################################

    Orbital       Ghost
    -----------------------------------------------------------------
	100 	    no
	210 	    no
	320 	    no


### NL/SL report #####################################


 NL:Orbital    Filling       Eigenvalues[Ry]          Norm       Ghost
    ------------------------------------------------------------------
	100 	 2.000	      -9.6134997098	  0.0928961243	    no
	210 	 6.000	      -6.6100378759	  0.1376910630	    no
	320 	 8.000	      -2.0949224681	  0.3852107937	    no
	200 	 0.000	      -1.5876292934	  0.9539403260	    no
	310 	 0.000	      -1.0970827753	  0.9672877377	    no

	 ========== No ghosts in potential!!========== 

      E_tot =     -336.7932346145 Ry

### KE report ########################################

	 ===   Ecut necessary for ~1    eV convergence error / electron === 
	 --------------------------------------------------------------- 
		 	 Ecut[Ry] 	 error [meV/e] 
	100  		   116 	          976.471 
	210  		   158 	          996.033 
	320  		   251 	          975.949 
	200  		   116 	          976.471 
	310  		   158 	          996.033 
	 ===   Ecut necessary for ~100 meV convergence error / electron === 
	 --------------------------------------------------------------- 
		 	 Ecut[Ry] 	 error [meV/e] 
	100  		   317 	           98.249 
	210  		   242 	           96.064 
	320  		   369 	           99.495 
	200  		   317 	           98.249 
	310  		   242 	           96.064 

	 ===   Ecut necessary for  ~10 meV convergence error / electron === 
	 --------------------------------------------------------------- 
		 	 Ecut[Ry] 	 error [meV/e] 
	100  		   414 	            9.539 
	210  		   308 	            9.606 
	320  		   497 	            9.756 
	200  		   414 	            9.539 
	310  		   308 	            9.606 

	 ===   Ecut necessary for   ~1 meV convergence error / electron === 
	 --------------------------------------------------------------- 
		 	 Ecut[Ry] 	 error [meV/e] 
	100  		   522 	            0.991 
	210  		   586 	            0.995 
	320  		   650 	            0.998 
	200  		   522 	            0.991 
	310  		   586 	            0.995 

### TC report ########################################

Comparison of total energies
Config	 E_sl(Ry)	 E_nl(Ry)	 Delta(eV)
0     -336.793235     -336.793235       -0.000000
1     -338.748303     -338.748298       -0.000056
2     -338.873704     -338.873658       -0.000628
3     -338.811938     -338.811799       -0.001889
4     -338.065422     -338.065421       -0.000008
5     -338.295632     -338.295562       -0.000953
6     -336.793235     -336.793235       -0.000000
7     -334.025136     -334.024972       -0.002224
8     -329.771574     -329.770738       -0.011384
9     -323.846876     -323.844665       -0.030091
10     -316.087103     -316.082837       -0.058045
11     -306.343530     -306.336901       -0.090187
12     -294.479278     -294.470797       -0.115402
13     -280.367914     -280.359390       -0.115977
14     -263.893430     -263.888378       -0.068735
MAD (eV): 0.0330386
