##########################################################
#    Opium Report File                                   #
##########################################################
     Opium version:        4.1

### copy of the parameter file #######################

[Atom]
B  
3
100   2.00   -
200   1.00   -
210   1.00   -

[Pseudo]
2  1.87 1.25
g

[Gaussinfo]
3 2
1 3
2 4.06246 20.74800
1 31.49298 3.00000
3 22.56509 94.47895
2 8.64669 -9.74800

[XC]
pbe

[KBDesign]
p

[Relativity]
nrl

[Configs]
6

200 2.00 -
210 1.00 -

200 1.00 -
210 2.00 -

200 2.00 -
210 0.00 -

200 1.00 -
210 1.00 -

200 1.00 -
210 0.00 -

200 0.00 -
210 1.00 -


############################################################

### AE report ########################################

 AE:Orbital    Filling       Eigenvalues[Ry]          Norm
    ----------------------------------------------------------
	100	 2.000	     -14.2563109823
	200	 1.000	      -1.4394581734	  0.4069405674
	210	 1.000	      -0.9891433620	  0.7278491598

      E_tot =      -48.1361786022 Ry

### PS report ########################################

    Orbital       Ghost
    -----------------------------------------------------------------
	100 	    no
	210 	    no


### NL/SL report #####################################


 NL:Orbital    Filling       Eigenvalues[Ry]          Norm       Ghost
    ------------------------------------------------------------------
	100 	 1.000	      -1.4401410558	  0.4088042956	    no
	210 	 1.000	      -0.9840526157	  0.7374301427	    no

	 ========== No ghosts in potential!!========== 

      E_tot =       -4.1077453941 Ry

### KE report ########################################

	 ===   Ecut necessary for ~1    eV convergence error / electron === 
	 --------------------------------------------------------------- 
		 	 Ecut[Ry] 	 error [meV/e] 
	100  		   10 	          997.794 
	210  		   20 	          993.886 
	 ===   Ecut necessary for ~100 meV convergence error / electron === 
	 --------------------------------------------------------------- 
		 	 Ecut[Ry] 	 error [meV/e] 
	100  		   23 	           98.736 
	210  		   1799 	           99.993 

	 ===   Ecut necessary for  ~10 meV convergence error / electron === 
	 --------------------------------------------------------------- 
		 	 Ecut[Ry] 	 error [meV/e] 
	100  		   35 	            9.851 
	210  		   2476 	            9.575 

	 ===   Ecut necessary for   ~1 meV convergence error / electron === 
	 --------------------------------------------------------------- 
		 	 Ecut[Ry] 	 error [meV/e] 
	100  		   2441 	            0.992 
	210  		   2490 	            0.803 

### TC report ########################################

Comparison of total energies
Config	 E_sl(Ry)	 E_nl(Ry)	 Delta(eV)
0       -4.107745       -4.107745       -0.000000
1       -5.163778       -5.163905        0.001729
2       -4.731402       -4.731430        0.000378
3       -4.565958       -4.566026        0.000932
4       -4.107745       -4.107745       -0.000000
5       -2.706571       -2.706603        0.000435
6       -2.251209       -2.251209        0.000000
MAD (eV): 0.000496274
