##########################################################
#    Opium Report File                                   #
##########################################################
     Opium version:        4.1

### copy of the parameter file #######################

[Atom]
Cr
8            
100   2.00  -
200   2.00  -
210   6.00  -
300   2.00  -
310   6.00  -
320   4.00  -
400   0.00  -
410   0.00  -

[Pseudo]
5 1.184 1.184 1.095  1.184 1.184
g

[Gaussinfo]
14 3
2 2 4 
2  9.800322  89.846846  
2  8.010010  18.997257  
2  8.785958  44.926062  
2  7.014726  14.003861  
1  3.497383  14.000000  
3  3.611831  48.963362  
2  3.449201 -56.466431  
2  2.009794   0.968440  


  
[KBdesign]
s

[Relativity]
nrl

[XC]
pbe

[Configs]
8

300  2.00 -
310  6.00 -
320  5.00 -
400  1.00 -
410  0.00 -

300  2.00 -
310  6.00 -
320  5.00 -
400  0.00 -
410  0.00 -

300  2.00 -
310  6.00 -
320  4.00 -
400  1.00 -
410  0.00 -

300  2.00 -
310  6.00 -
320  3.00 -
400  2.00 -
410  0.00 -

300  2.00 -
310  6.00 -
320  4.00 -
400  0.00 -
410  0.00 -

300  2.00 -
310  6.00 -
320  3.00 -
400  0.00 -
410  0.00 -

300  2.00 -
310  6.00 -
320  2.00 -
400  0.00 -
410  0.00 -

300  2.00 -
310  6.00 -
320  1.00 -
400  0.00 -
410  0.00 -

### AE report ########################################

 AE:Orbital    Filling       Eigenvalues[Ry]          Norm
    ----------------------------------------------------------
	100	 2.000	    -430.3648506733
	200	 2.000	     -49.9317106838
	210	 6.000	     -42.6659629162
	300	 2.000	      -6.8878285740	  0.1979773385
	310	 6.000	      -4.8633520810	  0.2558270243
	320	 4.000	      -1.6905611640	  0.5004410640
	400	 0.000	      -1.3566542615	  0.9520486967
	410	 0.000	      -0.9851578788	  0.9594553482

      E_tot =    -2086.3767387766 Ry

### PS report ########################################

    Orbital       Ghost
    -----------------------------------------------------------------
	100 	    no
	210 	    no
	320 	    no


### NL/SL report #####################################


 NL:Orbital    Filling       Eigenvalues[Ry]          Norm       Ghost
    ------------------------------------------------------------------
	100 	 2.000	      -7.0177785363	  0.1864728808	    no
	210 	 6.000	      -4.8656519384	  0.2493221603	    no
	320 	 4.000	      -1.6888210088	  0.5045706464	    no
	200 	 0.000	      -1.3695381044	  0.9533086352	    no
	310 	 0.000	      -0.9883202723	  0.9598312840	    no

	 ========== No ghosts in potential!!========== 

      E_tot =     -171.2174540697 Ry

### KE report ########################################

	 ===   Ecut necessary for ~1    eV convergence error / electron === 
	 --------------------------------------------------------------- 
		 	 Ecut[Ry] 	 error [meV/e] 
	100  		   67 	          994.770 
	210  		   71 	          998.067 
	320  		   109 	          998.332 
	200  		   67 	          994.770 
	310  		   71 	          998.067 
	 ===   Ecut necessary for ~100 meV convergence error / electron === 
	 --------------------------------------------------------------- 
		 	 Ecut[Ry] 	 error [meV/e] 
	100  		   169 	           99.574 
	210  		   131 	           99.047 
	320  		   164 	           99.734 
	200  		   169 	           99.574 
	310  		   131 	           99.047 

	 ===   Ecut necessary for  ~10 meV convergence error / electron === 
	 --------------------------------------------------------------- 
		 	 Ecut[Ry] 	 error [meV/e] 
	100  		   238 	            9.944 
	210  		   172 	            9.901 
	320  		   222 	            9.982 
	200  		   238 	            9.944 
	310  		   172 	            9.901 

	 ===   Ecut necessary for   ~1 meV convergence error / electron === 
	 --------------------------------------------------------------- 
		 	 Ecut[Ry] 	 error [meV/e] 
	100  		   290 	            0.987 
	210  		   216 	            1.000 
	320  		   306 	            0.999 
	200  		   290 	            0.987 
	310  		   216 	            1.000 

### TC report ########################################

Comparison of total energies
Config	 E_sl(Ry)	 E_nl(Ry)	 Delta(eV)
0     -171.217454     -171.217454        0.000000
1     -172.909204     -172.909156       -0.000659
2     -172.403486     -172.403423       -0.000852
3     -172.317112     -172.317112       -0.000008
4     -172.011859     -172.011784       -0.001020
5     -171.217454     -171.217454        0.000000
6     -168.946774     -168.946650       -0.001689
7     -165.381689     -165.381217       -0.006420
8     -160.353960     -160.353222       -0.010044
MAD (eV): 0.00229917
