##########################################################
#    Opium Report File                                   #
##########################################################
     Opium version:        4.1

### copy of the parameter file #######################

[Atom]
Ni
8            
100   2.00  -
200   2.00  -
210   6.00  -
300   2.00  -
310   6.00  -
320   8.00  -
400   0.00  -
410   0.00  -

[Pseudo]
5 1.184 1.184 1.095  1.184 1.184
g

[Gaussinfo]
18 3
2 2 4 
2 10.199961	 41.053383
2 11.552726	 66.727192
2 8.131870	 24.281961
2 11.380045	 36.306696
1 3.641646	 18.000000
3 3.641643	 65.549624
2 3.637271	 -73.527489
2 3.327582	 -0.856416



[KBdesign]
s

[Relativity]
nrl

[XC]
pbe

[Configs]
8

300  2.00 -
310  6.00 -
320  8.00 -
400  2.00 -
410  0.00 -

300  2.00 -
310  6.00 -
320  9.00 -
400  1.00 -
410  0.00 -

300  2.00 -
310  6.00 -
320  9.00 -
400  0.00 -
410  0.00 -

300  2.00 -
310  6.00 -
320  8.00 -
400  0.00 -
410  0.00 -

300  2.00 -
310  6.00 -
320  7.00 -
400  0.00 -
410  0.00 -

300  2.00 -
310  6.00 -
320  6.00 -
400  0.00 -
410  0.00 -

300  2.00 -
310  6.00 -
320  5.00 -
400  0.00 -
410  0.00 -

300  2.00 -
310  6.00 -
320  4.00 -
400  0.00 -
410  0.00 -


### AE report ########################################

 AE:Orbital    Filling       Eigenvalues[Ry]          Norm
    ----------------------------------------------------------
	100	 2.000	    -598.4161500649
	200	 2.000	     -72.1783135520
	210	 6.000	     -63.1914213558
	300	 2.000	      -9.3778417969	  0.0812413131
	310	 6.000	      -6.6344209403	  0.1161702620
	320	 8.000	      -2.0992431468	  0.3244007993
	400	 0.000	      -1.5662938135	  0.9510241656
	410	 0.000	      -1.0971983193	  0.9664432152

      E_tot =    -3014.0427411344 Ry

### PS report ########################################

    Orbital       Ghost
    -----------------------------------------------------------------
	100 	    no
	210 	    no
	320 	    no


### NL/SL report #####################################


 NL:Orbital    Filling       Eigenvalues[Ry]          Norm       Ghost
    ------------------------------------------------------------------
	100 	 2.000	      -9.5268051716	  0.0726992292	    no
	210 	 6.000	      -6.5906611396	  0.1096438795	    no
	320 	 8.000	      -2.0959480141	  0.3249451935	    no
	200 	 0.000	      -1.5846969828	  0.9508272433	    no
	310 	 0.000	      -1.1019200609	  0.9668839882	    no

	 ========== No ghosts in potential!!========== 

      E_tot =     -336.1468733499 Ry

### KE report ########################################

	 ===   Ecut necessary for ~1    eV convergence error / electron === 
	 --------------------------------------------------------------- 
		 	 Ecut[Ry] 	 error [meV/e] 
	100  		   96 	          992.129 
	210  		   92 	          999.970 
	320  		   157 	          996.376 
	200  		   96 	          992.129 
	310  		   92 	          999.970 
	 ===   Ecut necessary for ~100 meV convergence error / electron === 
	 --------------------------------------------------------------- 
		 	 Ecut[Ry] 	 error [meV/e] 
	100  		   211 	           99.793 
	210  		   182 	           99.714 
	320  		   225 	           99.664 
	200  		   211 	           99.793 
	310  		   182 	           99.714 

	 ===   Ecut necessary for  ~10 meV convergence error / electron === 
	 --------------------------------------------------------------- 
		 	 Ecut[Ry] 	 error [meV/e] 
	100  		   308 	            9.963 
	210  		   240 	            9.879 
	320  		   293 	            9.934 
	200  		   308 	            9.963 
	310  		   240 	            9.879 

	 ===   Ecut necessary for   ~1 meV convergence error / electron === 
	 --------------------------------------------------------------- 
		 	 Ecut[Ry] 	 error [meV/e] 
	100  		   376 	            0.988 
	210  		   291 	            0.993 
	320  		   360 	            0.989 
	200  		   376 	            0.988 
	310  		   291 	            0.993 

### TC report ########################################

Comparison of total energies
Config	 E_sl(Ry)	 E_nl(Ry)	 Delta(eV)
0     -336.146873     -336.146873        0.000000
1     -338.098780     -338.098779       -0.000008
2     -338.226152     -338.226071       -0.001100
3     -337.649329     -337.649215       -0.001557
4     -336.146873     -336.146873        0.000000
5     -333.376899     -333.376658       -0.003288
6     -329.122110     -329.120942       -0.015891
7     -323.203761     -323.200851       -0.039594
8     -315.469146     -315.463882       -0.071619
MAD (eV): 0.0147841
