##########################################################
#    Opium Report File                                   #
##########################################################
     Opium version:        4.1

### copy of the parameter file #######################

[Atom]
Sc
8            
100   2.00  -
200   2.00  -
210   6.00  -
300   2.00  -
310   6.00  -
320   1.00  -
400   0.00  -
410   0.00  -

[Pseudo]
5 1.736 1.736 1.691  1.736 1.736
g

[Gaussinfo]
11 3
2 2 4
2 11.49466541  153.96530175
2  5.01031394   14.93675657
2 11.45126730   97.21725690
2  4.76798446   10.81704018
1 16.02394388   11.00000000
3 14.08647403  176.26338271
2 11.93985121  -83.68149599
2  3.69440111    0.43282764

[KBdesign]
s

[Relativity]
nrl

[XC]
pbe

[Configs]
7

300  2.00 -
310  6.00 -
320  1.00 -
400  2.00 -
410  0.00 -

300  2.00 -
310  6.00 -
320  2.00 -
400  1.00 -
410  0.00 -

300  2.00 -
310  6.00 -
320  3.00 -
400  0.00 -
410  0.00 -

300  2.00 -
310  6.00 -
320  1.00 -
400  1.00 -
410  0.00 -

300  2.00 -
310  6.00 -
320  2.00 -
400  0.00 -
410  0.00 -

300  2.00 -
310  6.00 -
320  1.00 -
400  0.00 -
410  0.00 -

300  2.00 -
310  6.00 -
320  0.00 -
400  0.00 -
410  0.00 -


### AE report ########################################

 AE:Orbital    Filling       Eigenvalues[Ry]          Norm
    ----------------------------------------------------------
	100	 2.000	    -322.4006316036
	200	 2.000	     -35.6452115189
	210	 6.000	     -29.6328322003
	300	 2.000	      -5.1264494264	  0.0727796715
	310	 6.000	      -3.5935562561	  0.1228635780
	320	 1.000	      -1.3251456916	  0.3693530009
	400	 0.000	      -1.1609079612	  0.9304417601
	410	 0.000	      -0.8621732000	  0.9477061235

      E_tot =    -1519.3332985424 Ry

### PS report ########################################

    Orbital       Ghost
    -----------------------------------------------------------------
	100 	    no
	210 	    no
	320 	    no


### NL/SL report #####################################


 NL:Orbital    Filling       Eigenvalues[Ry]          Norm       Ghost
    ------------------------------------------------------------------
	100 	 2.000	      -5.1924772625	  0.0696454524	    no
	210 	 6.000	      -3.6011216895	  0.1219286883	    no
	320 	 1.000	      -1.3217442501	  0.3698731740	    no
	200 	 0.000	      -1.1679094520	  0.9298507191	    no
	310 	 0.000	      -0.8623568101	  0.9481384885	    no

	 ========== No ghosts in potential!!========== 

      E_tot =      -91.5337212124 Ry

### KE report ########################################

	 ===   Ecut necessary for ~1    eV convergence error / electron === 
	 --------------------------------------------------------------- 
		 	 Ecut[Ry] 	 error [meV/e] 
	100  		   48 	          993.402 
	210  		   55 	          999.754 
	320  		   116 	          997.197 
	200  		   48 	          993.402 
	310  		   55 	          999.754 
	 ===   Ecut necessary for ~100 meV convergence error / electron === 
	 --------------------------------------------------------------- 
		 	 Ecut[Ry] 	 error [meV/e] 
	100  		   142 	           99.847 
	210  		   107 	           99.765 
	320  		   231 	           99.840 
	200  		   142 	           99.847 
	310  		   107 	           99.765 

	 ===   Ecut necessary for  ~10 meV convergence error / electron === 
	 --------------------------------------------------------------- 
		 	 Ecut[Ry] 	 error [meV/e] 
	100  		   209 	            9.905 
	210  		   146 	            9.993 
	320  		   2331 	            9.991 
	200  		   209 	            9.905 
	310  		   146 	            9.993 

	 ===   Ecut necessary for   ~1 meV convergence error / electron === 
	 --------------------------------------------------------------- 
		 	 Ecut[Ry] 	 error [meV/e] 
	100  		   265 	            0.995 
	210  		   294 	            0.999 
	320  		   2486 	            0.888 
	200  		   265 	            0.995 
	310  		   294 	            0.999 

### TC report ########################################

Comparison of total energies
Config	 E_sl(Ry)	 E_nl(Ry)	 Delta(eV)
0      -91.533721      -91.533721        0.000000
1      -92.979151      -92.979148       -0.000037
2      -92.858829      -92.858783       -0.000625
3      -92.680780      -92.680678       -0.001385
4      -92.472303      -92.472301       -0.000018
5      -92.425300      -92.425245       -0.000757
6      -91.533721      -91.533721        0.000000
7      -89.698850      -89.698828       -0.000299
MAD (eV): 0.000390164
