##########################################################
#    Opium Report File                                   #
##########################################################
     Opium version:        4.1

### copy of the parameter file #######################

[Atom]
Mo
10
100   2.00  -
200   2.00  -
210   6.00  -
300   2.00  -
310   6.00  -
320   10.0  -
400   2.00  -
410   6.00  -
420   5.00  -
500   0.00  -

[Pseudo]
4 -1 -1 -1 -1
g

[Gaussinfo]
14 4
3 3 3 4
2  10.07937500  180.08930300
2  4.38673000   24.72363000
2  6.32132800   16.96139200
2  9.02748700   123.68094000
2  3.91053200   18.78431400
2  6.34037300   16.93333600
2  7.37896400   48.28919100
2  2.77483000   7.94010200
2  6.39041700   16.93215400
1  10.99352700  14.00000000
3  11.01507800  153.90937800
2  10.36534300  -91.43431100
2  6.28105600   -16.94572800

[KBdesign]
s

[Relativity]
srl

[XC]
pbe

[Configs]
9

400   2.00  -
410   6.00  -
420   5.00  -
500   1.00  -

400   2.00  -
410   6.00  -
420   4.00  -
500   2.00  -

400   2.00  -
410   6.00  -
420   5.00  -
500   0.00  -

400   2.00  -
410   6.00  -
420   4.00  -
500   1.00  -

400   2.00  -
410   6.00  -
420   4.00  -
500   0.00  -

400   2.00  -
410   6.00  -
420   3.00  -
500   0.00  -

400   2.00  -
410   6.00  -
420   2.00  -
500   0.00  -

400   2.00  -
410   6.00  -
420   1.00  -
500   0.00  -

400   2.00  -
410   6.00  -
420   0.00  -
500   0.00  -

############################################################

### AE report ########################################

 AE:Orbital    Filling       Eigenvalues[Ry]          Norm
    ----------------------------------------------------------
	400	 2.000	      -5.2161452115	  0.0503914794
	410	 6.000	      -3.3261048620	  0.0833553763
	420	 5.000	      -0.7658905118	  0.2946610405
	500	 0.000	      -0.7212690384	  0.9329615611

      E_tot =    -8091.9013266620 Ry

### PS report ########################################

    Orbital       Ghost
    -----------------------------------------------------------------
	100 	    no
	210 	    no
	320 	    no


### NL/SL report #####################################


 NL:Orbital    Filling       Eigenvalues[Ry]          Norm       Ghost
    ------------------------------------------------------------------
	100 	 2.000	      -5.2459541562	  0.0493608830	    no
	210 	 6.000	      -3.3528557387	  0.0814435315	    no
	320 	 5.000	      -0.7613079298	  0.2976462604	    no
	200 	 0.000	      -0.7267839491	  0.9319528718	    no

	 ========== No ghosts in potential!!========== 

      E_tot =     -135.1900055502 Ry

### KE report ########################################

	 ===   Ecut necessary for ~1    eV convergence error / electron === 
	 --------------------------------------------------------------- 
		 	 Ecut[Ry] 	 error [meV/e] 
	100  		   43 	          989.267 
	210  		   52 	          994.206 
	320  		   26 	          989.228 
	200  		   43 	          989.267 
	 ===   Ecut necessary for ~100 meV convergence error / electron === 
	 --------------------------------------------------------------- 
		 	 Ecut[Ry] 	 error [meV/e] 
	100  		   127 	           99.362 
	210  		   79 	           99.619 
	320  		   2409 	           99.814 
	200  		   127 	           99.362 

	 ===   Ecut necessary for  ~10 meV convergence error / electron === 
	 --------------------------------------------------------------- 
		 	 Ecut[Ry] 	 error [meV/e] 
	100  		   169 	            9.906 
	210  		   178 	            9.935 
	320  		   2496 	            9.094 
	200  		   169 	            9.906 

	 ===   Ecut necessary for   ~1 meV convergence error / electron === 
	 --------------------------------------------------------------- 
		 	 Ecut[Ry] 	 error [meV/e] 
	100  		   303 	            1.000 
	210  		   232 	            0.998 
	320  		   -----  >2500 Ry   -----
	200  		   303 	            1.000 

### TC report ########################################

Comparison of total energies
Config	 E_sl(Ry)	 E_nl(Ry)	 Delta(eV)
0     -135.190005     -135.190006        0.000001
1     -135.700452     -135.700453        0.000014
2     -135.694360     -135.694421        0.000837
3     -135.190005     -135.190006        0.000001
4     -135.113410     -135.113484        0.001003
5     -134.059504     -134.059619        0.001563
6     -132.102855     -132.103418        0.007660
7     -129.211036     -129.212361        0.018031
8     -125.295322     -125.297345        0.027514
9     -120.280151     -120.281903        0.023837
MAD (eV): 0.00804603
