##########################################################
#    Opium Report File                                   #
##########################################################
     Opium version:        4.1

### copy of the parameter file #######################

[Atom]
Mo
10
100   2.00  -
200   2.00  -
210   6.00  -
300   2.00  -
310   6.00  -
320   10.0  -
400   2.00  -
410   6.00  -
420   5.00  -
500   0.00  -

[Pseudo]
4 -1 -1 -1 -1
g

[Gaussinfo]
14 4 2
3 3 3 4  4 4
2  10.07937500  180.08930300
2  4.38673000   24.72363000
2  6.32132800   16.96139200
2  9.02748700   123.68094000
2  3.91053200   18.78431400
2  6.34037300   16.93333600
2  7.37896400   48.28919100
2  2.77483000   7.94010200
2  6.39041700   16.93215400
1  10.99352700  14.00000000
3  11.01507800  153.90937800
2  10.36534300  -91.43431100
2  6.28105600   -16.94572800
2    9.121564   -82.455357
2    8.863223    82.452670
2    4.044948   -12.690183
2    3.866657    12.458423
2    7.535754   -19.308744
2    7.278976    19.318449
2    2.763205    -3.189516
2    2.772085     3.133446


[KBdesign]
s

[Relativity]
frl

[XC]
pbe

[Configs]
9

400   2.00  -
410   6.00  -
420   5.00  -
500   1.00  -

400   2.00  -
410   6.00  -
420   4.00  -
500   2.00  -

400   2.00  -
410   6.00  -
420   5.00  -
500   0.00  -

400   2.00  -
410   6.00  -
420   4.00  -
500   1.00  -

400   2.00  -
410   6.00  -
420   4.00  -
500   0.00  -

400   2.00  -
410   6.00  -
420   3.00  -
500   0.00  -

400   2.00  -
410   6.00  -
420   2.00  -
500   0.00  -

400   2.00  -
410   6.00  -
420   1.00  -
500   0.00  -

400   2.00  -
410   6.00  -
420   0.00  -
500   0.00  -

############################################################

### AE report ########################################

 AE:Orbital    Filling       Eigenvalues[Ry]          Norm
    ----------------------------------------------------------
	100+	 2.000	   -1452.7223253101
	200+	 2.000	    -205.6963652774
	210-	 2.000	    -189.2666738349
	210+	 4.000	    -181.4802626957
	300+	 2.000	     -35.4346423877
	310-	 2.000	     -29.1827225115
	310+	 4.000	     -27.9000637137
	320-	 4.000	     -16.8639815981
	320+	 6.000	     -16.6204951717
	400+	 2.000	      -5.2161452115	  0.0503489848
	410-	 2.000	      -3.4467474468	  0.0756384722
	410+	 4.000	      -3.2657835696	  0.0871916679
	420-	 2.000	      -0.7753708631	  0.2890922606
	420+	 3.000	      -0.7595702776	  0.2982813871
	500+	 0.000	      -0.7212690384	  0.9329506115

      E_tot =    -8091.9013266620 Ry

### PS report ########################################

    Orbital       Ghost
    -----------------------------------------------------------------
	400 	    no
	410 	    no
	410 	    no
	420 	    no
	420 	    no


### NL/SL report #####################################


 NL:Orbital    Filling       Eigenvalues[Ry]          Norm       Ghost
    ------------------------------------------------------------------
	400+	 2.000	      -5.2457806360	  0.0493686733	    no
	410-	 2.000	      -3.4720440120	  0.0742246614	    no
	410+	 4.000	      -3.2959979130	  0.0851775874	    no
	420-	 2.000	      -0.7687931381	  0.2930106116	    no
	420+	 3.000	      -0.7565139637	  0.3007231094	    no
	500+	 0.000	      -0.7268129522	  0.9319481222	    no

	 ========== No ghosts in potential!!========== 

      E_tot =     -135.2021552532 Ry

### KE report ########################################

	 ===   Ecut necessary for ~1    eV convergence error / electron === 
	 --------------------------------------------------------------- 
		 	 Ecut[Ry] 	 error [meV/e] 
	400+ 		   43 	          989.141 
	410- 		   54 	          991.589 
	410+ 		   52 	          997.122 
	420- 		   26 	          988.436 
	420+ 		   26 	          988.329 
	500+ 		   43 	          989.141 
	 ===   Ecut necessary for ~100 meV convergence error / electron === 
	 --------------------------------------------------------------- 
		 	 Ecut[Ry] 	 error [meV/e] 
	400+ 		   127 	           99.370 
	410- 		   82 	           99.149 
	410+ 		   78 	           99.309 
	420- 		   2405 	           98.729 
	420+ 		   2413 	           99.025 
	500+ 		   127 	           99.370 

	 ===   Ecut necessary for  ~10 meV convergence error / electron === 
	 --------------------------------------------------------------- 
		 	 Ecut[Ry] 	 error [meV/e] 
	400+ 		   169 	            9.913 
	410- 		   181 	            9.929 
	410+ 		   176 	            9.996 
	420- 		   2496 	            8.367 
	420+ 		   2496 	            9.599 
	500+ 		   169 	            9.913 

	 ===   Ecut necessary for   ~1 meV convergence error / electron === 
	 --------------------------------------------------------------- 
		 	 Ecut[Ry] 	 error [meV/e] 
	400+ 		   303 	            0.992 
	410- 		   237 	            0.988 
	410+ 		   230 	            0.992 
	420- 		   -----  >2500 Ry   -----
	420+ 		   -----  >2500 Ry   -----
	500+ 		   303 	            0.992 

### TC report ########################################

Comparison of total energies
Config	 E_sl(Ry)	 E_nl(Ry)	 Delta(eV)
0     -135.202155     -135.202155        0.000001
1     -135.712626     -135.712626       -0.000008
2     -135.706439     -135.706481        0.000567
3     -135.202155     -135.202155        0.000001
4     -135.125470     -135.125529        0.000796
5     -134.071535     -134.071636        0.001374
6     -132.114772     -132.115219        0.006074
7     -129.222850     -129.223711        0.011708
8     -125.307043     -125.307756        0.009701
9     -120.291783     -120.290518       -0.017208
MAD (eV): 0.00474392
