##########################################################
#    Opium Report File                                   #
##########################################################
     Opium version:        4.1

### copy of the parameter file #######################

[Atom]
Ru
11            
100   2.00  -
200   2.00  -
210   6.00  -
300   2.00  -
310   6.00  -
320  10.00  -
400   2.00  -
410   6.00  -
420   6.00  -
500   0.50  -
510   0.00  -

[Pseudo]
5 -1 -1 -1 -1 -1
g

[Gaussinfo]
16 4
2 2 2 4
2  11.52884966  209.78583090
2  5.09137309  30.21124274
2  10.32647162  146.24714772
2  4.57502546  22.56545563
2  8.83054692  66.40201875
2  3.21511176  8.59808113
1  11.99998067  16.00000000
3  12.00305233  191.99969078
2  11.99801322  -49.38126948
2  7.82033886  -20.64785999

[KBdesign]
s

[Relativity]
nrl

[XC]
pbe

[Configs]
8

400  2.00 -
410  6.00 -
420  7.00 -
500  1.00 -
510  0.00 -

400  2.00 -
410  6.00 -
420  6.00 -
500  0.00 -
510  0.00 -

400  2.00 -
410  6.00 -
420  5.00 -
500  1.00 -
510  0.00 -

400  2.00 -
410  6.00 -
420  5.00 -
500  0.00 -
510  0.00 -

400  2.00 -
410  6.00 -
420  4.00 -
500  0.00 -
510  0.00 -

400  2.00 -
410  6.00 -
420  3.00 -
500  0.00 -
510  0.00 -

400  2.00 -
410  6.00 -
420  2.00 -
500  0.00 -
510  0.00 -

400  2.00 -
410  6.00 -
420  1.00 -
500  0.00 -
510  0.00 -

400  2.00 -
410  6.00 -
420  0.00 -
500  0.00 -
510  0.00 -

### AE report ########################################

 AE:Orbital    Filling       Eigenvalues[Ry]          Norm
    ----------------------------------------------------------
	100	 2.000	   -1569.0008597958
	200	 2.000	    -222.4570915867
	210	 6.000	    -205.9012910148
	300	 2.000	     -39.9704791856
	310	 6.000	     -33.4756829082
	320	10.000	     -21.5299958691
	400	 2.000	      -6.3988104827	  0.0510800765
	410	 6.000	      -4.4616231074	  0.0707621308
	420	 6.000	      -1.4735656394	  0.1872245569
	500	 0.500	      -1.0841130300	  0.9246928301
	510	 0.000	      -0.7382508516	  0.9514678989

      E_tot =    -8885.0866297446 Ry

### PS report ########################################

    Orbital       Ghost
    -----------------------------------------------------------------
	100 	    no
	210 	    no
	320 	    no


### NL/SL report #####################################


 NL:Orbital    Filling       Eigenvalues[Ry]          Norm       Ghost
    ------------------------------------------------------------------
	100 	 2.000	      -6.7960702025	  0.0417970500	    no
	210 	 6.000	      -4.5896160317	  0.0654288182	    no
	320 	 6.000	      -1.4379700454	  0.1977269940	    no
	200 	 0.500	      -1.1299983176	  0.9159196512	    no
	310 	 0.000	      -0.7504298350	  0.9492552272	    no

	 ========== No ghosts in potential!!========== 

      E_tot =     -187.6335729767 Ry

### KE report ########################################

	 ===   Ecut necessary for ~1    eV convergence error / electron === 
	 --------------------------------------------------------------- 
		 	 Ecut[Ry] 	 error [meV/e] 
	100  		   75 	          999.908 
	210  		   68 	          997.923 
	320  		   31 	          995.973 
	200  		   75 	          999.908 
	310  		   68 	          997.923 
	 ===   Ecut necessary for ~100 meV convergence error / electron === 
	 --------------------------------------------------------------- 
		 	 Ecut[Ry] 	 error [meV/e] 
	100  		   156 	           99.735 
	210  		   101 	           99.244 
	320  		   98 	           99.931 
	200  		   156 	           99.735 
	310  		   101 	           99.244 

	 ===   Ecut necessary for  ~10 meV convergence error / electron === 
	 --------------------------------------------------------------- 
		 	 Ecut[Ry] 	 error [meV/e] 
	100  		   210 	            9.983 
	210  		   230 	            9.978 
	320  		   155 	            9.917 
	200  		   210 	            9.983 
	310  		   230 	            9.978 

	 ===   Ecut necessary for   ~1 meV convergence error / electron === 
	 --------------------------------------------------------------- 
		 	 Ecut[Ry] 	 error [meV/e] 
	100  		   375 	            0.992 
	210  		   284 	            0.996 
	320  		   2389 	            0.992 
	200  		   375 	            0.992 
	310  		   284 	            0.996 

### TC report ########################################

Comparison of total energies
Config	 E_sl(Ry)	 E_nl(Ry)	 Delta(eV)
0     -187.633573     -187.633573       -0.000005
1     -188.870859     -188.870936        0.001048
2     -187.000601     -187.000601        0.000003
3     -186.572768     -186.572879        0.001512
4     -184.759160     -184.759332        0.002344
5     -181.500897     -181.501609        0.009693
6     -177.137589     -177.139174        0.021556
7     -171.593172     -171.595716        0.034613
8     -164.800310     -164.803394        0.041955
MAD (eV): 0.0125253
