##########################################################
#    Opium Report File                                   #
##########################################################
     Opium version:        4.1

### copy of the parameter file #######################

[Atom]
Ru
11            
100   2.00  -
200   2.00  -
210   6.00  -
300   2.00  -
310   6.00  -
320  10.00  -
400   2.00  -
410   6.00  -
420   6.00  -
500   0.50  -
510   0.00  -

[Pseudo]
5 -1 -1 -1 -1 -1
g

[Gaussinfo]
16 4 2
2 2 2 4  4 4
2 11.52884966 209.78583090
2 5.09137309 30.21124274
2 10.32647162 146.24714772
2 4.57502546 22.56545563
2 8.83054692 66.40201875
2 3.21511176 8.59808113
1 11.99998067 16.00000000
3 12.00305233 191.99969078
2 11.99801322 -49.38126948
2 7.82033886 -20.64785999
2 10.5379042201121 -97.5022222364889
2 10.1850643734318 97.4968416248892
2 4.74331453654175 -15.7184643731386
2 4.50108350904860 15.3315456426841
2 8.84710809216846 -26.9727634598716
2 8.80202737084738 26.9503210610022
2 3.20735240547667 -3.35240445091411
2 3.21068975421918 3.48836459170030

[KBdesign]
s

[Relativity]
frl

[XC]
pbe

[Configs]
8

400  2.00 -
410  6.00 -
420  7.00 -
500  1.00 -
510  0.00 -

400  2.00 -
410  6.00 -
420  6.00 -
500  0.00 -
510  0.00 -

400  2.00 -
410  6.00 -
420  5.00 -
500  1.00 -
510  0.00 -

400  2.00 -
410  6.00 -
420  5.00 -
500  0.00 -
510  0.00 -

400  2.00 -
410  6.00 -
420  4.00 -
500  0.00 -
510  0.00 -

400  2.00 -
410  6.00 -
420  3.00 -
500  0.00 -
510  0.00 -

400  2.00 -
410  6.00 -
420  2.00 -
500  0.00 -
510  0.00 -

400  2.00 -
410  6.00 -
420  1.00 -
500  0.00 -
510  0.00 -

400  2.00 -
410  6.00 -
420  0.00 -
500  0.00 -
510  0.00 -

### AE report ########################################

 AE:Orbital    Filling       Eigenvalues[Ry]          Norm
    ----------------------------------------------------------
	100+	 2.000	   -1608.0517107875
	200+	 2.000	    -232.3127850679
	210-	 2.000	    -214.7414951185
	210+	 4.000	    -205.1779965097
	300+	 2.000	     -41.8794434964
	310-	 2.000	     -35.0642498773
	310+	 4.000	     -33.4404787676
	320-	 4.000	     -21.3987153453
	320+	 6.000	     -21.0814778583
	400+	 2.000	      -6.7406406694	  0.0426813085
	410-	 2.000	      -4.7066204796	  0.0601420493
	410+	 4.000	      -4.4567481571	  0.0707441411
	420-	 2.400	      -1.4616585536	  0.1904000362
	420+	 3.600	      -1.4347720369	  0.1978279065
	500+	 0.500	      -1.1262641464	  0.9156908398
	510-	 0.000	      -0.7607602040	  0.9472508670
	510+	 0.000	      -0.7391406250	  0.9508771036

      E_tot =    -9054.7979384529 Ry

### PS report ########################################

    Orbital       Ghost
    -----------------------------------------------------------------
	400 	    no
	410 	    no
	410 	    no
	420 	    no
	420 	    no


### NL/SL report #####################################


 NL:Orbital    Filling       Eigenvalues[Ry]          Norm       Ghost
    ------------------------------------------------------------------
	400+	 2.000	      -6.7959993544	  0.0418024959	    no
	410-	 2.000	      -4.7607962571	  0.0586631068	    no
	410+	 4.000	      -4.5084523353	  0.0689562986	    no
	420-	 2.400	      -1.4532946555	  0.1934685133	    no
	420+	 3.600	      -1.4280918802	  0.2005888133	    no
	500+	 0.500	      -1.1300617283	  0.9159109212	    no
	510-	 0.000	      -0.7639616312	  0.9473618396	    no
	510+	 0.000	      -0.7411585805	  0.9518988234	    no

	 ========== No ghosts in potential!!========== 

      E_tot =     -187.6520596024 Ry

### KE report ########################################

	 ===   Ecut necessary for ~1    eV convergence error / electron === 
	 --------------------------------------------------------------- 
		 	 Ecut[Ry] 	 error [meV/e] 
	400+ 		   75 	          999.812 
	410- 		   70 	          991.783 
	410+ 		   67 	          997.142 
	420- 		   31 	          983.739 
	420+ 		   31 	          992.891 
	500+ 		   75 	          999.812 
	510- 		   70 	          991.783 
	510+ 		   67 	          997.142 
	 ===   Ecut necessary for ~100 meV convergence error / electron === 
	 --------------------------------------------------------------- 
		 	 Ecut[Ry] 	 error [meV/e] 
	400+ 		   156 	           99.748 
	410- 		   104 	           99.051 
	410+ 		   99 	           99.522 
	420- 		   99 	           99.702 
	420+ 		   97 	           99.879 
	500+ 		   156 	           99.748 
	510- 		   104 	           99.051 
	510+ 		   99 	           99.522 

	 ===   Ecut necessary for  ~10 meV convergence error / electron === 
	 --------------------------------------------------------------- 
		 	 Ecut[Ry] 	 error [meV/e] 
	400+ 		   210 	            9.988 
	410- 		   236 	            9.911 
	410+ 		   228 	            9.932 
	420- 		   155 	            9.947 
	420+ 		   155 	            9.960 
	500+ 		   210 	            9.988 
	510- 		   236 	            9.911 
	510+ 		   228 	            9.932 

	 ===   Ecut necessary for   ~1 meV convergence error / electron === 
	 --------------------------------------------------------------- 
		 	 Ecut[Ry] 	 error [meV/e] 
	400+ 		   375 	            0.993 
	410- 		   290 	            0.998 
	410+ 		   282 	            0.984 
	420- 		   2378 	            0.996 
	420+ 		   2400 	            1.000 
	500+ 		   375 	            0.993 
	510- 		   290 	            0.998 
	510+ 		   282 	            0.984 

### TC report ########################################

Comparison of total energies
Config	 E_sl(Ry)	 E_nl(Ry)	 Delta(eV)
0     -187.652060     -187.652060       -0.000003
1     -188.889595     -188.889667        0.000990
2     -187.019054     -187.019054        0.000006
3     -186.591096     -186.591185        0.001209
4     -184.777426     -184.777572        0.001991
5     -181.519008     -181.519554        0.007428
6     -177.155579     -177.156619        0.014144
7     -171.611074     -171.612285        0.016485
8     -164.818150     -164.818479        0.004474
MAD (eV): 0.00519228
