##########################################################
#    Opium Report File                                   #
##########################################################
     Opium version:        4.1

### copy of the parameter file #######################

[Atom]
Pt
14            
100   2.00 -
200   2.00 -
210   6.00 -
300   2.00 -
310   6.00 -
320  10.00 -
400   2.00 -
410   6.00 -
420  10.00 -
430  14.00 -
500   2.00 -
510   6.00 -
520   9.00 -
600   1.00 -

[Pseudo]
4 1.176092 1.288137 1.877981 2.242022
g

[Gaussinfo]
18 5
3 3 3 3 4 
2  14.60449000  428.40099106
2  7.21805500  67.39123505
2  5.42957100  21.84244989
2  11.17899000  255.94777316
2  5.36541300  52.70938516
2  8.01111800  13.37936208
2  7.61560500  121.97705753
2  3.90491200  5.83999593
2  5.44687500  44.74689184
2  3.38625700  13.30821778
2  3.32648900  19.51739466
2  5.43061600  25.35033833
1  13.60000000  18.00000000
3  13.60000000  244.80000000
2  13.60000000  -161.70711729
2  5.43018600  -19.53004444

[KBdesign]
s

[Relativity]
nrl

[XC]
pbe

[Configs]
7
500   2.00 -
510   6.00 -
520   9.00 -
600   0.00 -

500   2.00 -
510   6.00 -
520   8.00 -
600   1.00 -

500   2.00 -
510   6.00 -
520   8.00 -
600   0.00 -

500   2.00 -
510   6.00 -
520   7.00 -
600   0.00 -

500   2.00 -
510   6.00 -
520   7.00 -
600   0.00 -

500   2.00 -
510   6.00 -
520   6.00 -
600   0.00 -

500   2.00 -
510   6.00 -
520   5.00 -
600   0.00 -
############################################################

### AE report ########################################

 AE:Orbital    Filling       Eigenvalues[Ry]          Norm
    ----------------------------------------------------------
	100	 2.000	   -5229.8633793719
	200	 2.000	    -870.1853358040
	210	 6.000	    -836.1208342272
	300	 2.000	    -202.6516443188
	310	 6.000	    -186.6456694620
	320	10.000	    -156.7890964118
	400	 2.000	     -42.2985448147
	410	 6.000	     -35.4355381936
	420	10.000	     -22.8398088903
	430	14.000	      -6.0428505626
	500	 2.000	      -5.8832897594	  0.3395367462
	510	 6.000	      -3.7510850072	  0.3338499924
	520	 9.000	      -0.5308798794	  0.3073474813
	600	 1.000	      -0.3016629719	  0.8359276382

      E_tot =   -34669.5891476036 Ry

### PS report ########################################

    Orbital       Ghost
    -----------------------------------------------------------------
	100 	    no
	210 	    no
	320 	    no


### NL/SL report #####################################


 NL:Orbital    Filling       Eigenvalues[Ry]          Norm       Ghost
    ------------------------------------------------------------------
	100 	 2.000	      -7.4448926221	  0.2261046399	    no
	210 	 6.000	      -4.1596664535	  0.2836832747	    no
	320 	 9.000	      -0.4569666883	  0.3308760439	    no
	200 	 1.000	      -0.4129580323	  0.7224622217	    no

	 ========== No ghosts in potential!!========== 

      E_tot =     -239.2837424841 Ry

### KE report ########################################

	 ===   Ecut necessary for ~1    eV convergence error / electron === 
	 --------------------------------------------------------------- 
		 	 Ecut[Ry] 	 error [meV/e] 
	100  		   119 	          998.873 
	210  		   69 	          992.682 
	320  		   53 	          999.841 
	200  		   119 	          998.873 
	 ===   Ecut necessary for ~100 meV convergence error / electron === 
	 --------------------------------------------------------------- 
		 	 Ecut[Ry] 	 error [meV/e] 
	100  		   175 	           99.691 
	210  		   166 	           99.466 
	320  		   2393 	           99.666 
	200  		   175 	           99.691 

	 ===   Ecut necessary for  ~10 meV convergence error / electron === 
	 --------------------------------------------------------------- 
		 	 Ecut[Ry] 	 error [meV/e] 
	100  		   337 	            9.990 
	210  		   230 	            9.917 
	320  		   2495 	            8.145 
	200  		   337 	            9.990 

	 ===   Ecut necessary for   ~1 meV convergence error / electron === 
	 --------------------------------------------------------------- 
		 	 Ecut[Ry] 	 error [meV/e] 
	100  		   431 	            0.995 
	210  		   349 	            0.998 
	320  		   -----  >2500 Ry   -----
	200  		   431 	            0.995 

### TC report ########################################

Comparison of total energies
Config	 E_sl(Ry)	 E_nl(Ry)	 Delta(eV)
0     -239.283742     -239.283743        0.000001
1     -238.611171     -238.611172        0.000003
2     -238.456571     -238.456584        0.000170
3     -237.137277     -237.137296        0.000257
4     -234.761831     -234.761928        0.001325
5     -234.761831     -234.761928        0.001325
6     -231.398571     -231.398831        0.003540
7     -226.975525     -226.976042        0.007025
MAD (eV): 0.00170577
