##########################################################
#    Opium Report File                                   #
##########################################################
     Opium version:        4.1

### copy of the parameter file #######################

[Atom]
Pt
15            
100   2.00 -
200   2.00 -
210   6.00 -
300   2.00 -
310   6.00 -
320  10.00 -
400   2.00 -
410   6.00 -
420  10.00 -
430  14.00 -
500   2.00 -
510   6.00 -
520   8.00 -
600   0.00 -
610   0.00 -

[Pseudo]
5 1.176092 1.288137 1.877981 3.242022 3.2
g

[Gaussinfo]
18 5 3 
3 3 3 3 4  4 4 2
2  14.60449000  428.40099106
2  7.21805500  67.39123505
2  5.42957100  21.84244989
2  11.17899000  255.94777316
2  5.36541300  52.70938516
2  8.01111800  13.37936208
2  7.61560500  121.97705753
2  3.90491200  5.83999593
2  5.44687500  44.74689184
2  3.38625700  13.30821778
2  3.32648900  19.51739466
2  5.43061600  25.35033833
1  13.60000000  18.00000000
3  13.60000000  244.80000000
2  13.60000000  -161.70711729
2  5.43018600  -19.53004444
2       1.29059784799779e+01  -1.76006815880261e+02  
2       9.56953351812461e+00  1.76041345143904e+02
2       5.24193657566457e+00  -2.72608531498505e+01  
2       7.37080663514213e+00  2.74171433009331e+01 
2       8.15692327432205e+00  -4.25981412855484e+01
2       7.16069062202674e+00  4.42007693743279e+01 
2       3.61119073509307e+00  -6.87685856031911e+00  
2       4.03428618631540e+00  7.58009068027233e+00
2       3.37986900000000e+00  -7.14014600000000e+00
2       3.32625500000000e+00  7.13906300000000e+00

[KBdesign]
s

[Relativity]
frl

[XC]
pbe

[Configs]
5
500   2.00 -
510   6.00 -
520   7.00 -
600   1.00 -
610   0.00 -

500   2.00 -
510   6.00 -
520   7.00 -
600   0.00 -
610   1.00 -

500   2.00 -
510   6.00 -
520   7.00 -
600   0.00 -
610   0.00 -

500   2.00 -
510   6.00 -
520   6.00 -
600   0.00 -
610   0.00 -

500   2.00 -
510   6.00 -
520   5.00 -
600   0.00 -
610   0.00 -
############################################################

### AE report ########################################

 AE:Orbital    Filling       Eigenvalues[Ry]          Norm
    ----------------------------------------------------------
	100+	 2.000	   -5729.7002853814
	200+	 2.000	   -1007.7401135171
	210-	 2.000	    -965.3769342059
	210+	 4.000	    -839.6819927931
	300+	 2.000	    -238.0012880011
	310-	 2.000	    -219.1280235012
	310+	 4.000	    -191.4627740987
	320-	 4.000	    -160.3640491445
	320+	 6.000	    -154.3803731313
	400+	 2.000	     -52.3518383571
	410-	 2.000	     -44.3596798969
	410+	 4.000	     -37.7693498231
	420-	 4.000	     -24.7493076227
	420+	 6.000	     -23.5192242997
	430-	 6.000	      -6.8422562036
	430+	 8.000	      -6.5886264054
	500+	 2.000	      -8.9742349412	  0.2280784980
	510-	 2.000	      -6.4268944315	  0.2218979513
	510+	 4.000	      -5.3336416093	  0.3153708608
	520-	 3.200	      -1.9688039615	  0.2470519103
	520+	 4.800	      -1.8586571946	  0.2768381491
	600+	 0.000	      -1.6228721102	  0.1837885955
	610-	 0.000	      -1.1322146430	  0.3865010470
	610+	 0.000	      -1.0245699612	  0.4875508735

      E_tot =   -36838.6284055691 Ry

### PS report ########################################

    Orbital       Ghost
    -----------------------------------------------------------------
	500 	    no
	510 	    no
	510 	    no
	520 	    no
	520 	    no


### NL/SL report #####################################


 NL:Orbital    Filling       Eigenvalues[Ry]          Norm       Ghost
    ------------------------------------------------------------------
	500+	 2.000	      -8.9724608074	  0.2255120856	    no
	510-	 2.000	      -5.8929900876	  0.2541119474	    no
	510+	 4.000	      -5.6278035561	  0.2885438116	    no
	520-	 3.200	      -1.9685127334	  0.2472684253	    no
	520+	 4.800	      -1.8686975945	  0.2767800051	    no
	600+	 0.000	      -1.6218308450	  0.1839127337	    no
	610-	 0.000	      -1.0923142591	  0.4202095102	    no
	610+	 0.000	      -1.0479882648	  0.4639458200	    no

	 ========== No ghosts in potential!!========== 

      E_tot =     -237.3831893295 Ry

### KE report ########################################

	 ===   Ecut necessary for ~1    eV convergence error / electron === 
	 --------------------------------------------------------------- 
		 	 Ecut[Ry] 	 error [meV/e] 
	500+ 		   119 	          999.905 
	510- 		   73 	          995.807 
	510+ 		   69 	          992.110 
	520- 		   30 	          997.373 
	520+ 		   46 	          998.468 
	600+ 		   119 	          999.905 
	610- 		   73 	          995.807 
	610+ 		   69 	          992.110 
	 ===   Ecut necessary for ~100 meV convergence error / electron === 
	 --------------------------------------------------------------- 
		 	 Ecut[Ry] 	 error [meV/e] 
	500+ 		   175 	           98.923 
	510- 		   108 	           99.191 
	510+ 		   170 	           99.567 
	520- 		   92 	           98.937 
	520+ 		   87 	           99.571 
	600+ 		   175 	           98.923 
	610- 		   108 	           99.191 
	610+ 		   170 	           99.567 

	 ===   Ecut necessary for  ~10 meV convergence error / electron === 
	 --------------------------------------------------------------- 
		 	 Ecut[Ry] 	 error [meV/e] 
	500+ 		   338 	            9.963 
	510- 		   252 	            9.912 
	510+ 		   226 	            9.918 
	520- 		   128 	            9.928 
	520+ 		   159 	            9.986 
	600+ 		   338 	            9.963 
	610- 		   252 	            9.912 
	610+ 		   226 	            9.918 

	 ===   Ecut necessary for   ~1 meV convergence error / electron === 
	 --------------------------------------------------------------- 
		 	 Ecut[Ry] 	 error [meV/e] 
	500+ 		   431 	            0.993 
	510- 		   310 	            0.997 
	510+ 		   381 	            0.998 
	520- 		   262 	            0.993 
	520+ 		   251 	            0.995 
	600+ 		   431 	            0.993 
	610- 		   310 	            0.997 
	610+ 		   381 	            0.998 

### TC report ########################################

Comparison of total energies
Config	 E_sl(Ry)	 E_nl(Ry)	 Delta(eV)
0     -237.383189     -237.383189        0.000004
1     -237.051228     -237.051246        0.000239
2     -236.455350     -236.455819        0.006377
3     -235.008260     -235.008290        0.000397
4     -231.645964     -231.646092        0.001740
5     -227.224140     -227.224451        0.004227
MAD (eV): 0.00216406
