##########################################################
#    Opium Report File                                   #
##########################################################
     Opium version:        4.1

### copy of the parameter file #######################

[Atom]
Sr
11            
100   2.00  -
200   2.00  -
210   6.00  -
300   2.00  -
310   6.00  -
320   10.00  -
400   2.00  -
410   6.00  -
420   2.00  -
500   0.00  -
510   0.00  -

[Pseudo]
3 -1 -1 -1
g

[Gaussinfo]
2 4
1 1 1 3
2 0.82500226 15.38617584
2 0.39778807 5.07778168
2 0.45325915 -2.25610319
1 3.00005559 2.00000000
3 3.00230173 6.00011118
2 2.99653136 -10.00027654

[KBdesign]
s

[Relativity]
nrl

[XC]
pbe

[Configs]
3

420  1.00 -
500  1.00 -
510  0.00 -

420  1.00 -
500  0.00 -
510  0.00 -

420  0.00 -
500  2.00 -
510  0.00 -

### AE report ########################################

 AE:Orbital    Filling       Eigenvalues[Ry]          Norm
    ----------------------------------------------------------
	100	 2.000	   -1147.3422331233
	200	 2.000	    -153.0426660578
	210	 6.000	    -139.4213004052
	300	 2.000	     -23.4850852667
	310	 6.000	     -18.4994857208
	320	10.000	      -9.4771448964
	400	 2.000	      -2.7792137814
	410	 6.000	      -1.5663053529
	500	 0.000	      -0.2259187250	  0.5781532535
	510	 0.000	      -0.0916624849	  0.7245378179
	420	 2.000	      -0.0639145005	  0.3302829928

      E_tot =    -6265.5867878953 Ry

### PS report ########################################

    Orbital       Ghost
    -----------------------------------------------------------------
	100 	    no
	210 	    no
	320 	    no


### NL/SL report #####################################


 NL:Orbital    Filling       Eigenvalues[Ry]          Norm       Ghost
    ------------------------------------------------------------------
	100 	 0.000	      -0.2546801053	  0.5410411905	    no
	210 	 0.000	      -0.0978915541	  0.7262935906	    no
	320 	 2.000	      -0.0686068779	  0.3595317696	    no

	 ========== No ghosts in potential!!========== 

      E_tot =       -0.8209859211 Ry

### KE report ########################################

	 ===   Ecut necessary for ~1    eV convergence error / electron === 
	 --------------------------------------------------------------- 
		 	 Ecut[Ry] 	 error [meV/e] 
	100  		   -----  >2500 Ry   -----
	210  		   2497 	          631.916 
	320  		   -----  >2500 Ry   -----
	 ===   Ecut necessary for ~100 meV convergence error / electron === 
	 --------------------------------------------------------------- 
		 	 Ecut[Ry] 	 error [meV/e] 
	100  		   -----  >2500 Ry   -----
	210  		   -----  >2500 Ry   -----
	320  		   -----  >2500 Ry   -----

	 ===   Ecut necessary for  ~10 meV convergence error / electron === 
	 --------------------------------------------------------------- 
		 	 Ecut[Ry] 	 error [meV/e] 
	100  		   -----  >2500 Ry   -----
	210  		   -----  >2500 Ry   -----
	320  		   -----  >2500 Ry   -----

	 ===   Ecut necessary for   ~1 meV convergence error / electron === 
	 --------------------------------------------------------------- 
		 	 Ecut[Ry] 	 error [meV/e] 
	100  		   -----  >2500 Ry   -----
	210  		   -----  >2500 Ry   -----
	320  		   -----  >2500 Ry   -----

### TC report ########################################

Comparison of total energies
Config	 E_sl(Ry)	 E_nl(Ry)	 Delta(eV)
0       -0.820986       -0.820986       -0.000000
1       -1.010760       -1.010751       -0.000124
2       -0.606131       -0.605695       -0.005924
3       -1.210404       -1.210404        0.000000
MAD (eV): 0.00151192
