##########################################################
#    Opium Report File                                   #
##########################################################
     Opium version:        4.1

### copy of the parameter file #######################

[Atom]
Re
14            
100   2.00 -
200   2.00 -
210   6.00 -
300   2.00 -
310   6.00 -
320  10.00 -
400   2.00 -
410   6.00 -
420  10.00 -
430  14.00 -
500   2.00 -
510   6.00 -
520   5.00 -
600   2.00 -

[Pseudo]
4 1.176092 1.288137 1.877981 2.542022 
g

[Gaussinfo]
15 5 3
2 2 2 2 4  4 4 2 
2  11.52741505871857  471.04055986421770
2  3.52193891828695   17.80888746509934
2  9.67053377874090   265.26931814718881
2  4.69321362788258   48.51541788146839
2  6.20260651177507   107.92097886520729
2  4.05488298460774   31.43796943420103
2  2.50292205999714   16.90564448518640
2  4.01397593729297   17.85814208198506
1  13.99291119644726  15.0
3  13.16490622126587  209.893667946708900
2  3.87331571280797   -8.07685208267677
2  3.65422647445502   -9.99969366723489
2 9.1962e+00 -1.7698e+02
2 9.6924e+00 1.7677e+02
2 7.7220e+00 -2.0947e+01
2 3.9564e+00 2.0428e+01
2 6.1570e+00 -4.3309e+01
2 6.2016e+00 4.3086e+01
2 4.6081e+00 -5.3455e+00
2 3.9411e+00 5.7159e+00
2 2.5627e+00 -4.8309e+00
2 2.5215e+00 4.8302e+00

[KBdesign]
s

[Relativity]
frl

[XC]
pbe

[Configs]
7
500   2.00 -
510   6.00 -
520   5.00 -
600   1.00 -

#500   2.00 -
#510   6.00 -
#520   5.00 -
#600   0.00 -
#
#500   2.00 -
#510   6.00 -
#520   5.00 -
#600   0.00 -

500   2.00 -
510   6.00 -
520   4.00 -
600   0.00 -

500   2.00 -
510   6.00 -
520   3.00 -
600   0.00 -

500   2.00 -
510   6.00 -
520   2.00 -
600   0.00 -

500   2.00 -
510   6.00 -
520   1.00 -
600   0.00 -

500   2.00 -
510   6.00 -
520   0.00 -
600   0.00 -

500   2.00 -
510   5.00 -
520   0.00 -
600   0.00 -

#500   2.00 -
#510   4.00 -
#520   0.00 -
#600   0.00 -
############################################################

### AE report ########################################

 AE:Orbital    Filling       Eigenvalues[Ry]          Norm
    ----------------------------------------------------------
	100+	 2.000	   -5235.2305314404
	200+	 2.000	    -907.6990931486
	210-	 2.000	    -868.1046819634
	210+	 4.000	    -763.3976616797
	300+	 2.000	    -210.2453592173
	310-	 2.000	    -192.6848090962
	310+	 4.000	    -169.9187094136
	320-	 4.000	    -140.6999601143
	320+	 6.000	    -135.7412674142
	400+	 2.000	     -43.8710985319
	410-	 2.000	     -36.5562504607
	410+	 4.000	     -31.2441581050
	420-	 4.000	     -19.2914543195
	420+	 6.000	     -18.3064372346
	430-	 6.000	      -3.2225881161
	430+	 8.000	      -3.0381105535
	500+	 2.000	      -6.2300279259	  0.3222776219
	510-	 2.000	      -4.0226106937	  0.3226847564
	510+	 4.000	      -3.2229939676	  0.4220257781
	520-	 2.000	      -0.4358835024	  0.4219536299
	520+	 3.000	      -0.3712388024	  0.4614913994
	600+	 2.000	      -0.4357548883	  0.6670095707

      E_tot =   -33389.9057925596 Ry

### PS report ########################################

    Orbital       Ghost
    -----------------------------------------------------------------
	500 	    no
	510 	    no
	510 	    no
	520 	    no
	520 	    no


### NL/SL report #####################################


 NL:Orbital    Filling       Eigenvalues[Ry]          Norm       Ghost
    ------------------------------------------------------------------
	500+	 2.000	      -6.1967307733	  0.3217661993	    no
	510-	 2.000	      -4.3740229562	  0.3006593093	    no
	510+	 4.000	      -3.0961831500	  0.4450043357	    no
	520-	 2.000	      -0.4453860107	  0.4219095608	    no
	520+	 3.000	      -0.3814851904	  0.4601151282	    no
	600+	 2.000	      -0.4315325188	  0.6724852927	    no

	 ========== No ghosts in potential!!========== 

      E_tot =     -156.9964744533 Ry

### KE report ########################################

	 ===   Ecut necessary for ~1    eV convergence error / electron === 
	 --------------------------------------------------------------- 
		 	 Ecut[Ry] 	 error [meV/e] 
	500+ 		   112 	          997.392 
	510- 		   70 	          996.619 
	510+ 		   54 	          988.676 
	520- 		   59 	          999.972 
	520+ 		   2140 	          999.233 
	600+ 		   112 	          997.392 
	 ===   Ecut necessary for ~100 meV convergence error / electron === 
	 --------------------------------------------------------------- 
		 	 Ecut[Ry] 	 error [meV/e] 
	500+ 		   170 	           99.749 
	510- 		   175 	           99.267 
	510+ 		   143 	           99.598 
	520- 		   2455 	           99.027 
	520+ 		   2486 	           97.388 
	600+ 		   170 	           99.749 

	 ===   Ecut necessary for  ~10 meV convergence error / electron === 
	 --------------------------------------------------------------- 
		 	 Ecut[Ry] 	 error [meV/e] 
	500+ 		   326 	            9.993 
	510- 		   226 	            9.960 
	510+ 		   196 	            9.935 
	520- 		   2497 	            8.521 
	520+ 		   2499 	            5.453 
	600+ 		   326 	            9.993 

	 ===   Ecut necessary for   ~1 meV convergence error / electron === 
	 --------------------------------------------------------------- 
		 	 Ecut[Ry] 	 error [meV/e] 
	500+ 		   392 	            0.999 
	510- 		   382 	            0.995 
	510+ 		   337 	            0.994 
	520- 		   -----  >2500 Ry   -----
	520+ 		   -----  >2500 Ry   -----
	600+ 		   392 	            0.999 

### TC report ########################################

Comparison of total energies
Config	 E_sl(Ry)	 E_nl(Ry)	 Delta(eV)
0     -156.996475     -156.996474       -0.000002
1     -156.323106     -156.323106        0.000002
2     -153.129074     -153.129070       -0.000054
3     -150.227056     -150.227043       -0.000168
4     -146.351735     -146.351710       -0.000333
5     -141.440254     -141.440217       -0.000501
6     -135.438968     -135.438919       -0.000664
7     -124.495925     -124.495929        0.000056
MAD (eV): 0.000222614
