##########################################################
#    Opium Report File                                   #
##########################################################
     Opium version:        4.1

### copy of the parameter file #######################

[Atom]
Re
14            
100   2.00 -
200   2.00 -
210   6.00 -
300   2.00 -
310   6.00 -
320  10.00 -
400   2.00 -
410   6.00 -
420  10.00 -
430  14.00 -
500   2.00 -
510   6.00 -
520   5.00 -
600   2.00 -

[Pseudo]
4 1.176092 1.288137 1.877981 2.542022 
g

[Gaussinfo]
15 5
2 2 2 2 4 
2  11.52741505871857  471.04055986421770
2  3.52193891828695   17.80888746509934
2  9.67053377874090   265.26931814718881
2  4.69321362788258   48.51541788146839
2  6.20260651177507   107.92097886520729
2  4.05488298460774   31.43796943420103
2  2.50292205999714   16.90564448518640
2  4.01397593729297   17.85814208198506
1  13.99291119644726  15.0
3  13.16490622126587  209.893667946708900
2  3.87331571280797   -8.07685208267677
2  3.65422647445502   -9.99969366723489

[KBdesign]
s

[Relativity]
nrl

[XC]
pbe

[Configs]
10
500   2.00 -
510   6.00 -
520   5.00 -
600   1.00 -

500   2.00 -
510   6.00 -
520   5.00 -
600   0.00 -

500   2.00 -
510   6.00 -
520   5.00 -
600   0.00 -

500   2.00 -
510   6.00 -
520   4.00 -
600   0.00 -

500   2.00 -
510   6.00 -
520   3.00 -
600   0.00 -

500   2.00 -
510   6.00 -
520   2.00 -
600   0.00 -

500   2.00 -
510   6.00 -
520   1.00 -
600   0.00 -

500   2.00 -
510   6.00 -
520   0.00 -
600   0.00 -

500   2.00 -
510   5.00 -
520   0.00 -
600   0.00 -

500   2.00 -
510   4.00 -
520   0.00 -
600   0.00 -

### AE report ########################################

 AE:Orbital    Filling       Eigenvalues[Ry]          Norm
    ----------------------------------------------------------
	100	 2.000	   -4818.8642605095
	200	 2.000	    -794.6316593688
	210	 6.000	    -762.1629519270
	300	 2.000	    -182.4073123279
	310	 6.000	    -167.3060580729
	320	10.000	    -139.1510323114
	400	 2.000	     -36.9896975913
	410	 6.000	     -30.6374889930
	420	10.000	     -19.0417493696
	430	14.000	      -3.8264790569
	500	 2.000	      -5.1216888586	  0.4360916409
	510	 6.000	      -3.2487685790	  0.4348419724
	520	 5.000	      -0.5028610213	  0.4104389785
	600	 2.000	      -0.3586997808	  0.7698489005

      E_tot =   -31576.1562983416 Ry

### PS report ########################################

    Orbital       Ghost
    -----------------------------------------------------------------
	100 	    no
	210 	    no
	320 	    no


### NL/SL report #####################################


 NL:Orbital    Filling       Eigenvalues[Ry]          Norm       Ghost
    ------------------------------------------------------------------
	100 	 2.000	      -6.1952213255	  0.3216693906	    no
	210 	 6.000	      -3.4599901898	  0.3960268208	    no
	320 	 5.000	      -0.4037452837	  0.4456030270	    no
	200 	 2.000	      -0.4309178448	  0.6733542092	    no

	 ========== No ghosts in potential!!========== 

      E_tot =     -156.6298919112 Ry

### KE report ########################################

	 ===   Ecut necessary for ~1    eV convergence error / electron === 
	 --------------------------------------------------------------- 
		 	 Ecut[Ry] 	 error [meV/e] 
	100  		   112 	          996.821 
	210  		   59 	          991.642 
	320  		   1823 	          999.910 
	200  		   112 	          996.821 
	 ===   Ecut necessary for ~100 meV convergence error / electron === 
	 --------------------------------------------------------------- 
		 	 Ecut[Ry] 	 error [meV/e] 
	100  		   170 	           99.872 
	210  		   155 	           99.897 
	320  		   2468 	           97.575 
	200  		   170 	           99.872 

	 ===   Ecut necessary for  ~10 meV convergence error / electron === 
	 --------------------------------------------------------------- 
		 	 Ecut[Ry] 	 error [meV/e] 
	100  		   326 	            9.979 
	210  		   205 	            9.925 
	320  		   2498 	            8.831 
	200  		   326 	            9.979 

	 ===   Ecut necessary for   ~1 meV convergence error / electron === 
	 --------------------------------------------------------------- 
		 	 Ecut[Ry] 	 error [meV/e] 
	100  		   392 	            0.991 
	210  		   353 	            0.993 
	320  		   -----  >2500 Ry   -----
	200  		   392 	            0.991 

### TC report ########################################

Comparison of total energies
Config	 E_sl(Ry)	 E_nl(Ry)	 Delta(eV)
0     -156.629892     -156.629892        0.000000
1     -155.957383     -155.957383        0.000000
2     -154.768441     -154.768440       -0.000011
3     -154.768441     -154.768440       -0.000011
4     -152.769423     -152.769416       -0.000105
5     -149.872103     -149.872060       -0.000590
6     -146.001328     -146.001193       -0.001831
7     -141.094116     -141.093801       -0.004285
8     -135.096796     -135.096162       -0.008620
9     -124.212439     -124.211257       -0.016073
10     -111.896265     -111.894543       -0.023427
MAD (eV): 0.0049957
