##########################################################
#    Opium Report File                                   #
##########################################################
     Opium version:        4.1

### copy of the parameter file #######################

[Atom]
As
11
100   2.00  -
200   2.00  -
210   6.00  -
300   2.00  -
310   6.00  -
320  10.00  -
400   2.00  -
410   1.50  -
420   0.50  -
500   0.00  -
510   0.00  -

[Pseudo]
5 -1 -1 -1 -1 -1
g

[Gaussinfo]
5 4
2 2 2 4
2 3.47938697518409 75.65519437230579
2 1.63747973017064 -3.31145348709338
2 3.22936389274538 67.96186740640852
2 1.66636575135787 -3.09455795155570
2 2.06816256325470 24.30473448724631
2 1.54699940726544 0.93945624468575
1 1.28593131534589 5.0
3 9.93487432688877 6.429656576729450
2 1.89568153750512 -15.01243900647766
2 1.72825641453405 2.89881363078702

[KBdesign]
p

[Relativity]
nrl

[XC]
pbe

[Configs]
16

400   2.00 -
410   2.50 -
420   0.50 -
500   0.00  -
510   0.00  -

400   2.00 -
410   2.00 -
420   1.00 -
500   0.00  -
510   0.00  -

400   2.00 -
410   2.00 -
420   0.00 -
500   1.00  -
510   0.00  -

400   1.00 -
410   3.50 -
420   0.50 -
500   0.00  -
510   0.00  -

400   1.00 -
410   3.00 -
420   1.00 -
500   0.00  -
510   0.00  -

400   2.00 -
410   2.00 -
420   0.00 -
500   0.00  -
510   0.00  -

400   2.00 -
410   1.00 -
420   1.00 -
500   0.00  -
510   0.00  -

400   2.00 -
410   1.00 -
420   0.00 -
500   1.00  -
510   0.00  -

400   2.00 -
410   1.00 -
420   0.00 -
500   1.00  -
510   0.00  -

400   2.00 -
410   1.00 -
420   0.00 -
500   0.00  -
510   0.00  -

400   2.00 -
410   0.00 -
420   1.00 -
500   0.00  -
510   0.00  -

400   2.00 -
410   0.00 -
420   0.00 -
500   1.00  -
510   0.00  -

400   2.00 -
410   0.00 -
420   0.00 -
500   0.00  -
510   0.00  -

400   1.00 -
410   1.00 -
420   0.00 -
500   0.00  -
510   0.00  -

400   1.00 -
410   0.00 -
420   1.00 -
500   0.00  -
510   0.00  -

400   1.00 -
410   0.00 -
420   0.00 -
500   0.00  -
510   0.00  -

### AE report ########################################

 AE:Orbital    Filling       Eigenvalues[Ry]          Norm
    ----------------------------------------------------------
	100	 2.000	    -849.0454824567
	200	 2.000	    -107.2382962104
	210	 6.000	     -95.9924173883
	300	 2.000	     -14.4008623750
	310	 6.000	     -10.6039006380
	320	10.000	      -3.9462985290
	400	 2.000	      -1.8015904247	  0.0652213260
	410	 1.500	      -1.0865551942	  0.1793522255
	420	 0.500	      -0.3065266960	  0.7548753867
	500	 0.000	      -0.4166201631	  0.9185596126
	510	 0.000	      -0.2826117183	  0.9413141963

      E_tot =    -4469.8877055138 Ry

### PS report ########################################

    Orbital       Ghost
    -----------------------------------------------------------------
	100 	    no
	210 	    no
	320 	    no


### NL/SL report #####################################


 NL:Orbital    Filling       Eigenvalues[Ry]          Norm       Ghost
    ------------------------------------------------------------------
	100 	 2.000	      -1.8440182469	  0.0612116191	    no
	210 	 1.500	      -1.0941766109	  0.1789626379	    no
	320 	 0.500	      -0.3038187206	  0.7706598886	    no
	200 	 0.000	      -0.4195480754	  0.9202754733	    no
	310 	 0.000	      -0.2828340327	  0.9433195793	    no

	 ========== No ghosts in potential!!========== 

      E_tot =      -11.1807712044 Ry

### KE report ########################################

	 ===   Ecut necessary for ~1    eV convergence error / electron === 
	 --------------------------------------------------------------- 
		 	 Ecut[Ry] 	 error [meV/e] 
	100  		   13 	          948.898 
	210  		   12 	          995.535 
	320  		   2 	          996.329 
	200  		   13 	          948.898 
	310  		   12 	          995.535 
	 ===   Ecut necessary for ~100 meV convergence error / electron === 
	 --------------------------------------------------------------- 
		 	 Ecut[Ry] 	 error [meV/e] 
	100  		   44 	           99.300 
	210  		   26 	           95.047 
	320  		   5 	           91.613 
	200  		   44 	           99.300 
	310  		   26 	           95.047 

	 ===   Ecut necessary for  ~10 meV convergence error / electron === 
	 --------------------------------------------------------------- 
		 	 Ecut[Ry] 	 error [meV/e] 
	100  		   63 	            9.783 
	210  		   62 	            9.809 
	320  		   18 	            9.865 
	200  		   63 	            9.783 
	310  		   62 	            9.809 

	 ===   Ecut necessary for   ~1 meV convergence error / electron === 
	 --------------------------------------------------------------- 
		 	 Ecut[Ry] 	 error [meV/e] 
	100  		   110 	            0.967 
	210  		   85 	            0.959 
	320  		   31 	            0.985 
	200  		   110 	            0.967 
	310  		   85 	            0.959 

### TC report ########################################

Comparison of total energies
Config	 E_sl(Ry)	 E_nl(Ry)	 Delta(eV)
0      -11.180771      -11.180771        0.000000
1      -12.002092      -12.002089       -0.000050
2      -11.697912      -11.697911       -0.000007
3      -11.816058      -11.816020       -0.000529
4      -11.291172      -11.291172       -0.000010
5      -10.965872      -10.965872        0.000003
6      -11.562957      -11.562956       -0.000014
7      -10.773581      -10.773581       -0.000005
8      -10.882337      -10.882205       -0.001785
9      -10.882337      -10.882205       -0.001785
10      -10.241474      -10.241471       -0.000037
11       -9.270976       -9.270987        0.000155
12       -9.309484       -9.309162       -0.004384
13       -8.206589       -8.206559       -0.000411
14       -7.360365       -7.360350       -0.000208
15       -6.219349       -6.219451        0.001388
16       -4.514782       -4.514728       -0.000737
MAD (eV): 0.000676994
