##########################################################
#    Opium Report File                                   #
##########################################################
     Opium version:        4.1

### copy of the parameter file #######################

[Atom]
Ti
8            
100   2.00  -
200   2.00  -
210   6.00  -
300   2.00  -
310   6.00  -
320   2.00  -
400   0.00  -
410   0.00  -

[Pseudo]
5 1.520 1.602 1.335  1.520 602
g

[Gaussinfo]
12 3
2 2 4
2 12.70580613 173.94657235
2  6.11178551  18.83768333
2 12.64091929 111.45672882
2  5.35437415  11.17702682
1 18.41366202  12.00000000
3 15.92292414 220.96394426
2 13.65000623 -94.29025824
2  5.09555210   0.09791142

[KBdesign]
s

[Relativity]
nrl

[XC]
pbe

[Configs]
8

300  2.00 -
310  6.00 -
320  2.00 -
400  2.00 -
410  0.00 -

300  2.00 -
310  6.00 -
320  3.00 -
400  1.00 -
410  0.00 -

300  2.00 -
310  6.00 -
320  4.00 -
400  0.00 -
410  0.00 -

300  2.00 -
310  6.00 -
320  2.00 -
400  1.00 -
410  0.00 -

300  2.00 -
310  6.00 -
320  3.00 -
400  0.00 -
410  0.00 -

300  2.00 -
310  6.00 -
320  2.00 -
400  0.00 -
410  0.00 -

300  2.00 -
310  6.00 -
320  1.00 -
400  0.00 -
410  0.00 -

300  2.00 -
310  6.00 -
320  0.00 -
400  0.00 -
410  0.00 -

### AE report ########################################

 AE:Orbital    Filling       Eigenvalues[Ry]          Norm
    ----------------------------------------------------------
	100	 2.000	    -356.6723644922
	200	 2.000	     -40.1861206197
	210	 6.000	     -33.7592406530
	300	 2.000	      -5.7090254498	  0.1055448926
	310	 6.000	      -4.0160473070	  0.1285981521
	320	 2.000	      -1.4557021092	  0.4733445318
	400	 0.000	      -1.2329199658	  0.9426545056
	410	 0.000	      -0.9101167895	  0.0000000000

      E_tot =    -1696.6376986425 Ry

### PS report ########################################

    Orbital       Ghost
    -----------------------------------------------------------------
	100 	    no
	210 	    no
	320 	    no


### NL/SL report #####################################


 NL:Orbital    Filling       Eigenvalues[Ry]          Norm       Ghost
    ------------------------------------------------------------------
	100 	 2.000	       0.0000000000	          -nan	   yes
	210 	 6.000	       0.0000000000	          -nan	   yes
	320 	 2.000	       0.0000000000	          -nan	   yes
	200 	 0.000	       0.0000000000	          -nan	   yes
	310 	 0.000	       0.0000000000	          -nan	   yes

  !!ERROR!! Ghosts are present in pseudopotential 
  !!ERROR!! See log file for more information 

      E_tot =                -nan Ry

### KE report ########################################

	 ===   Ecut necessary for ~1    eV convergence error / electron === 
	 --------------------------------------------------------------- 
		 	 Ecut[Ry] 	 error [meV/e] 
	100  		   56 	          977.044 
	210  		   70 	          993.760 
	320  		   137 	          989.506 
	200  		   56 	          977.044 
	310  		   70 	          993.760 
	 ===   Ecut necessary for ~100 meV convergence error / electron === 
	 --------------------------------------------------------------- 
		 	 Ecut[Ry] 	 error [meV/e] 
	100  		   167 	           97.584 
	210  		   124 	           98.173 
	320  		   251 	           98.365 
	200  		   167 	           97.584 
	310  		   124 	           98.173 

	 ===   Ecut necessary for  ~10 meV convergence error / electron === 
	 --------------------------------------------------------------- 
		 	 Ecut[Ry] 	 error [meV/e] 
	100  		   232 	            9.926 
	210  		   167 	            9.762 
	320  		   358 	            9.545 
	200  		   232 	            9.926 
	310  		   167 	            9.762 

	 ===   Ecut necessary for   ~1 meV convergence error / electron === 
	 --------------------------------------------------------------- 
		 	 Ecut[Ry] 	 error [meV/e] 
	100  		   280 	            0.945 
	210  		   334 	            0.987 
	320  		   395 	            0.813 
	200  		   280 	            0.945 
	310  		   334 	            0.987 

### TC report ########################################

Comparison of total energies
Config	 E_sl(Ry)	 E_nl(Ry)	 Delta(eV)
0     -114.471126            -nan            -nan
1     -116.008326            -nan            -nan
2     -115.929720            -nan            -nan
3     -115.769015            -nan            -nan
4     -115.468484            -nan            -nan
5     -115.468354            -nan            -nan
6     -114.471126            -nan            -nan
7     -112.484030            -nan            -nan
8     -109.294278            -nan            -nan
MAD (eV): nan
