##########################################################
#    Opium Report File                                   #
##########################################################
     Opium version:        4.1

### copy of the parameter file #######################

[Atom]
K
8            
100   2.00  -
200   2.00  -
210   6.00  -
300   1.50  -
310   5.00  -
320   0.00  -
400   0.50  -
410   0.00  -

[Pseudo]
5 1.51616 1.79531 1.57646 1.51616 1.79531
g

[Gaussinfo]
9 3
2 2 4
2 11.442508  11.866873 
2  6.537124  90.076771 
2  9.631219  11.534202 
2  4.508811  27.720235 
1  7.273863   9.000000 
3 11.172983  65.464770 
2  7.706175 -10.844336 
2  5.624917 -15.963161 

[KBdesign]
p

[Relativity]
nrl

[XC]
pbe

[Configs]
7

300  2.00 -
310  6.00 -
320  1.00 -
400  0.00 -
410  0.00 -

300  2.00 -
310  6.00 -
320  0.00 -
400  1.00 -
410  0.00 -

300  2.00 -
310  6.00 -
320  0.00 -
400  0.00 -
410  1.00 -

300  2.00 -
310  6.00 -
320  0.00 -
400  0.00 -
410  0.00 -

300  2.00 -
310  4.00 -
320  0.00 -
400  0.00 -
410  0.00 -

300  2.00 -
310  3.00 -
320  0.00 -
400  0.00 -
410  0.00 -

300  2.00 -
310  2.00 -
320  0.00 -
400  0.00 -
410  0.00 -


############################################################

### AE report ########################################

 AE:Orbital    Filling       Eigenvalues[Ry]          Norm
    ----------------------------------------------------------
	100	 2.000	    -259.7760129471
	200	 2.000	     -27.8602560032
	210	 6.000	     -22.6817211587
	300	 1.500	      -4.3894331833	  0.2326487692
	310	 5.000	      -3.1419374725	  0.1828741443
	320	 0.000	      -1.3487140975	  0.4962472861
	400	 0.500	      -1.1284608654	  0.9370473133
	410	 0.000	      -0.8630584079	  0.9407340549

      E_tot =    -1195.1617593682 Ry

### PS report ########################################

    Orbital       Ghost
    -----------------------------------------------------------------
	100 	    no
	210 	    no
	320 	    no


### NL/SL report #####################################


 NL:Orbital    Filling       Eigenvalues[Ry]          Norm       Ghost
    ------------------------------------------------------------------
	100 	 1.500	      -4.4767927416	  0.2285633122	    no
	210 	 5.000	      -3.1357558306	  0.1849870253	    no
	320 	 0.000	      -1.3204985682	  0.5240813731	    no
	200 	 0.500	      -1.1276770347	  0.9410674222	    no
	310 	 0.000	      -0.8615907121	  0.9408292855	    no

	 ========== No ghosts in potential!!========== 

      E_tot =      -52.0983313867 Ry

### KE report ########################################

	 ===   Ecut necessary for ~1    eV convergence error / electron === 
	 --------------------------------------------------------------- 
		 	 Ecut[Ry] 	 error [meV/e] 
	100  		   34 	          992.735 
	210  		   16 	          998.599 
	320  		   45 	          996.608 
	200  		   34 	          992.735 
	310  		   16 	          998.599 
	 ===   Ecut necessary for ~100 meV convergence error / electron === 
	 --------------------------------------------------------------- 
		 	 Ecut[Ry] 	 error [meV/e] 
	100  		   104 	           99.984 
	210  		   69 	           99.846 
	320  		   78 	           99.371 
	200  		   104 	           99.984 
	310  		   69 	           99.846 

	 ===   Ecut necessary for  ~10 meV convergence error / electron === 
	 --------------------------------------------------------------- 
		 	 Ecut[Ry] 	 error [meV/e] 
	100  		   146 	            9.917 
	210  		   101 	            9.964 
	320  		   2421 	            9.849 
	200  		   146 	            9.917 
	310  		   101 	            9.964 

	 ===   Ecut necessary for   ~1 meV convergence error / electron === 
	 --------------------------------------------------------------- 
		 	 Ecut[Ry] 	 error [meV/e] 
	100  		   239 	            0.998 
	210  		   133 	            0.995 
	320  		   2485 	            0.974 
	200  		   239 	            0.998 
	310  		   133 	            0.995 

### TC report ########################################

Comparison of total energies
Config	 E_sl(Ry)	 E_nl(Ry)	 Delta(eV)
0      -52.099128      -52.098331       -0.010834
1      -56.204395      -56.204293       -0.001392
2      -56.385661      -56.385342       -0.004339
3      -56.271171      -56.271093       -0.001065
4      -56.068471      -56.068394       -0.001048
5      -50.289417      -50.289406       -0.000151
6      -45.673791      -45.673651       -0.001901
7      -39.808369      -39.807892       -0.006487
MAD (eV): 0.00340218
