##########################################################
#    Opium Report File                                   #
##########################################################
     Opium version:        4.1

### copy of the parameter file #######################

[Atom]
K
8            
100   2.00  -
200   2.00  -
210   6.00  -
300   2.00  -
310   5.00  -
320   0.00  -
400   0.00  -
410   0.00  -

[Pseudo]
5 1.51616 1.79531 1.57646 1.51616 1.79531
g

[Gaussinfo]
9 3
2 2 4
2 11.442508  11.866873 
2  6.537124  90.076771 
2  9.631219  11.534202 
2  4.508811  27.720235 
1  7.273863   9.000000 
3 11.172983  65.464770 
2  7.706175 -10.844336 
2  5.624917 -15.963161 

[KBdesign]
p

[Relativity]
nrl

[XC]
pbe

[Configs]
7

300  2.00 -
310  6.00 -
320  1.00 -
400  0.00 -
410  0.00 -

300  2.00 -
310  6.00 -
320  0.00 -
400  1.00 -
410  0.00 -

300  2.00 -
310  6.00 -
320  0.00 -
400  0.00 -
410  1.00 -

300  2.00 -
310  6.00 -
320  0.00 -
400  0.00 -
410  0.00 -

300  2.00 -
310  4.00 -
320  0.00 -
400  0.00 -
410  0.00 -

300  2.00 -
310  3.00 -
320  0.00 -
400  0.00 -
410  0.00 -

300  2.00 -
310  2.00 -
320  0.00 -
400  0.00 -
410  0.00 -


### AE report ########################################

 AE:Orbital    Filling       Eigenvalues[Ry]          Norm
    ----------------------------------------------------------
	100	 2.000	    -259.3667107655
	200	 2.000	     -27.4737532992
	210	 6.000	     -22.2931491105
	300	 2.000	      -4.1132667725	  0.2442270167
	310	 5.000	      -2.8820849546	  0.1991482819
	320	 0.000	      -1.1370898310	  0.5512304811
	400	 0.000	      -1.0181937543	  0.9369722631
	410	 0.000	      -0.7569453120	  0.9391162557

      E_tot =    -1196.7467797746 Ry

### PS report ########################################

    Orbital       Ghost
    -----------------------------------------------------------------
	100 	    no
	210 	    no
	320 	    no


### NL/SL report #####################################


 NL:Orbital    Filling       Eigenvalues[Ry]          Norm       Ghost
    ------------------------------------------------------------------
	100 	 2.000	      -4.1985041135	  0.2394260512	    no
	210 	 5.000	      -2.8746974276	  0.2013248088	    no
	320 	 0.000	      -1.1134661979	  0.5775637724	    no
	200 	 0.000	      -1.0180127138	  0.9409277184	    no
	310 	 0.000	      -0.7552805789	  0.9392193472	    no

	 ========== No ghosts in potential!!========== 

      E_tot =      -53.7267114118 Ry

### KE report ########################################

	 ===   Ecut necessary for ~1    eV convergence error / electron === 
	 --------------------------------------------------------------- 
		 	 Ecut[Ry] 	 error [meV/e] 
	100  		   34 	          975.870 
	210  		   16 	          994.193 
	320  		   42 	          995.767 
	200  		   34 	          975.870 
	310  		   16 	          994.193 
	 ===   Ecut necessary for ~100 meV convergence error / electron === 
	 --------------------------------------------------------------- 
		 	 Ecut[Ry] 	 error [meV/e] 
	100  		   103 	           97.042 
	210  		   68 	           98.441 
	320  		   70 	           99.675 
	200  		   103 	           97.042 
	310  		   68 	           98.441 

	 ===   Ecut necessary for  ~10 meV convergence error / electron === 
	 --------------------------------------------------------------- 
		 	 Ecut[Ry] 	 error [meV/e] 
	100  		   146 	            9.398 
	210  		   100 	            9.571 
	320  		   95 	            9.704 
	200  		   146 	            9.398 
	310  		   100 	            9.571 

	 ===   Ecut necessary for   ~1 meV convergence error / electron === 
	 --------------------------------------------------------------- 
		 	 Ecut[Ry] 	 error [meV/e] 
	100  		   235 	            0.996 
	210  		   131 	            0.968 
	320  		   116 	            0.987 
	200  		   235 	            0.996 
	310  		   131 	            0.968 

### TC report ########################################

Comparison of total energies
Config	 E_sl(Ry)	 E_nl(Ry)	 Delta(eV)
0      -53.726711      -53.726711        0.000000
1      -56.204395      -56.204352       -0.000590
2      -56.385661      -56.385372       -0.003923
3      -56.271171      -56.271142       -0.000400
4      -56.068472      -56.068443       -0.000389
5      -50.289417      -50.289368       -0.000667
6      -45.673791      -45.673547       -0.003321
7      -39.808369      -39.807704       -0.009047
MAD (eV): 0.00229209
